#
# There is insufficient memory for the Java Runtime Environment to continue.
# Native memory allocation (mmap) failed to map 168820736 bytes for G1 virtual space
# Possible reasons:
#   The system is out of physical RAM or swap space
#   The process is running with CompressedOops enabled, and the Java Heap may be blocking the growth of the native heap
# Possible solutions:
#   Reduce memory load on the system
#   Increase physical memory or swap space
#   Check if swap backing store is full
#   Decrease Java heap size (-Xmx/-Xms)
#   Decrease number of Java threads
#   Decrease Java thread stack sizes (-Xss)
#   Set larger code cache with -XX:ReservedCodeCacheSize=
#   JVM is running with Unscaled Compressed Oops mode in which the Java heap is
#     placed in the first 4GB address space. The Java Heap base address is the
#     maximum limit for the native heap growth. Please use -XX:HeapBaseMinAddress
#     to set the Java Heap base and to place the Java Heap above 4GB virtual address.
# This output file may be truncated or incomplete.
#
#  Out of Memory Error (os_windows.cpp:3825), pid=19600, tid=26048
#
# JRE version: OpenJDK Runtime Environment (17.0.9) (build 17.0.9+0--11185874)
# Java VM: OpenJDK 64-Bit Server VM (17.0.9+0--11185874, mixed mode, tiered, compressed oops, compressed class ptrs, g1 gc, windows-amd64)
# No core dump will be written. Minidumps are not enabled by default on client versions of Windows
#

---------------  S U M M A R Y ------------

Command Line: --add-opens=java.base/java.util=ALL-UNNAMED --add-opens=java.base/java.lang=ALL-UNNAMED --add-opens=java.base/java.lang.invoke=ALL-UNNAMED --add-opens=java.prefs/java.util.prefs=ALL-UNNAMED --add-opens=java.base/java.nio.charset=ALL-UNNAMED --add-opens=java.base/java.net=ALL-UNNAMED --add-opens=java.base/java.util.concurrent.atomic=ALL-UNNAMED -Xmx2048m -Dfile.encoding=UTF-8 -Duser.country=US -Duser.language=en -Duser.variant -javaagent:C:\Users\user\.gradle\wrapper\dists\gradle-8.4-bin\1w5dpkrfk8irigvoxmyhowfim\gradle-8.4\lib\agents\gradle-instrumentation-agent-8.4.jar org.gradle.launcher.daemon.bootstrap.GradleDaemon 8.4

Host: 11th Gen Intel(R) Core(TM) i7-1165G7 @ 2.80GHz, 8 cores, 11G,  Windows 11 , 64 bit Build 22621 (10.0.22621.3235)
Time: Fri Mar 29 02:51:03 2024 Pakistan Standard Time elapsed time: 7.982288 seconds (0d 0h 0m 7s)

---------------  T H R E A D  ---------------

Current thread (0x00000188fcf7e880):  VMThread "VM Thread" [stack: 0x00000014ca400000,0x00000014ca500000] [id=26048]

Stack: [0x00000014ca400000,0x00000014ca500000]
Native frames: (J=compiled Java code, j=interpreted, Vv=VM code, C=native code)
V  [jvm.dll+0x6886e9]
V  [jvm.dll+0x841e4a]
V  [jvm.dll+0x843a8e]
V  [jvm.dll+0x8440f3]
V  [jvm.dll+0x24c14f]
V  [jvm.dll+0x685499]
V  [jvm.dll+0x679c2a]
V  [jvm.dll+0x30cf9b]
V  [jvm.dll+0x314446]
V  [jvm.dll+0x36425e]
V  [jvm.dll+0x36448f]
V  [jvm.dll+0x2e2d68]
V  [jvm.dll+0x2e0f44]
V  [jvm.dll+0x2e054c]
V  [jvm.dll+0x3253fb]
V  [jvm.dll+0x8487eb]
V  [jvm.dll+0x849531]
V  [jvm.dll+0x849a4d]
V  [jvm.dll+0x849e24]
V  [jvm.dll+0x849ef0]
V  [jvm.dll+0x7f06aa]
V  [jvm.dll+0x687565]
C  [ucrtbase.dll+0x29363]
C  [KERNEL32.DLL+0x1257d]
C  [ntdll.dll+0x5aa58]

VM_Operation (0x00000014cbdeb760): G1CollectForAllocation, mode: safepoint, requested by thread 0x00000188fecd5590


---------------  P R O C E S S  ---------------

Threads class SMR info:
_java_thread_list=0x0000018884741e20, length=53, elements={
0x00000188e10ff270, 0x00000188fd0e6030, 0x00000188fd0e6900, 0x00000188fd0cdf20,
0x00000188fd0ce8f0, 0x00000188fd0cf3c0, 0x00000188fd0cfc90, 0x00000188fd0d0940,
0x00000188fd10f0e0, 0x00000188fd10f9f0, 0x00000188fcf2adb0, 0x00000188fd334210,
0x00000188ff897ac0, 0x00000188ff464900, 0x00000188ffcec770, 0x00000188fec3beb0,
0x00000188fec3c390, 0x00000188ff7ca880, 0x00000188fecd5590, 0x00000188fee4d450,
0x00000188ff8335b0, 0x00000188ff833fd0, 0x00000188ff833ac0, 0x00000188ff8344e0,
0x00000188ff834f00, 0x000001888492e6b0, 0x000001888492e1a0, 0x000001888492f0d0,
0x000001888492f5e0, 0x0000018884930000, 0x000001888492faf0, 0x00000188849337b0,
0x0000018884931e60, 0x0000018884930510, 0x0000018884930f30, 0x0000018884930a20,
0x0000018884933cc0, 0x00000188849332a0, 0x000001888492ebc0, 0x0000018884931440,
0x0000018884931950, 0x00000188849341d0, 0x00000188849346e0, 0x0000018884934bf0,
0x000001888492d780, 0x0000018884935100, 0x000001888492dc90, 0x00000188873da910,
0x00000188873db840, 0x00000188873d8fc0, 0x00000188873d8ab0, 0x00000188fd6064a0,
0x00000188fd39fc50
}

Java Threads: ( => current thread )
  0x00000188e10ff270 JavaThread "main" [_thread_blocked, id=9728, stack(0x00000014c9e00000,0x00000014c9f00000)]
  0x00000188fd0e6030 JavaThread "Reference Handler" daemon [_thread_blocked, id=26588, stack(0x00000014ca500000,0x00000014ca600000)]
  0x00000188fd0e6900 JavaThread "Finalizer" daemon [_thread_blocked, id=10908, stack(0x00000014ca600000,0x00000014ca700000)]
  0x00000188fd0cdf20 JavaThread "Signal Dispatcher" daemon [_thread_blocked, id=26864, stack(0x00000014ca700000,0x00000014ca800000)]
  0x00000188fd0ce8f0 JavaThread "Attach Listener" daemon [_thread_blocked, id=16684, stack(0x00000014ca800000,0x00000014ca900000)]
  0x00000188fd0cf3c0 JavaThread "Service Thread" daemon [_thread_blocked, id=17084, stack(0x00000014ca900000,0x00000014caa00000)]
  0x00000188fd0cfc90 JavaThread "Monitor Deflation Thread" daemon [_thread_blocked, id=22804, stack(0x00000014caa00000,0x00000014cab00000)]
  0x00000188fd0d0940 JavaThread "C2 CompilerThread0" daemon [_thread_blocked, id=2440, stack(0x00000014cab00000,0x00000014cac00000)]
  0x00000188fd10f0e0 JavaThread "C1 CompilerThread0" daemon [_thread_blocked, id=8332, stack(0x00000014cac00000,0x00000014cad00000)]
  0x00000188fd10f9f0 JavaThread "Sweeper thread" daemon [_thread_blocked, id=27228, stack(0x00000014cad00000,0x00000014cae00000)]
  0x00000188fcf2adb0 JavaThread "Common-Cleaner" daemon [_thread_blocked, id=22968, stack(0x00000014cae00000,0x00000014caf00000)]
  0x00000188fd334210 JavaThread "Notification Thread" daemon [_thread_blocked, id=17844, stack(0x00000014caf00000,0x00000014cb000000)]
  0x00000188ff897ac0 JavaThread "Daemon health stats" [_thread_blocked, id=2892, stack(0x00000014cb700000,0x00000014cb800000)]
  0x00000188ff464900 JavaThread "Incoming local TCP Connector on port 64614" [_thread_in_native, id=10200, stack(0x00000014cb800000,0x00000014cb900000)]
  0x00000188ffcec770 JavaThread "Daemon periodic checks" [_thread_blocked, id=22380, stack(0x00000014cb900000,0x00000014cba00000)]
  0x00000188fec3beb0 JavaThread "Daemon" [_thread_blocked, id=9448, stack(0x00000014cba00000,0x00000014cbb00000)]
  0x00000188fec3c390 JavaThread "Handler for socket connection from /127.0.0.1:64614 to /127.0.0.1:64615" [_thread_in_native, id=25884, stack(0x00000014cbb00000,0x00000014cbc00000)]
  0x00000188ff7ca880 JavaThread "Cancel handler" [_thread_blocked, id=11448, stack(0x00000014cbc00000,0x00000014cbd00000)]
  0x00000188fecd5590 JavaThread "Daemon worker" [_thread_blocked, id=3124, stack(0x00000014cbd00000,0x00000014cbe00000)]
  0x00000188fee4d450 JavaThread "Asynchronous log dispatcher for DefaultDaemonConnection: socket connection from /127.0.0.1:64614 to /127.0.0.1:64615" [_thread_blocked, id=25832, stack(0x00000014cbe00000,0x00000014cbf00000)]
  0x00000188ff8335b0 JavaThread "Stdin handler" [_thread_blocked, id=16716, stack(0x00000014cbf00000,0x00000014cc000000)]
  0x00000188ff833fd0 JavaThread "Daemon client event forwarder" [_thread_blocked, id=12572, stack(0x00000014cc000000,0x00000014cc100000)]
  0x00000188ff833ac0 JavaThread "Cache worker for journal cache (C:\Users\user\.gradle\caches\journal-1)" [_thread_blocked, id=27376, stack(0x00000014cc500000,0x00000014cc600000)]
  0x00000188ff8344e0 JavaThread "File lock request listener" [_thread_in_native, id=16424, stack(0x00000014cc600000,0x00000014cc700000)]
  0x00000188ff834f00 JavaThread "Cache worker for file hash cache (C:\Users\user\.gradle\caches\8.4\fileHashes)" [_thread_blocked, id=7480, stack(0x00000014cc700000,0x00000014cc800000)]
  0x000001888492e6b0 JavaThread "File watcher server" daemon [_thread_blocked, id=9980, stack(0x00000014cc800000,0x00000014cc900000)]
  0x000001888492e1a0 JavaThread "File watcher consumer" daemon [_thread_blocked, id=17312, stack(0x00000014cc900000,0x00000014cca00000)]
  0x000001888492f0d0 JavaThread "jar transforms" [_thread_blocked, id=18924, stack(0x00000014cca00000,0x00000014ccb00000)]
  0x000001888492f5e0 JavaThread "jar transforms Thread 2" [_thread_blocked, id=26856, stack(0x00000014ccb00000,0x00000014ccc00000)]
  0x0000018884930000 JavaThread "jar transforms Thread 3" [_thread_blocked, id=9356, stack(0x00000014ccc00000,0x00000014ccd00000)]
  0x000001888492faf0 JavaThread "jar transforms Thread 4" [_thread_blocked, id=13636, stack(0x00000014ccd00000,0x00000014cce00000)]
  0x00000188849337b0 JavaThread "jar transforms Thread 5" [_thread_blocked, id=22412, stack(0x00000014cce00000,0x00000014ccf00000)]
  0x0000018884931e60 JavaThread "jar transforms Thread 6" [_thread_blocked, id=10992, stack(0x00000014ccf00000,0x00000014cd000000)]
  0x0000018884930510 JavaThread "jar transforms Thread 7" [_thread_blocked, id=21368, stack(0x00000014cd000000,0x00000014cd100000)]
  0x0000018884930f30 JavaThread "jar transforms Thread 8" [_thread_blocked, id=23428, stack(0x00000014cd100000,0x00000014cd200000)]
  0x0000018884930a20 JavaThread "Cache worker for checksums cache (D:\Users\user\AndroidStudioProjects\aasignment2\.gradle\8.4\checksums)" [_thread_blocked, id=17508, stack(0x00000014cd200000,0x00000014cd300000)]
  0x0000018884933cc0 JavaThread "Cache worker for file hash cache (D:\Users\user\AndroidStudioProjects\aasignment2\.gradle\8.4\fileHashes)" [_thread_blocked, id=23568, stack(0x00000014cd300000,0x00000014cd400000)]
  0x00000188849332a0 JavaThread "Cache worker for cache directory md-supplier (C:\Users\user\.gradle\caches\8.4\md-supplier)" [_thread_blocked, id=25444, stack(0x00000014cd600000,0x00000014cd700000)]
  0x000001888492ebc0 JavaThread "Cache worker for file content cache (C:\Users\user\.gradle\caches\8.4\fileContent)" [_thread_blocked, id=25248, stack(0x00000014cd700000,0x00000014cd800000)]
  0x0000018884931440 JavaThread "Cache worker for cache directory md-rule (C:\Users\user\.gradle\caches\8.4\md-rule)" [_thread_blocked, id=23720, stack(0x00000014cd800000,0x00000014cd900000)]
  0x0000018884931950 JavaThread "Cache worker for execution history cache (C:\Users\user\.gradle\caches\8.4\executionHistory)" [_thread_blocked, id=15432, stack(0x00000014cd900000,0x00000014cda00000)]
  0x00000188849341d0 JavaThread "Cache worker for kotlin-dsl (C:\Users\user\.gradle\caches\8.4\kotlin-dsl)" [_thread_blocked, id=2220, stack(0x00000014cda00000,0x00000014cdb00000)]
  0x00000188849346e0 JavaThread "Cache worker for dependencies-accessors (D:\Users\user\AndroidStudioProjects\aasignment2\.gradle\8.4\dependencies-accessors)" [_thread_blocked, id=17360, stack(0x00000014cdb00000,0x00000014cdc00000)]
  0x0000018884934bf0 JavaThread "Cache worker for Build Output Cleanup Cache (D:\Users\user\AndroidStudioProjects\aasignment2\.gradle\buildOutputCleanup)" [_thread_blocked, id=3736, stack(0x00000014cdc00000,0x00000014cdd00000)]
  0x000001888492d780 JavaThread "Unconstrained build operations" [_thread_blocked, id=6808, stack(0x00000014cdd00000,0x00000014cde00000)]
  0x0000018884935100 JavaThread "Unconstrained build operations Thread 2" [_thread_blocked, id=27000, stack(0x00000014cde00000,0x00000014cdf00000)]
  0x000001888492dc90 JavaThread "Unconstrained build operations Thread 3" [_thread_blocked, id=25356, stack(0x00000014cdf00000,0x00000014ce000000)]
  0x00000188873da910 JavaThread "Unconstrained build operations Thread 4" [_thread_blocked, id=24672, stack(0x00000014ce000000,0x00000014ce100000)]
  0x00000188873db840 JavaThread "Unconstrained build operations Thread 5" [_thread_blocked, id=17736, stack(0x00000014ce100000,0x00000014ce200000)]
  0x00000188873d8fc0 JavaThread "Unconstrained build operations Thread 6" [_thread_blocked, id=20192, stack(0x00000014ce200000,0x00000014ce300000)]
  0x00000188873d8ab0 JavaThread "Unconstrained build operations Thread 7" [_thread_blocked, id=5484, stack(0x00000014ce300000,0x00000014ce400000)]
  0x00000188fd6064a0 JavaThread "C2 CompilerThread1" daemon [_thread_blocked, id=3820, stack(0x00000014cb100000,0x00000014cb200000)]
  0x00000188fd39fc50 JavaThread "C2 CompilerThread2" daemon [_thread_blocked, id=17256, stack(0x00000014cb200000,0x00000014cb300000)]

Other Threads:
=>0x00000188fcf7e880 VMThread "VM Thread" [stack: 0x00000014ca400000,0x00000014ca500000] [id=26048]
  0x00000188e1101010 WatcherThread [stack: 0x00000014cb000000,0x00000014cb100000] [id=20440]
  0x00000188e115c250 GCTaskThread "GC Thread#0" [stack: 0x00000014c9f00000,0x00000014ca000000] [id=21616]
  0x00000188fddfabd0 GCTaskThread "GC Thread#1" [stack: 0x00000014cb300000,0x00000014cb400000] [id=15040]
  0x00000188fe20f040 GCTaskThread "GC Thread#2" [stack: 0x00000014cb400000,0x00000014cb500000] [id=21376]
  0x00000188fd730110 GCTaskThread "GC Thread#3" [stack: 0x00000014cb500000,0x00000014cb600000] [id=21180]
  0x00000188fd698790 GCTaskThread "GC Thread#4" [stack: 0x00000014cb600000,0x00000014cb700000] [id=27032]
  0x00000188ff21cc10 GCTaskThread "GC Thread#5" [stack: 0x00000014cc100000,0x00000014cc200000] [id=16468]
  0x00000188ff91c010 GCTaskThread "GC Thread#6" [stack: 0x00000014cc200000,0x00000014cc300000] [id=11828]
  0x00000188ff085940 GCTaskThread "GC Thread#7" [stack: 0x00000014cc300000,0x00000014cc400000] [id=17664]
  0x00000188e116d0b0 ConcurrentGCThread "G1 Main Marker" [stack: 0x00000014ca000000,0x00000014ca100000] [id=7512]
  0x00000188e116d9e0 ConcurrentGCThread "G1 Conc#0" [stack: 0x00000014ca100000,0x00000014ca200000] [id=22184]
  0x00000188841a2c20 ConcurrentGCThread "G1 Conc#1" [stack: 0x00000014cc400000,0x00000014cc500000] [id=23936]
  0x00000188e11ae930 ConcurrentGCThread "G1 Refine#0" [stack: 0x00000014ca200000,0x00000014ca300000] [id=24700]
  0x00000188859a85b0 ConcurrentGCThread "G1 Refine#1" [stack: 0x00000014cd400000,0x00000014cd500000] [id=11528]
  0x000001888491ef50 ConcurrentGCThread "G1 Refine#2" [stack: 0x00000014cd500000,0x00000014cd600000] [id=8060]
  0x0000018888210c30 ConcurrentGCThread "G1 Refine#3" [stack: 0x00000014ce400000,0x00000014ce500000] [id=18660]
  0x0000018887de1000 ConcurrentGCThread "G1 Refine#4" [stack: 0x00000014ce500000,0x00000014ce600000] [id=23752]
  0x0000018886604d00 ConcurrentGCThread "G1 Refine#5" [stack: 0x00000014ce600000,0x00000014ce700000] [id=23092]
  0x0000018884da6420 ConcurrentGCThread "G1 Refine#6" [stack: 0x00000014ce700000,0x00000014ce800000] [id=600]
  0x0000018887dde040 ConcurrentGCThread "G1 Refine#7" [stack: 0x00000014ce800000,0x00000014ce900000] [id=18816]
  0x00000188fcdf6580 ConcurrentGCThread "G1 Service" [stack: 0x00000014ca300000,0x00000014ca400000] [id=27136]

Threads with active compile tasks:

VM state: at safepoint (normal execution)

VM Mutex/Monitor currently owned by a thread:  ([mutex/lock_event])
[0x00000188e10fbae0] Threads_lock - owner thread: 0x00000188fcf7e880
[0x00000188e10fc110] Heap_lock - owner thread: 0x00000188fecd5590

Heap address: 0x0000000080000000, size: 2048 MB, Compressed Oops mode: 32-bit

CDS archive(s) not mapped
Compressed class space mapped at: 0x0000000100000000-0x0000000140000000, reserved size: 1073741824
Narrow klass base: 0x0000000000000000, Narrow klass shift: 3, Narrow klass range: 0x140000000

GC Precious Log:
 CPUs: 8 total, 8 available
 Memory: 12010M
 Large Page Support: Disabled
 NUMA Support: Disabled
 Compressed Oops: Enabled (32-bit)
 Heap Region Size: 1M
 Heap Min Capacity: 8M
 Heap Initial Capacity: 188M
 Heap Max Capacity: 2G
 Pre-touch: Disabled
 Parallel Workers: 8
 Concurrent Workers: 2
 Concurrent Refinement Workers: 8
 Periodic GC: Disabled

Heap:
 garbage-first heap   total 192512K, used 85772K [0x0000000080000000, 0x0000000100000000)
  region size 1024K, 5 young (5120K), 5 survivors (5120K)
 Metaspace       used 79931K, committed 80576K, reserved 1179648K
  class space    used 11222K, committed 11520K, reserved 1048576K

Heap Regions: E=young(eden), S=young(survivor), O=old, HS=humongous(starts), HC=humongous(continues), CS=collection set, F=free, OA=open archive, CA=closed archive, TAMS=top-at-mark-start (previous, next)
|   0|0x0000000080000000, 0x0000000080100000, 0x0000000080100000|100%|HS|  |TAMS 0x0000000080100000, 0x0000000080100000| Complete 
|   1|0x0000000080100000, 0x0000000080200000, 0x0000000080200000|100%|HC|  |TAMS 0x0000000080200000, 0x0000000080200000| Complete 
|   2|0x0000000080200000, 0x0000000080300000, 0x0000000080300000|100%|HC|  |TAMS 0x0000000080300000, 0x0000000080300000| Complete 
|   3|0x0000000080300000, 0x0000000080400000, 0x0000000080400000|100%|HC|  |TAMS 0x0000000080400000, 0x0000000080400000| Complete 
|   4|0x0000000080400000, 0x0000000080500000, 0x0000000080500000|100%| O|  |TAMS 0x0000000080500000, 0x0000000080500000| Untracked 
|   5|0x0000000080500000, 0x0000000080600000, 0x0000000080600000|100%| O|  |TAMS 0x0000000080600000, 0x0000000080600000| Untracked 
|   6|0x0000000080600000, 0x0000000080700000, 0x0000000080700000|100%| O|  |TAMS 0x0000000080700000, 0x0000000080700000| Untracked 
|   7|0x0000000080700000, 0x0000000080800000, 0x0000000080800000|100%| O|  |TAMS 0x0000000080800000, 0x0000000080800000| Untracked 
|   8|0x0000000080800000, 0x0000000080900000, 0x0000000080900000|100%| O|  |TAMS 0x0000000080900000, 0x0000000080900000| Untracked 
|   9|0x0000000080900000, 0x0000000080a00000, 0x0000000080a00000|100%| O|  |TAMS 0x0000000080a00000, 0x0000000080a00000| Untracked 
|  10|0x0000000080a00000, 0x0000000080b00000, 0x0000000080b00000|100%| O|  |TAMS 0x0000000080b00000, 0x0000000080b00000| Untracked 
|  11|0x0000000080b00000, 0x0000000080c00000, 0x0000000080c00000|100%| O|  |TAMS 0x0000000080c00000, 0x0000000080c00000| Untracked 
|  12|0x0000000080c00000, 0x0000000080d00000, 0x0000000080d00000|100%| O|  |TAMS 0x0000000080d00000, 0x0000000080d00000| Untracked 
|  13|0x0000000080d00000, 0x0000000080e00000, 0x0000000080e00000|100%| O|  |TAMS 0x0000000080e00000, 0x0000000080e00000| Untracked 
|  14|0x0000000080e00000, 0x0000000080f00000, 0x0000000080f00000|100%| O|  |TAMS 0x0000000080f00000, 0x0000000080f00000| Untracked 
|  15|0x0000000080f00000, 0x0000000081000000, 0x0000000081000000|100%| O|  |TAMS 0x0000000081000000, 0x0000000081000000| Untracked 
|  16|0x0000000081000000, 0x0000000081100000, 0x0000000081100000|100%| O|  |TAMS 0x0000000081100000, 0x0000000081100000| Untracked 
|  17|0x0000000081100000, 0x0000000081200000, 0x0000000081200000|100%| O|  |TAMS 0x0000000081200000, 0x0000000081200000| Untracked 
|  18|0x0000000081200000, 0x0000000081300000, 0x0000000081300000|100%| O|  |TAMS 0x0000000081300000, 0x0000000081300000| Untracked 
|  19|0x0000000081300000, 0x0000000081400000, 0x0000000081400000|100%|HS|  |TAMS 0x0000000081400000, 0x0000000081400000| Complete 
|  20|0x0000000081400000, 0x0000000081500000, 0x0000000081500000|100%|HC|  |TAMS 0x0000000081500000, 0x0000000081500000| Complete 
|  21|0x0000000081500000, 0x0000000081600000, 0x0000000081600000|100%|HS|  |TAMS 0x0000000081600000, 0x0000000081600000| Complete 
|  22|0x0000000081600000, 0x0000000081700000, 0x0000000081700000|100%|HC|  |TAMS 0x0000000081700000, 0x0000000081700000| Complete 
|  23|0x0000000081700000, 0x0000000081800000, 0x0000000081800000|100%|HC|  |TAMS 0x0000000081800000, 0x0000000081800000| Complete 
|  24|0x0000000081800000, 0x0000000081900000, 0x0000000081900000|100%|HS|  |TAMS 0x0000000081900000, 0x0000000081900000| Complete 
|  25|0x0000000081900000, 0x0000000081a00000, 0x0000000081a00000|100%|HC|  |TAMS 0x0000000081a00000, 0x0000000081a00000| Complete 
|  26|0x0000000081a00000, 0x0000000081b00000, 0x0000000081b00000|100%|HC|  |TAMS 0x0000000081b00000, 0x0000000081b00000| Complete 
|  27|0x0000000081b00000, 0x0000000081c00000, 0x0000000081c00000|100%|HS|  |TAMS 0x0000000081c00000, 0x0000000081c00000| Complete 
|  28|0x0000000081c00000, 0x0000000081d00000, 0x0000000081d00000|100%|HC|  |TAMS 0x0000000081d00000, 0x0000000081d00000| Complete 
|  29|0x0000000081d00000, 0x0000000081e00000, 0x0000000081e00000|100%|HC|  |TAMS 0x0000000081e00000, 0x0000000081e00000| Complete 
|  30|0x0000000081e00000, 0x0000000081f00000, 0x0000000081f00000|100%| O|  |TAMS 0x0000000081f00000, 0x0000000081f00000| Untracked 
|  31|0x0000000081f00000, 0x0000000082000000, 0x0000000082000000|100%| O|  |TAMS 0x0000000082000000, 0x0000000082000000| Untracked 
|  32|0x0000000082000000, 0x0000000082100000, 0x0000000082100000|100%| O|  |TAMS 0x0000000082100000, 0x0000000082100000| Untracked 
|  33|0x0000000082100000, 0x0000000082200000, 0x0000000082200000|100%| O|  |TAMS 0x0000000082200000, 0x0000000082200000| Untracked 
|  34|0x0000000082200000, 0x0000000082300000, 0x0000000082300000|100%| O|  |TAMS 0x0000000082300000, 0x0000000082300000| Untracked 
|  35|0x0000000082300000, 0x0000000082400000, 0x0000000082400000|100%| O|  |TAMS 0x0000000082400000, 0x0000000082400000| Untracked 
|  36|0x0000000082400000, 0x0000000082500000, 0x0000000082500000|100%| O|  |TAMS 0x0000000082500000, 0x0000000082500000| Untracked 
|  37|0x0000000082500000, 0x0000000082600000, 0x0000000082600000|100%| O|  |TAMS 0x0000000082600000, 0x0000000082600000| Untracked 
|  38|0x0000000082600000, 0x0000000082700000, 0x0000000082700000|100%| O|  |TAMS 0x0000000082700000, 0x0000000082700000| Untracked 
|  39|0x0000000082700000, 0x0000000082700000, 0x0000000082800000|  0%| F|  |TAMS 0x0000000082700000, 0x0000000082700000| Untracked 
|  40|0x0000000082800000, 0x0000000082900000, 0x0000000082900000|100%| O|  |TAMS 0x0000000082900000, 0x0000000082900000| Untracked 
|  41|0x0000000082900000, 0x0000000082a00000, 0x0000000082a00000|100%| O|  |TAMS 0x0000000082a00000, 0x0000000082a00000| Untracked 
|  42|0x0000000082a00000, 0x0000000082b00000, 0x0000000082b00000|100%| O|  |TAMS 0x0000000082b00000, 0x0000000082b00000| Untracked 
|  43|0x0000000082b00000, 0x0000000082c00000, 0x0000000082c00000|100%| O|  |TAMS 0x0000000082c00000, 0x0000000082c00000| Untracked 
|  44|0x0000000082c00000, 0x0000000082d00000, 0x0000000082d00000|100%| O|  |TAMS 0x0000000082d00000, 0x0000000082d00000| Untracked 
|  45|0x0000000082d00000, 0x0000000082e00000, 0x0000000082e00000|100%| O|  |TAMS 0x0000000082e00000, 0x0000000082e00000| Untracked 
|  46|0x0000000082e00000, 0x0000000082f00000, 0x0000000082f00000|100%| O|  |TAMS 0x0000000082f00000, 0x0000000082f00000| Untracked 
|  47|0x0000000082f00000, 0x0000000083000000, 0x0000000083000000|100%|HS|  |TAMS 0x0000000083000000, 0x0000000083000000| Complete 
|  48|0x0000000083000000, 0x0000000083100000, 0x0000000083100000|100%|HC|  |TAMS 0x0000000083100000, 0x0000000083100000| Complete 
|  49|0x0000000083100000, 0x0000000083200000, 0x0000000083200000|100%|HC|  |TAMS 0x0000000083200000, 0x0000000083200000| Complete 
|  50|0x0000000083200000, 0x0000000083300000, 0x0000000083300000|100%| O|  |TAMS 0x0000000083300000, 0x0000000083300000| Untracked 
|  51|0x0000000083300000, 0x0000000083400000, 0x0000000083400000|100%| O|  |TAMS 0x0000000083400000, 0x0000000083400000| Untracked 
|  52|0x0000000083400000, 0x0000000083500000, 0x0000000083500000|100%| O|  |TAMS 0x0000000083500000, 0x0000000083500000| Untracked 
|  53|0x0000000083500000, 0x0000000083600000, 0x0000000083600000|100%| O|  |TAMS 0x0000000083600000, 0x0000000083600000| Untracked 
|  54|0x0000000083600000, 0x0000000083700000, 0x0000000083700000|100%| O|  |TAMS 0x0000000083700000, 0x0000000083700000| Untracked 
|  55|0x0000000083700000, 0x0000000083800000, 0x0000000083800000|100%| O|  |TAMS 0x0000000083800000, 0x0000000083800000| Untracked 
|  56|0x0000000083800000, 0x0000000083900000, 0x0000000083900000|100%| O|  |TAMS 0x0000000083900000, 0x0000000083900000| Untracked 
|  57|0x0000000083900000, 0x0000000083a00000, 0x0000000083a00000|100%| O|  |TAMS 0x0000000083a00000, 0x0000000083a00000| Untracked 
|  58|0x0000000083a00000, 0x0000000083b00000, 0x0000000083b00000|100%| O|  |TAMS 0x0000000083b00000, 0x0000000083b00000| Untracked 
|  59|0x0000000083b00000, 0x0000000083c00000, 0x0000000083c00000|100%| O|  |TAMS 0x0000000083c00000, 0x0000000083c00000| Untracked 
|  60|0x0000000083c00000, 0x0000000083d00000, 0x0000000083d00000|100%| O|  |TAMS 0x0000000083d00000, 0x0000000083d00000| Untracked 
|  61|0x0000000083d00000, 0x0000000083e00000, 0x0000000083e00000|100%| O|  |TAMS 0x0000000083d4d200, 0x0000000083e00000| Untracked 
|  62|0x0000000083e00000, 0x0000000083f00000, 0x0000000083f00000|100%| O|  |TAMS 0x0000000083e00000, 0x0000000083f00000| Untracked 
|  63|0x0000000083f00000, 0x0000000084000000, 0x0000000084000000|100%| O|  |TAMS 0x0000000083f00000, 0x0000000084000000| Untracked 
|  64|0x0000000084000000, 0x0000000084100000, 0x0000000084100000|100%| O|  |TAMS 0x0000000084000000, 0x0000000084100000| Untracked 
|  65|0x0000000084100000, 0x0000000084200000, 0x0000000084200000|100%| O|  |TAMS 0x0000000084100000, 0x0000000084200000| Untracked 
|  66|0x0000000084200000, 0x0000000084300000, 0x0000000084300000|100%| O|  |TAMS 0x0000000084200000, 0x0000000084300000| Untracked 
|  67|0x0000000084300000, 0x0000000084400000, 0x0000000084400000|100%| O|  |TAMS 0x0000000084300000, 0x0000000084400000| Untracked 
|  68|0x0000000084400000, 0x0000000084500000, 0x0000000084500000|100%| O|  |TAMS 0x0000000084400000, 0x0000000084500000| Untracked 
|  69|0x0000000084500000, 0x00000000845ea800, 0x0000000084600000| 91%| O|  |TAMS 0x0000000084500000, 0x00000000845ea800| Untracked 
|  70|0x0000000084600000, 0x0000000084600000, 0x0000000084700000|  0%| F|  |TAMS 0x0000000084600000, 0x0000000084600000| Untracked 
|  71|0x0000000084700000, 0x0000000084700000, 0x0000000084800000|  0%| F|  |TAMS 0x0000000084700000, 0x0000000084700000| Untracked 
|  72|0x0000000084800000, 0x0000000084900000, 0x0000000084900000|100%| O|  |TAMS 0x0000000084800000, 0x0000000084900000| Untracked 
|  73|0x0000000084900000, 0x0000000084a00000, 0x0000000084a00000|100%| O|  |TAMS 0x0000000084900000, 0x0000000084a00000| Untracked 
|  74|0x0000000084a00000, 0x0000000084b00000, 0x0000000084b00000|100%| O|  |TAMS 0x0000000084a00000, 0x0000000084b00000| Untracked 
|  75|0x0000000084b00000, 0x0000000084c00000, 0x0000000084c00000|100%| O|  |TAMS 0x0000000084b00000, 0x0000000084c00000| Untracked 
|  76|0x0000000084c00000, 0x0000000084d00000, 0x0000000084d00000|100%| O|  |TAMS 0x0000000084c00000, 0x0000000084d00000| Untracked 
|  77|0x0000000084d00000, 0x0000000084e00000, 0x0000000084e00000|100%| O|  |TAMS 0x0000000084d00000, 0x0000000084e00000| Untracked 
|  78|0x0000000084e00000, 0x0000000084f00000, 0x0000000084f00000|100%| O|  |TAMS 0x0000000084e00000, 0x0000000084f00000| Untracked 
|  79|0x0000000084f00000, 0x0000000085000000, 0x0000000085000000|100%| O|  |TAMS 0x0000000084f00000, 0x0000000085000000| Untracked 
|  80|0x0000000085000000, 0x0000000085100000, 0x0000000085100000|100%| O|  |TAMS 0x0000000085000000, 0x0000000085100000| Untracked 
|  81|0x0000000085100000, 0x0000000085200000, 0x0000000085200000|100%| O|  |TAMS 0x0000000085100000, 0x0000000085200000| Untracked 
|  82|0x0000000085200000, 0x0000000085200000, 0x0000000085300000|  0%| F|  |TAMS 0x0000000085200000, 0x0000000085200000| Untracked 
|  83|0x0000000085300000, 0x0000000085300000, 0x0000000085400000|  0%| F|  |TAMS 0x0000000085300000, 0x0000000085300000| Untracked 
|  84|0x0000000085400000, 0x0000000085400000, 0x0000000085500000|  0%| F|  |TAMS 0x0000000085400000, 0x0000000085400000| Untracked 
|  85|0x0000000085500000, 0x0000000085500000, 0x0000000085600000|  0%| F|  |TAMS 0x0000000085500000, 0x0000000085500000| Untracked 
|  86|0x0000000085600000, 0x0000000085600000, 0x0000000085700000|  0%| F|  |TAMS 0x0000000085600000, 0x0000000085600000| Untracked 
|  87|0x0000000085700000, 0x0000000085700000, 0x0000000085800000|  0%| F|  |TAMS 0x0000000085700000, 0x0000000085700000| Untracked 
|  88|0x0000000085800000, 0x0000000085800000, 0x0000000085900000|  0%| F|  |TAMS 0x0000000085800000, 0x0000000085800000| Untracked 
|  89|0x0000000085900000, 0x0000000085900000, 0x0000000085a00000|  0%| F|  |TAMS 0x0000000085900000, 0x0000000085900000| Untracked 
|  90|0x0000000085a00000, 0x0000000085a00000, 0x0000000085b00000|  0%| F|  |TAMS 0x0000000085a00000, 0x0000000085a00000| Untracked 
|  91|0x0000000085b00000, 0x0000000085b00000, 0x0000000085c00000|  0%| F|  |TAMS 0x0000000085b00000, 0x0000000085b00000| Untracked 
|  92|0x0000000085c00000, 0x0000000085c00000, 0x0000000085d00000|  0%| F|  |TAMS 0x0000000085c00000, 0x0000000085c00000| Untracked 
|  93|0x0000000085d00000, 0x0000000085d00000, 0x0000000085e00000|  0%| F|  |TAMS 0x0000000085d00000, 0x0000000085d00000| Untracked 
|  94|0x0000000085e00000, 0x0000000085e00000, 0x0000000085f00000|  0%| F|  |TAMS 0x0000000085e00000, 0x0000000085e00000| Untracked 
|  95|0x0000000085f00000, 0x0000000085f00000, 0x0000000086000000|  0%| F|  |TAMS 0x0000000085f00000, 0x0000000085f00000| Untracked 
|  96|0x0000000086000000, 0x0000000086000000, 0x0000000086100000|  0%| F|  |TAMS 0x0000000086000000, 0x0000000086000000| Untracked 
|  97|0x0000000086100000, 0x0000000086100000, 0x0000000086200000|  0%| F|  |TAMS 0x0000000086100000, 0x0000000086100000| Untracked 
|  98|0x0000000086200000, 0x0000000086200000, 0x0000000086300000|  0%| F|  |TAMS 0x0000000086200000, 0x0000000086200000| Untracked 
|  99|0x0000000086300000, 0x0000000086300000, 0x0000000086400000|  0%| F|  |TAMS 0x0000000086300000, 0x0000000086300000| Untracked 
| 100|0x0000000086400000, 0x0000000086400000, 0x0000000086500000|  0%| F|  |TAMS 0x0000000086400000, 0x0000000086400000| Untracked 
| 101|0x0000000086500000, 0x0000000086500000, 0x0000000086600000|  0%| F|  |TAMS 0x0000000086500000, 0x0000000086500000| Untracked 
| 102|0x0000000086600000, 0x0000000086600000, 0x0000000086700000|  0%| F|  |TAMS 0x0000000086600000, 0x0000000086600000| Untracked 
| 103|0x0000000086700000, 0x0000000086700000, 0x0000000086800000|  0%| F|  |TAMS 0x0000000086700000, 0x0000000086700000| Untracked 
| 104|0x0000000086800000, 0x00000000868d8900, 0x0000000086900000| 84%| S|CS|TAMS 0x0000000086800000, 0x0000000086800000| Complete 
| 105|0x0000000086900000, 0x0000000086a00000, 0x0000000086a00000|100%| S|CS|TAMS 0x0000000086900000, 0x0000000086900000| Complete 
| 106|0x0000000086a00000, 0x0000000086b00000, 0x0000000086b00000|100%| S|CS|TAMS 0x0000000086a00000, 0x0000000086a00000| Complete 
| 107|0x0000000086b00000, 0x0000000086c00000, 0x0000000086c00000|100%| S|CS|TAMS 0x0000000086b00000, 0x0000000086b00000| Complete 
| 108|0x0000000086c00000, 0x0000000086d00000, 0x0000000086d00000|100%| S|CS|TAMS 0x0000000086c00000, 0x0000000086c00000| Complete 
| 109|0x0000000086d00000, 0x0000000086d00000, 0x0000000086e00000|  0%| F|  |TAMS 0x0000000086d00000, 0x0000000086d00000| Untracked 
| 110|0x0000000086e00000, 0x0000000086e00000, 0x0000000086f00000|  0%| F|  |TAMS 0x0000000086e00000, 0x0000000086e00000| Untracked 
| 111|0x0000000086f00000, 0x0000000086f00000, 0x0000000087000000|  0%| F|  |TAMS 0x0000000086f00000, 0x0000000086f00000| Untracked 
| 112|0x0000000087000000, 0x0000000087000000, 0x0000000087100000|  0%| F|  |TAMS 0x0000000087000000, 0x0000000087000000| Untracked 
| 113|0x0000000087100000, 0x0000000087100000, 0x0000000087200000|  0%| F|  |TAMS 0x0000000087100000, 0x0000000087100000| Untracked 
| 114|0x0000000087200000, 0x0000000087200000, 0x0000000087300000|  0%| F|  |TAMS 0x0000000087200000, 0x0000000087200000| Untracked 
| 115|0x0000000087300000, 0x0000000087300000, 0x0000000087400000|  0%| F|  |TAMS 0x0000000087300000, 0x0000000087300000| Untracked 
| 116|0x0000000087400000, 0x0000000087400000, 0x0000000087500000|  0%| F|  |TAMS 0x0000000087400000, 0x0000000087400000| Untracked 
| 117|0x0000000087500000, 0x0000000087500000, 0x0000000087600000|  0%| F|  |TAMS 0x0000000087500000, 0x0000000087500000| Untracked 
| 118|0x0000000087600000, 0x0000000087600000, 0x0000000087700000|  0%| F|  |TAMS 0x0000000087600000, 0x0000000087600000| Untracked 
| 119|0x0000000087700000, 0x0000000087700000, 0x0000000087800000|  0%| F|  |TAMS 0x0000000087700000, 0x0000000087700000| Untracked 
| 120|0x0000000087800000, 0x0000000087800000, 0x0000000087900000|  0%| F|  |TAMS 0x0000000087800000, 0x0000000087800000| Untracked 
| 121|0x0000000087900000, 0x0000000087900000, 0x0000000087a00000|  0%| F|  |TAMS 0x0000000087900000, 0x0000000087900000| Untracked 
| 122|0x0000000087a00000, 0x0000000087a00000, 0x0000000087b00000|  0%| F|  |TAMS 0x0000000087a00000, 0x0000000087a00000| Untracked 
| 123|0x0000000087b00000, 0x0000000087b00000, 0x0000000087c00000|  0%| F|  |TAMS 0x0000000087b00000, 0x0000000087b00000| Untracked 
| 124|0x0000000087c00000, 0x0000000087c00000, 0x0000000087d00000|  0%| F|  |TAMS 0x0000000087c00000, 0x0000000087c00000| Untracked 
| 125|0x0000000087d00000, 0x0000000087d00000, 0x0000000087e00000|  0%| F|  |TAMS 0x0000000087d00000, 0x0000000087d00000| Untracked 
| 126|0x0000000087e00000, 0x0000000087e00000, 0x0000000087f00000|  0%| F|  |TAMS 0x0000000087e00000, 0x0000000087e00000| Untracked 
| 127|0x0000000087f00000, 0x0000000087f00000, 0x0000000088000000|  0%| F|  |TAMS 0x0000000087f00000, 0x0000000087f00000| Untracked 
| 128|0x0000000088000000, 0x0000000088000000, 0x0000000088100000|  0%| F|  |TAMS 0x0000000088000000, 0x0000000088000000| Untracked 
| 129|0x0000000088100000, 0x0000000088100000, 0x0000000088200000|  0%| F|  |TAMS 0x0000000088100000, 0x0000000088100000| Untracked 
| 130|0x0000000088200000, 0x0000000088200000, 0x0000000088300000|  0%| F|  |TAMS 0x0000000088200000, 0x0000000088200000| Untracked 
| 131|0x0000000088300000, 0x0000000088300000, 0x0000000088400000|  0%| F|  |TAMS 0x0000000088300000, 0x0000000088300000| Untracked 
| 132|0x0000000088400000, 0x0000000088400000, 0x0000000088500000|  0%| F|  |TAMS 0x0000000088400000, 0x0000000088400000| Untracked 
| 133|0x0000000088500000, 0x0000000088500000, 0x0000000088600000|  0%| F|  |TAMS 0x0000000088500000, 0x0000000088500000| Untracked 
| 134|0x0000000088600000, 0x0000000088600000, 0x0000000088700000|  0%| F|  |TAMS 0x0000000088600000, 0x0000000088600000| Untracked 
| 135|0x0000000088700000, 0x0000000088700000, 0x0000000088800000|  0%| F|  |TAMS 0x0000000088700000, 0x0000000088700000| Untracked 
| 136|0x0000000088800000, 0x0000000088800000, 0x0000000088900000|  0%| F|  |TAMS 0x0000000088800000, 0x0000000088800000| Untracked 
| 137|0x0000000088900000, 0x0000000088900000, 0x0000000088a00000|  0%| F|  |TAMS 0x0000000088900000, 0x0000000088900000| Untracked 
| 138|0x0000000088a00000, 0x0000000088a00000, 0x0000000088b00000|  0%| F|  |TAMS 0x0000000088a00000, 0x0000000088a00000| Untracked 
| 139|0x0000000088b00000, 0x0000000088b00000, 0x0000000088c00000|  0%| F|  |TAMS 0x0000000088b00000, 0x0000000088b00000| Untracked 
| 140|0x0000000088c00000, 0x0000000088c00000, 0x0000000088d00000|  0%| F|  |TAMS 0x0000000088c00000, 0x0000000088c00000| Untracked 
| 141|0x0000000088d00000, 0x0000000088d00000, 0x0000000088e00000|  0%| F|  |TAMS 0x0000000088d00000, 0x0000000088d00000| Untracked 
| 142|0x0000000088e00000, 0x0000000088e00000, 0x0000000088f00000|  0%| F|  |TAMS 0x0000000088e00000, 0x0000000088e00000| Untracked 
| 143|0x0000000088f00000, 0x0000000088f00000, 0x0000000089000000|  0%| F|  |TAMS 0x0000000088f00000, 0x0000000088f00000| Untracked 
| 144|0x0000000089000000, 0x0000000089000000, 0x0000000089100000|  0%| F|  |TAMS 0x0000000089000000, 0x0000000089000000| Untracked 
| 145|0x0000000089100000, 0x0000000089100000, 0x0000000089200000|  0%| F|  |TAMS 0x0000000089100000, 0x0000000089100000| Untracked 
| 146|0x0000000089200000, 0x0000000089200000, 0x0000000089300000|  0%| F|  |TAMS 0x0000000089200000, 0x0000000089200000| Untracked 
| 147|0x0000000089300000, 0x0000000089300000, 0x0000000089400000|  0%| F|  |TAMS 0x0000000089300000, 0x0000000089300000| Untracked 
| 148|0x0000000089400000, 0x0000000089400000, 0x0000000089500000|  0%| F|  |TAMS 0x0000000089400000, 0x0000000089400000| Untracked 
| 149|0x0000000089500000, 0x0000000089500000, 0x0000000089600000|  0%| F|  |TAMS 0x0000000089500000, 0x0000000089500000| Untracked 
| 150|0x0000000089600000, 0x0000000089600000, 0x0000000089700000|  0%| F|  |TAMS 0x0000000089600000, 0x0000000089600000| Untracked 
| 151|0x0000000089700000, 0x0000000089700000, 0x0000000089800000|  0%| F|  |TAMS 0x0000000089700000, 0x0000000089700000| Untracked 
| 152|0x0000000089800000, 0x0000000089800000, 0x0000000089900000|  0%| F|  |TAMS 0x0000000089800000, 0x0000000089800000| Untracked 
| 153|0x0000000089900000, 0x0000000089900000, 0x0000000089a00000|  0%| F|  |TAMS 0x0000000089900000, 0x0000000089900000| Untracked 
| 154|0x0000000089a00000, 0x0000000089a00000, 0x0000000089b00000|  0%| F|  |TAMS 0x0000000089a00000, 0x0000000089a00000| Untracked 
| 155|0x0000000089b00000, 0x0000000089b00000, 0x0000000089c00000|  0%| F|  |TAMS 0x0000000089b00000, 0x0000000089b00000| Untracked 
| 156|0x0000000089c00000, 0x0000000089c00000, 0x0000000089d00000|  0%| F|  |TAMS 0x0000000089c00000, 0x0000000089c00000| Untracked 
| 157|0x0000000089d00000, 0x0000000089d00000, 0x0000000089e00000|  0%| F|  |TAMS 0x0000000089d00000, 0x0000000089d00000| Untracked 
| 158|0x0000000089e00000, 0x0000000089e00000, 0x0000000089f00000|  0%| F|  |TAMS 0x0000000089e00000, 0x0000000089e00000| Untracked 
| 159|0x0000000089f00000, 0x0000000089f00000, 0x000000008a000000|  0%| F|  |TAMS 0x0000000089f00000, 0x0000000089f00000| Untracked 
| 160|0x000000008a000000, 0x000000008a000000, 0x000000008a100000|  0%| F|  |TAMS 0x000000008a000000, 0x000000008a000000| Untracked 
| 161|0x000000008a100000, 0x000000008a100000, 0x000000008a200000|  0%| F|  |TAMS 0x000000008a100000, 0x000000008a100000| Untracked 
| 162|0x000000008a200000, 0x000000008a200000, 0x000000008a300000|  0%| F|  |TAMS 0x000000008a200000, 0x000000008a200000| Untracked 
| 163|0x000000008a300000, 0x000000008a300000, 0x000000008a400000|  0%| F|  |TAMS 0x000000008a300000, 0x000000008a300000| Untracked 
| 164|0x000000008a400000, 0x000000008a400000, 0x000000008a500000|  0%| F|  |TAMS 0x000000008a400000, 0x000000008a400000| Untracked 
| 165|0x000000008a500000, 0x000000008a500000, 0x000000008a600000|  0%| F|  |TAMS 0x000000008a500000, 0x000000008a500000| Untracked 
| 166|0x000000008a600000, 0x000000008a600000, 0x000000008a700000|  0%| F|  |TAMS 0x000000008a600000, 0x000000008a600000| Untracked 
| 167|0x000000008a700000, 0x000000008a700000, 0x000000008a800000|  0%| F|  |TAMS 0x000000008a700000, 0x000000008a700000| Untracked 
| 168|0x000000008a800000, 0x000000008a800000, 0x000000008a900000|  0%| F|  |TAMS 0x000000008a800000, 0x000000008a800000| Untracked 
| 169|0x000000008a900000, 0x000000008a900000, 0x000000008aa00000|  0%| F|  |TAMS 0x000000008a900000, 0x000000008a900000| Untracked 
| 170|0x000000008aa00000, 0x000000008aa00000, 0x000000008ab00000|  0%| F|  |TAMS 0x000000008aa00000, 0x000000008aa00000| Untracked 
| 171|0x000000008ab00000, 0x000000008ab00000, 0x000000008ac00000|  0%| F|  |TAMS 0x000000008ab00000, 0x000000008ab00000| Untracked 
| 172|0x000000008ac00000, 0x000000008ac00000, 0x000000008ad00000|  0%| F|  |TAMS 0x000000008ac00000, 0x000000008ac00000| Untracked 
| 173|0x000000008ad00000, 0x000000008ad00000, 0x000000008ae00000|  0%| F|  |TAMS 0x000000008ad00000, 0x000000008ad00000| Untracked 
| 174|0x000000008ae00000, 0x000000008ae00000, 0x000000008af00000|  0%| F|  |TAMS 0x000000008ae00000, 0x000000008ae00000| Untracked 
| 175|0x000000008af00000, 0x000000008af00000, 0x000000008b000000|  0%| F|  |TAMS 0x000000008af00000, 0x000000008af00000| Untracked 
| 176|0x000000008b000000, 0x000000008b000000, 0x000000008b100000|  0%| F|  |TAMS 0x000000008b000000, 0x000000008b000000| Untracked 
| 177|0x000000008b100000, 0x000000008b100000, 0x000000008b200000|  0%| F|  |TAMS 0x000000008b100000, 0x000000008b100000| Untracked 
| 178|0x000000008b200000, 0x000000008b200000, 0x000000008b300000|  0%| F|  |TAMS 0x000000008b200000, 0x000000008b200000| Untracked 
| 179|0x000000008b300000, 0x000000008b300000, 0x000000008b400000|  0%| F|  |TAMS 0x000000008b300000, 0x000000008b300000| Untracked 
| 180|0x000000008b400000, 0x000000008b400000, 0x000000008b500000|  0%| F|  |TAMS 0x000000008b400000, 0x000000008b400000| Untracked 
| 181|0x000000008b500000, 0x000000008b500000, 0x000000008b600000|  0%| F|  |TAMS 0x000000008b500000, 0x000000008b500000| Untracked 
| 182|0x000000008b600000, 0x000000008b600000, 0x000000008b700000|  0%| F|  |TAMS 0x000000008b600000, 0x000000008b600000| Untracked 
| 183|0x000000008b700000, 0x000000008b700000, 0x000000008b800000|  0%| F|  |TAMS 0x000000008b700000, 0x000000008b700000| Untracked 
| 184|0x000000008b800000, 0x000000008b800000, 0x000000008b900000|  0%| F|  |TAMS 0x000000008b800000, 0x000000008b800000| Untracked 
| 185|0x000000008b900000, 0x000000008b900000, 0x000000008ba00000|  0%| F|  |TAMS 0x000000008b900000, 0x000000008b900000| Untracked 
| 186|0x000000008ba00000, 0x000000008ba00000, 0x000000008bb00000|  0%| F|  |TAMS 0x000000008ba00000, 0x000000008ba00000| Untracked 
| 187|0x000000008bb00000, 0x000000008bb00000, 0x000000008bc00000|  0%| F|  |TAMS 0x000000008bb00000, 0x000000008bb00000| Untracked 

Card table byte_map: [0x00000188f5c50000,0x00000188f6050000] _byte_map_base: 0x00000188f5850000

Marking Bits (Prev, Next): (CMBitMap*) 0x00000188e115c780, (CMBitMap*) 0x00000188e115c7c0
 Prev Bits: [0x00000188f6450000, 0x00000188f8450000)
 Next Bits: [0x00000188f8450000, 0x00000188fa450000)

Polling page: 0x00000188e11b0000

Metaspace:

Usage:
  Non-class:     67.10 MB used.
      Class:     10.96 MB used.
       Both:     78.06 MB used.

Virtual space:
  Non-class space:      128.00 MB reserved,      67.44 MB ( 53%) committed,  2 nodes.
      Class space:        1.00 GB reserved,      11.25 MB (  1%) committed,  1 nodes.
             Both:        1.12 GB reserved,      78.69 MB (  7%) committed. 

Chunk freelists:
   Non-Class:  11.81 MB
       Class:  4.77 MB
        Both:  16.58 MB

MaxMetaspaceSize: unlimited
CompressedClassSpaceSize: 1.00 GB
Initial GC threshold: 21.00 MB
Current GC threshold: 127.81 MB
CDS: off
MetaspaceReclaimPolicy: balanced
 - commit_granule_bytes: 65536.
 - commit_granule_words: 8192.
 - virtual_space_node_default_size: 8388608.
 - enlarge_chunks_in_place: 1.
 - new_chunks_are_fully_committed: 0.
 - uncommit_free_chunks: 1.
 - use_allocation_guard: 0.
 - handle_deallocations: 1.


Internal statistics:

num_allocs_failed_limit: 3.
num_arena_births: 814.
num_arena_deaths: 0.
num_vsnodes_births: 3.
num_vsnodes_deaths: 0.
num_space_committed: 1257.
num_space_uncommitted: 0.
num_chunks_returned_to_freelist: 3.
num_chunks_taken_from_freelist: 3561.
num_chunk_merges: 0.
num_chunk_splits: 2505.
num_chunks_enlarged: 1835.
num_inconsistent_stats: 0.

CodeHeap 'non-profiled nmethods': size=120000Kb used=3746Kb max_used=3746Kb free=116253Kb
 bounds [0x00000188ed8b0000, 0x00000188edc60000, 0x00000188f4de0000]
CodeHeap 'profiled nmethods': size=120000Kb used=11544Kb max_used=11544Kb free=108455Kb
 bounds [0x00000188e5de0000, 0x00000188e6930000, 0x00000188ed310000]
CodeHeap 'non-nmethods': size=5760Kb used=2380Kb max_used=2432Kb free=3379Kb
 bounds [0x00000188ed310000, 0x00000188ed580000, 0x00000188ed8b0000]
 total_blobs=7070 nmethods=6174 adapters=808
 compilation: enabled
              stopped_count=0, restarted_count=0
 full_count=0

Compilation events (20 events):
Event: 7.869 Thread 0x00000188fd10f0e0 nmethod 6938 0x00000188e691a790 code [0x00000188e691a980, 0x00000188e691ae28]
Event: 7.869 Thread 0x00000188fd10f0e0 6939   !   3       kotlin.SynchronizedLazyImpl::getValue (92 bytes)
Event: 7.869 Thread 0x00000188fd10f0e0 nmethod 6939 0x00000188e691b010 code [0x00000188e691b240, 0x00000188e691bad8]
Event: 7.869 Thread 0x00000188fd10f0e0 6940       3       jdk.internal.jrtfs.JrtPath::getFileSystem (5 bytes)
Event: 7.869 Thread 0x00000188fd10f0e0 nmethod 6940 0x00000188e691bf10 code [0x00000188e691c0a0, 0x00000188e691c1b8]
Event: 7.875 Thread 0x00000188fd6064a0 nmethod 6805 0x00000188edc53010 code [0x00000188edc533e0, 0x00000188edc56c38]
Event: 7.927 Thread 0x00000188fd10f0e0 6941       3       sun.nio.cs.UTF_8$Decoder::decodeArrayLoop (688 bytes)
Event: 7.929 Thread 0x00000188fd10f0e0 nmethod 6941 0x00000188e691c290 code [0x00000188e691cac0, 0x00000188e6921ad8]
Event: 7.939 Thread 0x00000188fd10f0e0 6944       3       kotlin.reflect.jvm.internal.ClassValueCache::get (71 bytes)
Event: 7.940 Thread 0x00000188fd10f0e0 nmethod 6944 0x00000188e6923210 code [0x00000188e69234c0, 0x00000188e69242a8]
Event: 7.940 Thread 0x00000188fd10f0e0 6942       3       kotlin.jvm.internal.Reflection::getOrCreateKotlinClass (8 bytes)
Event: 7.940 Thread 0x00000188fd10f0e0 nmethod 6942 0x00000188e6924710 code [0x00000188e69249c0, 0x00000188e6925578]
Event: 7.940 Thread 0x00000188fd10f0e0 6943       3       kotlin.reflect.jvm.internal.ReflectionFactoryImpl::getOrCreateKotlinClass (5 bytes)
Event: 7.941 Thread 0x00000188fd10f0e0 nmethod 6943 0x00000188e6925990 code [0x00000188e6925c20, 0x00000188e6926778]
Event: 7.946 Thread 0x00000188fd10f0e0 6945       3       kotlin.properties.ObservableProperty::<init> (10 bytes)
Event: 7.946 Thread 0x00000188fd10f0e0 nmethod 6945 0x00000188e6926b90 code [0x00000188e6926d20, 0x00000188e6926ed8]
Event: 7.947 Thread 0x00000188fd10f0e0 6946       3       org.jetbrains.kotlin.renderer.DescriptorRendererOptionsImpl::property (20 bytes)
Event: 7.947 Thread 0x00000188fd10f0e0 nmethod 6946 0x00000188e6926f90 code [0x00000188e6927140, 0x00000188e6927478]
Event: 7.947 Thread 0x00000188fd10f0e0 6947       3       org.jetbrains.kotlin.renderer.DescriptorRendererOptionsImpl$property$$inlined$vetoable$1::<init> (11 bytes)
Event: 7.947 Thread 0x00000188fd10f0e0 nmethod 6947 0x00000188e6927590 code [0x00000188e6927740, 0x00000188e69279b8]

GC Heap History (20 events):
Event: 4.885 GC heap after
{Heap after GC invocations=19 (full 0):
 garbage-first heap   total 96256K, used 56451K [0x0000000080000000, 0x0000000100000000)
  region size 1024K, 3 young (3072K), 3 survivors (3072K)
 Metaspace       used 51081K, committed 51584K, reserved 1114112K
  class space    used 6733K, committed 6976K, reserved 1048576K
}
Event: 4.895 GC heap before
{Heap before GC invocations=19 (full 0):
 garbage-first heap   total 96256K, used 57475K [0x0000000080000000, 0x0000000100000000)
  region size 1024K, 4 young (4096K), 3 survivors (3072K)
 Metaspace       used 51189K, committed 51712K, reserved 1114112K
  class space    used 6750K, committed 6976K, reserved 1048576K
}
Event: 4.898 GC heap after
{Heap after GC invocations=20 (full 0):
 garbage-first heap   total 148480K, used 56136K [0x0000000080000000, 0x0000000100000000)
  region size 1024K, 1 young (1024K), 1 survivors (1024K)
 Metaspace       used 51189K, committed 51712K, reserved 1114112K
  class space    used 6750K, committed 6976K, reserved 1048576K
}
Event: 5.552 GC heap before
{Heap before GC invocations=20 (full 0):
 garbage-first heap   total 148480K, used 109384K [0x0000000080000000, 0x0000000100000000)
  region size 1024K, 53 young (54272K), 1 survivors (1024K)
 Metaspace       used 56341K, committed 56896K, reserved 1114112K
  class space    used 7624K, committed 7872K, reserved 1048576K
}
Event: 5.556 GC heap after
{Heap after GC invocations=21 (full 0):
 garbage-first heap   total 148480K, used 58902K [0x0000000080000000, 0x0000000100000000)
  region size 1024K, 3 young (3072K), 3 survivors (3072K)
 Metaspace       used 56341K, committed 56896K, reserved 1114112K
  class space    used 7624K, committed 7872K, reserved 1048576K
}
Event: 6.373 GC heap before
{Heap before GC invocations=21 (full 0):
 garbage-first heap   total 148480K, used 117270K [0x0000000080000000, 0x0000000100000000)
  region size 1024K, 60 young (61440K), 3 survivors (3072K)
 Metaspace       used 60963K, committed 61568K, reserved 1114112K
  class space    used 8317K, committed 8640K, reserved 1048576K
}
Event: 6.378 GC heap after
{Heap after GC invocations=22 (full 0):
 garbage-first heap   total 148480K, used 62903K [0x0000000080000000, 0x0000000100000000)
  region size 1024K, 7 young (7168K), 7 survivors (7168K)
 Metaspace       used 60963K, committed 61568K, reserved 1114112K
  class space    used 8317K, committed 8640K, reserved 1048576K
}
Event: 6.839 GC heap before
{Heap before GC invocations=22 (full 0):
 garbage-first heap   total 148480K, used 118199K [0x0000000080000000, 0x0000000100000000)
  region size 1024K, 61 young (62464K), 7 survivors (7168K)
 Metaspace       used 68760K, committed 69376K, reserved 1114112K
  class space    used 9828K, committed 10112K, reserved 1048576K
}
Event: 6.844 GC heap after
{Heap after GC invocations=23 (full 0):
 garbage-first heap   total 148480K, used 64668K [0x0000000080000000, 0x0000000100000000)
  region size 1024K, 6 young (6144K), 6 survivors (6144K)
 Metaspace       used 68760K, committed 69376K, reserved 1114112K
  class space    used 9828K, committed 10112K, reserved 1048576K
}
Event: 7.342 GC heap before
{Heap before GC invocations=23 (full 0):
 garbage-first heap   total 148480K, used 119964K [0x0000000080000000, 0x0000000100000000)
  region size 1024K, 60 young (61440K), 6 survivors (6144K)
 Metaspace       used 76712K, committed 77376K, reserved 1179648K
  class space    used 10816K, committed 11136K, reserved 1048576K
}
Event: 7.346 GC heap after
{Heap after GC invocations=24 (full 0):
 garbage-first heap   total 148480K, used 65844K [0x0000000080000000, 0x0000000100000000)
  region size 1024K, 3 young (3072K), 3 survivors (3072K)
 Metaspace       used 76712K, committed 77376K, reserved 1179648K
  class space    used 10816K, committed 11136K, reserved 1048576K
}
Event: 7.398 GC heap before
{Heap before GC invocations=24 (full 0):
 garbage-first heap   total 148480K, used 70964K [0x0000000080000000, 0x0000000100000000)
  region size 1024K, 9 young (9216K), 3 survivors (3072K)
 Metaspace       used 77603K, committed 78336K, reserved 1179648K
  class space    used 10943K, committed 11264K, reserved 1048576K
}
Event: 7.401 GC heap after
{Heap after GC invocations=25 (full 0):
 garbage-first heap   total 148480K, used 65610K [0x0000000080000000, 0x0000000100000000)
  region size 1024K, 3 young (3072K), 3 survivors (3072K)
 Metaspace       used 77603K, committed 78336K, reserved 1179648K
  class space    used 10943K, committed 11264K, reserved 1048576K
}
Event: 7.404 GC heap before
{Heap before GC invocations=25 (full 0):
 garbage-first heap   total 148480K, used 71754K [0x0000000080000000, 0x0000000100000000)
  region size 1024K, 4 young (4096K), 3 survivors (3072K)
 Metaspace       used 77603K, committed 78336K, reserved 1179648K
  class space    used 10943K, committed 11264K, reserved 1048576K
}
Event: 7.408 GC heap after
{Heap after GC invocations=26 (full 0):
 garbage-first heap   total 148480K, used 71777K [0x0000000080000000, 0x0000000100000000)
  region size 1024K, 3 young (3072K), 3 survivors (3072K)
 Metaspace       used 77603K, committed 78336K, reserved 1179648K
  class space    used 10943K, committed 11264K, reserved 1048576K
}
Event: 7.695 GC heap before
{Heap before GC invocations=27 (full 0):
 garbage-first heap   total 148480K, used 129121K [0x0000000080000000, 0x0000000100000000)
  region size 1024K, 55 young (56320K), 3 survivors (3072K)
 Metaspace       used 77923K, committed 78656K, reserved 1179648K
  class space    used 10951K, committed 11264K, reserved 1048576K
}
Event: 7.709 GC heap after
{Heap after GC invocations=28 (full 0):
 garbage-first heap   total 148480K, used 80499K [0x0000000080000000, 0x0000000100000000)
  region size 1024K, 7 young (7168K), 7 survivors (7168K)
 Metaspace       used 77923K, committed 78656K, reserved 1179648K
  class space    used 10951K, committed 11264K, reserved 1048576K
}
Event: 7.721 GC heap before
{Heap before GC invocations=28 (full 0):
 garbage-first heap   total 148480K, used 81523K [0x0000000080000000, 0x0000000100000000)
  region size 1024K, 8 young (8192K), 7 survivors (7168K)
 Metaspace       used 77923K, committed 78656K, reserved 1179648K
  class space    used 10951K, committed 11264K, reserved 1048576K
}
Event: 7.729 GC heap after
{Heap after GC invocations=29 (full 0):
 garbage-first heap   total 148480K, used 81834K [0x0000000080000000, 0x0000000100000000)
  region size 1024K, 1 young (1024K), 1 survivors (1024K)
 Metaspace       used 77923K, committed 78656K, reserved 1179648K
  class space    used 10951K, committed 11264K, reserved 1048576K
}
Event: 7.975 GC heap before
{Heap before GC invocations=29 (full 0):
 garbage-first heap   total 148480K, used 117674K [0x0000000080000000, 0x0000000100000000)
  region size 1024K, 36 young (36864K), 1 survivors (1024K)
 Metaspace       used 79931K, committed 80576K, reserved 1179648K
  class space    used 11222K, committed 11520K, reserved 1048576K
}

Dll operation events (3 events):
Event: 0.007 Loaded shared library D:\Program Files\AndroidStudio\jbr\bin\java.dll
Event: 0.104 Loaded shared library D:\Program Files\AndroidStudio\jbr\bin\zip.dll
Event: 0.506 Loaded shared library D:\Program Files\AndroidStudio\jbr\bin\verify.dll

Deoptimization events (20 events):
Event: 7.578 Thread 0x00000188fecd5590 Uncommon trap: trap_request=0xffffff45 fr.pc=0x00000188edc09054 relative=0x0000000000000474
Event: 7.578 Thread 0x00000188fecd5590 Uncommon trap: reason=unstable_if action=reinterpret pc=0x00000188edc09054 method=org.jetbrains.kotlin.com.intellij.openapi.vfs.impl.ZipEntryMap.isTheOne(Lorg/jetbrains/kotlin/com/intellij/openapi/vfs/impl/ArchiveHandler$EntryInfo;Ljava/lang/CharSequence;
Event: 7.578 Thread 0x00000188fecd5590 DEOPT PACKING pc=0x00000188edc09054 sp=0x00000014cbdf47b0
Event: 7.578 Thread 0x00000188fecd5590 DEOPT UNPACKING pc=0x00000188ed36a1a3 sp=0x00000014cbdf4770 mode 2
Event: 7.625 Thread 0x00000188fecd5590 Uncommon trap: trap_request=0xffffff45 fr.pc=0x00000188edc23534 relative=0x0000000000000834
Event: 7.625 Thread 0x00000188fecd5590 Uncommon trap: reason=unstable_if action=reinterpret pc=0x00000188edc23534 method=org.jetbrains.kotlin.com.intellij.openapi.vfs.impl.ZipEntryMap.isTheOne(Lorg/jetbrains/kotlin/com/intellij/openapi/vfs/impl/ArchiveHandler$EntryInfo;Ljava/lang/CharSequence;
Event: 7.625 Thread 0x00000188fecd5590 DEOPT PACKING pc=0x00000188edc23534 sp=0x00000014cbdf4750
Event: 7.625 Thread 0x00000188fecd5590 DEOPT UNPACKING pc=0x00000188ed36a1a3 sp=0x00000014cbdf4640 mode 2
Event: 7.671 Thread 0x00000188fecd5590 DEOPT PACKING pc=0x00000188e6899a3d sp=0x00000014cbdf4980
Event: 7.671 Thread 0x00000188fecd5590 DEOPT UNPACKING pc=0x00000188ed36ace3 sp=0x00000014cbdf3e60 mode 0
Event: 7.674 Thread 0x00000188fecd5590 Uncommon trap: trap_request=0xffffffdc fr.pc=0x00000188edc315c4 relative=0x0000000000000224
Event: 7.674 Thread 0x00000188fecd5590 Uncommon trap: reason=class_check action=make_not_entrant pc=0x00000188edc315c4 method=java.util.ArrayList.toArray([Ljava/lang/Object;)[Ljava/lang/Object; @ 21 c2
Event: 7.675 Thread 0x00000188fecd5590 DEOPT PACKING pc=0x00000188edc315c4 sp=0x00000014cbdf4a90
Event: 7.675 Thread 0x00000188fecd5590 DEOPT UNPACKING pc=0x00000188ed36a1a3 sp=0x00000014cbdf4a50 mode 2
Event: 7.800 Thread 0x00000188fecd5590 Uncommon trap: trap_request=0xffffff45 fr.pc=0x00000188edc3b9c8 relative=0x0000000000003448
Event: 7.800 Thread 0x00000188fecd5590 Uncommon trap: reason=unstable_if action=reinterpret pc=0x00000188edc3b9c8 method=org.jetbrains.kotlin.com.intellij.openapi.vfs.impl.ZipEntryMap.isTheOne(Lorg/jetbrains/kotlin/com/intellij/openapi/vfs/impl/ArchiveHandler$EntryInfo;Ljava/lang/CharSequence;
Event: 7.800 Thread 0x00000188fecd5590 DEOPT PACKING pc=0x00000188edc3b9c8 sp=0x00000014cbdf47e0
Event: 7.800 Thread 0x00000188fecd5590 DEOPT UNPACKING pc=0x00000188ed36a1a3 sp=0x00000014cbdf4690 mode 2
Event: 7.805 Thread 0x00000188fecd5590 DEOPT PACKING pc=0x00000188e68bcf02 sp=0x00000014cbdf4b00
Event: 7.805 Thread 0x00000188fecd5590 DEOPT UNPACKING pc=0x00000188ed36ace3 sp=0x00000014cbdf4050 mode 0

Classes unloaded (0 events):
No events

Classes redefined (0 events):
No events

Internal exceptions (20 events):
Event: 6.342 Thread 0x00000188fecd5590 Exception <a 'java/lang/NoSuchMethodError'{0x00000000858ade80}: 'java.lang.Object java.lang.invoke.DirectMethodHandle$Holder.invokeStaticInit(java.lang.Object, int)'> (0x00000000858ade80) 
thrown [s\src\hotspot\share\interpreter\linkResolver.cpp, line 771]
Event: 6.423 Thread 0x00000188fecd5590 Implicit null exception at 0x00000188ed99d593 to 0x00000188ed99d6e8
Event: 6.664 Thread 0x00000188fecd5590 Implicit null exception at 0x00000188ed8f5e72 to 0x00000188ed8f64b4
Event: 6.722 Thread 0x00000188fecd5590 Implicit null exception at 0x00000188ed9109f2 to 0x00000188ed911048
Event: 6.848 Thread 0x00000188fecd5590 Exception <a 'sun/nio/fs/WindowsException'{0x000000008bb34040}> (0x000000008bb34040) 
thrown [s\src\hotspot\share\prims\jni.cpp, line 517]
Event: 6.848 Thread 0x00000188fecd5590 Exception <a 'sun/nio/fs/WindowsException'{0x000000008bb36070}> (0x000000008bb36070) 
thrown [s\src\hotspot\share\prims\jni.cpp, line 517]
Event: 6.916 Thread 0x00000188fecd5590 Exception <a 'java/lang/NoSuchMethodError'{0x000000008898a4f0}: 'long java.lang.invoke.DirectMethodHandle$Holder.invokeStatic(java.lang.Object)'> (0x000000008898a4f0) 
thrown [s\src\hotspot\share\interpreter\linkResolver.cpp, line 771]
Event: 6.917 Thread 0x00000188fecd5590 Exception <a 'java/lang/NoSuchMethodError'{0x000000008898f338}: 'long java.lang.invoke.DirectMethodHandle$Holder.invokeStaticInit(java.lang.Object)'> (0x000000008898f338) 
thrown [s\src\hotspot\share\interpreter\linkResolver.cpp, line 771]
Event: 6.968 Thread 0x00000188fecd5590 Exception <a 'java/lang/NoSuchMethodError'{0x00000000884e98f0}: 'long java.lang.invoke.Invokers$Holder.invoke_MT(java.lang.Object, java.lang.Object, java.lang.Object, java.lang.Object)'> (0x00000000884e98f0) 
thrown [s\src\hotspot\share\interpreter\linkResolver.cpp, line 771]
Event: 6.968 Thread 0x00000188fecd5590 Exception <a 'java/lang/NoSuchMethodError'{0x00000000884f2f40}: 'int java.lang.invoke.Invokers$Holder.invoke_MT(java.lang.Object, java.lang.Object, java.lang.Object, java.lang.Object)'> (0x00000000884f2f40) 
thrown [s\src\hotspot\share\interpreter\linkResolver.cpp, line 771]
Event: 6.969 Thread 0x00000188fecd5590 Exception <a 'java/lang/NoSuchMethodError'{0x0000000088303e90}: 'void java.lang.invoke.DelegatingMethodHandle$Holder.reinvoke_L(java.lang.Object, java.lang.Object, java.lang.Object, long, java.lang.Object)'> (0x0000000088303e90) 
thrown [s\src\hotspot\share\interpreter\linkResolver.cpp, line 771]
Event: 6.969 Thread 0x00000188fecd5590 Exception <a 'java/lang/NoSuchMethodError'{0x000000008830ca68}: 'java.lang.Object java.lang.invoke.DirectMethodHandle$Holder.invokeSpecial(java.lang.Object, java.lang.Object, java.lang.Object, java.lang.Object, long)'> (0x000000008830ca68) 
thrown [s\src\hotspot\share\interpreter\linkResolver.cpp, line 771]
Event: 6.969 Thread 0x00000188fecd5590 Exception <a 'java/lang/NoSuchMethodError'{0x000000008831d408}: 'int java.lang.invoke.DelegatingMethodHandle$Holder.reinvoke_L(java.lang.Object, java.lang.Object, java.lang.Object, long, java.lang.Object, java.lang.Object)'> (0x000000008831d408) 
thrown [s\src\hotspot\share\interpreter\linkResolver.cpp, line 771]
Event: 6.970 Thread 0x00000188fecd5590 Exception <a 'java/lang/NoSuchMethodError'{0x000000008832d6f0}: 'int java.lang.invoke.DelegatingMethodHandle$Holder.reinvoke_L(java.lang.Object, java.lang.Object, java.lang.Object, long, int, int)'> (0x000000008832d6f0) 
thrown [s\src\hotspot\share\interpreter\linkResolver.cpp, line 771]
Event: 6.971 Thread 0x00000188fecd5590 Exception <a 'java/lang/NoSuchMethodError'{0x000000008833d780}: 'int java.lang.invoke.DelegatingMethodHandle$Holder.reinvoke_L(java.lang.Object, java.lang.Object, java.lang.Object, long, long, long)'> (0x000000008833d780) 
thrown [s\src\hotspot\share\interpreter\linkResolver.cpp, line 771]
Event: 6.972 Thread 0x00000188fecd5590 Exception <a 'java/lang/NoSuchMethodError'{0x000000008834d4f0}: 'int java.lang.invoke.DelegatingMethodHandle$Holder.reinvoke_L(java.lang.Object, java.lang.Object, java.lang.Object, long, int)'> (0x000000008834d4f0) 
thrown [s\src\hotspot\share\interpreter\linkResolver.cpp, line 771]
Event: 7.359 Thread 0x00000188fecd5590 Exception <a 'java/lang/NoSuchMethodError'{0x0000000088f886c8}: 'java.lang.Object java.lang.invoke.Invokers$Holder.invokeExact_MT(java.lang.Object, java.lang.Object, long, java.lang.Object)'> (0x0000000088f886c8) 
thrown [s\src\hotspot\share\interpreter\linkResolver.cpp, line 771]
Event: 7.385 Thread 0x00000188fecd5590 Exception <a 'java/lang/NoSuchMethodError'{0x0000000088c0b910}: 'java.lang.Object java.lang.invoke.Invokers$Holder.invoke_MT(java.lang.Object, java.lang.Object, java.lang.Object)'> (0x0000000088c0b910) 
thrown [s\src\hotspot\share\interpreter\linkResolver.cpp, line 771]
Event: 7.563 Thread 0x00000188fecd5590 Implicit null exception at 0x00000188edc1bffa to 0x00000188edc1ded8
Event: 7.563 Thread 0x00000188fecd5590 Implicit null exception at 0x00000188edc19899 to 0x00000188edc1a890

VM Operations (20 events):
Event: 6.923 Executing VM operation: HandshakeAllThreads done
Event: 7.292 Executing VM operation: HandshakeAllThreads
Event: 7.292 Executing VM operation: HandshakeAllThreads done
Event: 7.342 Executing VM operation: G1CollectForAllocation
Event: 7.346 Executing VM operation: G1CollectForAllocation done
Event: 7.398 Executing VM operation: G1TryInitiateConcMark
Event: 7.401 Executing VM operation: G1TryInitiateConcMark done
Event: 7.404 Executing VM operation: G1TryInitiateConcMark
Event: 7.408 Executing VM operation: G1TryInitiateConcMark done
Event: 7.439 Executing VM operation: G1PauseRemark
Event: 7.442 Executing VM operation: G1PauseRemark done
Event: 7.462 Executing VM operation: G1PauseCleanup
Event: 7.462 Executing VM operation: G1PauseCleanup done
Event: 7.556 Executing VM operation: HandshakeAllThreads
Event: 7.556 Executing VM operation: HandshakeAllThreads done
Event: 7.695 Executing VM operation: G1CollectForAllocation
Event: 7.709 Executing VM operation: G1CollectForAllocation done
Event: 7.721 Executing VM operation: G1CollectForAllocation
Event: 7.729 Executing VM operation: G1CollectForAllocation done
Event: 7.974 Executing VM operation: G1CollectForAllocation

Events (20 events):
Event: 7.385 loading class jdk/internal/misc/ExtendedMapMode
Event: 7.385 loading class jdk/internal/misc/ExtendedMapMode done
Event: 7.385 loading class sun/nio/ch/FileChannelImpl$DefaultUnmapper
Event: 7.385 loading class sun/nio/ch/FileChannelImpl$Unmapper
Event: 7.385 loading class jdk/internal/access/foreign/UnmapperProxy
Event: 7.385 loading class jdk/internal/access/foreign/UnmapperProxy done
Event: 7.385 loading class sun/nio/ch/FileChannelImpl$Unmapper done
Event: 7.385 loading class sun/nio/ch/FileChannelImpl$DefaultUnmapper done
Event: 7.385 loading class sun/nio/ch/Util$4
Event: 7.385 loading class sun/nio/ch/Util$4 done
Event: 7.385 loading class jdk/internal/access/foreign/MemorySegmentProxy
Event: 7.386 loading class jdk/internal/access/foreign/MemorySegmentProxy done
Event: 7.386 loading class java/io/UTFDataFormatException
Event: 7.386 loading class java/io/UTFDataFormatException done
Event: 7.443 Thread 0x00000188fd6064a0 Thread added: 0x00000188fd6064a0
Event: 7.443 Thread 0x00000188fd39fc50 Thread added: 0x00000188fd39fc50
Event: 7.559 Thread 0x00000188fd10f9f0 flushing nmethod 0x00000188e5f09090
Event: 7.565 Thread 0x00000188fd10f9f0 flushing nmethod 0x00000188e6797190
Event: 7.821 loading class java/nio/channels/NonWritableChannelException
Event: 7.821 loading class java/nio/channels/NonWritableChannelException done


Dynamic libraries:
0x00007ff65b400000 - 0x00007ff65b40a000 	D:\Program Files\AndroidStudio\jbr\bin\java.exe
0x00007ff91e2f0000 - 0x00007ff91e506000 	C:\WINDOWS\SYSTEM32\ntdll.dll
0x00007ff91c120000 - 0x00007ff91c1e4000 	C:\WINDOWS\System32\KERNEL32.DLL
0x00007ff91b6a0000 - 0x00007ff91ba46000 	C:\WINDOWS\System32\KERNELBASE.dll
0x00007ff91bf20000 - 0x00007ff91c031000 	C:\WINDOWS\System32\ucrtbase.dll
0x00007ff9003e0000 - 0x00007ff9003f7000 	D:\Program Files\AndroidStudio\jbr\bin\jli.dll
0x00007ff900240000 - 0x00007ff90025b000 	D:\Program Files\AndroidStudio\jbr\bin\VCRUNTIME140.dll
0x00007ff91cbe0000 - 0x00007ff91cd8d000 	C:\WINDOWS\System32\USER32.dll
0x00007ff91bc60000 - 0x00007ff91bc86000 	C:\WINDOWS\System32\win32u.dll
0x00007ff9038a0000 - 0x00007ff903b33000 	C:\WINDOWS\WinSxS\amd64_microsoft.windows.common-controls_6595b64144ccf1df_6.0.22621.3235_none_270f74e173860f98\COMCTL32.dll
0x00007ff91ca20000 - 0x00007ff91ca49000 	C:\WINDOWS\System32\GDI32.dll
0x00007ff91d5b0000 - 0x00007ff91d657000 	C:\WINDOWS\System32\msvcrt.dll
0x00007ff91bb40000 - 0x00007ff91bc58000 	C:\WINDOWS\System32\gdi32full.dll
0x00007ff91be00000 - 0x00007ff91be9a000 	C:\WINDOWS\System32\msvcp_win.dll
0x00007ff91d4f0000 - 0x00007ff91d521000 	C:\WINDOWS\System32\IMM32.DLL
0x00007ff905960000 - 0x00007ff90596c000 	D:\Program Files\AndroidStudio\jbr\bin\vcruntime140_1.dll
0x00007ff8cd570000 - 0x00007ff8cd5fd000 	D:\Program Files\AndroidStudio\jbr\bin\msvcp140.dll
0x00007ff89d5a0000 - 0x00007ff89e223000 	D:\Program Files\AndroidStudio\jbr\bin\server\jvm.dll
0x00007ff91c960000 - 0x00007ff91ca12000 	C:\WINDOWS\System32\ADVAPI32.dll
0x00007ff91d840000 - 0x00007ff91d8e8000 	C:\WINDOWS\System32\sechost.dll
0x00007ff91bb10000 - 0x00007ff91bb38000 	C:\WINDOWS\System32\bcrypt.dll
0x00007ff91c390000 - 0x00007ff91c4a5000 	C:\WINDOWS\System32\RPCRT4.dll
0x00007ff918280000 - 0x00007ff9182b4000 	C:\WINDOWS\SYSTEM32\WINMM.dll
0x00007ff905950000 - 0x00007ff905959000 	C:\WINDOWS\SYSTEM32\WSOCK32.dll
0x00007ff91a4c0000 - 0x00007ff91a50d000 	C:\WINDOWS\SYSTEM32\POWRPROF.dll
0x00007ff91d530000 - 0x00007ff91d5a1000 	C:\WINDOWS\System32\WS2_32.dll
0x00007ff915060000 - 0x00007ff91506a000 	C:\WINDOWS\SYSTEM32\VERSION.dll
0x00007ff91a4a0000 - 0x00007ff91a4b3000 	C:\WINDOWS\SYSTEM32\UMPDC.dll
0x00007ff91a760000 - 0x00007ff91a778000 	C:\WINDOWS\SYSTEM32\kernel.appcore.dll
0x00007ff901fb0000 - 0x00007ff901fba000 	D:\Program Files\AndroidStudio\jbr\bin\jimage.dll
0x00007ff918f10000 - 0x00007ff919143000 	C:\WINDOWS\SYSTEM32\DBGHELP.DLL
0x00007ff91d160000 - 0x00007ff91d4e8000 	C:\WINDOWS\System32\combase.dll
0x00007ff91d6c0000 - 0x00007ff91d797000 	C:\WINDOWS\System32\OLEAUT32.dll
0x00007ff918240000 - 0x00007ff918272000 	C:\WINDOWS\SYSTEM32\dbgcore.DLL
0x00007ff91bea0000 - 0x00007ff91bf1a000 	C:\WINDOWS\System32\bcryptPrimitives.dll
0x00007ff9007a0000 - 0x00007ff9007ae000 	D:\Program Files\AndroidStudio\jbr\bin\instrument.dll
0x00007ff900820000 - 0x00007ff900845000 	D:\Program Files\AndroidStudio\jbr\bin\java.dll
0x00007ff900800000 - 0x00007ff900818000 	D:\Program Files\AndroidStudio\jbr\bin\zip.dll
0x00007ff91da00000 - 0x00007ff91e25d000 	C:\WINDOWS\System32\SHELL32.dll
0x00007ff9195a0000 - 0x00007ff919e98000 	C:\WINDOWS\SYSTEM32\windows.storage.dll
0x00007ff919460000 - 0x00007ff91959e000 	C:\WINDOWS\SYSTEM32\wintypes.dll
0x00007ff91d060000 - 0x00007ff91d153000 	C:\WINDOWS\System32\SHCORE.dll
0x00007ff91d8f0000 - 0x00007ff91d94e000 	C:\WINDOWS\System32\shlwapi.dll
0x00007ff91b560000 - 0x00007ff91b586000 	C:\WINDOWS\SYSTEM32\profapi.dll
0x00007ff900440000 - 0x00007ff900459000 	D:\Program Files\AndroidStudio\jbr\bin\net.dll
0x00007ff915770000 - 0x00007ff9158a7000 	C:\WINDOWS\SYSTEM32\WINHTTP.dll
0x00007ff91abe0000 - 0x00007ff91ac49000 	C:\WINDOWS\system32\mswsock.dll
0x00007ff900400000 - 0x00007ff900416000 	D:\Program Files\AndroidStudio\jbr\bin\nio.dll
0x00007ff9008e0000 - 0x00007ff9008f0000 	D:\Program Files\AndroidStudio\jbr\bin\verify.dll
0x00007ff900770000 - 0x00007ff900797000 	C:\Users\user\.gradle\native\c067742578af261105cb4f569cf0c3c89f3d7b1fecec35dd04571415982c5e48\windows-amd64\native-platform.dll
0x00007ff8cd210000 - 0x00007ff8cd354000 	C:\Users\user\.gradle\native\38dada09dfb8b06ba9b0570ebf7e218e3eb74d4ef43ca46872605cf95ebc2f47\windows-amd64\native-platform-file-events.dll
0x00007ff901f70000 - 0x00007ff901f79000 	D:\Program Files\AndroidStudio\jbr\bin\management.dll
0x00007ff900940000 - 0x00007ff90094b000 	D:\Program Files\AndroidStudio\jbr\bin\management_ext.dll
0x00007ff91d7a0000 - 0x00007ff91d7a8000 	C:\WINDOWS\System32\PSAPI.DLL
0x00007ff91ae40000 - 0x00007ff91ae5b000 	C:\WINDOWS\SYSTEM32\CRYPTSP.dll
0x00007ff91a6c0000 - 0x00007ff91a6f5000 	C:\WINDOWS\system32\rsaenh.dll
0x00007ff91acd0000 - 0x00007ff91acfc000 	C:\WINDOWS\SYSTEM32\USERENV.dll
0x00007ff91ae30000 - 0x00007ff91ae3c000 	C:\WINDOWS\SYSTEM32\CRYPTBASE.dll
0x00007ff91a170000 - 0x00007ff91a19d000 	C:\WINDOWS\SYSTEM32\IPHLPAPI.DLL
0x00007ff91d050000 - 0x00007ff91d059000 	C:\WINDOWS\System32\NSI.dll
0x00007ff915590000 - 0x00007ff9155a9000 	C:\WINDOWS\SYSTEM32\dhcpcsvc6.DLL
0x00007ff9154d0000 - 0x00007ff9154ef000 	C:\WINDOWS\SYSTEM32\dhcpcsvc.DLL
0x00007ff91a1e0000 - 0x00007ff91a2d9000 	C:\WINDOWS\SYSTEM32\DNSAPI.dll
0x00007ff889cd0000 - 0x00007ff889cd8000 	C:\WINDOWS\system32\wshunix.dll

dbghelp: loaded successfully - version: 4.0.5 - missing functions: none
symbol engine: initialized successfully - sym options: 0x614 - pdb path: .;D:\Program Files\AndroidStudio\jbr\bin;C:\WINDOWS\SYSTEM32;C:\WINDOWS\WinSxS\amd64_microsoft.windows.common-controls_6595b64144ccf1df_6.0.22621.3235_none_270f74e173860f98;D:\Program Files\AndroidStudio\jbr\bin\server;C:\Users\user\.gradle\native\c067742578af261105cb4f569cf0c3c89f3d7b1fecec35dd04571415982c5e48\windows-amd64;C:\Users\user\.gradle\native\38dada09dfb8b06ba9b0570ebf7e218e3eb74d4ef43ca46872605cf95ebc2f47\windows-amd64

VM Arguments:
jvm_args: --add-opens=java.base/java.util=ALL-UNNAMED --add-opens=java.base/java.lang=ALL-UNNAMED --add-opens=java.base/java.lang.invoke=ALL-UNNAMED --add-opens=java.prefs/java.util.prefs=ALL-UNNAMED --add-opens=java.base/java.nio.charset=ALL-UNNAMED --add-opens=java.base/java.net=ALL-UNNAMED --add-opens=java.base/java.util.concurrent.atomic=ALL-UNNAMED -Xmx2048m -Dfile.encoding=UTF-8 -Duser.country=US -Duser.language=en -Duser.variant -javaagent:C:\Users\user\.gradle\wrapper\dists\gradle-8.4-bin\1w5dpkrfk8irigvoxmyhowfim\gradle-8.4\lib\agents\gradle-instrumentation-agent-8.4.jar 
java_command: org.gradle.launcher.daemon.bootstrap.GradleDaemon 8.4
java_class_path (initial): C:\Users\user\.gradle\wrapper\dists\gradle-8.4-bin\1w5dpkrfk8irigvoxmyhowfim\gradle-8.4\lib\gradle-launcher-8.4.jar
Launcher Type: SUN_STANDARD

[Global flags]
     intx CICompilerCount                          = 4                                         {product} {ergonomic}
     uint ConcGCThreads                            = 2                                         {product} {ergonomic}
     uint G1ConcRefinementThreads                  = 8                                         {product} {ergonomic}
   size_t G1HeapRegionSize                         = 1048576                                   {product} {ergonomic}
    uintx GCDrainStackTargetSize                   = 64                                        {product} {ergonomic}
   size_t InitialHeapSize                          = 197132288                                 {product} {ergonomic}
   size_t MarkStackSize                            = 4194304                                   {product} {ergonomic}
   size_t MaxHeapSize                              = 2147483648                                {product} {command line}
   size_t MaxNewSize                               = 1287651328                                {product} {ergonomic}
   size_t MinHeapDeltaBytes                        = 1048576                                   {product} {ergonomic}
   size_t MinHeapSize                              = 8388608                                   {product} {ergonomic}
    uintx NonNMethodCodeHeapSize                   = 5839372                                {pd product} {ergonomic}
    uintx NonProfiledCodeHeapSize                  = 122909434                              {pd product} {ergonomic}
    uintx ProfiledCodeHeapSize                     = 122909434                              {pd product} {ergonomic}
    uintx ReservedCodeCacheSize                    = 251658240                              {pd product} {ergonomic}
     bool SegmentedCodeCache                       = true                                      {product} {ergonomic}
   size_t SoftMaxHeapSize                          = 2147483648                             {manageable} {ergonomic}
     bool UseCompressedClassPointers               = true                           {product lp64_product} {ergonomic}
     bool UseCompressedOops                        = true                           {product lp64_product} {ergonomic}
     bool UseG1GC                                  = true                                      {product} {ergonomic}
     bool UseLargePagesIndividualAllocation        = false                                  {pd product} {ergonomic}

Logging:
Log output configuration:
 #0: stdout all=warning uptime,level,tags
 #1: stderr all=off uptime,level,tags

Environment Variables:
JAVA_HOME=D:\user\Downloads\java
PATH=D:\Users\VMWARE\bin\;C:\Python311\Scripts\;C:\Python311\;C:\Program Files\Common Files\Oracle\Java\javapath;C:\Program Files\Eclipse Adoptium\jdk-17.0.6.10-hotspot\bin;C:\Windows\system32;C:\Windows;C:\Windows\System32\Wbem;C:\Windows\System32\WindowsPowerShell\v1.0\;C:\Windows\System32\OpenSSH\;C:\Program Files\NVIDIA Corporation\NVIDIA NvDLISR;C:\Program Files\dotnet\;C:\Program Files (x86)\Kaspersky Lab\Endpoint Agent\;C:\WINDOWS\system32;C:\WINDOWS;C:\WINDOWS\System32\Wbem;C:\WINDOWS\System32\WindowsPowerShell\v1.0\;C:\WINDOWS\System32\OpenSSH\;C:\Program Files (x86)\dotnet\;C:\Program Files\Microsoft SQL Server\Client SDK\ODBC\170\Tools\Binn\;C:\Program Files (x86)\Microsoft SQL Server\160\Tools\Binn\;C:\Program Files\Microsoft SQL Server\160\Tools\Binn\;C:\Program Files\Microsoft SQL Server\160\DTS\Binn\;C:\Program Files\Azure Data Studio\bin;D:\Program Files\easyUML-main;C:\Program Files\Java\jdk-19;D:\Program Files\jdk11;D:\Program Files\jdk__11;D:\Program Files\jdk8_;D:\Program Files\Jdk8;C:\ProgramData\chocolatey\bin;D:\Program Files\Git\Git\cmd;C:\WINDOWS\system32;C:\WINDOWS;C:\WINDOWS\System32\Wbem;C:\WINDOWS\System32\WindowsPowerShell\v1.0\;C:\WINDOWS\System32\OpenSSH\;D:\user\Downloads\java\bin;C:\Users\user\AppData\Local\Microsoft\WindowsApps;C:\MinGW\bin;C:\Users\user\.dotnet\tools;C:\Users\user\AppData\Local\Programs\Microsoft VS Code\bin;C:\Program Files\Azure Data Studio\bin;D:\Program Files\IntelliJ IDEA Community Edition 2022.3.2\bin;D:\user\Downloads\apache-maven-3.9.6-bin;;D:\user\Downloads\apache-maven-3.9.6-bin;D:\Program Files\jdk__11;D:\Program Files\Jdk8;D:\user\Downloads\java\bin.;
USERNAME=user
OS=Windows_NT
PROCESSOR_IDENTIFIER=Intel64 Family 6 Model 140 Stepping 1, GenuineIntel
TMP=C:\Users\user\AppData\Local\Temp
TEMP=C:\Users\user\AppData\Local\Temp



Periodic native trim disabled

JNI global refs:
JNI global refs: 26, weak refs: 0

JNI global refs memory usage: 843, weak refs: 841

OOME stack traces (most recent first):
Classloader memory used:
Loader org.gradle.internal.classloader.VisitableURLClassLoader                         : 6086K
Loader bootstrap                                                                       : 2499K
Loader org.gradle.initialization.MixInLegacyTypesClassLoader                           : 1044K
Loader org.gradle.internal.classloader.VisitableURLClassLoader$InstrumentingVisitableURLClassLoader: 100964B
Loader org.gradle.internal.classloader.VisitableURLClassLoader                         : 84907B
Loader jdk.internal.loader.ClassLoaders$PlatformClassLoader                            : 65553B
Loader jdk.internal.jrtfs.JrtFileSystemProvider$JrtFsLoader                            : 37736B
Loader jdk.internal.reflect.DelegatingClassLoader                                      : 35164B
Loader jdk.internal.loader.ClassLoaders$AppClassLoader                                 : 28458B
Loader org.gradle.groovy.scripts.internal.DefaultScriptCompilationHandler$ScriptClassLoader: 11117B
Loader org.codehaus.groovy.runtime.callsite.CallSiteClassLoader                        : 6138B

Classes loaded by more than one classloader:
Class org.gradle.internal.Cast                                                        : loaded 3 times (x 69B)
Class Program                                                                         : loaded 3 times (x 70B)
Class org.gradle.api.GradleException                                                  : loaded 3 times (x 80B)
Class org.gradle.internal.classpath.ClassPath                                         : loaded 2 times (x 68B)
Class org.gradle.api.internal.classpath.DefaultModuleRegistry                         : loaded 2 times (x 84B)
Class org.gradle.internal.exceptions.NonGradleCauseExceptionsHolder                   : loaded 2 times (x 68B)
Class Settings_gradle$1$1                                                             : loaded 2 times (x 72B)
Class com.intellij.openapi.externalSystem.model.ExternalSystemException               : loaded 2 times (x 84B)
Class jdk.internal.jimage.BasicImageReader$1                                          : loaded 2 times (x 75B)
Class org.gradle.api.Action                                                           : loaded 2 times (x 68B)
Class org.jetbrains.kotlin.idea.gradleTooling.model.samWithReceiver.SamWithReceiverModel: loaded 2 times (x 68B)
Class org.jetbrains.plugins.gradle.model.ExternalProject                              : loaded 2 times (x 68B)
Class org.jetbrains.plugins.gradle.model.IntelliJSettings                             : loaded 2 times (x 68B)
Class jdk.internal.jimage.ImageBufferCache$1                                          : loaded 2 times (x 78B)
Class jdk.internal.jimage.ImageBufferCache$2                                          : loaded 2 times (x 89B)
Class org.jetbrains.kotlin.idea.gradleTooling.KotlinMPPGradleModel                    : loaded 2 times (x 68B)
Class org.gradle.api.internal.DefaultClassPathProvider                                : loaded 2 times (x 74B)
Class org.gradle.internal.installation.GradleInstallation$1                           : loaded 2 times (x 73B)
Class jdk.internal.jrtfs.SystemImage$1                                                : loaded 2 times (x 76B)
Class jdk.internal.jrtfs.SystemImage$2                                                : loaded 2 times (x 74B)
Class org.gradle.internal.exceptions.DefaultMultiCauseException                       : loaded 2 times (x 89B)
Class org.gradle.tooling.model.UnsupportedMethodException                             : loaded 2 times (x 80B)
Class org.gradle.internal.time.MonotonicClock                                         : loaded 2 times (x 75B)
Class org.gradle.internal.classloader.FilteringClassLoader                            : loaded 2 times (x 103B)
Class jdk.internal.jimage.ImageReader$Resource                                        : loaded 2 times (x 82B)
Class jdk.internal.jrtfs.SystemImage                                                  : loaded 2 times (x 72B)
Class org.gradle.tooling.model.Model                                                  : loaded 2 times (x 68B)
Class org.gradle.internal.classpath.DefaultClassPath$ImmutableUniqueList$Builder      : loaded 2 times (x 73B)
Class org.jetbrains.kotlin.idea.gradleTooling.KotlinSourceSetContainer                : loaded 2 times (x 68B)
Class jdk.internal.jrtfs.JrtDirectoryStream$1                                         : loaded 2 times (x 81B)
Class org.gradle.internal.classloader.ClassLoaderVisitor                              : loaded 2 times (x 74B)
Class org.gradle.internal.time.DefaultCountdownTimer                                  : loaded 2 times (x 86B)
Class org.gradle.internal.service.DefaultServiceLocator                               : loaded 2 times (x 81B)
Class org.gradle.internal.service.UnknownServiceException                             : loaded 2 times (x 81B)
Class org.jetbrains.plugins.gradle.model.DependencyAccessorsModel                     : loaded 2 times (x 68B)
Class org.gradle.internal.classloader.DefaultClassLoaderFactory                       : loaded 2 times (x 80B)
Class jdk.internal.jimage.ImageReader$SharedImageReader                               : loaded 2 times (x 93B)
Class org.jetbrains.plugins.gradle.model.GradleExtensions                             : loaded 2 times (x 68B)
Class sync_studio_tooling2_947b37efwtd2n9aasirteynnw                                  : loaded 2 times (x 177B)
Class jdk.internal.jimage.decompressor.ZipDecompressorFactory                         : loaded 2 times (x 72B)
Class org.jetbrains.plugins.gradle.model.VersionCatalogsModel                         : loaded 2 times (x 68B)
Class org.gradle.internal.classloader.VisitableURLClassLoader$Spec                    : loaded 2 times (x 72B)
Class org.gradle.tooling.model.ProjectModel                                           : loaded 2 times (x 68B)
Class org.jetbrains.plugins.gradle.model.MavenRepositoryModel                         : loaded 2 times (x 68B)
Class org.gradle.util.GradleVersion                                                   : loaded 2 times (x 81B)
Class org.gradle.api.internal.classpath.ModuleRegistry                                : loaded 2 times (x 68B)
Class org.jetbrains.plugins.gradle.model.RepositoriesModel                            : loaded 2 times (x 68B)
Class kotlin.jvm.internal.markers.KMappedMarker                                       : loaded 2 times (x 68B)
Class org.gradle.api.internal.ClassPathProvider                                       : loaded 2 times (x 68B)
Class org.gradle.internal.classloader.ClasspathUtil$1                                 : loaded 2 times (x 74B)
Class org.gradle.internal.classloader.ClassLoaderFactory                              : loaded 2 times (x 68B)
Class jdk.internal.jimage.ImageHeader                                                 : loaded 2 times (x 69B)
Class org.gradle.api.internal.classpath.ManifestUtil                                  : loaded 2 times (x 69B)
Class org.gradle.api.specs.Spec                                                       : loaded 2 times (x 68B)
Class org.gradle.tooling.internal.gradle.GradleBuildIdentity                          : loaded 2 times (x 68B)
Class org.gradle.internal.IoActions                                                   : loaded 2 times (x 69B)
Class jdk.internal.jimage.decompressor.StringSharingDecompressorFactory               : loaded 2 times (x 72B)
Class org.gradle.api.internal.classpath.EffectiveClassPath                            : loaded 2 times (x 88B)
Class kotlin.jvm.internal.DefaultConstructorMarker                                    : loaded 2 times (x 69B)
Class org.jetbrains.kotlin.idea.gradleTooling.model.annotation.AnnotationBasedPluginModel: loaded 2 times (x 68B)
Class org.jetbrains.kotlin.idea.gradleTooling.model.assignment.AssignmentModel        : loaded 2 times (x 68B)
Class org.gradle.internal.installation.CurrentGradleInstallation                      : loaded 2 times (x 71B)
Class org.gradle.internal.agents.InstrumentingClassLoader                             : loaded 2 times (x 68B)
Class org.gradle.internal.installation.CurrentGradleInstallationLocator               : loaded 2 times (x 69B)
Class org.gradle.api.internal.classpath.Module                                        : loaded 2 times (x 68B)
Class org.gradle.internal.service.CachingServiceLocator                               : loaded 2 times (x 80B)
Class org.gradle.internal.time.Timer                                                  : loaded 2 times (x 68B)
Class org.jetbrains.plugins.gradle.model.tests.ExternalTestsModel                     : loaded 2 times (x 68B)
Class org.jetbrains.kotlin.idea.gradleTooling.KotlinDslScriptAdditionalTask           : loaded 2 times (x 68B)
Class org.gradle.internal.classpath.DefaultClassPath                                  : loaded 2 times (x 88B)
Class jdk.internal.jimage.BasicImageReader                                            : loaded 2 times (x 93B)
Class com.intellij.openapi.externalSystem.model.project.dependencies.ProjectDependencies: loaded 2 times (x 68B)
Class org.jetbrains.kotlin.idea.gradleTooling.PrepareKotlinIdeImportTaskModel         : loaded 2 times (x 68B)
Class jdk.internal.jimage.ImageLocation                                               : loaded 2 times (x 88B)
Class org.gradle.internal.impldep.com.google.common.base.Preconditions                : loaded 2 times (x 69B)
Class kotlin.jvm.functions.Function1                                                  : loaded 2 times (x 68B)
Class jdk.internal.jimage.ImageReader$Node                                            : loaded 2 times (x 82B)
Class org.gradle.internal.time.Time                                                   : loaded 2 times (x 69B)
Class jdk.internal.jimage.decompressor.CompressedResourceHeader                       : loaded 2 times (x 69B)
Class org.gradle.internal.time.TimeSource$1                                           : loaded 2 times (x 75B)
Class jdk.internal.jrtfs.JrtPath                                                      : loaded 2 times (x 116B)
Class jdk.internal.jimage.ImageStrings                                                : loaded 2 times (x 68B)
Class jdk.internal.jrtfs.JrtFileAttributes                                            : loaded 2 times (x 81B)
Class org.gradle.internal.classloader.SystemClassLoaderSpec                           : loaded 2 times (x 69B)
Class jdk.internal.jimage.decompressor.ResourceDecompressorRepository                 : loaded 2 times (x 69B)
Class kotlin.Function                                                                 : loaded 2 times (x 68B)
Class org.gradle.api.UncheckedIOException                                             : loaded 2 times (x 80B)
Class jdk.internal.jimage.decompressor.ResourceDecompressor$StringsProvider           : loaded 2 times (x 68B)
Class org.gradle.tooling.internal.gradle.DefaultProjectIdentifier                     : loaded 2 times (x 84B)
Class jdk.internal.jimage.decompressor.Decompressor                                   : loaded 2 times (x 70B)
Class jdk.internal.jrtfs.JrtFileSystem                                                : loaded 2 times (x 100B)
Class org.gradle.tooling.internal.gradle.GradleProjectIdentity                        : loaded 2 times (x 68B)
Class jdk.internal.jrtfs.JrtFileSystemProvider                                        : loaded 2 times (x 97B)
Class org.gradle.internal.time.CountdownTimer                                         : loaded 2 times (x 68B)
Class org.gradle.internal.time.Clock                                                  : loaded 2 times (x 68B)
Class org.gradle.internal.classloader.ClasspathUtil                                   : loaded 2 times (x 69B)
Class jdk.internal.jrtfs.JrtDirectoryStream                                           : loaded 2 times (x 87B)
Class org.gradle.tooling.model.BuildIdentifier                                        : loaded 2 times (x 68B)
Class jdk.internal.jimage.decompressor.ResourceDecompressor                           : loaded 2 times (x 68B)
Class org.gradle.api.internal.DefaultClassPathRegistry                                : loaded 2 times (x 74B)
Class ijInit1_bf6mh7a1x9afcdw40dx5hzd0g                                               : loaded 2 times (x 177B)
Class org.gradle.api.internal.classpath.DefaultModuleRegistry$DefaultModule           : loaded 2 times (x 84B)
Class org.gradle.internal.time.TimeSource                                             : loaded 2 times (x 68B)
Class org.jetbrains.kotlin.android.synthetic.idea.AndroidExtensionsGradleModel        : loaded 2 times (x 68B)
Class org.gradle.api.internal.classpath.UnknownModuleException                        : loaded 2 times (x 80B)
Class org.jetbrains.plugins.gradle.model.IntelliJProjectSettings                      : loaded 2 times (x 68B)
Class org.gradle.internal.service.ServiceLookupException                              : loaded 2 times (x 80B)
Class jdk.internal.jimage.ImageStringsReader                                          : loaded 2 times (x 78B)
Class org.gradle.cache.GlobalCache                                                    : loaded 2 times (x 68B)
Class jdk.internal.jimage.decompressor.ResourceDecompressorFactory                    : loaded 2 times (x 72B)
Class org.jetbrains.kotlin.idea.gradleTooling.model.lombok.LombokModel                : loaded 2 times (x 68B)
Class org.gradle.tooling.model.ProjectIdentifier                                      : loaded 2 times (x 68B)
Class [Lorg.gradle.api.internal.ClassPathProvider;                                    : loaded 2 times (x 67B)
Class jdk.internal.jimage.ImageReader$SharedImageReader$LocationVisitor               : loaded 2 times (x 68B)
Class org.gradle.internal.operations.MultipleBuildOperationFailures                   : loaded 2 times (x 89B)
Class org.gradle.util.internal.GUtil                                                  : loaded 2 times (x 69B)
Class jdk.internal.jimage.decompressor.ZipDecompressor                                : loaded 2 times (x 73B)
Class org.jetbrains.plugins.gradle.model.AnnotationProcessingModel                    : loaded 2 times (x 68B)
Class org.gradle.internal.classloader.ClassLoaderSpec                                 : loaded 2 times (x 69B)
Class org.jetbrains.plugins.gradle.model.BuildScriptClasspathModel                    : loaded 2 times (x 68B)
Class org.gradle.internal.classloader.VisitableURLClassLoader                         : loaded 2 times (x 115B)
Class org.gradle.internal.installation.GradleInstallation                             : loaded 2 times (x 73B)
Class org.gradle.api.internal.ClassPathRegistry                                       : loaded 2 times (x 68B)
Class org.gradle.internal.classloader.VisitableURLClassLoader$InstrumentingVisitableURLClassLoader: loaded 2 times (x 121B)
Class org.gradle.internal.classloader.ClassLoaderHierarchy                            : loaded 2 times (x 68B)
Class org.gradle.internal.exceptions.MultiCauseException                              : loaded 2 times (x 68B)
Class jdk.internal.jimage.ImageReader                                                 : loaded 2 times (x 73B)
Class org.jetbrains.kotlin.idea.gradleTooling.model.parcelize.ParcelizeGradleModel    : loaded 2 times (x 68B)
Class org.gradle.internal.InternalTransformer                                         : loaded 2 times (x 68B)
Class org.jetbrains.kotlin.idea.gradleTooling.model.noarg.NoArgModel                  : loaded 2 times (x 68B)
Class org.jetbrains.kotlin.idea.gradleTooling.KotlinGradleModel                       : loaded 2 times (x 68B)
Class org.gradle.tooling.internal.gradle.DefaultBuildIdentifier                       : loaded 2 times (x 77B)
Class org.gradle.internal.service.ServiceLocator                                      : loaded 2 times (x 68B)
Class Settings_gradle$1                                                               : loaded 2 times (x 72B)
Class org.jetbrains.kotlin.idea.gradleTooling.model.allopen.AllOpenModel              : loaded 2 times (x 68B)
Class sync_studio_tooling2_947b37efwtd2n9aasirteynnw$_run_closure1                    : loaded 2 times (x 137B)
Class org.gradle.internal.classpath.DefaultClassPath$ImmutableUniqueList              : loaded 2 times (x 159B)
Class jdk.internal.jimage.ImageBufferCache                                            : loaded 2 times (x 69B)
Class org.gradle.internal.time.DefaultTimer                                           : loaded 2 times (x 78B)
Class org.gradle.internal.classpath.TransformedClassPath                              : loaded 2 times (x 94B)
Class Settings_gradle                                                                 : loaded 2 times (x 126B)
Class jdk.internal.jimage.ImageReader$Directory                                       : loaded 2 times (x 82B)


---------------  S Y S T E M  ---------------

OS:
 Windows 11 , 64 bit Build 22621 (10.0.22621.3235)
OS uptime: 6 days 2:33 hours

CPU: total 8 (initial active 8) (4 cores per cpu, 2 threads per core) family 6 model 140 stepping 1 microcode 0xb4, cx8, cmov, fxsr, ht, mmx, 3dnowpref, sse, sse2, sse3, ssse3, sse4.1, sse4.2, popcnt, lzcnt, tsc, tscinvbit, avx, avx2, aes, erms, clmul, bmi1, bmi2, adx, avx512f, avx512dq, avx512cd, avx512bw, avx512vl, sha, fma, vzeroupper, avx512_vpopcntdq, avx512_vpclmulqdq, avx512_vaes, avx512_vnni, clflush, clflushopt, clwb, avx512_vbmi2, avx512_vbmi
Processor Information for all 8 processors :
  Max Mhz: 1690, Current Mhz: 1690, Mhz Limit: 1690

Memory: 4k page, system-wide physical 12010M (676M free)
TotalPageFile size 21258M (AvailPageFile size 11M)
current process WorkingSet (physical memory assigned to process): 379M, peak: 379M
current process commit charge ("private bytes"): 454M, peak: 616M

vm_info: OpenJDK 64-Bit Server VM (17.0.9+0--11185874) for windows-amd64 JRE (17.0.9+0--11185874), built on Dec  6 2023 18:57:44 by "androidbuild" with MS VC++ 16.10 / 16.11 (VS2019)

END.
