#
# There is insufficient memory for the Java Runtime Environment to continue.
# Native memory allocation (malloc) failed to allocate 1139456 bytes for Chunk::new
# Possible reasons:
#   The system is out of physical RAM or swap space
#   The process is running with CompressedOops enabled, and the Java Heap may be blocking the growth of the native heap
# Possible solutions:
#   Reduce memory load on the system
#   Increase physical memory or swap space
#   Check if swap backing store is full
#   Decrease Java heap size (-Xmx/-Xms)
#   Decrease number of Java threads
#   Decrease Java thread stack sizes (-Xss)
#   Set larger code cache with -XX:ReservedCodeCacheSize=
#   JVM is running with Unscaled Compressed Oops mode in which the Java heap is
#     placed in the first 4GB address space. The Java Heap base address is the
#     maximum limit for the native heap growth. Please use -XX:HeapBaseMinAddress
#     to set the Java Heap base and to place the Java Heap above 4GB virtual address.
# This output file may be truncated or incomplete.
#
#  Out of Memory Error (arena.cpp:191), pid=2912, tid=21416
#
# JRE version: OpenJDK Runtime Environment (17.0.9) (build 17.0.9+0--11185874)
# Java VM: OpenJDK 64-Bit Server VM (17.0.9+0--11185874, mixed mode, tiered, compressed oops, compressed class ptrs, g1 gc, windows-amd64)
# No core dump will be written. Minidumps are not enabled by default on client versions of Windows
#

---------------  S U M M A R Y ------------

Command Line: --add-opens=java.base/java.util=ALL-UNNAMED --add-opens=java.base/java.lang=ALL-UNNAMED --add-opens=java.base/java.lang.invoke=ALL-UNNAMED --add-opens=java.prefs/java.util.prefs=ALL-UNNAMED --add-opens=java.base/java.nio.charset=ALL-UNNAMED --add-opens=java.base/java.net=ALL-UNNAMED --add-opens=java.base/java.util.concurrent.atomic=ALL-UNNAMED -Xmx2048m -Dfile.encoding=UTF-8 -Duser.country=US -Duser.language=en -Duser.variant -javaagent:C:\Users\user\.gradle\wrapper\dists\gradle-8.4-bin\1w5dpkrfk8irigvoxmyhowfim\gradle-8.4\lib\agents\gradle-instrumentation-agent-8.4.jar org.gradle.launcher.daemon.bootstrap.GradleDaemon 8.4

Host: 11th Gen Intel(R) Core(TM) i7-1165G7 @ 2.80GHz, 8 cores, 11G,  Windows 11 , 64 bit Build 22621 (10.0.22621.3235)
Time: Fri Mar 29 03:04:20 2024 Pakistan Standard Time elapsed time: 7.365891 seconds (0d 0h 0m 7s)

---------------  T H R E A D  ---------------

Current thread (0x00000297f806a8b0):  JavaThread "C2 CompilerThread0" daemon [_thread_in_native, id=21416, stack(0x000000ff02600000,0x000000ff02700000)]


Current CompileTask:
C2:   7365 6602   !   4       java.lang.ClassLoader::loadClass (121 bytes)

Stack: [0x000000ff02600000,0x000000ff02700000]
Native frames: (J=compiled Java code, j=interpreted, Vv=VM code, C=native code)
V  [jvm.dll+0x6886e9]
V  [jvm.dll+0x841e4a]
V  [jvm.dll+0x843a8e]
V  [jvm.dll+0x8440f3]
V  [jvm.dll+0x24c14f]
V  [jvm.dll+0xac44c]
V  [jvm.dll+0xaca9c]
V  [jvm.dll+0x2b376f]
V  [jvm.dll+0x590767]
V  [jvm.dll+0x226762]
V  [jvm.dll+0x226b4f]
V  [jvm.dll+0x21fc76]
V  [jvm.dll+0x21d0c1]
V  [jvm.dll+0x1a674d]
V  [jvm.dll+0x22d088]
V  [jvm.dll+0x22b1c0]
V  [jvm.dll+0x7f62f7]
V  [jvm.dll+0x7f06aa]
V  [jvm.dll+0x687565]
C  [ucrtbase.dll+0x29363]
C  [KERNEL32.DLL+0x1257d]
C  [ntdll.dll+0x5aa58]


---------------  P R O C E S S  ---------------

Threads class SMR info:
_java_thread_list=0x00000297faa07540, length=35, elements={
0x00000297d9e6e170, 0x00000297f8020040, 0x00000297f8021820, 0x00000297f8063290,
0x00000297f8063d60, 0x00000297f8066930, 0x00000297f8069b10, 0x00000297f806a8b0,
0x00000297f806b360, 0x00000297f806f260, 0x00000297f8152350, 0x00000297f8315e30,
0x00000297f9e82170, 0x00000297faa39020, 0x00000297f9f26c70, 0x00000297fa39bcc0,
0x00000297fa3a0370, 0x00000297fa736870, 0x00000297fa3a0850, 0x00000297f9cc90d0,
0x00000297f9cc7270, 0x00000297f9cc7780, 0x00000297f9cc86b0, 0x00000297f9cc81a0,
0x00000297f9cca000, 0x00000297f9cc6d60, 0x00000297fafe74d0, 0x00000297fafe9840,
0x00000297fafe6090, 0x00000297fafe6ab0, 0x00000297fafe6fc0, 0x00000297fafe79e0,
0x00000297fafe7ef0, 0x00000297fafe9330, 0x00000297fcad0850
}

Java Threads: ( => current thread )
  0x00000297d9e6e170 JavaThread "main" [_thread_blocked, id=23960, stack(0x000000ff01900000,0x000000ff01a00000)]
  0x00000297f8020040 JavaThread "Reference Handler" daemon [_thread_blocked, id=25608, stack(0x000000ff02000000,0x000000ff02100000)]
  0x00000297f8021820 JavaThread "Finalizer" daemon [_thread_blocked, id=26820, stack(0x000000ff02100000,0x000000ff02200000)]
  0x00000297f8063290 JavaThread "Signal Dispatcher" daemon [_thread_blocked, id=15972, stack(0x000000ff02200000,0x000000ff02300000)]
  0x00000297f8063d60 JavaThread "Attach Listener" daemon [_thread_blocked, id=10952, stack(0x000000ff02300000,0x000000ff02400000)]
  0x00000297f8066930 JavaThread "Service Thread" daemon [_thread_blocked, id=22996, stack(0x000000ff02400000,0x000000ff02500000)]
  0x00000297f8069b10 JavaThread "Monitor Deflation Thread" daemon [_thread_blocked, id=11512, stack(0x000000ff02500000,0x000000ff02600000)]
=>0x00000297f806a8b0 JavaThread "C2 CompilerThread0" daemon [_thread_in_native, id=21416, stack(0x000000ff02600000,0x000000ff02700000)]
  0x00000297f806b360 JavaThread "C1 CompilerThread0" daemon [_thread_in_vm, id=25920, stack(0x000000ff02700000,0x000000ff02800000)]
  0x00000297f806f260 JavaThread "Sweeper thread" daemon [_thread_blocked, id=23136, stack(0x000000ff02800000,0x000000ff02900000)]
  0x00000297f8152350 JavaThread "Common-Cleaner" daemon [_thread_blocked, id=23604, stack(0x000000ff02900000,0x000000ff02a00000)]
  0x00000297f8315e30 JavaThread "Notification Thread" daemon [_thread_blocked, id=1336, stack(0x000000ff02a00000,0x000000ff02b00000)]
  0x00000297f9e82170 JavaThread "Daemon health stats" [_thread_blocked, id=22152, stack(0x000000ff03200000,0x000000ff03300000)]
  0x00000297faa39020 JavaThread "Incoming local TCP Connector on port 65125" [_thread_in_native, id=9692, stack(0x000000ff02d00000,0x000000ff02e00000)]
  0x00000297f9f26c70 JavaThread "Daemon periodic checks" [_thread_blocked, id=23544, stack(0x000000ff03300000,0x000000ff03400000)]
  0x00000297fa39bcc0 JavaThread "Daemon" [_thread_blocked, id=21704, stack(0x000000ff03400000,0x000000ff03500000)]
  0x00000297fa3a0370 JavaThread "Handler for socket connection from /127.0.0.1:65125 to /127.0.0.1:65126" [_thread_in_native, id=22676, stack(0x000000ff03500000,0x000000ff03600000)]
  0x00000297fa736870 JavaThread "Cancel handler" [_thread_blocked, id=21048, stack(0x000000ff03600000,0x000000ff03700000)]
  0x00000297fa3a0850 JavaThread "Daemon worker" [_thread_in_native, id=24380, stack(0x000000ff03700000,0x000000ff03800000)]
  0x00000297f9cc90d0 JavaThread "Asynchronous log dispatcher for DefaultDaemonConnection: socket connection from /127.0.0.1:65125 to /127.0.0.1:65126" [_thread_blocked, id=20448, stack(0x000000ff03800000,0x000000ff03900000)]
  0x00000297f9cc7270 JavaThread "Stdin handler" [_thread_blocked, id=14876, stack(0x000000ff03900000,0x000000ff03a00000)]
  0x00000297f9cc7780 JavaThread "Daemon client event forwarder" [_thread_blocked, id=19732, stack(0x000000ff03a00000,0x000000ff03b00000)]
  0x00000297f9cc86b0 JavaThread "Cache worker for journal cache (C:\Users\user\.gradle\caches\journal-1)" [_thread_blocked, id=6876, stack(0x000000ff03f00000,0x000000ff04000000)]
  0x00000297f9cc81a0 JavaThread "File lock request listener" [_thread_in_native, id=14216, stack(0x000000ff04000000,0x000000ff04100000)]
  0x00000297f9cca000 JavaThread "Cache worker for file hash cache (C:\Users\user\.gradle\caches\8.4\fileHashes)" [_thread_blocked, id=16132, stack(0x000000ff04100000,0x000000ff04200000)]
  0x00000297f9cc6d60 JavaThread "File watcher server" daemon [_thread_in_native, id=27620, stack(0x000000ff04300000,0x000000ff04400000)]
  0x00000297fafe74d0 JavaThread "File watcher consumer" daemon [_thread_blocked, id=13628, stack(0x000000ff04400000,0x000000ff04500000)]
  0x00000297fafe9840 JavaThread "Cache worker for checksums cache (D:\Users\user\AndroidStudioProjects\aasignment2\.gradle\8.4\checksums)" [_thread_blocked, id=27096, stack(0x000000ff04500000,0x000000ff04600000)]
  0x00000297fafe6090 JavaThread "Cache worker for file hash cache (D:\Users\user\AndroidStudioProjects\aasignment2\.gradle\8.4\fileHashes)" [_thread_blocked, id=23948, stack(0x000000ff04600000,0x000000ff04700000)]
  0x00000297fafe6ab0 JavaThread "Cache worker for cache directory md-supplier (C:\Users\user\.gradle\caches\8.4\md-supplier)" [_thread_blocked, id=12420, stack(0x000000ff04700000,0x000000ff04800000)]
  0x00000297fafe6fc0 JavaThread "Cache worker for file content cache (C:\Users\user\.gradle\caches\8.4\fileContent)" [_thread_blocked, id=3532, stack(0x000000ff04800000,0x000000ff04900000)]
  0x00000297fafe79e0 JavaThread "Cache worker for cache directory md-rule (C:\Users\user\.gradle\caches\8.4\md-rule)" [_thread_blocked, id=7136, stack(0x000000ff04900000,0x000000ff04a00000)]
  0x00000297fafe7ef0 JavaThread "Cache worker for execution history cache (C:\Users\user\.gradle\caches\8.4\executionHistory)" [_thread_blocked, id=26716, stack(0x000000ff04a00000,0x000000ff04b00000)]
  0x00000297fafe9330 JavaThread "Cache worker for kotlin-dsl (C:\Users\user\.gradle\caches\8.4\kotlin-dsl)" [_thread_blocked, id=26172, stack(0x000000ff04c00000,0x000000ff04d00000)]
  0x00000297fcad0850 JavaThread "C2 CompilerThread1" daemon [_thread_in_native, id=4232, stack(0x000000ff02c00000,0x000000ff02d00000)]

Other Threads:
  0x00000297f3cb2870 VMThread "VM Thread" [stack: 0x000000ff01f00000,0x000000ff02000000] [id=12976]
  0x00000297f8316310 WatcherThread [stack: 0x000000ff02b00000,0x000000ff02c00000] [id=19308]
  0x00000297d9ec93a0 GCTaskThread "GC Thread#0" [stack: 0x000000ff01a00000,0x000000ff01b00000] [id=11272]
  0x00000297f90230d0 GCTaskThread "GC Thread#1" [stack: 0x000000ff02e00000,0x000000ff02f00000] [id=7328]
  0x00000297f8587b30 GCTaskThread "GC Thread#2" [stack: 0x000000ff02f00000,0x000000ff03000000] [id=27288]
  0x00000297f8587df0 GCTaskThread "GC Thread#3" [stack: 0x000000ff03000000,0x000000ff03100000] [id=24028]
  0x00000297f92d8e90 GCTaskThread "GC Thread#4" [stack: 0x000000ff03100000,0x000000ff03200000] [id=20812]
  0x00000297fa2bbf90 GCTaskThread "GC Thread#5" [stack: 0x000000ff03b00000,0x000000ff03c00000] [id=23992]
  0x00000297fa227750 GCTaskThread "GC Thread#6" [stack: 0x000000ff03c00000,0x000000ff03d00000] [id=9424]
  0x00000297fa255ae0 GCTaskThread "GC Thread#7" [stack: 0x000000ff03d00000,0x000000ff03e00000] [id=21084]
  0x00000297d9eda2f0 ConcurrentGCThread "G1 Main Marker" [stack: 0x000000ff01b00000,0x000000ff01c00000] [id=15008]
  0x00000297d9edb4b0 ConcurrentGCThread "G1 Conc#0" [stack: 0x000000ff01c00000,0x000000ff01d00000] [id=12464]
  0x00000297f9738040 ConcurrentGCThread "G1 Conc#1" [stack: 0x000000ff03e00000,0x000000ff03f00000] [id=27252]
  0x00000297d9f1d910 ConcurrentGCThread "G1 Refine#0" [stack: 0x000000ff01d00000,0x000000ff01e00000] [id=22728]
  0x00000297fb30e340 ConcurrentGCThread "G1 Refine#1" [stack: 0x000000ff04b00000,0x000000ff04c00000] [id=19416]
  0x00000297fd8d7d10 ConcurrentGCThread "G1 Refine#2" [stack: 0x000000ff04d00000,0x000000ff04e00000] [id=2900]
  0x00000297fd8d8000 ConcurrentGCThread "G1 Refine#3" [stack: 0x000000ff04e00000,0x000000ff04f00000] [id=21220]
  0x00000297fd8d6b70 ConcurrentGCThread "G1 Refine#4" [stack: 0x000000ff04f00000,0x000000ff05000000] [id=21372]
  0x00000297d9f1e340 ConcurrentGCThread "G1 Service" [stack: 0x000000ff01e00000,0x000000ff01f00000] [id=27256]

Threads with active compile tasks:
C2 CompilerThread0     7385 6602   !   4       java.lang.ClassLoader::loadClass (121 bytes)
C2 CompilerThread1     7385 6615       4       java.lang.ClassLoader::getNamedPackage (73 bytes)

VM state: not at safepoint (normal execution)

VM Mutex/Monitor currently owned by a thread: None

Heap address: 0x0000000080000000, size: 2048 MB, Compressed Oops mode: 32-bit

CDS archive(s) not mapped
Compressed class space mapped at: 0x0000000100000000-0x0000000140000000, reserved size: 1073741824
Narrow klass base: 0x0000000000000000, Narrow klass shift: 3, Narrow klass range: 0x140000000

GC Precious Log:
 CPUs: 8 total, 8 available
 Memory: 12010M
 Large Page Support: Disabled
 NUMA Support: Disabled
 Compressed Oops: Enabled (32-bit)
 Heap Region Size: 1M
 Heap Min Capacity: 8M
 Heap Initial Capacity: 188M
 Heap Max Capacity: 2G
 Pre-touch: Disabled
 Parallel Workers: 8
 Concurrent Workers: 2
 Concurrent Refinement Workers: 8
 Periodic GC: Disabled

Heap:
 garbage-first heap   total 132096K, used 77350K [0x0000000080000000, 0x0000000100000000)
  region size 1024K, 10 young (10240K), 2 survivors (2048K)
 Metaspace       used 95489K, committed 96000K, reserved 1179648K
  class space    used 12363K, committed 12608K, reserved 1048576K

Heap Regions: E=young(eden), S=young(survivor), O=old, HS=humongous(starts), HC=humongous(continues), CS=collection set, F=free, OA=open archive, CA=closed archive, TAMS=top-at-mark-start (previous, next)
|   0|0x0000000080000000, 0x0000000080100000, 0x0000000080100000|100%|HS|  |TAMS 0x0000000080100000, 0x0000000080000000| Complete 
|   1|0x0000000080100000, 0x0000000080200000, 0x0000000080200000|100%|HC|  |TAMS 0x0000000080200000, 0x0000000080100000| Complete 
|   2|0x0000000080200000, 0x0000000080300000, 0x0000000080300000|100%|HC|  |TAMS 0x0000000080300000, 0x0000000080200000| Complete 
|   3|0x0000000080300000, 0x0000000080400000, 0x0000000080400000|100%|HC|  |TAMS 0x0000000080400000, 0x0000000080300000| Complete 
|   4|0x0000000080400000, 0x0000000080500000, 0x0000000080500000|100%| O|  |TAMS 0x0000000080500000, 0x0000000080400000| Untracked 
|   5|0x0000000080500000, 0x0000000080600000, 0x0000000080600000|100%| O|  |TAMS 0x0000000080600000, 0x0000000080500000| Untracked 
|   6|0x0000000080600000, 0x0000000080700000, 0x0000000080700000|100%| O|  |TAMS 0x0000000080700000, 0x0000000080600000| Untracked 
|   7|0x0000000080700000, 0x0000000080800000, 0x0000000080800000|100%| O|  |TAMS 0x0000000080800000, 0x0000000080700000| Untracked 
|   8|0x0000000080800000, 0x0000000080900000, 0x0000000080900000|100%| O|  |TAMS 0x0000000080900000, 0x0000000080800000| Untracked 
|   9|0x0000000080900000, 0x0000000080a00000, 0x0000000080a00000|100%| O|  |TAMS 0x0000000080a00000, 0x0000000080900000| Untracked 
|  10|0x0000000080a00000, 0x0000000080b00000, 0x0000000080b00000|100%| O|  |TAMS 0x0000000080b00000, 0x0000000080a00000| Untracked 
|  11|0x0000000080b00000, 0x0000000080bb4200, 0x0000000080c00000| 70%| O|  |TAMS 0x0000000080bb4200, 0x0000000080b00000| Untracked 
|  12|0x0000000080c00000, 0x0000000080d00000, 0x0000000080d00000|100%| O|  |TAMS 0x0000000080d00000, 0x0000000080c00000| Untracked 
|  13|0x0000000080d00000, 0x0000000080e00000, 0x0000000080e00000|100%| O|  |TAMS 0x0000000080e00000, 0x0000000080d00000| Untracked 
|  14|0x0000000080e00000, 0x0000000080f00000, 0x0000000080f00000|100%| O|  |TAMS 0x0000000080f00000, 0x0000000080e00000| Untracked 
|  15|0x0000000080f00000, 0x0000000081000000, 0x0000000081000000|100%| O|  |TAMS 0x0000000081000000, 0x0000000080f00000| Untracked 
|  16|0x0000000081000000, 0x0000000081100000, 0x0000000081100000|100%| O|  |TAMS 0x0000000081100000, 0x0000000081000000| Untracked 
|  17|0x0000000081100000, 0x0000000081200000, 0x0000000081200000|100%| O|  |TAMS 0x0000000081200000, 0x0000000081100000| Untracked 
|  18|0x0000000081200000, 0x0000000081300000, 0x0000000081300000|100%| O|  |TAMS 0x0000000081300000, 0x0000000081200000| Untracked 
|  19|0x0000000081300000, 0x0000000081400000, 0x0000000081400000|100%| O|  |TAMS 0x0000000081400000, 0x0000000081300000| Untracked 
|  20|0x0000000081400000, 0x0000000081500000, 0x0000000081500000|100%| O|  |TAMS 0x0000000081500000, 0x0000000081400000| Untracked 
|  21|0x0000000081500000, 0x0000000081600000, 0x0000000081600000|100%| O|  |TAMS 0x0000000081600000, 0x0000000081500000| Untracked 
|  22|0x0000000081600000, 0x0000000081700000, 0x0000000081700000|100%| O|  |TAMS 0x0000000081700000, 0x0000000081600000| Untracked 
|  23|0x0000000081700000, 0x0000000081800000, 0x0000000081800000|100%| O|  |TAMS 0x0000000081800000, 0x0000000081700000| Untracked 
|  24|0x0000000081800000, 0x0000000081900000, 0x0000000081900000|100%| O|  |TAMS 0x0000000081900000, 0x0000000081800000| Untracked 
|  25|0x0000000081900000, 0x0000000081a00000, 0x0000000081a00000|100%| O|  |TAMS 0x0000000081a00000, 0x0000000081900000| Untracked 
|  26|0x0000000081a00000, 0x0000000081b00000, 0x0000000081b00000|100%| O|  |TAMS 0x0000000081b00000, 0x0000000081a00000| Untracked 
|  27|0x0000000081b00000, 0x0000000081c00000, 0x0000000081c00000|100%| O|  |TAMS 0x0000000081c00000, 0x0000000081b00000| Untracked 
|  28|0x0000000081c00000, 0x0000000081d00000, 0x0000000081d00000|100%| O|  |TAMS 0x0000000081d00000, 0x0000000081c00000| Untracked 
|  29|0x0000000081d00000, 0x0000000081e00000, 0x0000000081e00000|100%| O|  |TAMS 0x0000000081e00000, 0x0000000081d00000| Untracked 
|  30|0x0000000081e00000, 0x0000000081f00000, 0x0000000081f00000|100%|HS|  |TAMS 0x0000000081f00000, 0x0000000081e00000| Complete 
|  31|0x0000000081f00000, 0x0000000082000000, 0x0000000082000000|100%|HC|  |TAMS 0x0000000082000000, 0x0000000081f00000| Complete 
|  32|0x0000000082000000, 0x0000000082100000, 0x0000000082100000|100%|HC|  |TAMS 0x0000000082100000, 0x0000000082000000| Complete 
|  33|0x0000000082100000, 0x0000000082200000, 0x0000000082200000|100%|HC|  |TAMS 0x0000000082200000, 0x0000000082100000| Complete 
|  34|0x0000000082200000, 0x0000000082300000, 0x0000000082300000|100%|HC|  |TAMS 0x0000000082300000, 0x0000000082200000| Complete 
|  35|0x0000000082300000, 0x0000000082400000, 0x0000000082400000|100%|HC|  |TAMS 0x0000000082400000, 0x0000000082300000| Complete 
|  36|0x0000000082400000, 0x0000000082500000, 0x0000000082500000|100%| O|  |TAMS 0x0000000082500000, 0x0000000082400000| Untracked 
|  37|0x0000000082500000, 0x0000000082600000, 0x0000000082600000|100%| O|  |TAMS 0x0000000082600000, 0x0000000082500000| Untracked 
|  38|0x0000000082600000, 0x0000000082700000, 0x0000000082700000|100%| O|  |TAMS 0x0000000082700000, 0x0000000082600000| Untracked 
|  39|0x0000000082700000, 0x0000000082800000, 0x0000000082800000|100%| O|  |TAMS 0x0000000082800000, 0x0000000082700000| Untracked 
|  40|0x0000000082800000, 0x0000000082900000, 0x0000000082900000|100%| O|  |TAMS 0x0000000082900000, 0x0000000082800000| Untracked 
|  41|0x0000000082900000, 0x0000000082a00000, 0x0000000082a00000|100%| O|  |TAMS 0x0000000082a00000, 0x0000000082900000| Untracked 
|  42|0x0000000082a00000, 0x0000000082b00000, 0x0000000082b00000|100%|HS|  |TAMS 0x0000000082b00000, 0x0000000082a00000| Complete 
|  43|0x0000000082b00000, 0x0000000082c00000, 0x0000000082c00000|100%| O|  |TAMS 0x0000000082c00000, 0x0000000082b00000| Untracked 
|  44|0x0000000082c00000, 0x0000000082d00000, 0x0000000082d00000|100%| O|  |TAMS 0x0000000082d00000, 0x0000000082c00000| Untracked 
|  45|0x0000000082d00000, 0x0000000082e00000, 0x0000000082e00000|100%| O|  |TAMS 0x0000000082e00000, 0x0000000082d00000| Untracked 
|  46|0x0000000082e00000, 0x0000000082f00000, 0x0000000082f00000|100%| O|  |TAMS 0x0000000082f00000, 0x0000000082e00000| Untracked 
|  47|0x0000000082f00000, 0x0000000083000000, 0x0000000083000000|100%| O|  |TAMS 0x0000000083000000, 0x0000000082f00000| Untracked 
|  48|0x0000000083000000, 0x0000000083100000, 0x0000000083100000|100%| O|  |TAMS 0x0000000083100000, 0x0000000083000000| Untracked 
|  49|0x0000000083100000, 0x0000000083200000, 0x0000000083200000|100%| O|  |TAMS 0x0000000083200000, 0x0000000083100000| Untracked 
|  50|0x0000000083200000, 0x0000000083300000, 0x0000000083300000|100%| O|  |TAMS 0x0000000083300000, 0x0000000083200000| Untracked 
|  51|0x0000000083300000, 0x0000000083400000, 0x0000000083400000|100%| O|  |TAMS 0x0000000083400000, 0x0000000083300000| Untracked 
|  52|0x0000000083400000, 0x0000000083500000, 0x0000000083500000|100%| O|  |TAMS 0x0000000083500000, 0x0000000083400000| Untracked 
|  53|0x0000000083500000, 0x0000000083600000, 0x0000000083600000|100%| O|  |TAMS 0x0000000083600000, 0x0000000083500000| Untracked 
|  54|0x0000000083600000, 0x0000000083700000, 0x0000000083700000|100%| O|  |TAMS 0x0000000083700000, 0x0000000083600000| Untracked 
|  55|0x0000000083700000, 0x0000000083800000, 0x0000000083800000|100%| O|  |TAMS 0x0000000083800000, 0x0000000083700000| Untracked 
|  56|0x0000000083800000, 0x0000000083900000, 0x0000000083900000|100%| O|  |TAMS 0x0000000083900000, 0x0000000083800000| Untracked 
|  57|0x0000000083900000, 0x0000000083a00000, 0x0000000083a00000|100%| O|  |TAMS 0x0000000083a00000, 0x0000000083900000| Untracked 
|  58|0x0000000083a00000, 0x0000000083b00000, 0x0000000083b00000|100%| O|  |TAMS 0x0000000083b00000, 0x0000000083a00000| Untracked 
|  59|0x0000000083b00000, 0x0000000083c00000, 0x0000000083c00000|100%| O|  |TAMS 0x0000000083c00000, 0x0000000083b00000| Untracked 
|  60|0x0000000083c00000, 0x0000000083d00000, 0x0000000083d00000|100%| O|  |TAMS 0x0000000083cf4e00, 0x0000000083c00000| Untracked 
|  61|0x0000000083d00000, 0x0000000083e00000, 0x0000000083e00000|100%| O|  |TAMS 0x0000000083d00000, 0x0000000083d00000| Untracked 
|  62|0x0000000083e00000, 0x0000000083f00000, 0x0000000083f00000|100%| O|  |TAMS 0x0000000083e00000, 0x0000000083e00000| Untracked 
|  63|0x0000000083f00000, 0x0000000084000000, 0x0000000084000000|100%| O|  |TAMS 0x0000000083f00000, 0x0000000083f00000| Untracked 
|  64|0x0000000084000000, 0x0000000084067000, 0x0000000084100000| 40%| O|  |TAMS 0x0000000084000000, 0x0000000084000000| Untracked 
|  65|0x0000000084100000, 0x0000000084100000, 0x0000000084200000|  0%| F|  |TAMS 0x0000000084100000, 0x0000000084100000| Untracked 
|  66|0x0000000084200000, 0x0000000084200000, 0x0000000084300000|  0%| F|  |TAMS 0x0000000084200000, 0x0000000084200000| Untracked 
|  67|0x0000000084300000, 0x0000000084300000, 0x0000000084400000|  0%| F|  |TAMS 0x0000000084300000, 0x0000000084300000| Untracked 
|  68|0x0000000084400000, 0x0000000084400000, 0x0000000084500000|  0%| F|  |TAMS 0x0000000084400000, 0x0000000084400000| Untracked 
|  69|0x0000000084500000, 0x0000000084500000, 0x0000000084600000|  0%| F|  |TAMS 0x0000000084500000, 0x0000000084500000| Untracked 
|  70|0x0000000084600000, 0x0000000084600000, 0x0000000084700000|  0%| F|  |TAMS 0x0000000084600000, 0x0000000084600000| Untracked 
|  71|0x0000000084700000, 0x0000000084700000, 0x0000000084800000|  0%| F|  |TAMS 0x0000000084700000, 0x0000000084700000| Untracked 
|  72|0x0000000084800000, 0x0000000084800000, 0x0000000084900000|  0%| F|  |TAMS 0x0000000084800000, 0x0000000084800000| Untracked 
|  73|0x0000000084900000, 0x0000000084900000, 0x0000000084a00000|  0%| F|  |TAMS 0x0000000084900000, 0x0000000084900000| Untracked 
|  74|0x0000000084a00000, 0x0000000084a00000, 0x0000000084b00000|  0%| F|  |TAMS 0x0000000084a00000, 0x0000000084a00000| Untracked 
|  75|0x0000000084b00000, 0x0000000084b00000, 0x0000000084c00000|  0%| F|  |TAMS 0x0000000084b00000, 0x0000000084b00000| Untracked 
|  76|0x0000000084c00000, 0x0000000084c00000, 0x0000000084d00000|  0%| F|  |TAMS 0x0000000084c00000, 0x0000000084c00000| Untracked 
|  77|0x0000000084d00000, 0x0000000084d00000, 0x0000000084e00000|  0%| F|  |TAMS 0x0000000084d00000, 0x0000000084d00000| Untracked 
|  78|0x0000000084e00000, 0x0000000084e00000, 0x0000000084f00000|  0%| F|  |TAMS 0x0000000084e00000, 0x0000000084e00000| Untracked 
|  79|0x0000000084f00000, 0x0000000084f00000, 0x0000000085000000|  0%| F|  |TAMS 0x0000000084f00000, 0x0000000084f00000| Untracked 
|  80|0x0000000085000000, 0x0000000085000000, 0x0000000085100000|  0%| F|  |TAMS 0x0000000085000000, 0x0000000085000000| Untracked 
|  81|0x0000000085100000, 0x0000000085100000, 0x0000000085200000|  0%| F|  |TAMS 0x0000000085100000, 0x0000000085100000| Untracked 
|  82|0x0000000085200000, 0x0000000085200000, 0x0000000085300000|  0%| F|  |TAMS 0x0000000085200000, 0x0000000085200000| Untracked 
|  83|0x0000000085300000, 0x0000000085300000, 0x0000000085400000|  0%| F|  |TAMS 0x0000000085300000, 0x0000000085300000| Untracked 
|  84|0x0000000085400000, 0x0000000085400000, 0x0000000085500000|  0%| F|  |TAMS 0x0000000085400000, 0x0000000085400000| Untracked 
|  85|0x0000000085500000, 0x0000000085500000, 0x0000000085600000|  0%| F|  |TAMS 0x0000000085500000, 0x0000000085500000| Untracked 
|  86|0x0000000085600000, 0x0000000085600000, 0x0000000085700000|  0%| F|  |TAMS 0x0000000085600000, 0x0000000085600000| Untracked 
|  87|0x0000000085700000, 0x000000008576e940, 0x0000000085800000| 43%| S|CS|TAMS 0x0000000085700000, 0x0000000085700000| Complete 
|  88|0x0000000085800000, 0x0000000085900000, 0x0000000085900000|100%| S|CS|TAMS 0x0000000085800000, 0x0000000085800000| Complete 
|  89|0x0000000085900000, 0x0000000085900000, 0x0000000085a00000|  0%| F|  |TAMS 0x0000000085900000, 0x0000000085900000| Untracked 
|  90|0x0000000085a00000, 0x0000000085a00000, 0x0000000085b00000|  0%| F|  |TAMS 0x0000000085a00000, 0x0000000085a00000| Untracked 
|  91|0x0000000085b00000, 0x0000000085b00000, 0x0000000085c00000|  0%| F|  |TAMS 0x0000000085b00000, 0x0000000085b00000| Untracked 
|  92|0x0000000085c00000, 0x0000000085c00000, 0x0000000085d00000|  0%| F|  |TAMS 0x0000000085c00000, 0x0000000085c00000| Untracked 
|  93|0x0000000085d00000, 0x0000000085d00000, 0x0000000085e00000|  0%| F|  |TAMS 0x0000000085d00000, 0x0000000085d00000| Untracked 
|  94|0x0000000085e00000, 0x0000000085e00000, 0x0000000085f00000|  0%| F|  |TAMS 0x0000000085e00000, 0x0000000085e00000| Untracked 
|  95|0x0000000085f00000, 0x0000000085f00000, 0x0000000086000000|  0%| F|  |TAMS 0x0000000085f00000, 0x0000000085f00000| Untracked 
|  96|0x0000000086000000, 0x0000000086000000, 0x0000000086100000|  0%| F|  |TAMS 0x0000000086000000, 0x0000000086000000| Untracked 
|  97|0x0000000086100000, 0x0000000086100000, 0x0000000086200000|  0%| F|  |TAMS 0x0000000086100000, 0x0000000086100000| Untracked 
|  98|0x0000000086200000, 0x0000000086200000, 0x0000000086300000|  0%| F|  |TAMS 0x0000000086200000, 0x0000000086200000| Untracked 
|  99|0x0000000086300000, 0x0000000086300000, 0x0000000086400000|  0%| F|  |TAMS 0x0000000086300000, 0x0000000086300000| Untracked 
| 100|0x0000000086400000, 0x0000000086400000, 0x0000000086500000|  0%| F|  |TAMS 0x0000000086400000, 0x0000000086400000| Untracked 
| 101|0x0000000086500000, 0x0000000086500000, 0x0000000086600000|  0%| F|  |TAMS 0x0000000086500000, 0x0000000086500000| Untracked 
| 102|0x0000000086600000, 0x0000000086600000, 0x0000000086700000|  0%| F|  |TAMS 0x0000000086600000, 0x0000000086600000| Untracked 
| 103|0x0000000086700000, 0x0000000086700000, 0x0000000086800000|  0%| F|  |TAMS 0x0000000086700000, 0x0000000086700000| Untracked 
| 104|0x0000000086800000, 0x0000000086800000, 0x0000000086900000|  0%| F|  |TAMS 0x0000000086800000, 0x0000000086800000| Untracked 
| 105|0x0000000086900000, 0x0000000086900000, 0x0000000086a00000|  0%| F|  |TAMS 0x0000000086900000, 0x0000000086900000| Untracked 
| 106|0x0000000086a00000, 0x0000000086a00000, 0x0000000086b00000|  0%| F|  |TAMS 0x0000000086a00000, 0x0000000086a00000| Untracked 
| 107|0x0000000086b00000, 0x0000000086b00000, 0x0000000086c00000|  0%| F|  |TAMS 0x0000000086b00000, 0x0000000086b00000| Untracked 
| 108|0x0000000086c00000, 0x0000000086c00000, 0x0000000086d00000|  0%| F|  |TAMS 0x0000000086c00000, 0x0000000086c00000| Untracked 
| 109|0x0000000086d00000, 0x0000000086d00000, 0x0000000086e00000|  0%| F|  |TAMS 0x0000000086d00000, 0x0000000086d00000| Untracked 
| 110|0x0000000086e00000, 0x0000000086e00000, 0x0000000086f00000|  0%| F|  |TAMS 0x0000000086e00000, 0x0000000086e00000| Untracked 
| 111|0x0000000086f00000, 0x0000000086f00000, 0x0000000087000000|  0%| F|  |TAMS 0x0000000086f00000, 0x0000000086f00000| Untracked 
| 112|0x0000000087000000, 0x0000000087000000, 0x0000000087100000|  0%| F|  |TAMS 0x0000000087000000, 0x0000000087000000| Untracked 
| 113|0x0000000087100000, 0x0000000087100000, 0x0000000087200000|  0%| F|  |TAMS 0x0000000087100000, 0x0000000087100000| Untracked 
| 114|0x0000000087200000, 0x0000000087200000, 0x0000000087300000|  0%| F|  |TAMS 0x0000000087200000, 0x0000000087200000| Untracked 
| 133|0x0000000088500000, 0x0000000088500000, 0x0000000088600000|  0%| F|  |TAMS 0x0000000088500000, 0x0000000088500000| Untracked 
| 134|0x0000000088600000, 0x0000000088600000, 0x0000000088700000|  0%| F|  |TAMS 0x0000000088600000, 0x0000000088600000| Untracked 
| 135|0x0000000088700000, 0x0000000088700000, 0x0000000088800000|  0%| F|  |TAMS 0x0000000088700000, 0x0000000088700000| Untracked 
| 136|0x0000000088800000, 0x0000000088900000, 0x0000000088900000|100%| E|  |TAMS 0x0000000088800000, 0x0000000088800000| Complete 
| 137|0x0000000088900000, 0x0000000088a00000, 0x0000000088a00000|100%| E|CS|TAMS 0x0000000088900000, 0x0000000088900000| Complete 
| 138|0x0000000088a00000, 0x0000000088b00000, 0x0000000088b00000|100%| E|CS|TAMS 0x0000000088a00000, 0x0000000088a00000| Complete 
| 139|0x0000000088b00000, 0x0000000088c00000, 0x0000000088c00000|100%| E|CS|TAMS 0x0000000088b00000, 0x0000000088b00000| Complete 
| 140|0x0000000088c00000, 0x0000000088d00000, 0x0000000088d00000|100%| E|CS|TAMS 0x0000000088c00000, 0x0000000088c00000| Complete 
| 141|0x0000000088d00000, 0x0000000088e00000, 0x0000000088e00000|100%| E|CS|TAMS 0x0000000088d00000, 0x0000000088d00000| Complete 
| 187|0x000000008bb00000, 0x000000008bc00000, 0x000000008bc00000|100%| E|CS|TAMS 0x000000008bb00000, 0x000000008bb00000| Complete 
|2044|0x00000000ffc00000, 0x00000000ffd00000, 0x00000000ffd00000|100%| O|  |TAMS 0x00000000ffd00000, 0x00000000ffc00000| Untracked 
|2045|0x00000000ffd00000, 0x00000000ffe00000, 0x00000000ffe00000|100%| E|CS|TAMS 0x00000000ffd00000, 0x00000000ffd00000| Complete 
|2046|0x00000000ffe00000, 0x00000000fff00000, 0x00000000fff00000|100%| O|  |TAMS 0x00000000fff00000, 0x00000000ffe00000| Complete 
|2047|0x00000000fff00000, 0x0000000100000000, 0x0000000100000000|100%| O|  |TAMS 0x0000000100000000, 0x00000000fff00000| Untracked 

Card table byte_map: [0x00000297eca70000,0x00000297ece70000] _byte_map_base: 0x00000297ec670000

Marking Bits (Prev, Next): (CMBitMap*) 0x00000297d9ec9a00, (CMBitMap*) 0x00000297d9ec99c0
 Prev Bits: [0x00000297ef270000, 0x00000297f1270000)
 Next Bits: [0x00000297ed270000, 0x00000297ef270000)

Polling page: 0x00000297d9620000

Metaspace:

Usage:
  Non-class:     81.20 MB used.
      Class:     12.07 MB used.
       Both:     93.27 MB used.

Virtual space:
  Non-class space:      128.00 MB reserved,      81.44 MB ( 64%) committed,  2 nodes.
      Class space:        1.00 GB reserved,      12.31 MB (  1%) committed,  1 nodes.
             Both:        1.12 GB reserved,      93.75 MB (  8%) committed. 

Chunk freelists:
   Non-Class:  14.31 MB
       Class:  3.67 MB
        Both:  17.98 MB

MaxMetaspaceSize: unlimited
CompressedClassSpaceSize: 1.00 GB
Initial GC threshold: 21.00 MB
Current GC threshold: 155.44 MB
CDS: off
MetaspaceReclaimPolicy: balanced
 - commit_granule_bytes: 65536.
 - commit_granule_words: 8192.
 - virtual_space_node_default_size: 8388608.
 - enlarge_chunks_in_place: 1.
 - new_chunks_are_fully_committed: 0.
 - uncommit_free_chunks: 1.
 - use_allocation_guard: 0.
 - handle_deallocations: 1.


Internal statistics:

num_allocs_failed_limit: 9.
num_arena_births: 532.
num_arena_deaths: 0.
num_vsnodes_births: 3.
num_vsnodes_deaths: 0.
num_space_committed: 1498.
num_space_uncommitted: 0.
num_chunks_returned_to_freelist: 9.
num_chunks_taken_from_freelist: 3437.
num_chunk_merges: 6.
num_chunk_splits: 2795.
num_chunks_enlarged: 2417.
num_inconsistent_stats: 0.

CodeHeap 'non-profiled nmethods': size=120000Kb used=3481Kb max_used=3481Kb free=116518Kb
 bounds [0x00000297e4e10000, 0x00000297e5180000, 0x00000297ec340000]
CodeHeap 'profiled nmethods': size=120000Kb used=11794Kb max_used=11794Kb free=108206Kb
 bounds [0x00000297dd340000, 0x00000297dded0000, 0x00000297e4870000]
CodeHeap 'non-nmethods': size=5760Kb used=1779Kb max_used=1810Kb free=3980Kb
 bounds [0x00000297e4870000, 0x00000297e4ae0000, 0x00000297e4e10000]
 total_blobs=6734 nmethods=5857 adapters=789
 compilation: enabled
              stopped_count=0, restarted_count=0
 full_count=0

Compilation events (20 events):
Event: 7.335 Thread 0x00000297f806b360 6637       3       org.jetbrains.kotlin.ir.visitors.IrElementTransformerVoid::visitDeclarationReference (16 bytes)
Event: 7.335 Thread 0x00000297f806b360 nmethod 6637 0x00000297ddead110 code [0x00000297ddead3c0, 0x00000297ddeadf88]
Event: 7.335 Thread 0x00000297f806b360 6636       1       org.jetbrains.kotlin.ir.declarations.impl.IrFunctionCommonImpl::getExtensionReceiverParameter (5 bytes)
Event: 7.335 Thread 0x00000297f806b360 nmethod 6636 0x00000297e5172290 code [0x00000297e5172420, 0x00000297e51724f8]
Event: 7.336 Thread 0x00000297f806b360 6638       1       org.jetbrains.kotlin.backend.common.IrElementTransformerVoidWithContext::getScopeStack (5 bytes)
Event: 7.336 Thread 0x00000297f806b360 nmethod 6638 0x00000297e5172590 code [0x00000297e5172720, 0x00000297e51727f8]
Event: 7.336 Thread 0x00000297f806b360 6639       1       org.jetbrains.kotlin.ir.declarations.impl.IrFunctionCommonImpl::getBody (5 bytes)
Event: 7.336 Thread 0x00000297f806b360 nmethod 6639 0x00000297e5172890 code [0x00000297e5172a20, 0x00000297e5172af8]
Event: 7.344 Thread 0x00000297f806b360 6640       3       org.jetbrains.kotlin.ir.declarations.IrValueParameter::accept (15 bytes)
Event: 7.345 Thread 0x00000297f806b360 nmethod 6640 0x00000297ddeae390 code [0x00000297ddeae5a0, 0x00000297ddeaec28]
Event: 7.345 Thread 0x00000297f806b360 6641       3       org.jetbrains.kotlin.resolve.calls.components.ClassicTypeSystemContextForCS::argumentsCount (6 bytes)
Event: 7.346 Thread 0x00000297f806b360 nmethod 6641 0x00000297ddeaee90 code [0x00000297ddeaf020, 0x00000297ddeaf148]
Event: 7.352 Thread 0x00000297f806b360 6642       1       org.jetbrains.kotlin.ir.declarations.lazy.IrLazyClass::getSymbol (5 bytes)
Event: 7.352 Thread 0x00000297f806b360 nmethod 6642 0x00000297e5172b90 code [0x00000297e5172d20, 0x00000297e5172df8]
Event: 7.361 Thread 0x00000297f806b360 6643       3       org.jetbrains.kotlin.ir.IrElementBase::transformChildren (7 bytes)
Event: 7.361 Thread 0x00000297f806b360 nmethod 6643 0x00000297ddeaf210 code [0x00000297ddeaf420, 0x00000297ddeaf998]
Event: 7.362 Thread 0x00000297f806b360 6644       3       kotlin.ranges.RangesKt___RangesKt::coerceAtLeast (11 bytes)
Event: 7.362 Thread 0x00000297f806b360 nmethod 6644 0x00000297ddeafc10 code [0x00000297ddeafda0, 0x00000297ddeafed8]
Event: 7.362 Thread 0x00000297f806b360 6645       3       org.jetbrains.kotlin.ir.expressions.impl.IrTypeOperatorCallImpl::setArgument (12 bytes)
Event: 7.362 Thread 0x00000297f806b360 nmethod 6645 0x00000297ddeaff90 code [0x00000297ddeb01a0, 0x00000297ddeb0798]

GC Heap History (20 events):
Event: 5.172 GC heap before
{Heap before GC invocations=20 (full 0):
 garbage-first heap   total 108544K, used 81181K [0x0000000080000000, 0x0000000100000000)
  region size 1024K, 29 young (29696K), 2 survivors (2048K)
 Metaspace       used 68914K, committed 69376K, reserved 1114112K
  class space    used 9389K, committed 9600K, reserved 1048576K
}
Event: 5.175 GC heap after
{Heap after GC invocations=21 (full 0):
 garbage-first heap   total 108544K, used 55404K [0x0000000080000000, 0x0000000100000000)
  region size 1024K, 4 young (4096K), 4 survivors (4096K)
 Metaspace       used 68914K, committed 69376K, reserved 1114112K
  class space    used 9389K, committed 9600K, reserved 1048576K
}
Event: 5.355 GC heap before
{Heap before GC invocations=21 (full 0):
 garbage-first heap   total 108544K, used 83052K [0x0000000080000000, 0x0000000100000000)
  region size 1024K, 31 young (31744K), 4 survivors (4096K)
 Metaspace       used 72279K, committed 72832K, reserved 1114112K
  class space    used 9676K, committed 9920K, reserved 1048576K
}
Event: 5.359 GC heap after
{Heap after GC invocations=22 (full 0):
 garbage-first heap   total 108544K, used 57881K [0x0000000080000000, 0x0000000100000000)
  region size 1024K, 3 young (3072K), 3 survivors (3072K)
 Metaspace       used 72279K, committed 72832K, reserved 1114112K
  class space    used 9676K, committed 9920K, reserved 1048576K
}
Event: 5.587 GC heap before
{Heap before GC invocations=23 (full 0):
 garbage-first heap   total 108544K, used 84505K [0x0000000080000000, 0x0000000100000000)
  region size 1024K, 29 young (29696K), 3 survivors (3072K)
 Metaspace       used 75735K, committed 76224K, reserved 1179648K
  class space    used 10093K, committed 10304K, reserved 1048576K
}
Event: 5.589 GC heap after
{Heap after GC invocations=24 (full 0):
 garbage-first heap   total 108544K, used 58183K [0x0000000080000000, 0x0000000100000000)
  region size 1024K, 2 young (2048K), 2 survivors (2048K)
 Metaspace       used 75735K, committed 76224K, reserved 1179648K
  class space    used 10093K, committed 10304K, reserved 1048576K
}
Event: 5.618 GC heap before
{Heap before GC invocations=24 (full 0):
 garbage-first heap   total 108544K, used 61255K [0x0000000080000000, 0x0000000100000000)
  region size 1024K, 5 young (5120K), 2 survivors (2048K)
 Metaspace       used 76107K, committed 76608K, reserved 1179648K
  class space    used 10142K, committed 10368K, reserved 1048576K
}
Event: 5.620 GC heap after
{Heap after GC invocations=25 (full 0):
 garbage-first heap   total 108544K, used 57653K [0x0000000080000000, 0x0000000100000000)
  region size 1024K, 1 young (1024K), 1 survivors (1024K)
 Metaspace       used 76107K, committed 76608K, reserved 1179648K
  class space    used 10142K, committed 10368K, reserved 1048576K
}
Event: 5.857 GC heap before
{Heap before GC invocations=25 (full 0):
 garbage-first heap   total 108544K, used 85301K [0x0000000080000000, 0x0000000100000000)
  region size 1024K, 28 young (28672K), 1 survivors (1024K)
 Metaspace       used 79784K, committed 80256K, reserved 1179648K
  class space    used 10625K, committed 10880K, reserved 1048576K
}
Event: 5.860 GC heap after
{Heap after GC invocations=26 (full 0):
 garbage-first heap   total 132096K, used 59251K [0x0000000080000000, 0x0000000100000000)
  region size 1024K, 2 young (2048K), 2 survivors (2048K)
 Metaspace       used 79784K, committed 80256K, reserved 1179648K
  class space    used 10625K, committed 10880K, reserved 1048576K
}
Event: 6.136 GC heap before
{Heap before GC invocations=27 (full 0):
 garbage-first heap   total 132096K, used 105331K [0x0000000080000000, 0x0000000100000000)
  region size 1024K, 46 young (47104K), 2 survivors (2048K)
 Metaspace       used 81871K, committed 82368K, reserved 1179648K
  class space    used 10863K, committed 11072K, reserved 1048576K
}
Event: 6.141 GC heap after
{Heap after GC invocations=28 (full 0):
 garbage-first heap   total 132096K, used 62119K [0x0000000080000000, 0x0000000100000000)
  region size 1024K, 5 young (5120K), 5 survivors (5120K)
 Metaspace       used 81871K, committed 82368K, reserved 1179648K
  class space    used 10863K, committed 11072K, reserved 1048576K
}
Event: 6.150 GC heap before
{Heap before GC invocations=28 (full 0):
 garbage-first heap   total 132096K, used 63143K [0x0000000080000000, 0x0000000100000000)
  region size 1024K, 6 young (6144K), 5 survivors (5120K)
 Metaspace       used 81986K, committed 82496K, reserved 1179648K
  class space    used 10875K, committed 11072K, reserved 1048576K
}
Event: 6.153 GC heap after
{Heap after GC invocations=29 (full 0):
 garbage-first heap   total 132096K, used 62304K [0x0000000080000000, 0x0000000100000000)
  region size 1024K, 1 young (1024K), 1 survivors (1024K)
 Metaspace       used 81986K, committed 82496K, reserved 1179648K
  class space    used 10875K, committed 11072K, reserved 1048576K
}
Event: 6.525 GC heap before
{Heap before GC invocations=29 (full 0):
 garbage-first heap   total 132096K, used 105312K [0x0000000080000000, 0x0000000100000000)
  region size 1024K, 43 young (44032K), 1 survivors (1024K)
 Metaspace       used 84683K, committed 85184K, reserved 1179648K
  class space    used 11165K, committed 11392K, reserved 1048576K
}
Event: 6.531 GC heap after
{Heap after GC invocations=30 (full 0):
 garbage-first heap   total 132096K, used 65229K [0x0000000080000000, 0x0000000100000000)
  region size 1024K, 4 young (4096K), 4 survivors (4096K)
 Metaspace       used 84683K, committed 85184K, reserved 1179648K
  class space    used 11165K, committed 11392K, reserved 1048576K
}
Event: 6.948 GC heap before
{Heap before GC invocations=31 (full 0):
 garbage-first heap   total 132096K, used 106189K [0x0000000080000000, 0x0000000100000000)
  region size 1024K, 44 young (45056K), 4 survivors (4096K)
 Metaspace       used 89149K, committed 89664K, reserved 1179648K
  class space    used 11626K, committed 11840K, reserved 1048576K
}
Event: 6.953 GC heap after
{Heap after GC invocations=32 (full 0):
 garbage-first heap   total 132096K, used 68745K [0x0000000080000000, 0x0000000100000000)
  region size 1024K, 4 young (4096K), 4 survivors (4096K)
 Metaspace       used 89149K, committed 89664K, reserved 1179648K
  class space    used 11626K, committed 11840K, reserved 1048576K
}
Event: 7.286 GC heap before
{Heap before GC invocations=32 (full 0):
 garbage-first heap   total 132096K, used 106633K [0x0000000080000000, 0x0000000100000000)
  region size 1024K, 41 young (41984K), 4 survivors (4096K)
 Metaspace       used 94214K, committed 94720K, reserved 1179648K
  class space    used 12227K, committed 12480K, reserved 1048576K
}
Event: 7.289 GC heap after
{Heap after GC invocations=33 (full 0):
 garbage-first heap   total 132096K, used 70182K [0x0000000080000000, 0x0000000100000000)
  region size 1024K, 2 young (2048K), 2 survivors (2048K)
 Metaspace       used 94214K, committed 94720K, reserved 1179648K
  class space    used 12227K, committed 12480K, reserved 1048576K
}

Dll operation events (3 events):
Event: 0.006 Loaded shared library D:\Program Files\AndroidStudio\jbr\bin\java.dll
Event: 0.151 Loaded shared library D:\Program Files\AndroidStudio\jbr\bin\zip.dll
Event: 0.424 Loaded shared library D:\Program Files\AndroidStudio\jbr\bin\verify.dll

Deoptimization events (20 events):
Event: 6.809 Thread 0x00000297fa3a0850 Uncommon trap: trap_request=0xffffffde fr.pc=0x00000297e4f66d78 relative=0x0000000000000578
Event: 6.809 Thread 0x00000297fa3a0850 Uncommon trap: reason=class_check action=maybe_recompile pc=0x00000297e4f66d78 method=org.jetbrains.kotlin.storage.LockBasedStorageManager$LockBasedLazyValue.invoke()Ljava/lang/Object; @ 24 c2
Event: 6.809 Thread 0x00000297fa3a0850 DEOPT PACKING pc=0x00000297e4f66d78 sp=0x000000ff037f57f0
Event: 6.809 Thread 0x00000297fa3a0850 DEOPT UNPACKING pc=0x00000297e48ca1a3 sp=0x000000ff037f5740 mode 2
Event: 6.809 Thread 0x00000297fa3a0850 Uncommon trap: trap_request=0xffffffde fr.pc=0x00000297e4f7e284 relative=0x0000000000000584
Event: 6.809 Thread 0x00000297fa3a0850 Uncommon trap: reason=class_check action=maybe_recompile pc=0x00000297e4f7e284 method=org.jetbrains.kotlin.storage.LockBasedStorageManager$LockBasedLazyValue.invoke()Ljava/lang/Object; @ 24 c2
Event: 6.809 Thread 0x00000297fa3a0850 DEOPT PACKING pc=0x00000297e4f7e284 sp=0x000000ff037f5360
Event: 6.809 Thread 0x00000297fa3a0850 DEOPT UNPACKING pc=0x00000297e48ca1a3 sp=0x000000ff037f5320 mode 2
Event: 6.898 Thread 0x00000297fa3a0850 DEOPT PACKING pc=0x00000297dd459d21 sp=0x000000ff037f6000
Event: 6.898 Thread 0x00000297fa3a0850 DEOPT UNPACKING pc=0x00000297e48cace3 sp=0x000000ff037f5508 mode 0
Event: 6.905 Thread 0x00000297fa3a0850 DEOPT PACKING pc=0x00000297dd459d21 sp=0x000000ff037f6230
Event: 6.905 Thread 0x00000297fa3a0850 DEOPT UNPACKING pc=0x00000297e48cace3 sp=0x000000ff037f5738 mode 0
Event: 7.015 Thread 0x00000297fa3a0850 Uncommon trap: trap_request=0xffffff45 fr.pc=0x00000297e4e60f4c relative=0x0000000000000f4c
Event: 7.015 Thread 0x00000297fa3a0850 Uncommon trap: reason=unstable_if action=reinterpret pc=0x00000297e4e60f4c method=org.jetbrains.kotlin.metadata.ProtoBuf$Type.getSerializedSize()I @ 176 c2
Event: 7.015 Thread 0x00000297fa3a0850 DEOPT PACKING pc=0x00000297e4e60f4c sp=0x000000ff037f46d0
Event: 7.015 Thread 0x00000297fa3a0850 DEOPT UNPACKING pc=0x00000297e48ca1a3 sp=0x000000ff037f4690 mode 2
Event: 7.015 Thread 0x00000297fa3a0850 Uncommon trap: trap_request=0xffffff45 fr.pc=0x00000297e4e724d0 relative=0x0000000000001950
Event: 7.015 Thread 0x00000297fa3a0850 Uncommon trap: reason=unstable_if action=reinterpret pc=0x00000297e4e724d0 method=org.jetbrains.kotlin.metadata.ProtoBuf$Type.writeTo(Lorg/jetbrains/kotlin/protobuf/CodedOutputStream;)V @ 160 c2
Event: 7.015 Thread 0x00000297fa3a0850 DEOPT PACKING pc=0x00000297e4e724d0 sp=0x000000ff037f4660
Event: 7.015 Thread 0x00000297fa3a0850 DEOPT UNPACKING pc=0x00000297e48ca1a3 sp=0x000000ff037f4648 mode 2

Classes unloaded (0 events):
No events

Classes redefined (0 events):
No events

Internal exceptions (20 events):
Event: 4.094 Thread 0x00000297fa3a0850 Exception <a 'java/lang/NoSuchMethodError'{0x0000000083a0df98}: 'long java.lang.invoke.Invokers$Holder.invoke_MT(java.lang.Object, java.lang.Object, java.lang.Object, java.lang.Object)'> (0x0000000083a0df98) 
thrown [s\src\hotspot\share\interpreter\linkResolver.cpp, line 771]
Event: 4.095 Thread 0x00000297fa3a0850 Exception <a 'java/lang/NoSuchMethodError'{0x0000000083a17340}: 'int java.lang.invoke.Invokers$Holder.invoke_MT(java.lang.Object, java.lang.Object, java.lang.Object, java.lang.Object)'> (0x0000000083a17340) 
thrown [s\src\hotspot\share\interpreter\linkResolver.cpp, line 771]
Event: 4.096 Thread 0x00000297fa3a0850 Exception <a 'java/lang/NoSuchMethodError'{0x0000000083a27bf8}: 'void java.lang.invoke.DelegatingMethodHandle$Holder.reinvoke_L(java.lang.Object, java.lang.Object, java.lang.Object, long, java.lang.Object)'> (0x0000000083a27bf8) 
thrown [s\src\hotspot\share\interpreter\linkResolver.cpp, line 771]
Event: 4.096 Thread 0x00000297fa3a0850 Exception <a 'java/lang/NoSuchMethodError'{0x0000000083a30580}: 'java.lang.Object java.lang.invoke.DirectMethodHandle$Holder.invokeSpecial(java.lang.Object, java.lang.Object, java.lang.Object, java.lang.Object, long)'> (0x0000000083a30580) 
thrown [s\src\hotspot\share\interpreter\linkResolver.cpp, line 771]
Event: 4.097 Thread 0x00000297fa3a0850 Exception <a 'java/lang/NoSuchMethodError'{0x0000000083a40d50}: 'int java.lang.invoke.DelegatingMethodHandle$Holder.reinvoke_L(java.lang.Object, java.lang.Object, java.lang.Object, long, java.lang.Object, java.lang.Object)'> (0x0000000083a40d50) 
thrown [s\src\hotspot\share\interpreter\linkResolver.cpp, line 771]
Event: 4.097 Thread 0x00000297fa3a0850 Exception <a 'java/lang/NoSuchMethodError'{0x0000000083a50e20}: 'int java.lang.invoke.DelegatingMethodHandle$Holder.reinvoke_L(java.lang.Object, java.lang.Object, java.lang.Object, long, int, int)'> (0x0000000083a50e20) 
thrown [s\src\hotspot\share\interpreter\linkResolver.cpp, line 771]
Event: 4.098 Thread 0x00000297fa3a0850 Exception <a 'java/lang/NoSuchMethodError'{0x0000000083a60c98}: 'int java.lang.invoke.DelegatingMethodHandle$Holder.reinvoke_L(java.lang.Object, java.lang.Object, java.lang.Object, long, long, long)'> (0x0000000083a60c98) 
thrown [s\src\hotspot\share\interpreter\linkResolver.cpp, line 771]
Event: 4.099 Thread 0x00000297fa3a0850 Exception <a 'java/lang/NoSuchMethodError'{0x0000000083a707f0}: 'int java.lang.invoke.DelegatingMethodHandle$Holder.reinvoke_L(java.lang.Object, java.lang.Object, java.lang.Object, long, int)'> (0x0000000083a707f0) 
thrown [s\src\hotspot\share\interpreter\linkResolver.cpp, line 771]
Event: 4.327 Thread 0x00000297fa3a0850 Exception <a 'java/lang/NoSuchMethodError'{0x0000000084492808}: 'void java.lang.invoke.DirectMethodHandle$Holder.invokeVirtual(java.lang.Object, java.lang.Object)'> (0x0000000084492808) 
thrown [s\src\hotspot\share\interpreter\linkResolver.cpp, line 771]
Event: 4.431 Thread 0x00000297fa3a0850 Exception <a 'java/lang/NoSuchMethodError'{0x000000008883c6b0}: 'java.lang.Object java.lang.invoke.Invokers$Holder.invokeExact_MT(java.lang.Object, java.lang.Object, long, java.lang.Object)'> (0x000000008883c6b0) 
thrown [s\src\hotspot\share\interpreter\linkResolver.cpp, line 771]
Event: 4.454 Thread 0x00000297fa3a0850 Exception <a 'java/lang/NoSuchMethodError'{0x00000000886a2278}: 'java.lang.Object java.lang.invoke.Invokers$Holder.invoke_MT(java.lang.Object, java.lang.Object, java.lang.Object)'> (0x00000000886a2278) 
thrown [s\src\hotspot\share\interpreter\linkResolver.cpp, line 771]
Event: 4.656 Thread 0x00000297fa3a0850 Implicit null exception at 0x00000297e50e67c8 to 0x00000297e50e8758
Event: 4.675 Thread 0x00000297fa3a0850 Implicit null exception at 0x00000297e50f4139 to 0x00000297e50f5088
Event: 5.493 Thread 0x00000297fa3a0850 Implicit null exception at 0x00000297e4fd79ec to 0x00000297e4fd7a90
Event: 5.697 Thread 0x00000297fa3a0850 Exception <a 'java/lang/NoSuchMethodError'{0x0000000088617558}: 'java.lang.Object java.lang.invoke.DirectMethodHandle$Holder.newInvokeSpecial(java.lang.Object, java.lang.Object, int)'> (0x0000000088617558) 
thrown [s\src\hotspot\share\interpreter\linkResolver.cpp, line 771]
Event: 5.788 Thread 0x00000297fa3a0850 Exception <a 'java/lang/NoSuchMethodError'{0x00000000852dccd0}: 'java.lang.Object java.lang.invoke.DirectMethodHandle$Holder.invokeStatic(java.lang.Object, java.lang.Object, java.lang.Object, java.lang.Object, int)'> (0x00000000852dccd0) 
thrown [s\src\hotspot\share\interpreter\linkResolver.cpp, line 771]
Event: 5.789 Thread 0x00000297fa3a0850 Exception <a 'java/lang/NoSuchMethodError'{0x00000000852e7c50}: 'java.lang.Object java.lang.invoke.DirectMethodHandle$Holder.newInvokeSpecial(java.lang.Object, java.lang.Object, java.lang.Object, java.lang.Object, int)'> (0x00000000852e7c50) 
thrown [s\src\hotspot\share\interpreter\linkResolver.cpp, line 771]
Event: 5.789 Thread 0x00000297fa3a0850 Exception <a 'java/lang/NoSuchMethodError'{0x00000000852eda18}: 'java.lang.Object java.lang.invoke.DirectMethodHandle$Holder.invokeSpecial(java.lang.Object, java.lang.Object, java.lang.Object, java.lang.Object, java.lang.Object, int)'> (0x00000000852eda18) 
thrown [s\src\hotspot\share\interpreter\linkResolver.cpp, line 771]
Event: 5.789 Thread 0x00000297fa3a0850 Exception <a 'java/lang/NoSuchMethodError'{0x00000000852f3190}: 'java.lang.Object java.lang.invoke.Invokers$Holder.linkToTargetMethod(java.lang.Object, java.lang.Object, java.lang.Object, int, java.lang.Object)'> (0x00000000852f3190) 
thrown [s\src\hotspot\share\interpreter\linkResolver.cpp, line 771]
Event: 6.975 Thread 0x00000297fa3a0850 Exception <a 'java/lang/NoSuchMethodError'{0x0000000088d055a0}: 'java.lang.Object java.lang.invoke.DirectMethodHandle$Holder.newInvokeSpecial(java.lang.Object, java.lang.Object, java.lang.Object, int, int, java.lang.Object, java.lang.Object)'> (0x0000000088d055a0) 
thrown [s\src\hotspot\share\interpreter\linkResolver.cpp, line 771]

VM Operations (20 events):
Event: 6.614 Executing VM operation: G1PauseCleanup
Event: 6.614 Executing VM operation: G1PauseCleanup done
Event: 6.747 Executing VM operation: HandshakeAllThreads
Event: 6.747 Executing VM operation: HandshakeAllThreads done
Event: 6.948 Executing VM operation: G1CollectForAllocation
Event: 6.953 Executing VM operation: G1CollectForAllocation done
Event: 7.049 Executing VM operation: HandshakeAllThreads
Event: 7.049 Executing VM operation: HandshakeAllThreads done
Event: 7.068 Executing VM operation: HandshakeAllThreads
Event: 7.068 Executing VM operation: HandshakeAllThreads done
Event: 7.178 Executing VM operation: HandshakeAllThreads
Event: 7.178 Executing VM operation: HandshakeAllThreads done
Event: 7.218 Executing VM operation: HandshakeAllThreads
Event: 7.218 Executing VM operation: HandshakeAllThreads done
Event: 7.219 Executing VM operation: HandshakeAllThreads
Event: 7.219 Executing VM operation: HandshakeAllThreads done
Event: 7.285 Executing VM operation: G1CollectForAllocation
Event: 7.289 Executing VM operation: G1CollectForAllocation done
Event: 7.336 Executing VM operation: G1PauseRemark
Event: 7.339 Executing VM operation: G1PauseRemark done

Events (20 events):
Event: 5.451 Thread 0x00000297f806f260 flushing nmethod 0x00000297ddbc5590
Event: 5.472 loading class java/util/ArrayList$ListItr
Event: 5.472 loading class java/util/ArrayList$ListItr done
Event: 5.569 loading class java/text/StringCharacterIterator
Event: 5.569 loading class java/text/CharacterIterator
Event: 5.569 loading class java/text/CharacterIterator done
Event: 5.569 loading class java/text/StringCharacterIterator done
Event: 5.599 loading class java/io/NotSerializableException
Event: 5.599 loading class java/io/NotSerializableException done
Event: 5.622 loading class java/util/AbstractList$ListItr
Event: 5.622 loading class java/util/AbstractList$ListItr done
Event: 5.756 loading class java/util/function/IntUnaryOperator
Event: 5.756 loading class java/util/function/IntUnaryOperator done
Event: 5.777 loading class java/util/AbstractList$SubList
Event: 5.778 loading class java/util/AbstractList$SubList done
Event: 5.778 loading class java/util/AbstractList$SubList$1
Event: 5.778 loading class java/util/AbstractList$SubList$1 done
Event: 6.343 loading class java/util/AbstractList$RandomAccessSubList
Event: 6.343 loading class java/util/AbstractList$RandomAccessSubList done
Event: 7.161 Thread 0x00000297fb4e02d0 Thread exited: 0x00000297fb4e02d0


Dynamic libraries:
0x00007ff66f0a0000 - 0x00007ff66f0aa000 	D:\Program Files\AndroidStudio\jbr\bin\java.exe
0x00007ff91e2f0000 - 0x00007ff91e506000 	C:\WINDOWS\SYSTEM32\ntdll.dll
0x00007ff91c120000 - 0x00007ff91c1e4000 	C:\WINDOWS\System32\KERNEL32.DLL
0x00007ff91b6a0000 - 0x00007ff91ba46000 	C:\WINDOWS\System32\KERNELBASE.dll
0x00007ff91bf20000 - 0x00007ff91c031000 	C:\WINDOWS\System32\ucrtbase.dll
0x00007ff9003e0000 - 0x00007ff9003f7000 	D:\Program Files\AndroidStudio\jbr\bin\jli.dll
0x00007ff900240000 - 0x00007ff90025b000 	D:\Program Files\AndroidStudio\jbr\bin\VCRUNTIME140.dll
0x00007ff91cbe0000 - 0x00007ff91cd8d000 	C:\WINDOWS\System32\USER32.dll
0x00007ff91bc60000 - 0x00007ff91bc86000 	C:\WINDOWS\System32\win32u.dll
0x00007ff9038a0000 - 0x00007ff903b33000 	C:\WINDOWS\WinSxS\amd64_microsoft.windows.common-controls_6595b64144ccf1df_6.0.22621.3235_none_270f74e173860f98\COMCTL32.dll
0x00007ff91ca20000 - 0x00007ff91ca49000 	C:\WINDOWS\System32\GDI32.dll
0x00007ff91d5b0000 - 0x00007ff91d657000 	C:\WINDOWS\System32\msvcrt.dll
0x00007ff91bb40000 - 0x00007ff91bc58000 	C:\WINDOWS\System32\gdi32full.dll
0x00007ff91be00000 - 0x00007ff91be9a000 	C:\WINDOWS\System32\msvcp_win.dll
0x00007ff91d4f0000 - 0x00007ff91d521000 	C:\WINDOWS\System32\IMM32.DLL
0x00007ff917fb0000 - 0x00007ff917fbc000 	D:\Program Files\AndroidStudio\jbr\bin\vcruntime140_1.dll
0x00007ff8cd570000 - 0x00007ff8cd5fd000 	D:\Program Files\AndroidStudio\jbr\bin\msvcp140.dll
0x00007ff89d5a0000 - 0x00007ff89e223000 	D:\Program Files\AndroidStudio\jbr\bin\server\jvm.dll
0x00007ff91c960000 - 0x00007ff91ca12000 	C:\WINDOWS\System32\ADVAPI32.dll
0x00007ff91d840000 - 0x00007ff91d8e8000 	C:\WINDOWS\System32\sechost.dll
0x00007ff91bb10000 - 0x00007ff91bb38000 	C:\WINDOWS\System32\bcrypt.dll
0x00007ff91c390000 - 0x00007ff91c4a5000 	C:\WINDOWS\System32\RPCRT4.dll
0x00007ff91a4c0000 - 0x00007ff91a50d000 	C:\WINDOWS\SYSTEM32\POWRPROF.dll
0x00007ff918280000 - 0x00007ff9182b4000 	C:\WINDOWS\SYSTEM32\WINMM.dll
0x00007ff915060000 - 0x00007ff91506a000 	C:\WINDOWS\SYSTEM32\VERSION.dll
0x00007ff905950000 - 0x00007ff905959000 	C:\WINDOWS\SYSTEM32\WSOCK32.dll
0x00007ff91d530000 - 0x00007ff91d5a1000 	C:\WINDOWS\System32\WS2_32.dll
0x00007ff91a4a0000 - 0x00007ff91a4b3000 	C:\WINDOWS\SYSTEM32\UMPDC.dll
0x00007ff91a760000 - 0x00007ff91a778000 	C:\WINDOWS\SYSTEM32\kernel.appcore.dll
0x00007ff901fb0000 - 0x00007ff901fba000 	D:\Program Files\AndroidStudio\jbr\bin\jimage.dll
0x00007ff918f10000 - 0x00007ff919143000 	C:\WINDOWS\SYSTEM32\DBGHELP.DLL
0x00007ff91d160000 - 0x00007ff91d4e8000 	C:\WINDOWS\System32\combase.dll
0x00007ff91d6c0000 - 0x00007ff91d797000 	C:\WINDOWS\System32\OLEAUT32.dll
0x00007ff918240000 - 0x00007ff918272000 	C:\WINDOWS\SYSTEM32\dbgcore.DLL
0x00007ff91bea0000 - 0x00007ff91bf1a000 	C:\WINDOWS\System32\bcryptPrimitives.dll
0x00007ff9007a0000 - 0x00007ff9007ae000 	D:\Program Files\AndroidStudio\jbr\bin\instrument.dll
0x00007ff900820000 - 0x00007ff900845000 	D:\Program Files\AndroidStudio\jbr\bin\java.dll
0x00007ff900800000 - 0x00007ff900818000 	D:\Program Files\AndroidStudio\jbr\bin\zip.dll
0x00007ff91da00000 - 0x00007ff91e25d000 	C:\WINDOWS\System32\SHELL32.dll
0x00007ff9195a0000 - 0x00007ff919e98000 	C:\WINDOWS\SYSTEM32\windows.storage.dll
0x00007ff919460000 - 0x00007ff91959e000 	C:\WINDOWS\SYSTEM32\wintypes.dll
0x00007ff91d060000 - 0x00007ff91d153000 	C:\WINDOWS\System32\SHCORE.dll
0x00007ff91d8f0000 - 0x00007ff91d94e000 	C:\WINDOWS\System32\shlwapi.dll
0x00007ff91b560000 - 0x00007ff91b586000 	C:\WINDOWS\SYSTEM32\profapi.dll
0x00007ff900440000 - 0x00007ff900459000 	D:\Program Files\AndroidStudio\jbr\bin\net.dll
0x00007ff915770000 - 0x00007ff9158a7000 	C:\WINDOWS\SYSTEM32\WINHTTP.dll
0x00007ff91abe0000 - 0x00007ff91ac49000 	C:\WINDOWS\system32\mswsock.dll
0x00007ff900400000 - 0x00007ff900416000 	D:\Program Files\AndroidStudio\jbr\bin\nio.dll
0x00007ff9008e0000 - 0x00007ff9008f0000 	D:\Program Files\AndroidStudio\jbr\bin\verify.dll
0x00007ff900770000 - 0x00007ff900797000 	C:\Users\user\.gradle\native\c067742578af261105cb4f569cf0c3c89f3d7b1fecec35dd04571415982c5e48\windows-amd64\native-platform.dll
0x00007ff8cd210000 - 0x00007ff8cd354000 	C:\Users\user\.gradle\native\38dada09dfb8b06ba9b0570ebf7e218e3eb74d4ef43ca46872605cf95ebc2f47\windows-amd64\native-platform-file-events.dll
0x00007ff901f70000 - 0x00007ff901f79000 	D:\Program Files\AndroidStudio\jbr\bin\management.dll
0x00007ff900940000 - 0x00007ff90094b000 	D:\Program Files\AndroidStudio\jbr\bin\management_ext.dll
0x00007ff91d7a0000 - 0x00007ff91d7a8000 	C:\WINDOWS\System32\PSAPI.DLL
0x00007ff91ae40000 - 0x00007ff91ae5b000 	C:\WINDOWS\SYSTEM32\CRYPTSP.dll
0x00007ff91a6c0000 - 0x00007ff91a6f5000 	C:\WINDOWS\system32\rsaenh.dll
0x00007ff91acd0000 - 0x00007ff91acfc000 	C:\WINDOWS\SYSTEM32\USERENV.dll
0x00007ff91ae30000 - 0x00007ff91ae3c000 	C:\WINDOWS\SYSTEM32\CRYPTBASE.dll
0x00007ff91a170000 - 0x00007ff91a19d000 	C:\WINDOWS\SYSTEM32\IPHLPAPI.DLL
0x00007ff91d050000 - 0x00007ff91d059000 	C:\WINDOWS\System32\NSI.dll
0x00007ff915590000 - 0x00007ff9155a9000 	C:\WINDOWS\SYSTEM32\dhcpcsvc6.DLL
0x00007ff9154d0000 - 0x00007ff9154ef000 	C:\WINDOWS\SYSTEM32\dhcpcsvc.DLL
0x00007ff91a1e0000 - 0x00007ff91a2d9000 	C:\WINDOWS\SYSTEM32\DNSAPI.dll
0x00007ff889cd0000 - 0x00007ff889cd8000 	C:\WINDOWS\system32\wshunix.dll

dbghelp: loaded successfully - version: 4.0.5 - missing functions: none
symbol engine: initialized successfully - sym options: 0x614 - pdb path: .;D:\Program Files\AndroidStudio\jbr\bin;C:\WINDOWS\SYSTEM32;C:\WINDOWS\WinSxS\amd64_microsoft.windows.common-controls_6595b64144ccf1df_6.0.22621.3235_none_270f74e173860f98;D:\Program Files\AndroidStudio\jbr\bin\server;C:\Users\user\.gradle\native\c067742578af261105cb4f569cf0c3c89f3d7b1fecec35dd04571415982c5e48\windows-amd64;C:\Users\user\.gradle\native\38dada09dfb8b06ba9b0570ebf7e218e3eb74d4ef43ca46872605cf95ebc2f47\windows-amd64

VM Arguments:
jvm_args: --add-opens=java.base/java.util=ALL-UNNAMED --add-opens=java.base/java.lang=ALL-UNNAMED --add-opens=java.base/java.lang.invoke=ALL-UNNAMED --add-opens=java.prefs/java.util.prefs=ALL-UNNAMED --add-opens=java.base/java.nio.charset=ALL-UNNAMED --add-opens=java.base/java.net=ALL-UNNAMED --add-opens=java.base/java.util.concurrent.atomic=ALL-UNNAMED -Xmx2048m -Dfile.encoding=UTF-8 -Duser.country=US -Duser.language=en -Duser.variant -javaagent:C:\Users\user\.gradle\wrapper\dists\gradle-8.4-bin\1w5dpkrfk8irigvoxmyhowfim\gradle-8.4\lib\agents\gradle-instrumentation-agent-8.4.jar 
java_command: org.gradle.launcher.daemon.bootstrap.GradleDaemon 8.4
java_class_path (initial): C:\Users\user\.gradle\wrapper\dists\gradle-8.4-bin\1w5dpkrfk8irigvoxmyhowfim\gradle-8.4\lib\gradle-launcher-8.4.jar
Launcher Type: SUN_STANDARD

[Global flags]
     intx CICompilerCount                          = 4                                         {product} {ergonomic}
     uint ConcGCThreads                            = 2                                         {product} {ergonomic}
     uint G1ConcRefinementThreads                  = 8                                         {product} {ergonomic}
   size_t G1HeapRegionSize                         = 1048576                                   {product} {ergonomic}
    uintx GCDrainStackTargetSize                   = 64                                        {product} {ergonomic}
   size_t InitialHeapSize                          = 197132288                                 {product} {ergonomic}
   size_t MarkStackSize                            = 4194304                                   {product} {ergonomic}
   size_t MaxHeapSize                              = 2147483648                                {product} {command line}
   size_t MaxNewSize                               = 1287651328                                {product} {ergonomic}
   size_t MinHeapDeltaBytes                        = 1048576                                   {product} {ergonomic}
   size_t MinHeapSize                              = 8388608                                   {product} {ergonomic}
    uintx NonNMethodCodeHeapSize                   = 5839372                                {pd product} {ergonomic}
    uintx NonProfiledCodeHeapSize                  = 122909434                              {pd product} {ergonomic}
    uintx ProfiledCodeHeapSize                     = 122909434                              {pd product} {ergonomic}
    uintx ReservedCodeCacheSize                    = 251658240                              {pd product} {ergonomic}
     bool SegmentedCodeCache                       = true                                      {product} {ergonomic}
   size_t SoftMaxHeapSize                          = 2147483648                             {manageable} {ergonomic}
     bool UseCompressedClassPointers               = true                           {product lp64_product} {ergonomic}
     bool UseCompressedOops                        = true                           {product lp64_product} {ergonomic}
     bool UseG1GC                                  = true                                      {product} {ergonomic}
     bool UseLargePagesIndividualAllocation        = false                                  {pd product} {ergonomic}

Logging:
Log output configuration:
 #0: stdout all=warning uptime,level,tags
 #1: stderr all=off uptime,level,tags

Environment Variables:
JAVA_HOME=D:\user\Downloads\java
PATH=D:\Users\VMWARE\bin\;C:\Python311\Scripts\;C:\Python311\;C:\Program Files\Common Files\Oracle\Java\javapath;C:\Program Files\Eclipse Adoptium\jdk-17.0.6.10-hotspot\bin;C:\Windows\system32;C:\Windows;C:\Windows\System32\Wbem;C:\Windows\System32\WindowsPowerShell\v1.0\;C:\Windows\System32\OpenSSH\;C:\Program Files\NVIDIA Corporation\NVIDIA NvDLISR;C:\Program Files\dotnet\;C:\Program Files (x86)\Kaspersky Lab\Endpoint Agent\;C:\WINDOWS\system32;C:\WINDOWS;C:\WINDOWS\System32\Wbem;C:\WINDOWS\System32\WindowsPowerShell\v1.0\;C:\WINDOWS\System32\OpenSSH\;C:\Program Files (x86)\dotnet\;C:\Program Files\Microsoft SQL Server\Client SDK\ODBC\170\Tools\Binn\;C:\Program Files (x86)\Microsoft SQL Server\160\Tools\Binn\;C:\Program Files\Microsoft SQL Server\160\Tools\Binn\;C:\Program Files\Microsoft SQL Server\160\DTS\Binn\;C:\Program Files\Azure Data Studio\bin;D:\Program Files\easyUML-main;C:\Program Files\Java\jdk-19;D:\Program Files\jdk11;D:\Program Files\jdk__11;D:\Program Files\jdk8_;D:\Program Files\Jdk8;C:\ProgramData\chocolatey\bin;D:\Program Files\Git\Git\cmd;C:\WINDOWS\system32;C:\WINDOWS;C:\WINDOWS\System32\Wbem;C:\WINDOWS\System32\WindowsPowerShell\v1.0\;C:\WINDOWS\System32\OpenSSH\;D:\user\Downloads\java\bin;C:\Users\user\AppData\Local\Microsoft\WindowsApps;C:\MinGW\bin;C:\Users\user\.dotnet\tools;C:\Users\user\AppData\Local\Programs\Microsoft VS Code\bin;C:\Program Files\Azure Data Studio\bin;D:\Program Files\IntelliJ IDEA Community Edition 2022.3.2\bin;D:\user\Downloads\apache-maven-3.9.6-bin;;D:\user\Downloads\apache-maven-3.9.6-bin;D:\Program Files\jdk__11;D:\Program Files\Jdk8;D:\user\Downloads\java\bin.;
USERNAME=user
OS=Windows_NT
PROCESSOR_IDENTIFIER=Intel64 Family 6 Model 140 Stepping 1, GenuineIntel
TMP=C:\Users\user\AppData\Local\Temp
TEMP=C:\Users\user\AppData\Local\Temp



Periodic native trim disabled

JNI global refs:
JNI global refs: 25, weak refs: 1

JNI global refs memory usage: 843, weak refs: 841

OOME stack traces (most recent first):
Classloader memory used:
Loader org.gradle.internal.classloader.VisitableURLClassLoader                         : 8981K
Loader bootstrap                                                                       : 2378K
Loader org.gradle.initialization.MixInLegacyTypesClassLoader                           : 452K
Loader jdk.internal.loader.ClassLoaders$PlatformClassLoader                            : 65476B
Loader jdk.internal.jrtfs.JrtFileSystemProvider$JrtFsLoader                            : 41087B
Loader jdk.internal.loader.ClassLoaders$AppClassLoader                                 : 28118B
Loader jdk.internal.reflect.DelegatingClassLoader                                      : 4487B

Classes loaded by more than one classloader:
Class org.gradle.internal.installation.GradleInstallation                             : loaded 2 times (x 73B)
Class org.gradle.internal.classpath.ClassPath                                         : loaded 2 times (x 68B)
Class org.gradle.api.internal.classpath.DefaultModuleRegistry                         : loaded 2 times (x 84B)
Class jdk.internal.jimage.BasicImageReader$1                                          : loaded 2 times (x 75B)
Class org.gradle.api.Action                                                           : loaded 2 times (x 68B)
Class jdk.internal.jimage.ImageBufferCache$1                                          : loaded 2 times (x 78B)
Class jdk.internal.jimage.ImageBufferCache$2                                          : loaded 2 times (x 89B)
Class org.gradle.api.internal.DefaultClassPathProvider                                : loaded 2 times (x 74B)
Class org.gradle.internal.installation.GradleInstallation$1                           : loaded 2 times (x 73B)
Class jdk.internal.jrtfs.SystemImage$1                                                : loaded 2 times (x 76B)
Class jdk.internal.jrtfs.SystemImage$2                                                : loaded 2 times (x 74B)
Class org.gradle.internal.classloader.FilteringClassLoader                            : loaded 2 times (x 103B)
Class jdk.internal.jimage.ImageReader$Resource                                        : loaded 2 times (x 82B)
Class jdk.internal.jrtfs.SystemImage                                                  : loaded 2 times (x 72B)
Class org.gradle.internal.classpath.DefaultClassPath$ImmutableUniqueList$Builder      : loaded 2 times (x 73B)
Class jdk.internal.jrtfs.JrtDirectoryStream$1                                         : loaded 2 times (x 81B)
Class org.gradle.internal.classloader.ClassLoaderVisitor                              : loaded 2 times (x 74B)
Class org.gradle.internal.service.DefaultServiceLocator                               : loaded 2 times (x 81B)
Class org.gradle.internal.service.UnknownServiceException                             : loaded 2 times (x 81B)
Class org.gradle.internal.classloader.DefaultClassLoaderFactory                       : loaded 2 times (x 80B)
Class jdk.internal.jimage.ImageReader$SharedImageReader                               : loaded 2 times (x 93B)
Class jdk.internal.jimage.decompressor.ZipDecompressorFactory                         : loaded 2 times (x 72B)
Class org.gradle.internal.classloader.VisitableURLClassLoader$Spec                    : loaded 2 times (x 72B)
Class org.gradle.api.GradleException                                                  : loaded 2 times (x 80B)
Class org.gradle.api.internal.classpath.ModuleRegistry                                : loaded 2 times (x 68B)
Class org.gradle.api.internal.ClassPathProvider                                       : loaded 2 times (x 68B)
Class org.gradle.internal.classloader.ClasspathUtil$1                                 : loaded 2 times (x 74B)
Class org.gradle.internal.classloader.ClassLoaderFactory                              : loaded 2 times (x 68B)
Class jdk.internal.jimage.ImageHeader                                                 : loaded 2 times (x 69B)
Class org.gradle.api.internal.classpath.ManifestUtil                                  : loaded 2 times (x 69B)
Class org.gradle.api.specs.Spec                                                       : loaded 2 times (x 68B)
Class org.gradle.internal.IoActions                                                   : loaded 2 times (x 69B)
Class jdk.internal.jimage.decompressor.StringSharingDecompressorFactory               : loaded 2 times (x 72B)
Class org.gradle.api.internal.classpath.EffectiveClassPath                            : loaded 2 times (x 88B)
Class org.gradle.internal.installation.CurrentGradleInstallation                      : loaded 2 times (x 71B)
Class org.gradle.internal.agents.InstrumentingClassLoader                             : loaded 2 times (x 68B)
Class org.gradle.internal.installation.CurrentGradleInstallationLocator               : loaded 2 times (x 69B)
Class org.gradle.api.internal.classpath.Module                                        : loaded 2 times (x 68B)
Class org.gradle.internal.service.CachingServiceLocator                               : loaded 2 times (x 80B)
Class org.gradle.internal.classpath.DefaultClassPath                                  : loaded 2 times (x 88B)
Class jdk.internal.jimage.BasicImageReader                                            : loaded 2 times (x 93B)
Class jdk.internal.jimage.ImageLocation                                               : loaded 2 times (x 88B)
Class jdk.internal.jimage.ImageReader$Node                                            : loaded 2 times (x 82B)
Class jdk.internal.jimage.decompressor.CompressedResourceHeader                       : loaded 2 times (x 69B)
Class jdk.internal.jrtfs.JrtPath                                                      : loaded 2 times (x 116B)
Class jdk.internal.jimage.ImageStrings                                                : loaded 2 times (x 68B)
Class jdk.internal.jrtfs.JrtFileAttributes                                            : loaded 2 times (x 81B)
Class org.gradle.internal.classloader.SystemClassLoaderSpec                           : loaded 2 times (x 69B)
Class jdk.internal.jimage.decompressor.ResourceDecompressorRepository                 : loaded 2 times (x 69B)
Class org.gradle.api.UncheckedIOException                                             : loaded 2 times (x 80B)
Class jdk.internal.jimage.decompressor.ResourceDecompressor$StringsProvider           : loaded 2 times (x 68B)
Class jdk.internal.jimage.decompressor.Decompressor                                   : loaded 2 times (x 70B)
Class jdk.internal.jrtfs.JrtFileSystem                                                : loaded 2 times (x 100B)
Class jdk.internal.jrtfs.JrtFileSystemProvider                                        : loaded 2 times (x 97B)
Class org.gradle.internal.classloader.ClasspathUtil                                   : loaded 2 times (x 69B)
Class jdk.internal.jrtfs.JrtDirectoryStream                                           : loaded 2 times (x 87B)
Class jdk.internal.jimage.decompressor.ResourceDecompressor                           : loaded 2 times (x 68B)
Class org.gradle.api.internal.DefaultClassPathRegistry                                : loaded 2 times (x 74B)
Class org.gradle.api.internal.classpath.DefaultModuleRegistry$DefaultModule           : loaded 2 times (x 84B)
Class org.gradle.api.internal.classpath.UnknownModuleException                        : loaded 2 times (x 80B)
Class org.gradle.internal.service.ServiceLookupException                              : loaded 2 times (x 80B)
Class jdk.internal.jimage.ImageStringsReader                                          : loaded 2 times (x 78B)
Class org.gradle.cache.GlobalCache                                                    : loaded 2 times (x 68B)
Class jdk.internal.jimage.decompressor.ResourceDecompressorFactory                    : loaded 2 times (x 72B)
Class [Lorg.gradle.api.internal.ClassPathProvider;                                    : loaded 2 times (x 67B)
Class jdk.internal.jimage.ImageReader$SharedImageReader$LocationVisitor               : loaded 2 times (x 68B)
Class org.gradle.util.internal.GUtil                                                  : loaded 2 times (x 69B)
Class jdk.internal.jimage.decompressor.ZipDecompressor                                : loaded 2 times (x 73B)
Class org.gradle.internal.classloader.ClassLoaderSpec                                 : loaded 2 times (x 69B)
Class org.gradle.internal.classloader.VisitableURLClassLoader                         : loaded 2 times (x 115B)
Class org.gradle.internal.Cast                                                        : loaded 2 times (x 69B)
Class org.gradle.api.internal.ClassPathRegistry                                       : loaded 2 times (x 68B)
Class org.gradle.internal.classloader.VisitableURLClassLoader$InstrumentingVisitableURLClassLoader: loaded 2 times (x 121B)
Class org.gradle.internal.classloader.ClassLoaderHierarchy                            : loaded 2 times (x 68B)
Class jdk.internal.jimage.ImageReader                                                 : loaded 2 times (x 73B)
Class org.gradle.internal.InternalTransformer                                         : loaded 2 times (x 68B)
Class org.gradle.internal.service.ServiceLocator                                      : loaded 2 times (x 68B)
Class org.gradle.internal.classpath.DefaultClassPath$ImmutableUniqueList              : loaded 2 times (x 159B)
Class jdk.internal.jimage.ImageBufferCache                                            : loaded 2 times (x 69B)
Class org.gradle.internal.classpath.TransformedClassPath                              : loaded 2 times (x 94B)
Class jdk.internal.jimage.ImageReader$Directory                                       : loaded 2 times (x 82B)


---------------  S Y S T E M  ---------------

OS:
 Windows 11 , 64 bit Build 22621 (10.0.22621.3235)
OS uptime: 6 days 2:46 hours

CPU: total 8 (initial active 8) (4 cores per cpu, 2 threads per core) family 6 model 140 stepping 1 microcode 0xb4, cx8, cmov, fxsr, ht, mmx, 3dnowpref, sse, sse2, sse3, ssse3, sse4.1, sse4.2, popcnt, lzcnt, tsc, tscinvbit, avx, avx2, aes, erms, clmul, bmi1, bmi2, adx, avx512f, avx512dq, avx512cd, avx512bw, avx512vl, sha, fma, vzeroupper, avx512_vpopcntdq, avx512_vpclmulqdq, avx512_vaes, avx512_vnni, clflush, clflushopt, clwb, avx512_vbmi2, avx512_vbmi
Processor Information for all 8 processors :
  Max Mhz: 1690, Current Mhz: 1690, Mhz Limit: 1690

Memory: 4k page, system-wide physical 12010M (517M free)
TotalPageFile size 21258M (AvailPageFile size 7M)
current process WorkingSet (physical memory assigned to process): 361M, peak: 361M
current process commit charge ("private bytes"): 393M, peak: 395M

vm_info: OpenJDK 64-Bit Server VM (17.0.9+0--11185874) for windows-amd64 JRE (17.0.9+0--11185874), built on Dec  6 2023 18:57:44 by "androidbuild" with MS VC++ 16.10 / 16.11 (VS2019)

END.
