#
# There is insufficient memory for the Java Runtime Environment to continue.
# Native memory allocation (mmap) failed to map 116391936 bytes for G1 virtual space
# Possible reasons:
#   The system is out of physical RAM or swap space
#   The process is running with CompressedOops enabled, and the Java Heap may be blocking the growth of the native heap
# Possible solutions:
#   Reduce memory load on the system
#   Increase physical memory or swap space
#   Check if swap backing store is full
#   Decrease Java heap size (-Xmx/-Xms)
#   Decrease number of Java threads
#   Decrease Java thread stack sizes (-Xss)
#   Set larger code cache with -XX:ReservedCodeCacheSize=
#   JVM is running with Unscaled Compressed Oops mode in which the Java heap is
#     placed in the first 4GB address space. The Java Heap base address is the
#     maximum limit for the native heap growth. Please use -XX:HeapBaseMinAddress
#     to set the Java Heap base and to place the Java Heap above 4GB virtual address.
# This output file may be truncated or incomplete.
#
#  Out of Memory Error (os_windows.cpp:3825), pid=11916, tid=8864
#
# JRE version: OpenJDK Runtime Environment (17.0.9) (build 17.0.9+0--11185874)
# Java VM: OpenJDK 64-Bit Server VM (17.0.9+0--11185874, mixed mode, tiered, compressed oops, compressed class ptrs, g1 gc, windows-amd64)
# No core dump will be written. Minidumps are not enabled by default on client versions of Windows
#

---------------  S U M M A R Y ------------

Command Line: --add-opens=java.base/java.util=ALL-UNNAMED --add-opens=java.base/java.lang=ALL-UNNAMED --add-opens=java.base/java.lang.invoke=ALL-UNNAMED --add-opens=java.prefs/java.util.prefs=ALL-UNNAMED --add-opens=java.base/java.nio.charset=ALL-UNNAMED --add-opens=java.base/java.net=ALL-UNNAMED --add-opens=java.base/java.util.concurrent.atomic=ALL-UNNAMED -Xmx2048m -Dfile.encoding=UTF-8 -Duser.country=US -Duser.language=en -Duser.variant -javaagent:C:\Users\user\.gradle\wrapper\dists\gradle-8.4-bin\1w5dpkrfk8irigvoxmyhowfim\gradle-8.4\lib\agents\gradle-instrumentation-agent-8.4.jar org.gradle.launcher.daemon.bootstrap.GradleDaemon 8.4

Host: 11th Gen Intel(R) Core(TM) i7-1165G7 @ 2.80GHz, 8 cores, 11G,  Windows 11 , 64 bit Build 22621 (10.0.22621.3235)
Time: Fri Mar 29 03:03:48 2024 Pakistan Standard Time elapsed time: 8.359039 seconds (0d 0h 0m 8s)

---------------  T H R E A D  ---------------

Current thread (0x0000020bdd87f740):  VMThread "VM Thread" [stack: 0x0000004987000000,0x0000004987100000] [id=8864]

Stack: [0x0000004987000000,0x0000004987100000]
Native frames: (J=compiled Java code, j=interpreted, Vv=VM code, C=native code)
V  [jvm.dll+0x6886e9]
V  [jvm.dll+0x841e4a]
V  [jvm.dll+0x843a8e]
V  [jvm.dll+0x8440f3]
V  [jvm.dll+0x24c14f]
V  [jvm.dll+0x685499]
V  [jvm.dll+0x679c2a]
V  [jvm.dll+0x30cf9b]
V  [jvm.dll+0x314446]
V  [jvm.dll+0x36425e]
V  [jvm.dll+0x36448f]
V  [jvm.dll+0x2e2d68]
V  [jvm.dll+0x2e0f44]
V  [jvm.dll+0x2e054c]
V  [jvm.dll+0x3253fb]
V  [jvm.dll+0x8487eb]
V  [jvm.dll+0x849531]
V  [jvm.dll+0x849a4d]
V  [jvm.dll+0x849e24]
V  [jvm.dll+0x849ef0]
V  [jvm.dll+0x7f06aa]
V  [jvm.dll+0x687565]
C  [ucrtbase.dll+0x29363]
C  [KERNEL32.DLL+0x1257d]
C  [ntdll.dll+0x5aa58]

VM_Operation (0x00000049888ed030): G1CollectForAllocation, mode: safepoint, requested by thread 0x0000020be30bf6d0


---------------  P R O C E S S  ---------------

Threads class SMR info:
_java_thread_list=0x0000020be494dd30, length=43, elements={
0x0000020bc19024b0, 0x0000020bdd8a2010, 0x0000020bdd8a3be0, 0x0000020bdd88df20,
0x0000020bdd88eae0, 0x0000020bdd88f6a0, 0x0000020bdd890060, 0x0000020bdd8d4b50,
0x0000020bdd8d8960, 0x0000020bdd8d9360, 0x0000020bdd6d7be0, 0x0000020bddc5afa0,
0x0000020be492fb70, 0x0000020be2d4e0c0, 0x0000020be4a202d0, 0x0000020be2767120,
0x0000020be394cfb0, 0x0000020be394f4e0, 0x0000020be30bf6d0, 0x0000020be3fea0e0,
0x0000020be3feba30, 0x0000020be3fea5f0, 0x0000020be3feab00, 0x0000020be3feb010,
0x0000020be3fe9bd0, 0x0000020be3feb520, 0x0000020be3fe91b0, 0x0000020be3fec450,
0x0000020be3fe8ca0, 0x0000020be3fe96c0, 0x0000020be601cfe0, 0x0000020be601da00,
0x0000020be601ee40, 0x0000020be601f350, 0x0000020be601fd70, 0x0000020be601e420,
0x0000020be601b180, 0x0000020be6020280, 0x0000020be601a760, 0x0000020be601cad0,
0x0000020be601a250, 0x0000020be601df10, 0x0000020be6dd8520
}

Java Threads: ( => current thread )
  0x0000020bc19024b0 JavaThread "main" [_thread_blocked, id=18816, stack(0x0000004986a00000,0x0000004986b00000)]
  0x0000020bdd8a2010 JavaThread "Reference Handler" daemon [_thread_blocked, id=3492, stack(0x0000004987100000,0x0000004987200000)]
  0x0000020bdd8a3be0 JavaThread "Finalizer" daemon [_thread_blocked, id=768, stack(0x0000004987200000,0x0000004987300000)]
  0x0000020bdd88df20 JavaThread "Signal Dispatcher" daemon [_thread_blocked, id=27112, stack(0x0000004987300000,0x0000004987400000)]
  0x0000020bdd88eae0 JavaThread "Attach Listener" daemon [_thread_blocked, id=11724, stack(0x0000004987400000,0x0000004987500000)]
  0x0000020bdd88f6a0 JavaThread "Service Thread" daemon [_thread_blocked, id=5368, stack(0x0000004987500000,0x0000004987600000)]
  0x0000020bdd890060 JavaThread "Monitor Deflation Thread" daemon [_thread_blocked, id=9528, stack(0x0000004987600000,0x0000004987700000)]
  0x0000020bdd8d4b50 JavaThread "C2 CompilerThread0" daemon [_thread_blocked, id=26940, stack(0x0000004987700000,0x0000004987800000)]
  0x0000020bdd8d8960 JavaThread "C1 CompilerThread0" daemon [_thread_blocked, id=15124, stack(0x0000004987800000,0x0000004987900000)]
  0x0000020bdd8d9360 JavaThread "Sweeper thread" daemon [_thread_blocked, id=9888, stack(0x0000004987900000,0x0000004987a00000)]
  0x0000020bdd6d7be0 JavaThread "Common-Cleaner" daemon [_thread_blocked, id=10544, stack(0x0000004987a00000,0x0000004987b00000)]
  0x0000020bddc5afa0 JavaThread "Notification Thread" daemon [_thread_blocked, id=25316, stack(0x0000004987b00000,0x0000004987c00000)]
  0x0000020be492fb70 JavaThread "Daemon health stats" [_thread_blocked, id=20744, stack(0x0000004988300000,0x0000004988400000)]
  0x0000020be2d4e0c0 JavaThread "Incoming local TCP Connector on port 65103" [_thread_in_native, id=20496, stack(0x0000004987d00000,0x0000004987e00000)]
  0x0000020be4a202d0 JavaThread "Daemon periodic checks" [_thread_blocked, id=26816, stack(0x0000004987e00000,0x0000004987f00000)]
  0x0000020be2767120 JavaThread "Daemon" [_thread_blocked, id=8180, stack(0x0000004988500000,0x0000004988600000)]
  0x0000020be394cfb0 JavaThread "Handler for socket connection from /127.0.0.1:65103 to /127.0.0.1:65104" [_thread_in_native, id=1640, stack(0x0000004988600000,0x0000004988700000)]
  0x0000020be394f4e0 JavaThread "Cancel handler" [_thread_blocked, id=21408, stack(0x0000004988700000,0x0000004988800000)]
  0x0000020be30bf6d0 JavaThread "Daemon worker" [_thread_blocked, id=20956, stack(0x0000004988800000,0x0000004988900000)]
  0x0000020be3fea0e0 JavaThread "Asynchronous log dispatcher for DefaultDaemonConnection: socket connection from /127.0.0.1:65103 to /127.0.0.1:65104" [_thread_blocked, id=21376, stack(0x0000004988900000,0x0000004988a00000)]
  0x0000020be3feba30 JavaThread "Stdin handler" [_thread_blocked, id=20344, stack(0x0000004988a00000,0x0000004988b00000)]
  0x0000020be3fea5f0 JavaThread "Daemon client event forwarder" [_thread_blocked, id=2464, stack(0x0000004988b00000,0x0000004988c00000)]
  0x0000020be3feab00 JavaThread "Cache worker for journal cache (C:\Users\user\.gradle\caches\journal-1)" [_thread_blocked, id=3604, stack(0x0000004989000000,0x0000004989100000)]
  0x0000020be3feb010 JavaThread "File lock request listener" [_thread_in_native, id=19404, stack(0x0000004989100000,0x0000004989200000)]
  0x0000020be3fe9bd0 JavaThread "Cache worker for file hash cache (C:\Users\user\.gradle\caches\8.4\fileHashes)" [_thread_blocked, id=20664, stack(0x0000004989200000,0x0000004989300000)]
  0x0000020be3feb520 JavaThread "File watcher server" daemon [_thread_in_native, id=12852, stack(0x0000004989300000,0x0000004989400000)]
  0x0000020be3fe91b0 JavaThread "File watcher consumer" daemon [_thread_blocked, id=2860, stack(0x0000004989400000,0x0000004989500000)]
  0x0000020be3fec450 JavaThread "jar transforms" [_thread_blocked, id=5204, stack(0x0000004989500000,0x0000004989600000)]
  0x0000020be3fe8ca0 JavaThread "jar transforms Thread 2" [_thread_blocked, id=13516, stack(0x0000004989600000,0x0000004989700000)]
  0x0000020be3fe96c0 JavaThread "jar transforms Thread 3" [_thread_blocked, id=26908, stack(0x0000004989700000,0x0000004989800000)]
  0x0000020be601cfe0 JavaThread "jar transforms Thread 4" [_thread_blocked, id=19600, stack(0x0000004989800000,0x0000004989900000)]
  0x0000020be601da00 JavaThread "jar transforms Thread 5" [_thread_blocked, id=23440, stack(0x0000004989900000,0x0000004989a00000)]
  0x0000020be601ee40 JavaThread "jar transforms Thread 6" [_thread_blocked, id=19092, stack(0x0000004989a00000,0x0000004989b00000)]
  0x0000020be601f350 JavaThread "jar transforms Thread 7" [_thread_blocked, id=26532, stack(0x0000004989b00000,0x0000004989c00000)]
  0x0000020be601fd70 JavaThread "jar transforms Thread 8" [_thread_blocked, id=19156, stack(0x0000004989c00000,0x0000004989d00000)]
  0x0000020be601e420 JavaThread "Cache worker for checksums cache (D:\Users\user\AndroidStudioProjects\aasignment2\.gradle\8.4\checksums)" [_thread_blocked, id=23344, stack(0x0000004989d00000,0x0000004989e00000)]
  0x0000020be601b180 JavaThread "Cache worker for file hash cache (D:\Users\user\AndroidStudioProjects\aasignment2\.gradle\8.4\fileHashes)" [_thread_blocked, id=21976, stack(0x0000004989e00000,0x0000004989f00000)]
  0x0000020be6020280 JavaThread "Cache worker for cache directory md-supplier (C:\Users\user\.gradle\caches\8.4\md-supplier)" [_thread_blocked, id=24876, stack(0x0000004989f00000,0x000000498a000000)]
  0x0000020be601a760 JavaThread "Cache worker for file content cache (C:\Users\user\.gradle\caches\8.4\fileContent)" [_thread_blocked, id=25192, stack(0x000000498a000000,0x000000498a100000)]
  0x0000020be601cad0 JavaThread "Cache worker for cache directory md-rule (C:\Users\user\.gradle\caches\8.4\md-rule)" [_thread_blocked, id=22440, stack(0x000000498a100000,0x000000498a200000)]
  0x0000020be601a250 JavaThread "Cache worker for execution history cache (C:\Users\user\.gradle\caches\8.4\executionHistory)" [_thread_blocked, id=15736, stack(0x000000498a200000,0x000000498a300000)]
  0x0000020be601df10 JavaThread "Cache worker for kotlin-dsl (C:\Users\user\.gradle\caches\8.4\kotlin-dsl)" [_thread_blocked, id=13492, stack(0x000000498a300000,0x000000498a400000)]
  0x0000020be6dd8520 JavaThread "C2 CompilerThread1" daemon [_thread_blocked, id=17900, stack(0x0000004988400000,0x0000004988500000)]

Other Threads:
=>0x0000020bdd87f740 VMThread "VM Thread" [stack: 0x0000004987000000,0x0000004987100000] [id=8864]
  0x0000020bc1903330 WatcherThread [stack: 0x0000004987c00000,0x0000004987d00000] [id=18532]
  0x0000020bc177e870 GCTaskThread "GC Thread#0" [stack: 0x0000004986b00000,0x0000004986c00000] [id=23012]
  0x0000020be2cbe9f0 GCTaskThread "GC Thread#1" [stack: 0x0000004987f00000,0x0000004988000000] [id=22192]
  0x0000020be2cbecb0 GCTaskThread "GC Thread#2" [stack: 0x0000004988000000,0x0000004988100000] [id=4556]
  0x0000020be22c0e10 GCTaskThread "GC Thread#3" [stack: 0x0000004988100000,0x0000004988200000] [id=27216]
  0x0000020be33e3bf0 GCTaskThread "GC Thread#4" [stack: 0x0000004988200000,0x0000004988300000] [id=2208]
  0x0000020be2768610 GCTaskThread "GC Thread#5" [stack: 0x0000004988c00000,0x0000004988d00000] [id=13732]
  0x0000020be44d2110 GCTaskThread "GC Thread#6" [stack: 0x0000004988d00000,0x0000004988e00000] [id=26712]
  0x0000020be30bfbb0 GCTaskThread "GC Thread#7" [stack: 0x0000004988e00000,0x0000004988f00000] [id=21432]
  0x0000020bc196a170 ConcurrentGCThread "G1 Main Marker" [stack: 0x0000004986c00000,0x0000004986d00000] [id=26304]
  0x0000020bc196aaa0 ConcurrentGCThread "G1 Conc#0" [stack: 0x0000004986d00000,0x0000004986e00000] [id=21120]
  0x0000020be4299bf0 ConcurrentGCThread "G1 Conc#1" [stack: 0x0000004988f00000,0x0000004989000000] [id=9280]
  0x0000020bdd5a4980 ConcurrentGCThread "G1 Refine#0" [stack: 0x0000004986e00000,0x0000004986f00000] [id=20248]
  0x0000020be47fd250 ConcurrentGCThread "G1 Refine#1" [stack: 0x000000498a400000,0x000000498a500000] [id=12308]
  0x0000020be47fd540 ConcurrentGCThread "G1 Refine#2" [stack: 0x000000498a500000,0x000000498a600000] [id=5452]
  0x0000020be47fdb20 ConcurrentGCThread "G1 Refine#3" [stack: 0x000000498a600000,0x000000498a700000] [id=11772]
  0x0000020be47fbad0 ConcurrentGCThread "G1 Refine#4" [stack: 0x000000498a700000,0x000000498a800000] [id=26236]
  0x0000020be47fa060 ConcurrentGCThread "G1 Refine#5" [stack: 0x000000498a800000,0x000000498a900000] [id=18300]
  0x0000020be47fa350 ConcurrentGCThread "G1 Refine#6" [stack: 0x000000498a900000,0x000000498aa00000] [id=24088]
  0x0000020bdd5a53b0 ConcurrentGCThread "G1 Service" [stack: 0x0000004986f00000,0x0000004987000000] [id=17448]

Threads with active compile tasks:
C2 CompilerThread0     8394 6847       4       org.jetbrains.kotlin.storage.LockBasedStorageManager$LockBasedLazyValue::<init> (38 bytes)
C1 CompilerThread0     8394 6867       3       org.jetbrains.kotlin.load.java.structure.impl.classFiles.BinaryClassSignatureParser::parseTypeWithoutVarianceAndArray (196 bytes)
C2 CompilerThread1     8394 6817       4       org.jetbrains.kotlin.load.java.structure.impl.classFiles.BinaryClassSignatureParser::parseParameterizedClassRefSignature (262 bytes)

VM state: at safepoint (normal execution)

VM Mutex/Monitor currently owned by a thread:  ([mutex/lock_event])
[0x0000020bc18ffaa0] Threads_lock - owner thread: 0x0000020bdd87f740
[0x0000020bc18ff500] Heap_lock - owner thread: 0x0000020be30bf6d0

Heap address: 0x0000000080000000, size: 2048 MB, Compressed Oops mode: 32-bit

CDS archive(s) not mapped
Compressed class space mapped at: 0x0000000100000000-0x0000000140000000, reserved size: 1073741824
Narrow klass base: 0x0000000000000000, Narrow klass shift: 3, Narrow klass range: 0x140000000

GC Precious Log:
 CPUs: 8 total, 8 available
 Memory: 12010M
 Large Page Support: Disabled
 NUMA Support: Disabled
 Compressed Oops: Enabled (32-bit)
 Heap Region Size: 1M
 Heap Min Capacity: 8M
 Heap Initial Capacity: 188M
 Heap Max Capacity: 2G
 Pre-touch: Disabled
 Parallel Workers: 8
 Concurrent Workers: 2
 Concurrent Refinement Workers: 8
 Periodic GC: Disabled

Heap:
 garbage-first heap   total 193536K, used 89051K [0x0000000080000000, 0x0000000100000000)
  region size 1024K, 1 young (1024K), 1 survivors (1024K)
 Metaspace       used 92279K, committed 92928K, reserved 1179648K
  class space    used 12218K, committed 12480K, reserved 1048576K

Heap Regions: E=young(eden), S=young(survivor), O=old, HS=humongous(starts), HC=humongous(continues), CS=collection set, F=free, OA=open archive, CA=closed archive, TAMS=top-at-mark-start (previous, next)
|   0|0x0000000080000000, 0x0000000080100000, 0x0000000080100000|100%|HS|  |TAMS 0x0000000080100000, 0x0000000080000000| Complete 
|   1|0x0000000080100000, 0x0000000080200000, 0x0000000080200000|100%|HC|  |TAMS 0x0000000080200000, 0x0000000080100000| Complete 
|   2|0x0000000080200000, 0x0000000080300000, 0x0000000080300000|100%|HC|  |TAMS 0x0000000080300000, 0x0000000080200000| Complete 
|   3|0x0000000080300000, 0x0000000080400000, 0x0000000080400000|100%|HC|  |TAMS 0x0000000080400000, 0x0000000080300000| Complete 
|   4|0x0000000080400000, 0x0000000080500000, 0x0000000080500000|100%| O|  |TAMS 0x0000000080500000, 0x0000000080400000| Untracked 
|   5|0x0000000080500000, 0x0000000080600000, 0x0000000080600000|100%| O|  |TAMS 0x0000000080600000, 0x0000000080500000| Untracked 
|   6|0x0000000080600000, 0x0000000080700000, 0x0000000080700000|100%| O|  |TAMS 0x0000000080700000, 0x0000000080600000| Untracked 
|   7|0x0000000080700000, 0x0000000080800000, 0x0000000080800000|100%| O|  |TAMS 0x0000000080800000, 0x0000000080700000| Untracked 
|   8|0x0000000080800000, 0x0000000080900000, 0x0000000080900000|100%| O|  |TAMS 0x0000000080900000, 0x0000000080800000| Untracked 
|   9|0x0000000080900000, 0x0000000080a00000, 0x0000000080a00000|100%| O|  |TAMS 0x0000000080a00000, 0x0000000080900000| Untracked 
|  10|0x0000000080a00000, 0x0000000080b00000, 0x0000000080b00000|100%| O|  |TAMS 0x0000000080b00000, 0x0000000080a00000| Untracked 
|  11|0x0000000080b00000, 0x0000000080c00000, 0x0000000080c00000|100%| O|  |TAMS 0x0000000080c00000, 0x0000000080b00000| Untracked 
|  12|0x0000000080c00000, 0x0000000080d00000, 0x0000000080d00000|100%| O|  |TAMS 0x0000000080d00000, 0x0000000080c00000| Untracked 
|  13|0x0000000080d00000, 0x0000000080e00000, 0x0000000080e00000|100%| O|  |TAMS 0x0000000080e00000, 0x0000000080d00000| Untracked 
|  14|0x0000000080e00000, 0x0000000080f00000, 0x0000000080f00000|100%| O|  |TAMS 0x0000000080f00000, 0x0000000080e00000| Untracked 
|  15|0x0000000080f00000, 0x0000000081000000, 0x0000000081000000|100%| O|  |TAMS 0x0000000081000000, 0x0000000080f00000| Untracked 
|  16|0x0000000081000000, 0x0000000081100000, 0x0000000081100000|100%| O|  |TAMS 0x0000000081100000, 0x0000000081000000| Untracked 
|  17|0x0000000081100000, 0x0000000081200000, 0x0000000081200000|100%| O|  |TAMS 0x0000000081200000, 0x0000000081100000| Untracked 
|  18|0x0000000081200000, 0x0000000081300000, 0x0000000081300000|100%| O|  |TAMS 0x0000000081300000, 0x0000000081200000| Untracked 
|  19|0x0000000081300000, 0x0000000081400000, 0x0000000081400000|100%| O|  |TAMS 0x0000000081400000, 0x0000000081300000| Untracked 
|  20|0x0000000081400000, 0x0000000081500000, 0x0000000081500000|100%| O|  |TAMS 0x0000000081500000, 0x0000000081400000| Untracked 
|  21|0x0000000081500000, 0x0000000081500000, 0x0000000081600000|  0%| F|  |TAMS 0x0000000081500000, 0x0000000081500000| Untracked 
|  22|0x0000000081600000, 0x0000000081700000, 0x0000000081700000|100%|HS|  |TAMS 0x0000000081700000, 0x0000000081600000| Complete 
|  23|0x0000000081700000, 0x0000000081800000, 0x0000000081800000|100%|HC|  |TAMS 0x0000000081800000, 0x0000000081700000| Complete 
|  24|0x0000000081800000, 0x0000000081900000, 0x0000000081900000|100%|HS|  |TAMS 0x0000000081900000, 0x0000000081800000| Complete 
|  25|0x0000000081900000, 0x0000000081a00000, 0x0000000081a00000|100%|HC|  |TAMS 0x0000000081a00000, 0x0000000081900000| Complete 
|  26|0x0000000081a00000, 0x0000000081b00000, 0x0000000081b00000|100%|HC|  |TAMS 0x0000000081b00000, 0x0000000081a00000| Complete 
|  27|0x0000000081b00000, 0x0000000081c00000, 0x0000000081c00000|100%|HS|  |TAMS 0x0000000081c00000, 0x0000000081b00000| Complete 
|  28|0x0000000081c00000, 0x0000000081d00000, 0x0000000081d00000|100%|HC|  |TAMS 0x0000000081d00000, 0x0000000081c00000| Complete 
|  29|0x0000000081d00000, 0x0000000081e00000, 0x0000000081e00000|100%|HC|  |TAMS 0x0000000081e00000, 0x0000000081d00000| Complete 
|  30|0x0000000081e00000, 0x0000000081f00000, 0x0000000081f00000|100%|HS|  |TAMS 0x0000000081f00000, 0x0000000081e00000| Complete 
|  31|0x0000000081f00000, 0x0000000082000000, 0x0000000082000000|100%|HC|  |TAMS 0x0000000082000000, 0x0000000081f00000| Complete 
|  32|0x0000000082000000, 0x0000000082100000, 0x0000000082100000|100%|HC|  |TAMS 0x0000000082100000, 0x0000000082000000| Complete 
|  33|0x0000000082100000, 0x0000000082200000, 0x0000000082200000|100%| O|  |TAMS 0x0000000082200000, 0x0000000082100000| Untracked 
|  34|0x0000000082200000, 0x0000000082300000, 0x0000000082300000|100%| O|  |TAMS 0x0000000082300000, 0x0000000082200000| Untracked 
|  35|0x0000000082300000, 0x0000000082400000, 0x0000000082400000|100%| O|  |TAMS 0x0000000082400000, 0x0000000082300000| Untracked 
|  36|0x0000000082400000, 0x0000000082500000, 0x0000000082500000|100%| O|  |TAMS 0x0000000082500000, 0x0000000082400000| Untracked 
|  37|0x0000000082500000, 0x0000000082600000, 0x0000000082600000|100%| O|  |TAMS 0x0000000082600000, 0x0000000082500000| Untracked 
|  38|0x0000000082600000, 0x0000000082700000, 0x0000000082700000|100%| O|  |TAMS 0x0000000082700000, 0x0000000082600000| Untracked 
|  39|0x0000000082700000, 0x0000000082800000, 0x0000000082800000|100%| O|  |TAMS 0x0000000082800000, 0x0000000082700000| Untracked 
|  40|0x0000000082800000, 0x0000000082900000, 0x0000000082900000|100%|HS|  |TAMS 0x0000000082900000, 0x0000000082800000| Complete 
|  41|0x0000000082900000, 0x0000000082a00000, 0x0000000082a00000|100%|HC|  |TAMS 0x0000000082a00000, 0x0000000082900000| Complete 
|  42|0x0000000082a00000, 0x0000000082b00000, 0x0000000082b00000|100%|HC|  |TAMS 0x0000000082b00000, 0x0000000082a00000| Complete 
|  43|0x0000000082b00000, 0x0000000082c00000, 0x0000000082c00000|100%| O|  |TAMS 0x0000000082c00000, 0x0000000082b00000| Untracked 
|  44|0x0000000082c00000, 0x0000000082d00000, 0x0000000082d00000|100%| O|  |TAMS 0x0000000082d00000, 0x0000000082c00000| Untracked 
|  45|0x0000000082d00000, 0x0000000082e00000, 0x0000000082e00000|100%| O|  |TAMS 0x0000000082e00000, 0x0000000082d00000| Untracked 
|  46|0x0000000082e00000, 0x0000000082f00000, 0x0000000082f00000|100%| O|  |TAMS 0x0000000082f00000, 0x0000000082e00000| Untracked 
|  47|0x0000000082f00000, 0x0000000083000000, 0x0000000083000000|100%| O|  |TAMS 0x0000000083000000, 0x0000000082f00000| Untracked 
|  48|0x0000000083000000, 0x0000000083100000, 0x0000000083100000|100%| O|  |TAMS 0x0000000083100000, 0x0000000083000000| Untracked 
|  49|0x0000000083100000, 0x0000000083200000, 0x0000000083200000|100%| O|  |TAMS 0x0000000083200000, 0x0000000083100000| Untracked 
|  50|0x0000000083200000, 0x0000000083300000, 0x0000000083300000|100%| O|  |TAMS 0x0000000083300000, 0x0000000083200000| Untracked 
|  51|0x0000000083300000, 0x0000000083400000, 0x0000000083400000|100%| O|  |TAMS 0x0000000083300000, 0x0000000083300000| Untracked 
|  52|0x0000000083400000, 0x0000000083500000, 0x0000000083500000|100%| O|  |TAMS 0x0000000083500000, 0x0000000083400000| Untracked 
|  53|0x0000000083500000, 0x0000000083600000, 0x0000000083600000|100%| O|  |TAMS 0x0000000083600000, 0x0000000083500000| Untracked 
|  54|0x0000000083600000, 0x0000000083700000, 0x0000000083700000|100%| O|  |TAMS 0x0000000083700000, 0x0000000083600000| Untracked 
|  55|0x0000000083700000, 0x0000000083800000, 0x0000000083800000|100%| O|  |TAMS 0x0000000083800000, 0x0000000083700000| Untracked 
|  56|0x0000000083800000, 0x0000000083900000, 0x0000000083900000|100%| O|  |TAMS 0x0000000083900000, 0x0000000083800000| Untracked 
|  57|0x0000000083900000, 0x0000000083a00000, 0x0000000083a00000|100%| O|  |TAMS 0x0000000083a00000, 0x0000000083900000| Untracked 
|  58|0x0000000083a00000, 0x0000000083b00000, 0x0000000083b00000|100%| O|  |TAMS 0x0000000083b00000, 0x0000000083a00000| Untracked 
|  59|0x0000000083b00000, 0x0000000083c00000, 0x0000000083c00000|100%| O|  |TAMS 0x0000000083c00000, 0x0000000083b00000| Untracked 
|  60|0x0000000083c00000, 0x0000000083d00000, 0x0000000083d00000|100%| O|  |TAMS 0x0000000083d00000, 0x0000000083c00000| Untracked 
|  61|0x0000000083d00000, 0x0000000083e00000, 0x0000000083e00000|100%| O|  |TAMS 0x0000000083e00000, 0x0000000083d00000| Untracked 
|  62|0x0000000083e00000, 0x0000000083f00000, 0x0000000083f00000|100%| O|  |TAMS 0x0000000083f00000, 0x0000000083e00000| Untracked 
|  63|0x0000000083f00000, 0x0000000084000000, 0x0000000084000000|100%| O|  |TAMS 0x0000000084000000, 0x0000000083f00000| Untracked 
|  64|0x0000000084000000, 0x0000000084100000, 0x0000000084100000|100%| O|  |TAMS 0x0000000084100000, 0x0000000084000000| Untracked 
|  65|0x0000000084100000, 0x0000000084200000, 0x0000000084200000|100%| O|  |TAMS 0x0000000084200000, 0x0000000084100000| Untracked 
|  66|0x0000000084200000, 0x0000000084300000, 0x0000000084300000|100%| O|  |TAMS 0x0000000084300000, 0x0000000084200000| Untracked 
|  67|0x0000000084300000, 0x0000000084400000, 0x0000000084400000|100%|HS|  |TAMS 0x0000000084400000, 0x0000000084300000| Complete 
|  68|0x0000000084400000, 0x0000000084500000, 0x0000000084500000|100%|HC|  |TAMS 0x0000000084500000, 0x0000000084400000| Complete 
|  69|0x0000000084500000, 0x0000000084600000, 0x0000000084600000|100%|HC|  |TAMS 0x0000000084600000, 0x0000000084500000| Complete 
|  70|0x0000000084600000, 0x0000000084700000, 0x0000000084700000|100%|HC|  |TAMS 0x0000000084700000, 0x0000000084600000| Complete 
|  71|0x0000000084700000, 0x0000000084800000, 0x0000000084800000|100%|HC|  |TAMS 0x0000000084800000, 0x0000000084700000| Complete 
|  72|0x0000000084800000, 0x0000000084900000, 0x0000000084900000|100%|HC|  |TAMS 0x0000000084900000, 0x0000000084800000| Complete 
|  73|0x0000000084900000, 0x0000000084a00000, 0x0000000084a00000|100%|HS|  |TAMS 0x0000000084a00000, 0x0000000084900000| Complete 
|  74|0x0000000084a00000, 0x0000000084b00000, 0x0000000084b00000|100%| O|  |TAMS 0x0000000084b00000, 0x0000000084a00000| Untracked 
|  75|0x0000000084b00000, 0x0000000084c00000, 0x0000000084c00000|100%| O|  |TAMS 0x0000000084c00000, 0x0000000084b00000| Untracked 
|  76|0x0000000084c00000, 0x0000000084d00000, 0x0000000084d00000|100%| O|  |TAMS 0x0000000084d00000, 0x0000000084c00000| Untracked 
|  77|0x0000000084d00000, 0x0000000084e00000, 0x0000000084e00000|100%| O|  |TAMS 0x0000000084e00000, 0x0000000084d00000| Untracked 
|  78|0x0000000084e00000, 0x0000000084f00000, 0x0000000084f00000|100%| O|  |TAMS 0x0000000084f00000, 0x0000000084e00000| Untracked 
|  79|0x0000000084f00000, 0x0000000085000000, 0x0000000085000000|100%| O|  |TAMS 0x0000000085000000, 0x0000000084f00000| Untracked 
|  80|0x0000000085000000, 0x0000000085100000, 0x0000000085100000|100%| O|  |TAMS 0x0000000085100000, 0x0000000085000000| Untracked 
|  81|0x0000000085100000, 0x0000000085200000, 0x0000000085200000|100%| O|  |TAMS 0x00000000851f7e00, 0x0000000085100000| Untracked 
|  82|0x0000000085200000, 0x0000000085300000, 0x0000000085300000|100%| O|  |TAMS 0x0000000085200000, 0x0000000085200000| Untracked 
|  83|0x0000000085300000, 0x0000000085400000, 0x0000000085400000|100%| O|  |TAMS 0x0000000085300000, 0x0000000085300000| Untracked 
|  84|0x0000000085400000, 0x0000000085500000, 0x0000000085500000|100%| O|  |TAMS 0x0000000085400000, 0x0000000085400000| Untracked 
|  85|0x0000000085500000, 0x0000000085600000, 0x0000000085600000|100%| O|  |TAMS 0x0000000085500000, 0x0000000085500000| Untracked 
|  86|0x0000000085600000, 0x0000000085633800, 0x0000000085700000| 20%| O|  |TAMS 0x0000000085600000, 0x0000000085600000| Untracked 
|  87|0x0000000085700000, 0x0000000085700000, 0x0000000085800000|  0%| F|  |TAMS 0x0000000085700000, 0x0000000085700000| Untracked 
|  88|0x0000000085800000, 0x0000000085800000, 0x0000000085900000|  0%| F|  |TAMS 0x0000000085800000, 0x0000000085800000| Untracked 
|  89|0x0000000085900000, 0x0000000085900000, 0x0000000085a00000|  0%| F|  |TAMS 0x0000000085900000, 0x0000000085900000| Untracked 
|  90|0x0000000085a00000, 0x0000000085a00000, 0x0000000085b00000|  0%| F|  |TAMS 0x0000000085a00000, 0x0000000085a00000| Untracked 
|  91|0x0000000085b00000, 0x0000000085b00000, 0x0000000085c00000|  0%| F|  |TAMS 0x0000000085b00000, 0x0000000085b00000| Untracked 
|  92|0x0000000085c00000, 0x0000000085c00000, 0x0000000085d00000|  0%| F|  |TAMS 0x0000000085c00000, 0x0000000085c00000| Untracked 
|  93|0x0000000085d00000, 0x0000000085d00000, 0x0000000085e00000|  0%| F|  |TAMS 0x0000000085d00000, 0x0000000085d00000| Untracked 
|  94|0x0000000085e00000, 0x0000000085e00000, 0x0000000085f00000|  0%| F|  |TAMS 0x0000000085e00000, 0x0000000085e00000| Untracked 
|  95|0x0000000085f00000, 0x0000000085f00000, 0x0000000086000000|  0%| F|  |TAMS 0x0000000085f00000, 0x0000000085f00000| Untracked 
|  96|0x0000000086000000, 0x0000000086000000, 0x0000000086100000|  0%| F|  |TAMS 0x0000000086000000, 0x0000000086000000| Untracked 
|  97|0x0000000086100000, 0x0000000086100000, 0x0000000086200000|  0%| F|  |TAMS 0x0000000086100000, 0x0000000086100000| Untracked 
|  98|0x0000000086200000, 0x0000000086200000, 0x0000000086300000|  0%| F|  |TAMS 0x0000000086200000, 0x0000000086200000| Untracked 
|  99|0x0000000086300000, 0x0000000086300000, 0x0000000086400000|  0%| F|  |TAMS 0x0000000086300000, 0x0000000086300000| Untracked 
| 100|0x0000000086400000, 0x0000000086400000, 0x0000000086500000|  0%| F|  |TAMS 0x0000000086400000, 0x0000000086400000| Untracked 
| 101|0x0000000086500000, 0x0000000086500000, 0x0000000086600000|  0%| F|  |TAMS 0x0000000086500000, 0x0000000086500000| Untracked 
| 102|0x0000000086600000, 0x0000000086600000, 0x0000000086700000|  0%| F|  |TAMS 0x0000000086600000, 0x0000000086600000| Untracked 
| 103|0x0000000086700000, 0x0000000086700000, 0x0000000086800000|  0%| F|  |TAMS 0x0000000086700000, 0x0000000086700000| Untracked 
| 104|0x0000000086800000, 0x0000000086800000, 0x0000000086900000|  0%| F|  |TAMS 0x0000000086800000, 0x0000000086800000| Untracked 
| 105|0x0000000086900000, 0x0000000086900000, 0x0000000086a00000|  0%| F|  |TAMS 0x0000000086900000, 0x0000000086900000| Untracked 
| 106|0x0000000086a00000, 0x0000000086a00000, 0x0000000086b00000|  0%| F|  |TAMS 0x0000000086a00000, 0x0000000086a00000| Untracked 
| 107|0x0000000086b00000, 0x0000000086b00000, 0x0000000086c00000|  0%| F|  |TAMS 0x0000000086b00000, 0x0000000086b00000| Untracked 
| 108|0x0000000086c00000, 0x0000000086c00000, 0x0000000086d00000|  0%| F|  |TAMS 0x0000000086c00000, 0x0000000086c00000| Untracked 
| 109|0x0000000086d00000, 0x0000000086d00000, 0x0000000086e00000|  0%| F|  |TAMS 0x0000000086d00000, 0x0000000086d00000| Untracked 
| 110|0x0000000086e00000, 0x0000000086e00000, 0x0000000086f00000|  0%| F|  |TAMS 0x0000000086e00000, 0x0000000086e00000| Untracked 
| 111|0x0000000086f00000, 0x0000000086f00000, 0x0000000087000000|  0%| F|  |TAMS 0x0000000086f00000, 0x0000000086f00000| Untracked 
| 112|0x0000000087000000, 0x0000000087000000, 0x0000000087100000|  0%| F|  |TAMS 0x0000000087000000, 0x0000000087000000| Untracked 
| 113|0x0000000087100000, 0x0000000087100000, 0x0000000087200000|  0%| F|  |TAMS 0x0000000087100000, 0x0000000087100000| Untracked 
| 114|0x0000000087200000, 0x0000000087200000, 0x0000000087300000|  0%| F|  |TAMS 0x0000000087200000, 0x0000000087200000| Untracked 
| 115|0x0000000087300000, 0x0000000087300000, 0x0000000087400000|  0%| F|  |TAMS 0x0000000087300000, 0x0000000087300000| Untracked 
| 116|0x0000000087400000, 0x0000000087400000, 0x0000000087500000|  0%| F|  |TAMS 0x0000000087400000, 0x0000000087400000| Untracked 
| 117|0x0000000087500000, 0x0000000087500000, 0x0000000087600000|  0%| F|  |TAMS 0x0000000087500000, 0x0000000087500000| Untracked 
| 118|0x0000000087600000, 0x0000000087600000, 0x0000000087700000|  0%| F|  |TAMS 0x0000000087600000, 0x0000000087600000| Untracked 
| 119|0x0000000087700000, 0x0000000087700000, 0x0000000087800000|  0%| F|  |TAMS 0x0000000087700000, 0x0000000087700000| Untracked 
| 120|0x0000000087800000, 0x0000000087800000, 0x0000000087900000|  0%| F|  |TAMS 0x0000000087800000, 0x0000000087800000| Untracked 
| 121|0x0000000087900000, 0x0000000087900000, 0x0000000087a00000|  0%| F|  |TAMS 0x0000000087900000, 0x0000000087900000| Untracked 
| 122|0x0000000087a00000, 0x0000000087a00000, 0x0000000087b00000|  0%| F|  |TAMS 0x0000000087a00000, 0x0000000087a00000| Untracked 
| 123|0x0000000087b00000, 0x0000000087b00000, 0x0000000087c00000|  0%| F|  |TAMS 0x0000000087b00000, 0x0000000087b00000| Untracked 
| 124|0x0000000087c00000, 0x0000000087c00000, 0x0000000087d00000|  0%| F|  |TAMS 0x0000000087c00000, 0x0000000087c00000| Untracked 
| 125|0x0000000087d00000, 0x0000000087d00000, 0x0000000087e00000|  0%| F|  |TAMS 0x0000000087d00000, 0x0000000087d00000| Untracked 
| 126|0x0000000087e00000, 0x0000000087e00000, 0x0000000087f00000|  0%| F|  |TAMS 0x0000000087e00000, 0x0000000087e00000| Untracked 
| 127|0x0000000087f00000, 0x0000000087f00000, 0x0000000088000000|  0%| F|  |TAMS 0x0000000087f00000, 0x0000000087f00000| Untracked 
| 128|0x0000000088000000, 0x0000000088000000, 0x0000000088100000|  0%| F|  |TAMS 0x0000000088000000, 0x0000000088000000| Untracked 
| 129|0x0000000088100000, 0x0000000088100000, 0x0000000088200000|  0%| F|  |TAMS 0x0000000088100000, 0x0000000088100000| Untracked 
| 130|0x0000000088200000, 0x0000000088200000, 0x0000000088300000|  0%| F|  |TAMS 0x0000000088200000, 0x0000000088200000| Untracked 
| 131|0x0000000088300000, 0x0000000088300000, 0x0000000088400000|  0%| F|  |TAMS 0x0000000088300000, 0x0000000088300000| Untracked 
| 132|0x0000000088400000, 0x0000000088400000, 0x0000000088500000|  0%| F|  |TAMS 0x0000000088400000, 0x0000000088400000| Untracked 
| 133|0x0000000088500000, 0x0000000088500000, 0x0000000088600000|  0%| F|  |TAMS 0x0000000088500000, 0x0000000088500000| Untracked 
| 134|0x0000000088600000, 0x0000000088600000, 0x0000000088700000|  0%| F|  |TAMS 0x0000000088600000, 0x0000000088600000| Untracked 
| 135|0x0000000088700000, 0x0000000088700000, 0x0000000088800000|  0%| F|  |TAMS 0x0000000088700000, 0x0000000088700000| Untracked 
| 136|0x0000000088800000, 0x0000000088800000, 0x0000000088900000|  0%| F|  |TAMS 0x0000000088800000, 0x0000000088800000| Untracked 
| 137|0x0000000088900000, 0x0000000088900000, 0x0000000088a00000|  0%| F|  |TAMS 0x0000000088900000, 0x0000000088900000| Untracked 
| 138|0x0000000088a00000, 0x0000000088a00000, 0x0000000088b00000|  0%| F|  |TAMS 0x0000000088a00000, 0x0000000088a00000| Untracked 
| 139|0x0000000088b00000, 0x0000000088b00000, 0x0000000088c00000|  0%| F|  |TAMS 0x0000000088b00000, 0x0000000088b00000| Untracked 
| 140|0x0000000088c00000, 0x0000000088c00000, 0x0000000088d00000|  0%| F|  |TAMS 0x0000000088c00000, 0x0000000088c00000| Untracked 
| 141|0x0000000088d00000, 0x0000000088d00000, 0x0000000088e00000|  0%| F|  |TAMS 0x0000000088d00000, 0x0000000088d00000| Untracked 
| 142|0x0000000088e00000, 0x0000000088e00000, 0x0000000088f00000|  0%| F|  |TAMS 0x0000000088e00000, 0x0000000088e00000| Untracked 
| 143|0x0000000088f00000, 0x0000000088f00000, 0x0000000089000000|  0%| F|  |TAMS 0x0000000088f00000, 0x0000000088f00000| Untracked 
| 144|0x0000000089000000, 0x0000000089000000, 0x0000000089100000|  0%| F|  |TAMS 0x0000000089000000, 0x0000000089000000| Untracked 
| 145|0x0000000089100000, 0x0000000089100000, 0x0000000089200000|  0%| F|  |TAMS 0x0000000089100000, 0x0000000089100000| Untracked 
| 146|0x0000000089200000, 0x00000000892c37c0, 0x0000000089300000| 76%| S|CS|TAMS 0x0000000089200000, 0x0000000089200000| Complete 
| 147|0x0000000089300000, 0x0000000089300000, 0x0000000089400000|  0%| F|  |TAMS 0x0000000089300000, 0x0000000089300000| Untracked 
| 148|0x0000000089400000, 0x0000000089400000, 0x0000000089500000|  0%| F|  |TAMS 0x0000000089400000, 0x0000000089400000| Untracked 
| 149|0x0000000089500000, 0x0000000089500000, 0x0000000089600000|  0%| F|  |TAMS 0x0000000089500000, 0x0000000089500000| Untracked 
| 150|0x0000000089600000, 0x0000000089600000, 0x0000000089700000|  0%| F|  |TAMS 0x0000000089600000, 0x0000000089600000| Untracked 
| 151|0x0000000089700000, 0x0000000089700000, 0x0000000089800000|  0%| F|  |TAMS 0x0000000089700000, 0x0000000089700000| Untracked 
| 152|0x0000000089800000, 0x0000000089800000, 0x0000000089900000|  0%| F|  |TAMS 0x0000000089800000, 0x0000000089800000| Untracked 
| 153|0x0000000089900000, 0x0000000089900000, 0x0000000089a00000|  0%| F|  |TAMS 0x0000000089900000, 0x0000000089900000| Untracked 
| 154|0x0000000089a00000, 0x0000000089a00000, 0x0000000089b00000|  0%| F|  |TAMS 0x0000000089a00000, 0x0000000089a00000| Untracked 
| 155|0x0000000089b00000, 0x0000000089b00000, 0x0000000089c00000|  0%| F|  |TAMS 0x0000000089b00000, 0x0000000089b00000| Untracked 
| 156|0x0000000089c00000, 0x0000000089c00000, 0x0000000089d00000|  0%| F|  |TAMS 0x0000000089c00000, 0x0000000089c00000| Untracked 
| 157|0x0000000089d00000, 0x0000000089d00000, 0x0000000089e00000|  0%| F|  |TAMS 0x0000000089d00000, 0x0000000089d00000| Untracked 
| 158|0x0000000089e00000, 0x0000000089e00000, 0x0000000089f00000|  0%| F|  |TAMS 0x0000000089e00000, 0x0000000089e00000| Untracked 
| 159|0x0000000089f00000, 0x0000000089f00000, 0x000000008a000000|  0%| F|  |TAMS 0x0000000089f00000, 0x0000000089f00000| Untracked 
| 160|0x000000008a000000, 0x000000008a000000, 0x000000008a100000|  0%| F|  |TAMS 0x000000008a000000, 0x000000008a000000| Untracked 
| 161|0x000000008a100000, 0x000000008a100000, 0x000000008a200000|  0%| F|  |TAMS 0x000000008a100000, 0x000000008a100000| Untracked 
| 162|0x000000008a200000, 0x000000008a200000, 0x000000008a300000|  0%| F|  |TAMS 0x000000008a200000, 0x000000008a200000| Untracked 
| 163|0x000000008a300000, 0x000000008a300000, 0x000000008a400000|  0%| F|  |TAMS 0x000000008a300000, 0x000000008a300000| Untracked 
| 164|0x000000008a400000, 0x000000008a400000, 0x000000008a500000|  0%| F|  |TAMS 0x000000008a400000, 0x000000008a400000| Untracked 
| 165|0x000000008a500000, 0x000000008a500000, 0x000000008a600000|  0%| F|  |TAMS 0x000000008a500000, 0x000000008a500000| Untracked 
| 166|0x000000008a600000, 0x000000008a600000, 0x000000008a700000|  0%| F|  |TAMS 0x000000008a600000, 0x000000008a600000| Untracked 
| 167|0x000000008a700000, 0x000000008a700000, 0x000000008a800000|  0%| F|  |TAMS 0x000000008a700000, 0x000000008a700000| Untracked 
| 168|0x000000008a800000, 0x000000008a800000, 0x000000008a900000|  0%| F|  |TAMS 0x000000008a800000, 0x000000008a800000| Untracked 
| 169|0x000000008a900000, 0x000000008a900000, 0x000000008aa00000|  0%| F|  |TAMS 0x000000008a900000, 0x000000008a900000| Untracked 
| 170|0x000000008aa00000, 0x000000008aa00000, 0x000000008ab00000|  0%| F|  |TAMS 0x000000008aa00000, 0x000000008aa00000| Untracked 
| 171|0x000000008ab00000, 0x000000008ab00000, 0x000000008ac00000|  0%| F|  |TAMS 0x000000008ab00000, 0x000000008ab00000| Untracked 
| 172|0x000000008ac00000, 0x000000008ac00000, 0x000000008ad00000|  0%| F|  |TAMS 0x000000008ac00000, 0x000000008ac00000| Untracked 
| 173|0x000000008ad00000, 0x000000008ad00000, 0x000000008ae00000|  0%| F|  |TAMS 0x000000008ad00000, 0x000000008ad00000| Untracked 
| 174|0x000000008ae00000, 0x000000008ae00000, 0x000000008af00000|  0%| F|  |TAMS 0x000000008ae00000, 0x000000008ae00000| Untracked 
| 175|0x000000008af00000, 0x000000008af00000, 0x000000008b000000|  0%| F|  |TAMS 0x000000008af00000, 0x000000008af00000| Untracked 
| 176|0x000000008b000000, 0x000000008b000000, 0x000000008b100000|  0%| F|  |TAMS 0x000000008b000000, 0x000000008b000000| Untracked 
| 177|0x000000008b100000, 0x000000008b100000, 0x000000008b200000|  0%| F|  |TAMS 0x000000008b100000, 0x000000008b100000| Untracked 
| 178|0x000000008b200000, 0x000000008b200000, 0x000000008b300000|  0%| F|  |TAMS 0x000000008b200000, 0x000000008b200000| Untracked 
| 179|0x000000008b300000, 0x000000008b300000, 0x000000008b400000|  0%| F|  |TAMS 0x000000008b300000, 0x000000008b300000| Untracked 
| 180|0x000000008b400000, 0x000000008b400000, 0x000000008b500000|  0%| F|  |TAMS 0x000000008b400000, 0x000000008b400000| Untracked 
| 181|0x000000008b500000, 0x000000008b500000, 0x000000008b600000|  0%| F|  |TAMS 0x000000008b500000, 0x000000008b500000| Untracked 
| 182|0x000000008b600000, 0x000000008b600000, 0x000000008b700000|  0%| F|  |TAMS 0x000000008b600000, 0x000000008b600000| Untracked 
| 183|0x000000008b700000, 0x000000008b700000, 0x000000008b800000|  0%| F|  |TAMS 0x000000008b700000, 0x000000008b700000| Untracked 
| 184|0x000000008b800000, 0x000000008b800000, 0x000000008b900000|  0%| F|  |TAMS 0x000000008b800000, 0x000000008b800000| Untracked 
| 185|0x000000008b900000, 0x000000008b900000, 0x000000008ba00000|  0%| F|  |TAMS 0x000000008b900000, 0x000000008b900000| Untracked 
| 186|0x000000008ba00000, 0x000000008ba00000, 0x000000008bb00000|  0%| F|  |TAMS 0x000000008ba00000, 0x000000008ba00000| Untracked 
| 187|0x000000008bb00000, 0x000000008bb00000, 0x000000008bc00000|  0%| F|  |TAMS 0x000000008bb00000, 0x000000008bb00000| Untracked 
|2047|0x00000000fff00000, 0x0000000100000000, 0x0000000100000000|100%| O|  |TAMS 0x0000000100000000, 0x00000000fff00000| Untracked 

Card table byte_map: [0x0000020bd6410000,0x0000020bd6810000] _byte_map_base: 0x0000020bd6010000

Marking Bits (Prev, Next): (CMBitMap*) 0x0000020bc1959840, (CMBitMap*) 0x0000020bc1959880
 Prev Bits: [0x0000020bd6c10000, 0x0000020bd8c10000)
 Next Bits: [0x0000020bd8c10000, 0x0000020bdac10000)

Polling page: 0x0000020bc19b0000

Metaspace:

Usage:
  Non-class:     78.18 MB used.
      Class:     11.93 MB used.
       Both:     90.12 MB used.

Virtual space:
  Non-class space:      128.00 MB reserved,      78.56 MB ( 61%) committed,  2 nodes.
      Class space:        1.00 GB reserved,      12.19 MB (  1%) committed,  1 nodes.
             Both:        1.12 GB reserved,      90.75 MB (  8%) committed. 

Chunk freelists:
   Non-Class:  1.48 MB
       Class:  3.81 MB
        Both:  5.30 MB

MaxMetaspaceSize: unlimited
CompressedClassSpaceSize: 1.00 GB
Initial GC threshold: 21.00 MB
Current GC threshold: 149.00 MB
CDS: off
MetaspaceReclaimPolicy: balanced
 - commit_granule_bytes: 65536.
 - commit_granule_words: 8192.
 - virtual_space_node_default_size: 8388608.
 - enlarge_chunks_in_place: 1.
 - new_chunks_are_fully_committed: 0.
 - uncommit_free_chunks: 1.
 - use_allocation_guard: 0.
 - handle_deallocations: 1.


Internal statistics:

num_allocs_failed_limit: 12.
num_arena_births: 698.
num_arena_deaths: 0.
num_vsnodes_births: 3.
num_vsnodes_deaths: 0.
num_space_committed: 1450.
num_space_uncommitted: 0.
num_chunks_returned_to_freelist: 12.
num_chunks_taken_from_freelist: 3691.
num_chunk_merges: 9.
num_chunk_splits: 2803.
num_chunks_enlarged: 2243.
num_inconsistent_stats: 0.

CodeHeap 'non-profiled nmethods': size=120000Kb used=3485Kb max_used=3485Kb free=116514Kb
 bounds [0x0000020bce070000, 0x0000020bce3e0000, 0x0000020bd55a0000]
CodeHeap 'profiled nmethods': size=120000Kb used=12301Kb max_used=12301Kb free=107698Kb
 bounds [0x0000020bc65a0000, 0x0000020bc71b0000, 0x0000020bcdad0000]
CodeHeap 'non-nmethods': size=5760Kb used=2412Kb max_used=2472Kb free=3347Kb
 bounds [0x0000020bcdad0000, 0x0000020bcdd40000, 0x0000020bce070000]
 total_blobs=7015 nmethods=6076 adapters=851
 compilation: enabled
              stopped_count=0, restarted_count=0
 full_count=0

Compilation events (20 events):
Event: 8.345 Thread 0x0000020bdd8d8960 nmethod 6857 0x0000020bc719e190 code [0x0000020bc719e340, 0x0000020bc719e4e8]
Event: 8.345 Thread 0x0000020bdd8d8960 6859   !   3       org.jetbrains.kotlin.com.intellij.util.io.FileAccessorCache$Handle::release (48 bytes)
Event: 8.345 Thread 0x0000020bdd8d4b50 nmethod 6846 0x0000020bce3d6990 code [0x0000020bce3d6b40, 0x0000020bce3d71b8]
Event: 8.345 Thread 0x0000020bdd8d4b50 6847       4       org.jetbrains.kotlin.storage.LockBasedStorageManager$LockBasedLazyValue::<init> (38 bytes)
Event: 8.345 Thread 0x0000020bdd8d8960 nmethod 6859 0x0000020bc719e590 code [0x0000020bc719e760, 0x0000020bc719ead8]
Event: 8.345 Thread 0x0000020bdd8d8960 6860       3       java.util.concurrent.atomic.AtomicInteger::decrementAndGet (14 bytes)
Event: 8.345 Thread 0x0000020bdd8d8960 nmethod 6860 0x0000020bc719ed10 code [0x0000020bc719eea0, 0x0000020bc719efb8]
Event: 8.345 Thread 0x0000020bdd8d8960 6861       3       org.jetbrains.kotlin.load.java.structure.impl.JavaElementImpl::<init> (18 bytes)
Event: 8.345 Thread 0x0000020bdd8d8960 nmethod 6861 0x0000020bc719f090 code [0x0000020bc719f240, 0x0000020bc719f468]
Event: 8.345 Thread 0x0000020bdd8d8960 6858       3       org.jetbrains.kotlin.com.intellij.psi.search.DelegatingGlobalSearchScope::isSearchInLibraries (8 bytes)
Event: 8.345 Thread 0x0000020bdd8d8960 nmethod 6858 0x0000020bc719f590 code [0x0000020bc719f740, 0x0000020bc719f908]
Event: 8.346 Thread 0x0000020bdd8d8960 6862       3       org.jetbrains.kotlin.serialization.deserialization.descriptors.DeserializedClassDescriptor$DeserializedClassTypeConstructor::getParameters (13 bytes)
Event: 8.346 Thread 0x0000020bdd8d8960 nmethod 6862 0x0000020bc719fa10 code [0x0000020bc719fbc0, 0x0000020bc719fe88]
Event: 8.346 Thread 0x0000020bdd8d8960 6863       3       org.jetbrains.kotlin.load.java.structure.impl.classFiles.BinaryJavaMethodBase::<init> (83 bytes)
Event: 8.347 Thread 0x0000020bdd8d8960 nmethod 6863 0x0000020bc719ff90 code [0x0000020bc71a0380, 0x0000020bc71a1e08]
Event: 8.347 Thread 0x0000020bdd8d8960 6864       3       org.jetbrains.kotlin.load.java.structure.impl.classFiles.BinaryClassSignatureParser$parseTypeVariableRefSignature$1::<init> (16 bytes)
Event: 8.347 Thread 0x0000020bdd8d8960 nmethod 6864 0x0000020bc71a2710 code [0x0000020bc71a28c0, 0x0000020bc71a2b58]
Event: 8.347 Thread 0x0000020bdd8d8960 6865       3       org.jetbrains.kotlin.storage.LockBasedStorageManager::createRecursionTolerantLazyValue (30 bytes)
Event: 8.348 Thread 0x0000020bdd8d8960 nmethod 6865 0x0000020bc71a2c90 code [0x0000020bc71a2e80, 0x0000020bc71a3358]
Event: 8.348 Thread 0x0000020bdd8d8960 6867       3       org.jetbrains.kotlin.load.java.structure.impl.classFiles.BinaryClassSignatureParser::parseTypeWithoutVarianceAndArray (196 bytes)

GC Heap History (20 events):
Event: 6.044 GC heap after
{Heap after GC invocations=18 (full 0):
 garbage-first heap   total 119808K, used 58568K [0x0000000080000000, 0x0000000100000000)
  region size 1024K, 4 young (4096K), 4 survivors (4096K)
 Metaspace       used 69945K, committed 70592K, reserved 1114112K
  class space    used 9701K, committed 9984K, reserved 1048576K
}
Event: 6.275 GC heap before
{Heap before GC invocations=19 (full 0):
 garbage-first heap   total 119808K, used 106696K [0x0000000080000000, 0x0000000100000000)
  region size 1024K, 44 young (45056K), 4 survivors (4096K)
 Metaspace       used 70670K, committed 71296K, reserved 1114112K
  class space    used 9760K, committed 10048K, reserved 1048576K
}
Event: 6.286 GC heap after
{Heap after GC invocations=20 (full 0):
 garbage-first heap   total 120832K, used 68364K [0x0000000080000000, 0x0000000100000000)
  region size 1024K, 6 young (6144K), 6 survivors (6144K)
 Metaspace       used 70670K, committed 71296K, reserved 1114112K
  class space    used 9760K, committed 10048K, reserved 1048576K
}
Event: 6.526 GC heap before
{Heap before GC invocations=20 (full 0):
 garbage-first heap   total 120832K, used 96012K [0x0000000080000000, 0x0000000100000000)
  region size 1024K, 34 young (34816K), 6 survivors (6144K)
 Metaspace       used 74409K, committed 75072K, reserved 1114112K
  class space    used 10211K, committed 10496K, reserved 1048576K
}
Event: 6.532 GC heap after
{Heap after GC invocations=21 (full 0):
 garbage-first heap   total 145408K, used 70262K [0x0000000080000000, 0x0000000100000000)
  region size 1024K, 2 young (2048K), 2 survivors (2048K)
 Metaspace       used 74409K, committed 75072K, reserved 1114112K
  class space    used 10211K, committed 10496K, reserved 1048576K
}
Event: 6.882 GC heap before
{Heap before GC invocations=22 (full 0):
 garbage-first heap   total 145408K, used 121462K [0x0000000080000000, 0x0000000100000000)
  region size 1024K, 45 young (46080K), 2 survivors (2048K)
 Metaspace       used 79289K, committed 79872K, reserved 1179648K
  class space    used 10664K, committed 10944K, reserved 1048576K
}
Event: 6.885 GC heap after
{Heap after GC invocations=23 (full 0):
 garbage-first heap   total 145408K, used 80320K [0x0000000080000000, 0x0000000100000000)
  region size 1024K, 5 young (5120K), 5 survivors (5120K)
 Metaspace       used 79289K, committed 79872K, reserved 1179648K
  class space    used 10664K, committed 10944K, reserved 1048576K
}
Event: 6.902 GC heap before
{Heap before GC invocations=23 (full 0):
 garbage-first heap   total 145408K, used 81344K [0x0000000080000000, 0x0000000100000000)
  region size 1024K, 7 young (7168K), 5 survivors (5120K)
 Metaspace       used 79588K, committed 80256K, reserved 1179648K
  class space    used 10689K, committed 11008K, reserved 1048576K
}
Event: 6.905 GC heap after
{Heap after GC invocations=24 (full 0):
 garbage-first heap   total 145408K, used 80712K [0x0000000080000000, 0x0000000100000000)
  region size 1024K, 1 young (1024K), 1 survivors (1024K)
 Metaspace       used 79588K, committed 80256K, reserved 1179648K
  class space    used 10689K, committed 11008K, reserved 1048576K
}
Event: 7.238 GC heap before
{Heap before GC invocations=24 (full 0):
 garbage-first heap   total 145408K, used 118600K [0x0000000080000000, 0x0000000100000000)
  region size 1024K, 38 young (38912K), 1 survivors (1024K)
 Metaspace       used 84193K, committed 84800K, reserved 1179648K
  class space    used 11235K, committed 11520K, reserved 1048576K
}
Event: 7.241 GC heap after
{Heap after GC invocations=25 (full 0):
 garbage-first heap   total 145408K, used 81466K [0x0000000080000000, 0x0000000100000000)
  region size 1024K, 2 young (2048K), 2 survivors (2048K)
 Metaspace       used 84193K, committed 84800K, reserved 1179648K
  class space    used 11235K, committed 11520K, reserved 1048576K
}
Event: 7.615 GC heap before
{Heap before GC invocations=26 (full 0):
 garbage-first heap   total 145408K, used 120378K [0x0000000080000000, 0x0000000100000000)
  region size 1024K, 39 young (39936K), 2 survivors (2048K)
 Metaspace       used 88722K, committed 89344K, reserved 1179648K
  class space    used 11817K, committed 12096K, reserved 1048576K
}
Event: 7.619 GC heap after
{Heap after GC invocations=27 (full 0):
 garbage-first heap   total 145408K, used 84417K [0x0000000080000000, 0x0000000100000000)
  region size 1024K, 5 young (5120K), 5 survivors (5120K)
 Metaspace       used 88722K, committed 89344K, reserved 1179648K
  class space    used 11817K, committed 12096K, reserved 1048576K
}
Event: 7.627 GC heap before
{Heap before GC invocations=27 (full 0):
 garbage-first heap   total 145408K, used 86465K [0x0000000080000000, 0x0000000100000000)
  region size 1024K, 7 young (7168K), 5 survivors (5120K)
 Metaspace       used 88731K, committed 89344K, reserved 1179648K
  class space    used 11817K, committed 12096K, reserved 1048576K
}
Event: 7.631 GC heap after
{Heap after GC invocations=28 (full 0):
 garbage-first heap   total 145408K, used 84607K [0x0000000080000000, 0x0000000100000000)
  region size 1024K, 1 young (1024K), 1 survivors (1024K)
 Metaspace       used 88731K, committed 89344K, reserved 1179648K
  class space    used 11817K, committed 12096K, reserved 1048576K
}
Event: 7.905 GC heap before
{Heap before GC invocations=28 (full 0):
 garbage-first heap   total 145408K, used 120447K [0x0000000080000000, 0x0000000100000000)
  region size 1024K, 36 young (36864K), 1 survivors (1024K)
 Metaspace       used 90199K, committed 90880K, reserved 1179648K
  class space    used 11985K, committed 12288K, reserved 1048576K
}
Event: 7.909 GC heap after
{Heap after GC invocations=29 (full 0):
 garbage-first heap   total 145408K, used 86055K [0x0000000080000000, 0x0000000100000000)
  region size 1024K, 3 young (3072K), 3 survivors (3072K)
 Metaspace       used 90199K, committed 90880K, reserved 1179648K
  class space    used 11985K, committed 12288K, reserved 1048576K
}
Event: 8.297 GC heap before
{Heap before GC invocations=30 (full 0):
 garbage-first heap   total 153600K, used 120871K [0x0000000080000000, 0x0000000100000000)
  region size 1024K, 37 young (37888K), 3 survivors (3072K)
 Metaspace       used 92122K, committed 92800K, reserved 1179648K
  class space    used 12196K, committed 12480K, reserved 1048576K
}
Event: 8.302 GC heap after
{Heap after GC invocations=31 (full 0):
 garbage-first heap   total 153600K, used 88753K [0x0000000080000000, 0x0000000100000000)
  region size 1024K, 5 young (5120K), 5 survivors (5120K)
 Metaspace       used 92122K, committed 92800K, reserved 1179648K
  class space    used 12196K, committed 12480K, reserved 1048576K
}
Event: 8.348 GC heap before
{Heap before GC invocations=31 (full 0):
 garbage-first heap   total 153600K, used 90801K [0x0000000080000000, 0x0000000100000000)
  region size 1024K, 7 young (7168K), 5 survivors (5120K)
 Metaspace       used 92279K, committed 92928K, reserved 1179648K
  class space    used 12218K, committed 12480K, reserved 1048576K
}

Dll operation events (3 events):
Event: 0.143 Loaded shared library D:\Program Files\AndroidStudio\jbr\bin\java.dll
Event: 0.284 Loaded shared library D:\Program Files\AndroidStudio\jbr\bin\zip.dll
Event: 0.547 Loaded shared library D:\Program Files\AndroidStudio\jbr\bin\verify.dll

Deoptimization events (20 events):
Event: 7.772 Thread 0x0000020be30bf6d0 Uncommon trap: trap_request=0xffffffde fr.pc=0x0000020bce098040 relative=0x0000000000000120
Event: 7.772 Thread 0x0000020be30bf6d0 Uncommon trap: reason=class_check action=maybe_recompile pc=0x0000020bce098040 method=java.util.ArrayList.hashCodeRange(II)I @ 53 c2
Event: 7.772 Thread 0x0000020be30bf6d0 DEOPT PACKING pc=0x0000020bce098040 sp=0x00000049888f3f50
Event: 7.772 Thread 0x0000020be30bf6d0 DEOPT UNPACKING pc=0x0000020bcdb2a1a3 sp=0x00000049888f3ec0 mode 2
Event: 7.789 Thread 0x0000020be30bf6d0 Uncommon trap: trap_request=0xffffffc6 fr.pc=0x0000020bce2b4798 relative=0x0000000000000078
Event: 7.789 Thread 0x0000020be30bf6d0 Uncommon trap: reason=bimorphic_or_optimized_type_check action=maybe_recompile pc=0x0000020bce2b4798 method=java.util.Collections$UnmodifiableCollection.size()I @ 4 c2
Event: 7.789 Thread 0x0000020be30bf6d0 DEOPT PACKING pc=0x0000020bce2b4798 sp=0x00000049888f3240
Event: 7.789 Thread 0x0000020be30bf6d0 DEOPT UNPACKING pc=0x0000020bcdb2a1a3 sp=0x00000049888f31c8 mode 2
Event: 7.789 Thread 0x0000020be30bf6d0 Uncommon trap: trap_request=0xffffffc6 fr.pc=0x0000020bce2b4798 relative=0x0000000000000078
Event: 7.789 Thread 0x0000020be30bf6d0 Uncommon trap: reason=bimorphic_or_optimized_type_check action=maybe_recompile pc=0x0000020bce2b4798 method=java.util.Collections$UnmodifiableCollection.size()I @ 4 c2
Event: 7.789 Thread 0x0000020be30bf6d0 DEOPT PACKING pc=0x0000020bce2b4798 sp=0x00000049888f3620
Event: 7.789 Thread 0x0000020be30bf6d0 DEOPT UNPACKING pc=0x0000020bcdb2a1a3 sp=0x00000049888f35b0 mode 2
Event: 8.101 Thread 0x0000020be30bf6d0 DEOPT PACKING pc=0x0000020bc701c8a1 sp=0x00000049888f3800
Event: 8.101 Thread 0x0000020be30bf6d0 DEOPT UNPACKING pc=0x0000020bcdb2ace3 sp=0x00000049888f2d08 mode 0
Event: 8.102 Thread 0x0000020be30bf6d0 DEOPT PACKING pc=0x0000020bc701c8a1 sp=0x00000049888f3800
Event: 8.102 Thread 0x0000020be30bf6d0 DEOPT UNPACKING pc=0x0000020bcdb2ace3 sp=0x00000049888f2d08 mode 0
Event: 8.104 Thread 0x0000020be30bf6d0 DEOPT PACKING pc=0x0000020bc701c8a1 sp=0x00000049888f3800
Event: 8.104 Thread 0x0000020be30bf6d0 DEOPT UNPACKING pc=0x0000020bcdb2ace3 sp=0x00000049888f2d08 mode 0
Event: 8.119 Thread 0x0000020be30bf6d0 DEOPT PACKING pc=0x0000020bc701c8a1 sp=0x00000049888f3800
Event: 8.119 Thread 0x0000020be30bf6d0 DEOPT UNPACKING pc=0x0000020bcdb2ace3 sp=0x00000049888f2d08 mode 0

Classes unloaded (0 events):
No events

Classes redefined (0 events):
No events

Internal exceptions (20 events):
Event: 5.558 Thread 0x0000020be30bf6d0 Exception <a 'sun/nio/fs/WindowsException'{0x000000008685f260}> (0x000000008685f260) 
thrown [s\src\hotspot\share\prims\jni.cpp, line 517]
Event: 5.624 Thread 0x0000020be30bf6d0 Exception <a 'java/lang/NoSuchMethodError'{0x000000008617f7c8}: 'long java.lang.invoke.DirectMethodHandle$Holder.invokeStatic(java.lang.Object)'> (0x000000008617f7c8) 
thrown [s\src\hotspot\share\interpreter\linkResolver.cpp, line 771]
Event: 5.624 Thread 0x0000020be30bf6d0 Exception <a 'java/lang/NoSuchMethodError'{0x0000000086184600}: 'long java.lang.invoke.DirectMethodHandle$Holder.invokeStaticInit(java.lang.Object)'> (0x0000000086184600) 
thrown [s\src\hotspot\share\interpreter\linkResolver.cpp, line 771]
Event: 5.670 Thread 0x0000020be30bf6d0 Exception <a 'java/lang/NoSuchMethodError'{0x0000000085ac4270}: 'long java.lang.invoke.Invokers$Holder.invoke_MT(java.lang.Object, java.lang.Object, java.lang.Object, java.lang.Object)'> (0x0000000085ac4270) 
thrown [s\src\hotspot\share\interpreter\linkResolver.cpp, line 771]
Event: 5.670 Thread 0x0000020be30bf6d0 Exception <a 'java/lang/NoSuchMethodError'{0x0000000085acd618}: 'int java.lang.invoke.Invokers$Holder.invoke_MT(java.lang.Object, java.lang.Object, java.lang.Object, java.lang.Object)'> (0x0000000085acd618) 
thrown [s\src\hotspot\share\interpreter\linkResolver.cpp, line 771]
Event: 5.672 Thread 0x0000020be30bf6d0 Exception <a 'java/lang/NoSuchMethodError'{0x0000000085added0}: 'void java.lang.invoke.DelegatingMethodHandle$Holder.reinvoke_L(java.lang.Object, java.lang.Object, java.lang.Object, long, java.lang.Object)'> (0x0000000085added0) 
thrown [s\src\hotspot\share\interpreter\linkResolver.cpp, line 771]
Event: 5.672 Thread 0x0000020be30bf6d0 Exception <a 'java/lang/NoSuchMethodError'{0x0000000085ae6800}: 'java.lang.Object java.lang.invoke.DirectMethodHandle$Holder.invokeSpecial(java.lang.Object, java.lang.Object, java.lang.Object, java.lang.Object, long)'> (0x0000000085ae6800) 
thrown [s\src\hotspot\share\interpreter\linkResolver.cpp, line 771]
Event: 5.673 Thread 0x0000020be30bf6d0 Exception <a 'java/lang/NoSuchMethodError'{0x0000000085af7278}: 'int java.lang.invoke.DelegatingMethodHandle$Holder.reinvoke_L(java.lang.Object, java.lang.Object, java.lang.Object, long, java.lang.Object, java.lang.Object)'> (0x0000000085af7278) 
thrown [s\src\hotspot\share\interpreter\linkResolver.cpp, line 771]
Event: 5.674 Thread 0x0000020be30bf6d0 Exception <a 'java/lang/NoSuchMethodError'{0x00000000859079d0}: 'int java.lang.invoke.DelegatingMethodHandle$Holder.reinvoke_L(java.lang.Object, java.lang.Object, java.lang.Object, long, int, int)'> (0x00000000859079d0) 
thrown [s\src\hotspot\share\interpreter\linkResolver.cpp, line 771]
Event: 5.675 Thread 0x0000020be30bf6d0 Exception <a 'java/lang/NoSuchMethodError'{0x0000000085917848}: 'int java.lang.invoke.DelegatingMethodHandle$Holder.reinvoke_L(java.lang.Object, java.lang.Object, java.lang.Object, long, long, long)'> (0x0000000085917848) 
thrown [s\src\hotspot\share\interpreter\linkResolver.cpp, line 771]
Event: 5.675 Thread 0x0000020be30bf6d0 Exception <a 'java/lang/NoSuchMethodError'{0x00000000859273a0}: 'int java.lang.invoke.DelegatingMethodHandle$Holder.reinvoke_L(java.lang.Object, java.lang.Object, java.lang.Object, long, int)'> (0x00000000859273a0) 
thrown [s\src\hotspot\share\interpreter\linkResolver.cpp, line 771]
Event: 5.910 Thread 0x0000020be30bf6d0 Exception <a 'java/lang/NoSuchMethodError'{0x00000000869e9658}: 'void java.lang.invoke.DirectMethodHandle$Holder.invokeVirtual(java.lang.Object, java.lang.Object)'> (0x00000000869e9658) 
thrown [s\src\hotspot\share\interpreter\linkResolver.cpp, line 771]
Event: 6.008 Thread 0x0000020be30bf6d0 Exception <a 'java/lang/NoSuchMethodError'{0x0000000085a25588}: 'java.lang.Object java.lang.invoke.Invokers$Holder.invokeExact_MT(java.lang.Object, java.lang.Object, long, java.lang.Object)'> (0x0000000085a25588) 
thrown [s\src\hotspot\share\interpreter\linkResolver.cpp, line 771]
Event: 6.029 Thread 0x0000020be30bf6d0 Exception <a 'java/lang/NoSuchMethodError'{0x0000000085896c68}: 'java.lang.Object java.lang.invoke.Invokers$Holder.invoke_MT(java.lang.Object, java.lang.Object, java.lang.Object)'> (0x0000000085896c68) 
thrown [s\src\hotspot\share\interpreter\linkResolver.cpp, line 771]
Event: 6.183 Thread 0x0000020be30bf6d0 Implicit null exception at 0x0000020bce0c105e to 0x0000020bce0c2fd8
Event: 6.183 Thread 0x0000020be30bf6d0 Implicit null exception at 0x0000020bce11ecfb to 0x0000020bce11fe58
Event: 7.466 Thread 0x0000020be30bf6d0 Exception <a 'java/lang/NoSuchMethodError'{0x00000000876b4380}: 'java.lang.Object java.lang.invoke.DirectMethodHandle$Holder.invokeStatic(java.lang.Object, java.lang.Object, java.lang.Object, java.lang.Object, int)'> (0x00000000876b4380) 
thrown [s\src\hotspot\share\interpreter\linkResolver.cpp, line 771]
Event: 7.467 Thread 0x0000020be30bf6d0 Exception <a 'java/lang/NoSuchMethodError'{0x00000000876bf210}: 'java.lang.Object java.lang.invoke.DirectMethodHandle$Holder.newInvokeSpecial(java.lang.Object, java.lang.Object, java.lang.Object, java.lang.Object, int)'> (0x00000000876bf210) 
thrown [s\src\hotspot\share\interpreter\linkResolver.cpp, line 771]
Event: 7.467 Thread 0x0000020be30bf6d0 Exception <a 'java/lang/NoSuchMethodError'{0x00000000876c5238}: 'java.lang.Object java.lang.invoke.DirectMethodHandle$Holder.invokeSpecial(java.lang.Object, java.lang.Object, java.lang.Object, java.lang.Object, java.lang.Object, int)'> (0x00000000876c5238) 
thrown [s\src\hotspot\share\interpreter\linkResolver.cpp, line 771]
Event: 7.467 Thread 0x0000020be30bf6d0 Exception <a 'java/lang/NoSuchMethodError'{0x00000000876cac10}: 'java.lang.Object java.lang.invoke.Invokers$Holder.linkToTargetMethod(java.lang.Object, java.lang.Object, java.lang.Object, int, java.lang.Object)'> (0x00000000876cac10) 
thrown [s\src\hotspot\share\interpreter\linkResolver.cpp, line 771]

VM Operations (20 events):
Event: 7.267 Executing VM operation: HandshakeAllThreads done
Event: 7.279 Executing VM operation: G1PauseRemark
Event: 7.281 Executing VM operation: G1PauseRemark done
Event: 7.305 Executing VM operation: G1PauseCleanup
Event: 7.305 Executing VM operation: G1PauseCleanup done
Event: 7.508 Executing VM operation: HandshakeAllThreads
Event: 7.508 Executing VM operation: HandshakeAllThreads done
Event: 7.615 Executing VM operation: G1CollectForAllocation
Event: 7.619 Executing VM operation: G1CollectForAllocation done
Event: 7.627 Executing VM operation: G1CollectForAllocation
Event: 7.631 Executing VM operation: G1CollectForAllocation done
Event: 7.905 Executing VM operation: G1CollectForAllocation
Event: 7.909 Executing VM operation: G1CollectForAllocation done
Event: 7.995 Executing VM operation: G1PauseRemark
Event: 7.999 Executing VM operation: G1PauseRemark done
Event: 8.038 Executing VM operation: G1PauseCleanup
Event: 8.039 Executing VM operation: G1PauseCleanup done
Event: 8.297 Executing VM operation: G1CollectForAllocation
Event: 8.302 Executing VM operation: G1CollectForAllocation done
Event: 8.348 Executing VM operation: G1CollectForAllocation

Events (20 events):
Event: 6.218 loading class java/nio/channels/NonWritableChannelException
Event: 6.218 loading class java/nio/channels/NonWritableChannelException done
Event: 7.092 loading class java/util/ArrayList$ListItr
Event: 7.092 loading class java/util/ArrayList$ListItr done
Event: 7.197 loading class java/text/StringCharacterIterator
Event: 7.198 loading class java/text/CharacterIterator
Event: 7.198 loading class java/text/CharacterIterator done
Event: 7.198 loading class java/text/StringCharacterIterator done
Event: 7.236 loading class java/io/NotSerializableException
Event: 7.236 loading class java/io/NotSerializableException done
Event: 7.266 loading class java/util/AbstractList$ListItr
Event: 7.266 loading class java/util/AbstractList$ListItr done
Event: 7.423 loading class java/util/function/IntUnaryOperator
Event: 7.423 loading class java/util/function/IntUnaryOperator done
Event: 7.451 loading class java/util/AbstractList$SubList
Event: 7.452 loading class java/util/AbstractList$SubList done
Event: 7.452 loading class java/util/AbstractList$SubList$1
Event: 7.452 loading class java/util/AbstractList$SubList$1 done
Event: 8.224 loading class java/util/AbstractList$RandomAccessSubList
Event: 8.224 loading class java/util/AbstractList$RandomAccessSubList done


Dynamic libraries:
0x00007ff66f0a0000 - 0x00007ff66f0aa000 	D:\Program Files\AndroidStudio\jbr\bin\java.exe
0x00007ff91e2f0000 - 0x00007ff91e506000 	C:\WINDOWS\SYSTEM32\ntdll.dll
0x00007ff91c120000 - 0x00007ff91c1e4000 	C:\WINDOWS\System32\KERNEL32.DLL
0x00007ff91b6a0000 - 0x00007ff91ba46000 	C:\WINDOWS\System32\KERNELBASE.dll
0x00007ff91bf20000 - 0x00007ff91c031000 	C:\WINDOWS\System32\ucrtbase.dll
0x00007ff9003e0000 - 0x00007ff9003f7000 	D:\Program Files\AndroidStudio\jbr\bin\jli.dll
0x00007ff900240000 - 0x00007ff90025b000 	D:\Program Files\AndroidStudio\jbr\bin\VCRUNTIME140.dll
0x00007ff91cbe0000 - 0x00007ff91cd8d000 	C:\WINDOWS\System32\USER32.dll
0x00007ff91bc60000 - 0x00007ff91bc86000 	C:\WINDOWS\System32\win32u.dll
0x00007ff91ca20000 - 0x00007ff91ca49000 	C:\WINDOWS\System32\GDI32.dll
0x00007ff9038a0000 - 0x00007ff903b33000 	C:\WINDOWS\WinSxS\amd64_microsoft.windows.common-controls_6595b64144ccf1df_6.0.22621.3235_none_270f74e173860f98\COMCTL32.dll
0x00007ff91bb40000 - 0x00007ff91bc58000 	C:\WINDOWS\System32\gdi32full.dll
0x00007ff91d5b0000 - 0x00007ff91d657000 	C:\WINDOWS\System32\msvcrt.dll
0x00007ff91be00000 - 0x00007ff91be9a000 	C:\WINDOWS\System32\msvcp_win.dll
0x00007ff91d4f0000 - 0x00007ff91d521000 	C:\WINDOWS\System32\IMM32.DLL
0x00007ff917fb0000 - 0x00007ff917fbc000 	D:\Program Files\AndroidStudio\jbr\bin\vcruntime140_1.dll
0x00007ff8cd570000 - 0x00007ff8cd5fd000 	D:\Program Files\AndroidStudio\jbr\bin\msvcp140.dll
0x00007ff89d5a0000 - 0x00007ff89e223000 	D:\Program Files\AndroidStudio\jbr\bin\server\jvm.dll
0x00007ff91c960000 - 0x00007ff91ca12000 	C:\WINDOWS\System32\ADVAPI32.dll
0x00007ff91d840000 - 0x00007ff91d8e8000 	C:\WINDOWS\System32\sechost.dll
0x00007ff91bb10000 - 0x00007ff91bb38000 	C:\WINDOWS\System32\bcrypt.dll
0x00007ff91c390000 - 0x00007ff91c4a5000 	C:\WINDOWS\System32\RPCRT4.dll
0x00007ff91a4c0000 - 0x00007ff91a50d000 	C:\WINDOWS\SYSTEM32\POWRPROF.dll
0x00007ff918280000 - 0x00007ff9182b4000 	C:\WINDOWS\SYSTEM32\WINMM.dll
0x00007ff905950000 - 0x00007ff905959000 	C:\WINDOWS\SYSTEM32\WSOCK32.dll
0x00007ff91d530000 - 0x00007ff91d5a1000 	C:\WINDOWS\System32\WS2_32.dll
0x00007ff915060000 - 0x00007ff91506a000 	C:\WINDOWS\SYSTEM32\VERSION.dll
0x00007ff91a4a0000 - 0x00007ff91a4b3000 	C:\WINDOWS\SYSTEM32\UMPDC.dll
0x00007ff91a760000 - 0x00007ff91a778000 	C:\WINDOWS\SYSTEM32\kernel.appcore.dll
0x00007ff901fb0000 - 0x00007ff901fba000 	D:\Program Files\AndroidStudio\jbr\bin\jimage.dll
0x00007ff918f10000 - 0x00007ff919143000 	C:\WINDOWS\SYSTEM32\DBGHELP.DLL
0x00007ff91d160000 - 0x00007ff91d4e8000 	C:\WINDOWS\System32\combase.dll
0x00007ff91d6c0000 - 0x00007ff91d797000 	C:\WINDOWS\System32\OLEAUT32.dll
0x00007ff918240000 - 0x00007ff918272000 	C:\WINDOWS\SYSTEM32\dbgcore.DLL
0x00007ff91bea0000 - 0x00007ff91bf1a000 	C:\WINDOWS\System32\bcryptPrimitives.dll
0x00007ff9007a0000 - 0x00007ff9007ae000 	D:\Program Files\AndroidStudio\jbr\bin\instrument.dll
0x00007ff900820000 - 0x00007ff900845000 	D:\Program Files\AndroidStudio\jbr\bin\java.dll
0x00007ff900800000 - 0x00007ff900818000 	D:\Program Files\AndroidStudio\jbr\bin\zip.dll
0x00007ff91da00000 - 0x00007ff91e25d000 	C:\WINDOWS\System32\SHELL32.dll
0x00007ff9195a0000 - 0x00007ff919e98000 	C:\WINDOWS\SYSTEM32\windows.storage.dll
0x00007ff919460000 - 0x00007ff91959e000 	C:\WINDOWS\SYSTEM32\wintypes.dll
0x00007ff91d060000 - 0x00007ff91d153000 	C:\WINDOWS\System32\SHCORE.dll
0x00007ff91d8f0000 - 0x00007ff91d94e000 	C:\WINDOWS\System32\shlwapi.dll
0x00007ff91b560000 - 0x00007ff91b586000 	C:\WINDOWS\SYSTEM32\profapi.dll
0x00007ff900440000 - 0x00007ff900459000 	D:\Program Files\AndroidStudio\jbr\bin\net.dll
0x00007ff915770000 - 0x00007ff9158a7000 	C:\WINDOWS\SYSTEM32\WINHTTP.dll
0x00007ff91abe0000 - 0x00007ff91ac49000 	C:\WINDOWS\system32\mswsock.dll
0x00007ff900400000 - 0x00007ff900416000 	D:\Program Files\AndroidStudio\jbr\bin\nio.dll
0x00007ff9008e0000 - 0x00007ff9008f0000 	D:\Program Files\AndroidStudio\jbr\bin\verify.dll
0x00007ff900770000 - 0x00007ff900797000 	C:\Users\user\.gradle\native\c067742578af261105cb4f569cf0c3c89f3d7b1fecec35dd04571415982c5e48\windows-amd64\native-platform.dll
0x00007ff8cd210000 - 0x00007ff8cd354000 	C:\Users\user\.gradle\native\38dada09dfb8b06ba9b0570ebf7e218e3eb74d4ef43ca46872605cf95ebc2f47\windows-amd64\native-platform-file-events.dll
0x00007ff901f70000 - 0x00007ff901f79000 	D:\Program Files\AndroidStudio\jbr\bin\management.dll
0x00007ff900940000 - 0x00007ff90094b000 	D:\Program Files\AndroidStudio\jbr\bin\management_ext.dll
0x00007ff91d7a0000 - 0x00007ff91d7a8000 	C:\WINDOWS\System32\PSAPI.DLL
0x00007ff91ae40000 - 0x00007ff91ae5b000 	C:\WINDOWS\SYSTEM32\CRYPTSP.dll
0x00007ff91a6c0000 - 0x00007ff91a6f5000 	C:\WINDOWS\system32\rsaenh.dll
0x00007ff91acd0000 - 0x00007ff91acfc000 	C:\WINDOWS\SYSTEM32\USERENV.dll
0x00007ff91ae30000 - 0x00007ff91ae3c000 	C:\WINDOWS\SYSTEM32\CRYPTBASE.dll
0x00007ff91a170000 - 0x00007ff91a19d000 	C:\WINDOWS\SYSTEM32\IPHLPAPI.DLL
0x00007ff91d050000 - 0x00007ff91d059000 	C:\WINDOWS\System32\NSI.dll
0x00007ff915590000 - 0x00007ff9155a9000 	C:\WINDOWS\SYSTEM32\dhcpcsvc6.DLL
0x00007ff9154d0000 - 0x00007ff9154ef000 	C:\WINDOWS\SYSTEM32\dhcpcsvc.DLL
0x00007ff91a1e0000 - 0x00007ff91a2d9000 	C:\WINDOWS\SYSTEM32\DNSAPI.dll
0x00007ff889cd0000 - 0x00007ff889cd8000 	C:\WINDOWS\system32\wshunix.dll

dbghelp: loaded successfully - version: 4.0.5 - missing functions: none
symbol engine: initialized successfully - sym options: 0x614 - pdb path: .;D:\Program Files\AndroidStudio\jbr\bin;C:\WINDOWS\SYSTEM32;C:\WINDOWS\WinSxS\amd64_microsoft.windows.common-controls_6595b64144ccf1df_6.0.22621.3235_none_270f74e173860f98;D:\Program Files\AndroidStudio\jbr\bin\server;C:\Users\user\.gradle\native\c067742578af261105cb4f569cf0c3c89f3d7b1fecec35dd04571415982c5e48\windows-amd64;C:\Users\user\.gradle\native\38dada09dfb8b06ba9b0570ebf7e218e3eb74d4ef43ca46872605cf95ebc2f47\windows-amd64

VM Arguments:
jvm_args: --add-opens=java.base/java.util=ALL-UNNAMED --add-opens=java.base/java.lang=ALL-UNNAMED --add-opens=java.base/java.lang.invoke=ALL-UNNAMED --add-opens=java.prefs/java.util.prefs=ALL-UNNAMED --add-opens=java.base/java.nio.charset=ALL-UNNAMED --add-opens=java.base/java.net=ALL-UNNAMED --add-opens=java.base/java.util.concurrent.atomic=ALL-UNNAMED -Xmx2048m -Dfile.encoding=UTF-8 -Duser.country=US -Duser.language=en -Duser.variant -javaagent:C:\Users\user\.gradle\wrapper\dists\gradle-8.4-bin\1w5dpkrfk8irigvoxmyhowfim\gradle-8.4\lib\agents\gradle-instrumentation-agent-8.4.jar 
java_command: org.gradle.launcher.daemon.bootstrap.GradleDaemon 8.4
java_class_path (initial): C:\Users\user\.gradle\wrapper\dists\gradle-8.4-bin\1w5dpkrfk8irigvoxmyhowfim\gradle-8.4\lib\gradle-launcher-8.4.jar
Launcher Type: SUN_STANDARD

[Global flags]
     intx CICompilerCount                          = 4                                         {product} {ergonomic}
     uint ConcGCThreads                            = 2                                         {product} {ergonomic}
     uint G1ConcRefinementThreads                  = 8                                         {product} {ergonomic}
   size_t G1HeapRegionSize                         = 1048576                                   {product} {ergonomic}
    uintx GCDrainStackTargetSize                   = 64                                        {product} {ergonomic}
   size_t InitialHeapSize                          = 197132288                                 {product} {ergonomic}
   size_t MarkStackSize                            = 4194304                                   {product} {ergonomic}
   size_t MaxHeapSize                              = 2147483648                                {product} {command line}
   size_t MaxNewSize                               = 1287651328                                {product} {ergonomic}
   size_t MinHeapDeltaBytes                        = 1048576                                   {product} {ergonomic}
   size_t MinHeapSize                              = 8388608                                   {product} {ergonomic}
    uintx NonNMethodCodeHeapSize                   = 5839372                                {pd product} {ergonomic}
    uintx NonProfiledCodeHeapSize                  = 122909434                              {pd product} {ergonomic}
    uintx ProfiledCodeHeapSize                     = 122909434                              {pd product} {ergonomic}
    uintx ReservedCodeCacheSize                    = 251658240                              {pd product} {ergonomic}
     bool SegmentedCodeCache                       = true                                      {product} {ergonomic}
   size_t SoftMaxHeapSize                          = 2147483648                             {manageable} {ergonomic}
     bool UseCompressedClassPointers               = true                           {product lp64_product} {ergonomic}
     bool UseCompressedOops                        = true                           {product lp64_product} {ergonomic}
     bool UseG1GC                                  = true                                      {product} {ergonomic}
     bool UseLargePagesIndividualAllocation        = false                                  {pd product} {ergonomic}

Logging:
Log output configuration:
 #0: stdout all=warning uptime,level,tags
 #1: stderr all=off uptime,level,tags

Environment Variables:
JAVA_HOME=D:\user\Downloads\java
PATH=D:\Users\VMWARE\bin\;C:\Python311\Scripts\;C:\Python311\;C:\Program Files\Common Files\Oracle\Java\javapath;C:\Program Files\Eclipse Adoptium\jdk-17.0.6.10-hotspot\bin;C:\Windows\system32;C:\Windows;C:\Windows\System32\Wbem;C:\Windows\System32\WindowsPowerShell\v1.0\;C:\Windows\System32\OpenSSH\;C:\Program Files\NVIDIA Corporation\NVIDIA NvDLISR;C:\Program Files\dotnet\;C:\Program Files (x86)\Kaspersky Lab\Endpoint Agent\;C:\WINDOWS\system32;C:\WINDOWS;C:\WINDOWS\System32\Wbem;C:\WINDOWS\System32\WindowsPowerShell\v1.0\;C:\WINDOWS\System32\OpenSSH\;C:\Program Files (x86)\dotnet\;C:\Program Files\Microsoft SQL Server\Client SDK\ODBC\170\Tools\Binn\;C:\Program Files (x86)\Microsoft SQL Server\160\Tools\Binn\;C:\Program Files\Microsoft SQL Server\160\Tools\Binn\;C:\Program Files\Microsoft SQL Server\160\DTS\Binn\;C:\Program Files\Azure Data Studio\bin;D:\Program Files\easyUML-main;C:\Program Files\Java\jdk-19;D:\Program Files\jdk11;D:\Program Files\jdk__11;D:\Program Files\jdk8_;D:\Program Files\Jdk8;C:\ProgramData\chocolatey\bin;D:\Program Files\Git\Git\cmd;C:\WINDOWS\system32;C:\WINDOWS;C:\WINDOWS\System32\Wbem;C:\WINDOWS\System32\WindowsPowerShell\v1.0\;C:\WINDOWS\System32\OpenSSH\;D:\user\Downloads\java\bin;C:\Users\user\AppData\Local\Microsoft\WindowsApps;C:\MinGW\bin;C:\Users\user\.dotnet\tools;C:\Users\user\AppData\Local\Programs\Microsoft VS Code\bin;C:\Program Files\Azure Data Studio\bin;D:\Program Files\IntelliJ IDEA Community Edition 2022.3.2\bin;D:\user\Downloads\apache-maven-3.9.6-bin;;D:\user\Downloads\apache-maven-3.9.6-bin;D:\Program Files\jdk__11;D:\Program Files\Jdk8;D:\user\Downloads\java\bin.;
USERNAME=user
OS=Windows_NT
PROCESSOR_IDENTIFIER=Intel64 Family 6 Model 140 Stepping 1, GenuineIntel
TMP=C:\Users\user\AppData\Local\Temp
TEMP=C:\Users\user\AppData\Local\Temp



Periodic native trim disabled

JNI global refs:
JNI global refs: 28, weak refs: 2

JNI global refs memory usage: 843, weak refs: 841

OOME stack traces (most recent first):
Classloader memory used:
Loader org.gradle.internal.classloader.VisitableURLClassLoader                         : 8054K
Loader bootstrap                                                                       : 2469K
Loader org.gradle.initialization.MixInLegacyTypesClassLoader                           : 704K
Loader org.gradle.internal.classloader.VisitableURLClassLoader$InstrumentingVisitableURLClassLoader: 82137B
Loader jdk.internal.loader.ClassLoaders$PlatformClassLoader                            : 65355B
Loader org.gradle.internal.classloader.VisitableURLClassLoader                         : 54495B
Loader jdk.internal.jrtfs.JrtFileSystemProvider$JrtFsLoader                            : 40315B
Loader jdk.internal.loader.ClassLoaders$AppClassLoader                                 : 28088B
Loader jdk.internal.reflect.DelegatingClassLoader                                      : 26350B
Loader org.gradle.groovy.scripts.internal.DefaultScriptCompilationHandler$ScriptClassLoader: 10756B
Loader org.codehaus.groovy.runtime.callsite.CallSiteClassLoader                        : 5773B

Classes loaded by more than one classloader:
Class org.gradle.api.GradleException                                                  : loaded 3 times (x 80B)
Class org.gradle.util.GradleVersion                                                   : loaded 2 times (x 81B)
Class org.jetbrains.plugins.gradle.model.MavenRepositoryModel                         : loaded 2 times (x 68B)
Class org.gradle.internal.classpath.ClassPath                                         : loaded 2 times (x 68B)
Class org.gradle.api.internal.classpath.DefaultModuleRegistry                         : loaded 2 times (x 84B)
Class org.gradle.internal.exceptions.NonGradleCauseExceptionsHolder                   : loaded 2 times (x 68B)
Class com.intellij.openapi.externalSystem.model.ExternalSystemException               : loaded 2 times (x 84B)
Class jdk.internal.jimage.BasicImageReader$1                                          : loaded 2 times (x 75B)
Class org.gradle.api.Action                                                           : loaded 2 times (x 68B)
Class org.jetbrains.plugins.gradle.model.ExternalProject                              : loaded 2 times (x 68B)
Class jdk.internal.jimage.ImageBufferCache$1                                          : loaded 2 times (x 78B)
Class jdk.internal.jimage.ImageBufferCache$2                                          : loaded 2 times (x 89B)
Class org.gradle.api.internal.DefaultClassPathProvider                                : loaded 2 times (x 74B)
Class org.gradle.internal.installation.GradleInstallation$1                           : loaded 2 times (x 73B)
Class jdk.internal.jrtfs.SystemImage$1                                                : loaded 2 times (x 76B)
Class jdk.internal.jrtfs.SystemImage$2                                                : loaded 2 times (x 74B)
Class org.gradle.internal.exceptions.DefaultMultiCauseException                       : loaded 2 times (x 89B)
Class org.gradle.internal.time.MonotonicClock                                         : loaded 2 times (x 75B)
Class org.gradle.internal.classloader.FilteringClassLoader                            : loaded 2 times (x 103B)
Class jdk.internal.jimage.ImageReader$Resource                                        : loaded 2 times (x 82B)
Class jdk.internal.jrtfs.SystemImage                                                  : loaded 2 times (x 72B)
Class org.gradle.tooling.model.Model                                                  : loaded 2 times (x 68B)
Class org.gradle.internal.classpath.DefaultClassPath$ImmutableUniqueList$Builder      : loaded 2 times (x 73B)
Class jdk.internal.jrtfs.JrtDirectoryStream$1                                         : loaded 2 times (x 81B)
Class org.gradle.internal.classloader.ClassLoaderVisitor                              : loaded 2 times (x 74B)
Class org.gradle.internal.time.DefaultCountdownTimer                                  : loaded 2 times (x 86B)
Class org.gradle.internal.service.DefaultServiceLocator                               : loaded 2 times (x 81B)
Class org.gradle.internal.service.UnknownServiceException                             : loaded 2 times (x 81B)
Class org.gradle.internal.classloader.DefaultClassLoaderFactory                       : loaded 2 times (x 80B)
Class jdk.internal.jimage.ImageReader$SharedImageReader                               : loaded 2 times (x 93B)
Class jdk.internal.jimage.decompressor.ZipDecompressorFactory                         : loaded 2 times (x 72B)
Class sync_studio_tooling3_62bpzqnfvcpqvk3laa0n2ca6n$_run_closure1                    : loaded 2 times (x 137B)
Class org.gradle.internal.classloader.VisitableURLClassLoader$Spec                    : loaded 2 times (x 72B)
Class org.gradle.tooling.model.ProjectModel                                           : loaded 2 times (x 68B)
Class org.gradle.internal.installation.GradleInstallation                             : loaded 2 times (x 73B)
Class org.gradle.api.internal.classpath.ModuleRegistry                                : loaded 2 times (x 68B)
Class org.jetbrains.plugins.gradle.model.RepositoriesModel                            : loaded 2 times (x 68B)
Class kotlin.jvm.internal.markers.KMappedMarker                                       : loaded 2 times (x 68B)
Class org.gradle.api.internal.ClassPathProvider                                       : loaded 2 times (x 68B)
Class org.gradle.internal.classloader.ClasspathUtil$1                                 : loaded 2 times (x 74B)
Class org.gradle.internal.classloader.ClassLoaderFactory                              : loaded 2 times (x 68B)
Class jdk.internal.jimage.ImageHeader                                                 : loaded 2 times (x 69B)
Class org.gradle.api.internal.classpath.ManifestUtil                                  : loaded 2 times (x 69B)
Class org.gradle.api.specs.Spec                                                       : loaded 2 times (x 68B)
Class org.gradle.internal.IoActions                                                   : loaded 2 times (x 69B)
Class jdk.internal.jimage.decompressor.StringSharingDecompressorFactory               : loaded 2 times (x 72B)
Class org.gradle.api.internal.classpath.EffectiveClassPath                            : loaded 2 times (x 88B)
Class kotlin.jvm.internal.DefaultConstructorMarker                                    : loaded 2 times (x 69B)
Class org.gradle.internal.installation.CurrentGradleInstallation                      : loaded 2 times (x 71B)
Class org.gradle.internal.agents.InstrumentingClassLoader                             : loaded 2 times (x 68B)
Class org.gradle.internal.installation.CurrentGradleInstallationLocator               : loaded 2 times (x 69B)
Class org.gradle.api.internal.classpath.Module                                        : loaded 2 times (x 68B)
Class org.gradle.internal.service.CachingServiceLocator                               : loaded 2 times (x 80B)
Class org.gradle.internal.time.Timer                                                  : loaded 2 times (x 68B)
Class org.gradle.internal.classpath.DefaultClassPath                                  : loaded 2 times (x 88B)
Class jdk.internal.jimage.BasicImageReader                                            : loaded 2 times (x 93B)
Class jdk.internal.jimage.ImageLocation                                               : loaded 2 times (x 88B)
Class kotlin.jvm.functions.Function1                                                  : loaded 2 times (x 68B)
Class jdk.internal.jimage.ImageReader$Node                                            : loaded 2 times (x 82B)
Class org.gradle.internal.time.Time                                                   : loaded 2 times (x 69B)
Class jdk.internal.jimage.decompressor.CompressedResourceHeader                       : loaded 2 times (x 69B)
Class org.gradle.internal.time.TimeSource$1                                           : loaded 2 times (x 75B)
Class jdk.internal.jrtfs.JrtPath                                                      : loaded 2 times (x 116B)
Class jdk.internal.jimage.ImageStrings                                                : loaded 2 times (x 68B)
Class jdk.internal.jrtfs.JrtFileAttributes                                            : loaded 2 times (x 81B)
Class org.gradle.internal.classloader.SystemClassLoaderSpec                           : loaded 2 times (x 69B)
Class jdk.internal.jimage.decompressor.ResourceDecompressorRepository                 : loaded 2 times (x 69B)
Class kotlin.Function                                                                 : loaded 2 times (x 68B)
Class org.gradle.api.UncheckedIOException                                             : loaded 2 times (x 80B)
Class jdk.internal.jimage.decompressor.ResourceDecompressor$StringsProvider           : loaded 2 times (x 68B)
Class jdk.internal.jimage.decompressor.Decompressor                                   : loaded 2 times (x 70B)
Class jdk.internal.jrtfs.JrtFileSystem                                                : loaded 2 times (x 100B)
Class jdk.internal.jrtfs.JrtFileSystemProvider                                        : loaded 2 times (x 97B)
Class org.gradle.internal.time.CountdownTimer                                         : loaded 2 times (x 68B)
Class org.gradle.internal.time.Clock                                                  : loaded 2 times (x 68B)
Class org.gradle.internal.classloader.ClasspathUtil                                   : loaded 2 times (x 69B)
Class jdk.internal.jrtfs.JrtDirectoryStream                                           : loaded 2 times (x 87B)
Class jdk.internal.jimage.decompressor.ResourceDecompressor                           : loaded 2 times (x 68B)
Class org.gradle.api.internal.DefaultClassPathRegistry                                : loaded 2 times (x 74B)
Class ijInit1_bf6mh7a1x9afcdw40dx5hzd0g                                               : loaded 2 times (x 177B)
Class org.gradle.api.internal.classpath.DefaultModuleRegistry$DefaultModule           : loaded 2 times (x 84B)
Class org.gradle.internal.time.TimeSource                                             : loaded 2 times (x 68B)
Class org.gradle.api.internal.classpath.UnknownModuleException                        : loaded 2 times (x 80B)
Class org.gradle.internal.service.ServiceLookupException                              : loaded 2 times (x 80B)
Class jdk.internal.jimage.ImageStringsReader                                          : loaded 2 times (x 78B)
Class org.gradle.cache.GlobalCache                                                    : loaded 2 times (x 68B)
Class jdk.internal.jimage.decompressor.ResourceDecompressorFactory                    : loaded 2 times (x 72B)
Class [Lorg.gradle.api.internal.ClassPathProvider;                                    : loaded 2 times (x 67B)
Class jdk.internal.jimage.ImageReader$SharedImageReader$LocationVisitor               : loaded 2 times (x 68B)
Class org.gradle.internal.operations.MultipleBuildOperationFailures                   : loaded 2 times (x 89B)
Class org.gradle.util.internal.GUtil                                                  : loaded 2 times (x 69B)
Class jdk.internal.jimage.decompressor.ZipDecompressor                                : loaded 2 times (x 73B)
Class org.gradle.internal.classloader.ClassLoaderSpec                                 : loaded 2 times (x 69B)
Class sync_studio_tooling3_62bpzqnfvcpqvk3laa0n2ca6n                                  : loaded 2 times (x 177B)
Class org.gradle.internal.classloader.VisitableURLClassLoader                         : loaded 2 times (x 115B)
Class org.gradle.internal.Cast                                                        : loaded 2 times (x 69B)
Class org.gradle.api.internal.ClassPathRegistry                                       : loaded 2 times (x 68B)
Class org.gradle.internal.classloader.VisitableURLClassLoader$InstrumentingVisitableURLClassLoader: loaded 2 times (x 121B)
Class org.gradle.internal.classloader.ClassLoaderHierarchy                            : loaded 2 times (x 68B)
Class org.gradle.internal.exceptions.MultiCauseException                              : loaded 2 times (x 68B)
Class jdk.internal.jimage.ImageReader                                                 : loaded 2 times (x 73B)
Class org.gradle.internal.InternalTransformer                                         : loaded 2 times (x 68B)
Class org.gradle.internal.service.ServiceLocator                                      : loaded 2 times (x 68B)
Class org.gradle.internal.classpath.DefaultClassPath$ImmutableUniqueList              : loaded 2 times (x 159B)
Class jdk.internal.jimage.ImageBufferCache                                            : loaded 2 times (x 69B)
Class org.gradle.internal.time.DefaultTimer                                           : loaded 2 times (x 78B)
Class org.gradle.internal.classpath.TransformedClassPath                              : loaded 2 times (x 94B)
Class jdk.internal.jimage.ImageReader$Directory                                       : loaded 2 times (x 82B)


---------------  S Y S T E M  ---------------

OS:
 Windows 11 , 64 bit Build 22621 (10.0.22621.3235)
OS uptime: 6 days 2:46 hours

CPU: total 8 (initial active 8) (4 cores per cpu, 2 threads per core) family 6 model 140 stepping 1 microcode 0xb4, cx8, cmov, fxsr, ht, mmx, 3dnowpref, sse, sse2, sse3, ssse3, sse4.1, sse4.2, popcnt, lzcnt, tsc, tscinvbit, avx, avx2, aes, erms, clmul, bmi1, bmi2, adx, avx512f, avx512dq, avx512cd, avx512bw, avx512vl, sha, fma, vzeroupper, avx512_vpopcntdq, avx512_vpclmulqdq, avx512_vaes, avx512_vnni, clflush, clflushopt, clwb, avx512_vbmi2, avx512_vbmi
Processor Information for all 8 processors :
  Max Mhz: 1690, Current Mhz: 1690, Mhz Limit: 1690

Memory: 4k page, system-wide physical 12010M (505M free)
TotalPageFile size 21258M (AvailPageFile size 57M)
current process WorkingSet (physical memory assigned to process): 378M, peak: 378M
current process commit charge ("private bytes"): 450M, peak: 562M

vm_info: OpenJDK 64-Bit Server VM (17.0.9+0--11185874) for windows-amd64 JRE (17.0.9+0--11185874), built on Dec  6 2023 18:57:44 by "androidbuild" with MS VC++ 16.10 / 16.11 (VS2019)

END.
