#
# There is insufficient memory for the Java Runtime Environment to continue.
# Native memory allocation (mmap) failed to map 109051904 bytes for G1 virtual space
# Possible reasons:
#   The system is out of physical RAM or swap space
#   The process is running with CompressedOops enabled, and the Java Heap may be blocking the growth of the native heap
# Possible solutions:
#   Reduce memory load on the system
#   Increase physical memory or swap space
#   Check if swap backing store is full
#   Decrease Java heap size (-Xmx/-Xms)
#   Decrease number of Java threads
#   Decrease Java thread stack sizes (-Xss)
#   Set larger code cache with -XX:ReservedCodeCacheSize=
#   JVM is running with Unscaled Compressed Oops mode in which the Java heap is
#     placed in the first 4GB address space. The Java Heap base address is the
#     maximum limit for the native heap growth. Please use -XX:HeapBaseMinAddress
#     to set the Java Heap base and to place the Java Heap above 4GB virtual address.
# This output file may be truncated or incomplete.
#
#  Out of Memory Error (os_windows.cpp:3825), pid=2532, tid=5924
#
# JRE version: OpenJDK Runtime Environment (17.0.9) (build 17.0.9+0--11185874)
# Java VM: OpenJDK 64-Bit Server VM (17.0.9+0--11185874, mixed mode, tiered, compressed oops, compressed class ptrs, g1 gc, windows-amd64)
# No core dump will be written. Minidumps are not enabled by default on client versions of Windows
#

---------------  S U M M A R Y ------------

Command Line: --add-opens=java.base/java.util=ALL-UNNAMED --add-opens=java.base/java.lang=ALL-UNNAMED --add-opens=java.base/java.lang.invoke=ALL-UNNAMED --add-opens=java.prefs/java.util.prefs=ALL-UNNAMED --add-opens=java.base/java.nio.charset=ALL-UNNAMED --add-opens=java.base/java.net=ALL-UNNAMED --add-opens=java.base/java.util.concurrent.atomic=ALL-UNNAMED -Xmx2048m -Dfile.encoding=UTF-8 -Duser.country=US -Duser.language=en -Duser.variant -javaagent:C:\Users\user\.gradle\wrapper\dists\gradle-8.4-bin\1w5dpkrfk8irigvoxmyhowfim\gradle-8.4\lib\agents\gradle-instrumentation-agent-8.4.jar org.gradle.launcher.daemon.bootstrap.GradleDaemon 8.4

Host: 11th Gen Intel(R) Core(TM) i7-1165G7 @ 2.80GHz, 8 cores, 11G,  Windows 11 , 64 bit Build 22621 (10.0.22621.3235)
Time: Fri Mar 29 03:05:14 2024 Pakistan Standard Time elapsed time: 4.469531 seconds (0d 0h 0m 4s)

---------------  T H R E A D  ---------------

Current thread (0x000001ccce3a1f50):  VMThread "VM Thread" [stack: 0x000000499f600000,0x000000499f700000] [id=5924]

Stack: [0x000000499f600000,0x000000499f700000]
Native frames: (J=compiled Java code, j=interpreted, Vv=VM code, C=native code)
V  [jvm.dll+0x6886e9]
V  [jvm.dll+0x841e4a]
V  [jvm.dll+0x843a8e]
V  [jvm.dll+0x8440f3]
V  [jvm.dll+0x24c14f]
V  [jvm.dll+0x685499]
V  [jvm.dll+0x679c2a]
V  [jvm.dll+0x30cf9b]
V  [jvm.dll+0x314446]
V  [jvm.dll+0x36425e]
V  [jvm.dll+0x36448f]
V  [jvm.dll+0x2e2d68]
V  [jvm.dll+0x2e0f44]
V  [jvm.dll+0x2e054c]
V  [jvm.dll+0x3253fb]
V  [jvm.dll+0x8487eb]
V  [jvm.dll+0x849531]
V  [jvm.dll+0x849a4d]
V  [jvm.dll+0x849e24]
V  [jvm.dll+0x849ef0]
V  [jvm.dll+0x7f06aa]
V  [jvm.dll+0x687565]
C  [ucrtbase.dll+0x29363]
C  [KERNEL32.DLL+0x1257d]
C  [ntdll.dll+0x5aa58]

VM_Operation (0x00000049a0ff29e0): G1CollectForAllocation, mode: safepoint, requested by thread 0x000001ccd4902b20


---------------  P R O C E S S  ---------------

Threads class SMR info:
_java_thread_list=0x000001ccd6100930, length=36, elements={
0x000001ccb256e200, 0x000001ccce51f030, 0x000001ccce520c00, 0x000001ccce557950,
0x000001ccce563770, 0x000001ccce566050, 0x000001ccce568a20, 0x000001ccce5697c0,
0x000001ccce56a270, 0x000001ccce56ac70, 0x000001ccce386db0, 0x000001ccce8198e0,
0x000001ccce86c890, 0x000001ccd3cb3690, 0x000001ccd58cd080, 0x000001ccd5429100,
0x000001ccd4da86a0, 0x000001ccd4da8b80, 0x000001ccd5b57710, 0x000001ccd4902b20,
0x000001ccd5b57bf0, 0x000001ccd59fde80, 0x000001ccd59fe8a0, 0x000001ccd59fedb0,
0x000001ccd59ff7d0, 0x000001ccd59fe390, 0x000001ccd6407320, 0x000001ccd6408250,
0x000001ccd6408760, 0x000001ccd64059d0, 0x000001ccd6401d10, 0x000001ccd6407d40,
0x000001ccd6403b70, 0x000001ccd6406e10, 0x000001ccd6404590, 0x000001ccd4599fb0
}

Java Threads: ( => current thread )
  0x000001ccb256e200 JavaThread "main" [_thread_blocked, id=8268, stack(0x000000499f000000,0x000000499f100000)]
  0x000001ccce51f030 JavaThread "Reference Handler" daemon [_thread_blocked, id=22848, stack(0x000000499f700000,0x000000499f800000)]
  0x000001ccce520c00 JavaThread "Finalizer" daemon [_thread_blocked, id=8688, stack(0x000000499f800000,0x000000499f900000)]
  0x000001ccce557950 JavaThread "Signal Dispatcher" daemon [_thread_blocked, id=5692, stack(0x000000499f900000,0x000000499fa00000)]
  0x000001ccce563770 JavaThread "Attach Listener" daemon [_thread_blocked, id=16932, stack(0x000000499fa00000,0x000000499fb00000)]
  0x000001ccce566050 JavaThread "Service Thread" daemon [_thread_blocked, id=25812, stack(0x000000499fb00000,0x000000499fc00000)]
  0x000001ccce568a20 JavaThread "Monitor Deflation Thread" daemon [_thread_blocked, id=4440, stack(0x000000499fc00000,0x000000499fd00000)]
  0x000001ccce5697c0 JavaThread "C2 CompilerThread0" daemon [_thread_blocked, id=15416, stack(0x000000499fd00000,0x000000499fe00000)]
  0x000001ccce56a270 JavaThread "C1 CompilerThread0" daemon [_thread_blocked, id=13784, stack(0x000000499fe00000,0x000000499ff00000)]
  0x000001ccce56ac70 JavaThread "Sweeper thread" daemon [_thread_blocked, id=4616, stack(0x000000499ff00000,0x00000049a0000000)]
  0x000001ccce386db0 JavaThread "Common-Cleaner" daemon [_thread_blocked, id=26840, stack(0x00000049a0000000,0x00000049a0100000)]
  0x000001ccce8198e0 JavaThread "Notification Thread" daemon [_thread_blocked, id=26896, stack(0x00000049a0100000,0x00000049a0200000)]
  0x000001ccce86c890 JavaThread "C2 CompilerThread1" daemon [_thread_blocked, id=13612, stack(0x00000049a0300000,0x00000049a0400000)]
  0x000001ccd3cb3690 JavaThread "Daemon health stats" [_thread_blocked, id=22016, stack(0x00000049a0900000,0x00000049a0a00000)]
  0x000001ccd58cd080 JavaThread "Incoming local TCP Connector on port 65170" [_thread_in_native, id=20244, stack(0x00000049a0a00000,0x00000049a0b00000)]
  0x000001ccd5429100 JavaThread "Daemon periodic checks" [_thread_blocked, id=23748, stack(0x00000049a0b00000,0x00000049a0c00000)]
  0x000001ccd4da86a0 JavaThread "Daemon" [_thread_blocked, id=12768, stack(0x00000049a0c00000,0x00000049a0d00000)]
  0x000001ccd4da8b80 JavaThread "Handler for socket connection from /127.0.0.1:65170 to /127.0.0.1:65171" [_thread_in_native, id=18568, stack(0x00000049a0d00000,0x00000049a0e00000)]
  0x000001ccd5b57710 JavaThread "Cancel handler" [_thread_blocked, id=11408, stack(0x00000049a0e00000,0x00000049a0f00000)]
  0x000001ccd4902b20 JavaThread "Daemon worker" [_thread_blocked, id=20748, stack(0x00000049a0f00000,0x00000049a1000000)]
  0x000001ccd5b57bf0 JavaThread "Asynchronous log dispatcher for DefaultDaemonConnection: socket connection from /127.0.0.1:65170 to /127.0.0.1:65171" [_thread_blocked, id=20080, stack(0x00000049a1000000,0x00000049a1100000)]
  0x000001ccd59fde80 JavaThread "Stdin handler" [_thread_blocked, id=23416, stack(0x00000049a1100000,0x00000049a1200000)]
  0x000001ccd59fe8a0 JavaThread "Daemon client event forwarder" [_thread_blocked, id=22212, stack(0x00000049a1200000,0x00000049a1300000)]
  0x000001ccd59fedb0 JavaThread "Cache worker for journal cache (C:\Users\user\.gradle\caches\journal-1)" [_thread_blocked, id=25644, stack(0x00000049a1700000,0x00000049a1800000)]
  0x000001ccd59ff7d0 JavaThread "File lock request listener" [_thread_in_native, id=13536, stack(0x00000049a1800000,0x00000049a1900000)]
  0x000001ccd59fe390 JavaThread "Cache worker for file hash cache (C:\Users\user\.gradle\caches\8.4\fileHashes)" [_thread_blocked, id=22060, stack(0x00000049a1900000,0x00000049a1a00000)]
  0x000001ccd6407320 JavaThread "File watcher server" daemon [_thread_in_native, id=17604, stack(0x00000049a1a00000,0x00000049a1b00000)]
  0x000001ccd6408250 JavaThread "File watcher consumer" daemon [_thread_blocked, id=21560, stack(0x00000049a1b00000,0x00000049a1c00000)]
  0x000001ccd6408760 JavaThread "Cache worker for checksums cache (D:\Users\user\AndroidStudioProjects\aasignment2\.gradle\8.4\checksums)" [_thread_blocked, id=27072, stack(0x00000049a1c00000,0x00000049a1d00000)]
  0x000001ccd64059d0 JavaThread "Cache worker for file hash cache (D:\Users\user\AndroidStudioProjects\aasignment2\.gradle\8.4\fileHashes)" [_thread_blocked, id=15548, stack(0x00000049a1d00000,0x00000049a1e00000)]
  0x000001ccd6401d10 JavaThread "Cache worker for cache directory md-supplier (C:\Users\user\.gradle\caches\8.4\md-supplier)" [_thread_blocked, id=16844, stack(0x00000049a1e00000,0x00000049a1f00000)]
  0x000001ccd6407d40 JavaThread "Cache worker for file content cache (C:\Users\user\.gradle\caches\8.4\fileContent)" [_thread_blocked, id=23436, stack(0x00000049a1f00000,0x00000049a2000000)]
  0x000001ccd6403b70 JavaThread "Cache worker for cache directory md-rule (C:\Users\user\.gradle\caches\8.4\md-rule)" [_thread_blocked, id=23792, stack(0x00000049a0400000,0x00000049a0500000)]
  0x000001ccd6406e10 JavaThread "Cache worker for execution history cache (C:\Users\user\.gradle\caches\8.4\executionHistory)" [_thread_blocked, id=25984, stack(0x00000049a2000000,0x00000049a2100000)]
  0x000001ccd6404590 JavaThread "Cache worker for kotlin-dsl (C:\Users\user\.gradle\caches\8.4\kotlin-dsl)" [_thread_blocked, id=23912, stack(0x00000049a2200000,0x00000049a2300000)]
  0x000001ccd4599fb0 JavaThread "C2 CompilerThread2" daemon [_thread_blocked, id=2904, stack(0x00000049a2100000,0x00000049a2200000)]

Other Threads:
=>0x000001ccce3a1f50 VMThread "VM Thread" [stack: 0x000000499f600000,0x000000499f700000] [id=5924]
  0x000001ccce819dc0 WatcherThread [stack: 0x00000049a0200000,0x00000049a0300000] [id=17208]
  0x000001ccb25c9430 GCTaskThread "GC Thread#0" [stack: 0x000000499f100000,0x000000499f200000] [id=15328]
  0x000001ccd3fb8aa0 GCTaskThread "GC Thread#1" [stack: 0x00000049a0500000,0x00000049a0600000] [id=17052]
  0x000001ccd3e94a20 GCTaskThread "GC Thread#2" [stack: 0x00000049a0600000,0x00000049a0700000] [id=25096]
  0x000001ccd3e94ce0 GCTaskThread "GC Thread#3" [stack: 0x00000049a0700000,0x00000049a0800000] [id=2580]
  0x000001ccd31110a0 GCTaskThread "GC Thread#4" [stack: 0x00000049a0800000,0x00000049a0900000] [id=5328]
  0x000001ccd592b570 GCTaskThread "GC Thread#5" [stack: 0x00000049a1300000,0x00000049a1400000] [id=14980]
  0x000001ccd592b830 GCTaskThread "GC Thread#6" [stack: 0x00000049a1400000,0x00000049a1500000] [id=3868]
  0x000001ccd592baf0 GCTaskThread "GC Thread#7" [stack: 0x00000049a1500000,0x00000049a1600000] [id=25816]
  0x000001ccb25da380 ConcurrentGCThread "G1 Main Marker" [stack: 0x000000499f200000,0x000000499f300000] [id=22712]
  0x000001ccb25dada0 ConcurrentGCThread "G1 Conc#0" [stack: 0x000000499f300000,0x000000499f400000] [id=24700]
  0x000001ccd405dae0 ConcurrentGCThread "G1 Conc#1" [stack: 0x00000049a1600000,0x00000049a1700000] [id=25820]
  0x000001ccb261ecd0 ConcurrentGCThread "G1 Refine#0" [stack: 0x000000499f400000,0x000000499f500000] [id=18680]
  0x000001ccd620bcf0 ConcurrentGCThread "G1 Refine#1" [stack: 0x00000049a2300000,0x00000049a2400000] [id=23184]
  0x000001ccd620a860 ConcurrentGCThread "G1 Refine#2" [stack: 0x00000049a2400000,0x00000049a2500000] [id=22540]
  0x000001ccd8198a60 ConcurrentGCThread "G1 Refine#3" [stack: 0x00000049a2500000,0x00000049a2600000] [id=14212]
  0x000001ccd819a4d0 ConcurrentGCThread "G1 Refine#4" [stack: 0x00000049a2600000,0x00000049a2700000] [id=25704]
  0x000001ccce252cb0 ConcurrentGCThread "G1 Service" [stack: 0x000000499f500000,0x000000499f600000] [id=16664]

Threads with active compile tasks:

VM state: at safepoint (normal execution)

VM Mutex/Monitor currently owned by a thread:  ([mutex/lock_event])
[0x000001ccb2569a60] Threads_lock - owner thread: 0x000001ccce3a1f50
[0x000001ccb256a480] Heap_lock - owner thread: 0x000001ccd4902b20

Heap address: 0x0000000080000000, size: 2048 MB, Compressed Oops mode: 32-bit

CDS archive(s) not mapped
Compressed class space mapped at: 0x0000000100000000-0x0000000140000000, reserved size: 1073741824
Narrow klass base: 0x0000000000000000, Narrow klass shift: 3, Narrow klass range: 0x140000000

GC Precious Log:
 CPUs: 8 total, 8 available
 Memory: 12010M
 Large Page Support: Disabled
 NUMA Support: Disabled
 Compressed Oops: Enabled (32-bit)
 Heap Region Size: 1M
 Heap Min Capacity: 8M
 Heap Initial Capacity: 188M
 Heap Max Capacity: 2G
 Pre-touch: Disabled
 Parallel Workers: 8
 Concurrent Workers: 2
 Concurrent Refinement Workers: 8
 Periodic GC: Disabled

Heap:
 garbage-first heap   total 90112K, used 44023K [0x0000000080000000, 0x0000000100000000)
  region size 1024K, 3 young (3072K), 3 survivors (3072K)
 Metaspace       used 63105K, committed 63552K, reserved 1114112K
  class space    used 8745K, committed 8960K, reserved 1048576K

Heap Regions: E=young(eden), S=young(survivor), O=old, HS=humongous(starts), HC=humongous(continues), CS=collection set, F=free, OA=open archive, CA=closed archive, TAMS=top-at-mark-start (previous, next)
|   0|0x0000000080000000, 0x0000000080100000, 0x0000000080100000|100%|HS|  |TAMS 0x0000000080100000, 0x0000000080100000| Complete 
|   1|0x0000000080100000, 0x0000000080200000, 0x0000000080200000|100%|HC|  |TAMS 0x0000000080200000, 0x0000000080200000| Complete 
|   2|0x0000000080200000, 0x0000000080300000, 0x0000000080300000|100%|HC|  |TAMS 0x0000000080300000, 0x0000000080300000| Complete 
|   3|0x0000000080300000, 0x0000000080400000, 0x0000000080400000|100%|HC|  |TAMS 0x0000000080400000, 0x0000000080400000| Complete 
|   4|0x0000000080400000, 0x0000000080500000, 0x0000000080500000|100%| O|  |TAMS 0x0000000080500000, 0x0000000080500000| Untracked 
|   5|0x0000000080500000, 0x0000000080600000, 0x0000000080600000|100%| O|  |TAMS 0x0000000080600000, 0x0000000080600000| Untracked 
|   6|0x0000000080600000, 0x0000000080700000, 0x0000000080700000|100%| O|  |TAMS 0x0000000080700000, 0x0000000080700000| Untracked 
|   7|0x0000000080700000, 0x0000000080800000, 0x0000000080800000|100%| O|  |TAMS 0x0000000080800000, 0x0000000080800000| Untracked 
|   8|0x0000000080800000, 0x0000000080900000, 0x0000000080900000|100%| O|  |TAMS 0x0000000080900000, 0x0000000080900000| Untracked 
|   9|0x0000000080900000, 0x0000000080a00000, 0x0000000080a00000|100%| O|  |TAMS 0x0000000080a00000, 0x0000000080a00000| Untracked 
|  10|0x0000000080a00000, 0x0000000080b00000, 0x0000000080b00000|100%| O|  |TAMS 0x0000000080b00000, 0x0000000080b00000| Untracked 
|  11|0x0000000080b00000, 0x0000000080b00000, 0x0000000080c00000|  0%| F|  |TAMS 0x0000000080b00000, 0x0000000080b00000| Untracked 
|  12|0x0000000080c00000, 0x0000000080d00000, 0x0000000080d00000|100%| O|  |TAMS 0x0000000080d00000, 0x0000000080d00000| Untracked 
|  13|0x0000000080d00000, 0x0000000080e00000, 0x0000000080e00000|100%| O|  |TAMS 0x0000000080e00000, 0x0000000080e00000| Untracked 
|  14|0x0000000080e00000, 0x0000000080f00000, 0x0000000080f00000|100%| O|  |TAMS 0x0000000080f00000, 0x0000000080f00000| Untracked 
|  15|0x0000000080f00000, 0x0000000081000000, 0x0000000081000000|100%| O|  |TAMS 0x0000000081000000, 0x0000000081000000| Untracked 
|  16|0x0000000081000000, 0x0000000081100000, 0x0000000081100000|100%| O|  |TAMS 0x0000000081100000, 0x0000000081100000| Untracked 
|  17|0x0000000081100000, 0x0000000081200000, 0x0000000081200000|100%| O|  |TAMS 0x0000000081200000, 0x0000000081200000| Untracked 
|  18|0x0000000081200000, 0x0000000081300000, 0x0000000081300000|100%| O|  |TAMS 0x0000000081300000, 0x0000000081300000| Untracked 
|  19|0x0000000081300000, 0x0000000081400000, 0x0000000081400000|100%| O|  |TAMS 0x0000000081400000, 0x0000000081400000| Untracked 
|  20|0x0000000081400000, 0x0000000081500000, 0x0000000081500000|100%| O|  |TAMS 0x00000000814f1000, 0x0000000081500000| Untracked 
|  21|0x0000000081500000, 0x0000000081600000, 0x0000000081600000|100%| O|  |TAMS 0x0000000081600000, 0x0000000081600000| Untracked 
|  22|0x0000000081600000, 0x0000000081700000, 0x0000000081700000|100%| O|  |TAMS 0x0000000081700000, 0x0000000081700000| Untracked 
|  23|0x0000000081700000, 0x0000000081800000, 0x0000000081800000|100%| O|  |TAMS 0x0000000081800000, 0x0000000081800000| Untracked 
|  24|0x0000000081800000, 0x0000000081900000, 0x0000000081900000|100%| O|  |TAMS 0x0000000081900000, 0x0000000081900000| Untracked 
|  25|0x0000000081900000, 0x0000000081a00000, 0x0000000081a00000|100%| O|  |TAMS 0x0000000081a00000, 0x0000000081a00000| Untracked 
|  26|0x0000000081a00000, 0x0000000081b00000, 0x0000000081b00000|100%| O|  |TAMS 0x0000000081b00000, 0x0000000081b00000| Untracked 
|  27|0x0000000081b00000, 0x0000000081b00000, 0x0000000081c00000|  0%| F|  |TAMS 0x0000000081b00000, 0x0000000081b00000| Untracked 
|  28|0x0000000081c00000, 0x0000000081c00000, 0x0000000081d00000|  0%| F|  |TAMS 0x0000000081c00000, 0x0000000081c00000| Untracked 
|  29|0x0000000081d00000, 0x0000000081d00000, 0x0000000081e00000|  0%| F|  |TAMS 0x0000000081d00000, 0x0000000081d00000| Untracked 
|  30|0x0000000081e00000, 0x0000000081e00000, 0x0000000081f00000|  0%| F|  |TAMS 0x0000000081e00000, 0x0000000081e00000| Untracked 
|  31|0x0000000081f00000, 0x0000000081f00000, 0x0000000082000000|  0%| F|  |TAMS 0x0000000081f00000, 0x0000000081f00000| Untracked 
|  32|0x0000000082000000, 0x0000000082000000, 0x0000000082100000|  0%| F|  |TAMS 0x0000000082000000, 0x0000000082000000| Untracked 
|  33|0x0000000082100000, 0x0000000082100000, 0x0000000082200000|  0%| F|  |TAMS 0x0000000082100000, 0x0000000082100000| Untracked 
|  34|0x0000000082200000, 0x0000000082300000, 0x0000000082300000|100%| O|  |TAMS 0x0000000082300000, 0x0000000082300000| Untracked 
|  35|0x0000000082300000, 0x0000000082400000, 0x0000000082400000|100%| O|  |TAMS 0x0000000082400000, 0x0000000082400000| Untracked 
|  36|0x0000000082400000, 0x0000000082500000, 0x0000000082500000|100%| O|  |TAMS 0x0000000082400000, 0x0000000082500000| Untracked 
|  37|0x0000000082500000, 0x0000000082600000, 0x0000000082600000|100%| O|  |TAMS 0x0000000082500000, 0x0000000082600000| Untracked 
|  38|0x0000000082600000, 0x0000000082700000, 0x0000000082700000|100%| O|  |TAMS 0x0000000082600000, 0x0000000082700000| Untracked 
|  39|0x0000000082700000, 0x0000000082700000, 0x0000000082800000|  0%| F|  |TAMS 0x0000000082700000, 0x0000000082700000| Untracked 
|  40|0x0000000082800000, 0x0000000082800000, 0x0000000082900000|  0%| F|  |TAMS 0x0000000082800000, 0x0000000082800000| Untracked 
|  41|0x0000000082900000, 0x0000000082900000, 0x0000000082a00000|  0%| F|  |TAMS 0x0000000082900000, 0x0000000082900000| Untracked 
|  42|0x0000000082a00000, 0x0000000082a00000, 0x0000000082b00000|  0%| F|  |TAMS 0x0000000082a00000, 0x0000000082a00000| Untracked 
|  43|0x0000000082b00000, 0x0000000082b00000, 0x0000000082c00000|  0%| F|  |TAMS 0x0000000082b00000, 0x0000000082b00000| Untracked 
|  44|0x0000000082c00000, 0x0000000082d00000, 0x0000000082d00000|100%| O|  |TAMS 0x0000000082c00000, 0x0000000082d00000| Untracked 
|  45|0x0000000082d00000, 0x0000000082e00000, 0x0000000082e00000|100%| O|  |TAMS 0x0000000082d00000, 0x0000000082e00000| Untracked 
|  46|0x0000000082e00000, 0x0000000082f00000, 0x0000000082f00000|100%| O|  |TAMS 0x0000000082e00000, 0x0000000082f00000| Untracked 
|  47|0x0000000082f00000, 0x0000000083000000, 0x0000000083000000|100%| O|  |TAMS 0x0000000082f00000, 0x0000000083000000| Untracked 
|  48|0x0000000083000000, 0x0000000083100000, 0x0000000083100000|100%| O|  |TAMS 0x0000000083000000, 0x0000000083100000| Untracked 
|  49|0x0000000083100000, 0x0000000083121000, 0x0000000083200000| 12%| O|  |TAMS 0x0000000083100000, 0x0000000083121000| Untracked 
|  50|0x0000000083200000, 0x0000000083200000, 0x0000000083300000|  0%| F|  |TAMS 0x0000000083200000, 0x0000000083200000| Untracked 
|  51|0x0000000083300000, 0x0000000083300000, 0x0000000083400000|  0%| F|  |TAMS 0x0000000083300000, 0x0000000083300000| Untracked 
|  52|0x0000000083400000, 0x0000000083400000, 0x0000000083500000|  0%| F|  |TAMS 0x0000000083400000, 0x0000000083400000| Untracked 
|  53|0x0000000083500000, 0x0000000083500000, 0x0000000083600000|  0%| F|  |TAMS 0x0000000083500000, 0x0000000083500000| Untracked 
|  54|0x0000000083600000, 0x0000000083600000, 0x0000000083700000|  0%| F|  |TAMS 0x0000000083600000, 0x0000000083600000| Untracked 
|  55|0x0000000083700000, 0x0000000083700000, 0x0000000083800000|  0%| F|  |TAMS 0x0000000083700000, 0x0000000083700000| Untracked 
|  56|0x0000000083800000, 0x0000000083800000, 0x0000000083900000|  0%| F|  |TAMS 0x0000000083800000, 0x0000000083800000| Untracked 
|  57|0x0000000083900000, 0x0000000083900000, 0x0000000083a00000|  0%| F|  |TAMS 0x0000000083900000, 0x0000000083900000| Untracked 
|  58|0x0000000083a00000, 0x0000000083a00000, 0x0000000083b00000|  0%| F|  |TAMS 0x0000000083a00000, 0x0000000083a00000| Untracked 
|  59|0x0000000083b00000, 0x0000000083b00000, 0x0000000083c00000|  0%| F|  |TAMS 0x0000000083b00000, 0x0000000083b00000| Untracked 
|  60|0x0000000083c00000, 0x0000000083c00000, 0x0000000083d00000|  0%| F|  |TAMS 0x0000000083c00000, 0x0000000083c00000| Untracked 
|  61|0x0000000083d00000, 0x0000000083ddce20, 0x0000000083e00000| 86%| S|CS|TAMS 0x0000000083d00000, 0x0000000083d00000| Complete 
|  62|0x0000000083e00000, 0x0000000083f00000, 0x0000000083f00000|100%| S|CS|TAMS 0x0000000083e00000, 0x0000000083e00000| Complete 
|  63|0x0000000083f00000, 0x0000000084000000, 0x0000000084000000|100%| S|CS|TAMS 0x0000000083f00000, 0x0000000083f00000| Complete 
|  64|0x0000000084000000, 0x0000000084000000, 0x0000000084100000|  0%| F|  |TAMS 0x0000000084000000, 0x0000000084000000| Untracked 
|  65|0x0000000084100000, 0x0000000084100000, 0x0000000084200000|  0%| F|  |TAMS 0x0000000084100000, 0x0000000084100000| Untracked 
|  66|0x0000000084200000, 0x0000000084200000, 0x0000000084300000|  0%| F|  |TAMS 0x0000000084200000, 0x0000000084200000| Untracked 
|  67|0x0000000084300000, 0x0000000084300000, 0x0000000084400000|  0%| F|  |TAMS 0x0000000084300000, 0x0000000084300000| Untracked 
|  68|0x0000000084400000, 0x0000000084400000, 0x0000000084500000|  0%| F|  |TAMS 0x0000000084400000, 0x0000000084400000| Untracked 
|  69|0x0000000084500000, 0x0000000084500000, 0x0000000084600000|  0%| F|  |TAMS 0x0000000084500000, 0x0000000084500000| Untracked 
|  70|0x0000000084600000, 0x0000000084600000, 0x0000000084700000|  0%| F|  |TAMS 0x0000000084600000, 0x0000000084600000| Untracked 
|  71|0x0000000084700000, 0x0000000084700000, 0x0000000084800000|  0%| F|  |TAMS 0x0000000084700000, 0x0000000084700000| Untracked 
|  72|0x0000000084800000, 0x0000000084800000, 0x0000000084900000|  0%| F|  |TAMS 0x0000000084800000, 0x0000000084800000| Untracked 
|  73|0x0000000084900000, 0x0000000084900000, 0x0000000084a00000|  0%| F|  |TAMS 0x0000000084900000, 0x0000000084900000| Untracked 
|  74|0x0000000084a00000, 0x0000000084a00000, 0x0000000084b00000|  0%| F|  |TAMS 0x0000000084a00000, 0x0000000084a00000| Untracked 
|  75|0x0000000084b00000, 0x0000000084b00000, 0x0000000084c00000|  0%| F|  |TAMS 0x0000000084b00000, 0x0000000084b00000| Untracked 
|  76|0x0000000084c00000, 0x0000000084c00000, 0x0000000084d00000|  0%| F|  |TAMS 0x0000000084c00000, 0x0000000084c00000| Untracked 
|  77|0x0000000084d00000, 0x0000000084d00000, 0x0000000084e00000|  0%| F|  |TAMS 0x0000000084d00000, 0x0000000084d00000| Untracked 
|  78|0x0000000084e00000, 0x0000000084e00000, 0x0000000084f00000|  0%| F|  |TAMS 0x0000000084e00000, 0x0000000084e00000| Untracked 
|  79|0x0000000084f00000, 0x0000000084f00000, 0x0000000085000000|  0%| F|  |TAMS 0x0000000084f00000, 0x0000000084f00000| Untracked 
|  80|0x0000000085000000, 0x0000000085000000, 0x0000000085100000|  0%| F|  |TAMS 0x0000000085000000, 0x0000000085000000| Untracked 
|  81|0x0000000085100000, 0x0000000085100000, 0x0000000085200000|  0%| F|  |TAMS 0x0000000085100000, 0x0000000085100000| Untracked 
|  82|0x0000000085200000, 0x0000000085200000, 0x0000000085300000|  0%| F|  |TAMS 0x0000000085200000, 0x0000000085200000| Untracked 
| 187|0x000000008bb00000, 0x000000008bb00000, 0x000000008bc00000|  0%| F|  |TAMS 0x000000008bb00000, 0x000000008bb00000| Untracked 
|2044|0x00000000ffc00000, 0x00000000ffd00000, 0x00000000ffd00000|100%| O|  |TAMS 0x00000000ffc00000, 0x00000000ffd00000| Untracked 
|2045|0x00000000ffd00000, 0x00000000ffe00000, 0x00000000ffe00000|100%| O|  |TAMS 0x00000000ffd00000, 0x00000000ffe00000| Untracked 
|2046|0x00000000ffe00000, 0x00000000fff00000, 0x00000000fff00000|100%| O|  |TAMS 0x00000000ffe00000, 0x00000000fff00000| Untracked 
|2047|0x00000000fff00000, 0x0000000100000000, 0x0000000100000000|100%| O|  |TAMS 0x00000000fff00000, 0x0000000100000000| Untracked 

Card table byte_map: [0x000001ccc70b0000,0x000001ccc74b0000] _byte_map_base: 0x000001ccc6cb0000

Marking Bits (Prev, Next): (CMBitMap*) 0x000001ccb25c9a90, (CMBitMap*) 0x000001ccb25c9a50
 Prev Bits: [0x000001ccc98b0000, 0x000001cccb8b0000)
 Next Bits: [0x000001ccc78b0000, 0x000001ccc98b0000)

Polling page: 0x000001ccb2620000

Metaspace:

Usage:
  Non-class:     53.09 MB used.
      Class:      8.54 MB used.
       Both:     61.63 MB used.

Virtual space:
  Non-class space:       64.00 MB reserved,      53.31 MB ( 83%) committed,  1 nodes.
      Class space:        1.00 GB reserved,       8.75 MB ( <1%) committed,  1 nodes.
             Both:        1.06 GB reserved,      62.06 MB (  6%) committed. 

Chunk freelists:
   Non-Class:  10.30 MB
       Class:  7.20 MB
        Both:  17.50 MB

MaxMetaspaceSize: unlimited
CompressedClassSpaceSize: 1.00 GB
Initial GC threshold: 21.00 MB
Current GC threshold: 98.56 MB
CDS: off
MetaspaceReclaimPolicy: balanced
 - commit_granule_bytes: 65536.
 - commit_granule_words: 8192.
 - virtual_space_node_default_size: 8388608.
 - enlarge_chunks_in_place: 1.
 - new_chunks_are_fully_committed: 0.
 - uncommit_free_chunks: 1.
 - use_allocation_guard: 0.
 - handle_deallocations: 1.


Internal statistics:

num_allocs_failed_limit: 12.
num_arena_births: 508.
num_arena_deaths: 0.
num_vsnodes_births: 2.
num_vsnodes_deaths: 0.
num_space_committed: 991.
num_space_uncommitted: 0.
num_chunks_returned_to_freelist: 12.
num_chunks_taken_from_freelist: 2380.
num_chunk_merges: 9.
num_chunk_splits: 1780.
num_chunks_enlarged: 1416.
num_inconsistent_stats: 0.

CodeHeap 'non-profiled nmethods': size=120000Kb used=2992Kb max_used=2992Kb free=117008Kb
 bounds [0x000001ccbed20000, 0x000001ccbf010000, 0x000001ccc6250000]
CodeHeap 'profiled nmethods': size=120000Kb used=8257Kb max_used=8257Kb free=111743Kb
 bounds [0x000001ccb7250000, 0x000001ccb7a70000, 0x000001ccbe780000]
CodeHeap 'non-nmethods': size=5760Kb used=1659Kb max_used=1714Kb free=4100Kb
 bounds [0x000001ccbe780000, 0x000001ccbe9f0000, 0x000001ccbed20000]
 total_blobs=4954 nmethods=4228 adapters=638
 compilation: enabled
              stopped_count=0, restarted_count=0
 full_count=0

Compilation events (20 events):
Event: 4.412 Thread 0x000001ccd4599fb0 4219       4       org.jetbrains.org.objectweb.asm.ClassReader::readUtf (44 bytes)
Event: 4.412 Thread 0x000001ccce56a270 4231       3       jdk.internal.jrtfs.JrtPath::getFileSystem (5 bytes)
Event: 4.412 Thread 0x000001ccce56a270 nmethod 4231 0x000001ccb7a5dc90 code [0x000001ccb7a5de20, 0x000001ccb7a5df38]
Event: 4.412 Thread 0x000001ccce56a270 4233   !   3       java.nio.channels.spi.AbstractInterruptibleChannel::close (37 bytes)
Event: 4.412 Thread 0x000001ccce56a270 nmethod 4233 0x000001ccb7a5e010 code [0x000001ccb7a5e1c0, 0x000001ccb7a5e508]
Event: 4.412 Thread 0x000001ccce56a270 4232  s    3       java.io.ByteArrayOutputStream::toByteArray (12 bytes)
Event: 4.412 Thread 0x000001ccce56a270 nmethod 4232 0x000001ccb7a5e610 code [0x000001ccb7a5e7c0, 0x000001ccb7a5e9a8]
Event: 4.418 Thread 0x000001ccce56a270 4234       3       java.lang.invoke.LambdaFormEditor::getInCache (165 bytes)
Event: 4.419 Thread 0x000001ccce56a270 nmethod 4234 0x000001ccb7a5ea90 code [0x000001ccb7a5ed00, 0x000001ccb7a5fb78]
Event: 4.420 Thread 0x000001ccce56a270 4235       3       java.util.concurrent.locks.LockSupport::parkNanos (29 bytes)
Event: 4.420 Thread 0x000001ccce56a270 nmethod 4235 0x000001ccb7a5ff10 code [0x000001ccb7a600e0, 0x000001ccb7a602e8]
Event: 4.422 Thread 0x000001ccd4599fb0 nmethod 4219 0x000001ccbeffa490 code [0x000001ccbeffa640, 0x000001ccbeffb038]
Event: 4.422 Thread 0x000001ccd4599fb0 4215   !   4       java.util.zip.Inflater::finished (19 bytes)
Event: 4.423 Thread 0x000001ccd4599fb0 nmethod 4215 0x000001ccbeffb590 code [0x000001ccbeffb700, 0x000001ccbeffb8d8]
Event: 4.423 Thread 0x000001ccd4599fb0 4090       4       org.jetbrains.kotlin.com.intellij.util.containers.FactoryMap::notNull (12 bytes)
Event: 4.423 Thread 0x000001ccd4599fb0 nmethod 4090 0x000001ccbeffb990 code [0x000001ccbeffbb00, 0x000001ccbeffbb78]
Event: 4.423 Thread 0x000001ccd4599fb0 4092       4       java.lang.Class::getComponentType (14 bytes)
Event: 4.424 Thread 0x000001ccd4599fb0 nmethod 4092 0x000001ccbeffbc90 code [0x000001ccbeffbe00, 0x000001ccbeffbe98]
Event: 4.430 Thread 0x000001ccce5697c0 nmethod 4018 0x000001ccbeffbf90 code [0x000001ccbeffc4e0, 0x000001ccbf002ad8]
Event: 4.435 Thread 0x000001ccce86c890 nmethod 4094 0x000001ccbf007f10 code [0x000001ccbf008220, 0x000001ccbf00a478]

GC Heap History (20 events):
Event: 2.156 GC heap after
{Heap after GC invocations=7 (full 0):
 garbage-first heap   total 99328K, used 22156K [0x0000000080000000, 0x0000000100000000)
  region size 1024K, 2 young (2048K), 2 survivors (2048K)
 Metaspace       used 30658K, committed 30976K, reserved 1114112K
  class space    used 4087K, committed 4224K, reserved 1048576K
}
Event: 2.537 GC heap before
{Heap before GC invocations=7 (full 0):
 garbage-first heap   total 99328K, used 59020K [0x0000000080000000, 0x0000000100000000)
  region size 1024K, 39 young (39936K), 2 survivors (2048K)
 Metaspace       used 35622K, committed 35968K, reserved 1114112K
  class space    used 4859K, committed 5056K, reserved 1048576K
}
Event: 2.540 GC heap after
{Heap after GC invocations=8 (full 0):
 garbage-first heap   total 99328K, used 23641K [0x0000000080000000, 0x0000000100000000)
  region size 1024K, 4 young (4096K), 4 survivors (4096K)
 Metaspace       used 35622K, committed 35968K, reserved 1114112K
  class space    used 4859K, committed 5056K, reserved 1048576K
}
Event: 2.981 GC heap before
{Heap before GC invocations=9 (full 0):
 garbage-first heap   total 86016K, used 69721K [0x0000000080000000, 0x0000000100000000)
  region size 1024K, 50 young (51200K), 4 survivors (4096K)
 Metaspace       used 41882K, committed 42240K, reserved 1114112K
  class space    used 5581K, committed 5760K, reserved 1048576K
}
Event: 2.987 GC heap after
{Heap after GC invocations=10 (full 0):
 garbage-first heap   total 86016K, used 28138K [0x0000000080000000, 0x0000000100000000)
  region size 1024K, 7 young (7168K), 7 survivors (7168K)
 Metaspace       used 41882K, committed 42240K, reserved 1114112K
  class space    used 5581K, committed 5760K, reserved 1048576K
}
Event: 2.989 GC heap before
{Heap before GC invocations=10 (full 0):
 garbage-first heap   total 86016K, used 29162K [0x0000000080000000, 0x0000000100000000)
  region size 1024K, 8 young (8192K), 7 survivors (7168K)
 Metaspace       used 41882K, committed 42240K, reserved 1114112K
  class space    used 5581K, committed 5760K, reserved 1048576K
}
Event: 2.994 GC heap after
{Heap after GC invocations=11 (full 0):
 garbage-first heap   total 86016K, used 27951K [0x0000000080000000, 0x0000000100000000)
  region size 1024K, 1 young (1024K), 1 survivors (1024K)
 Metaspace       used 41882K, committed 42240K, reserved 1114112K
  class space    used 5581K, committed 5760K, reserved 1048576K
}
Event: 3.364 GC heap before
{Heap before GC invocations=11 (full 0):
 garbage-first heap   total 86016K, used 65839K [0x0000000080000000, 0x0000000100000000)
  region size 1024K, 37 young (37888K), 1 survivors (1024K)
 Metaspace       used 47539K, committed 47936K, reserved 1114112K
  class space    used 6727K, committed 6912K, reserved 1048576K
}
Event: 3.365 GC heap after
{Heap after GC invocations=12 (full 0):
 garbage-first heap   total 86016K, used 29853K [0x0000000080000000, 0x0000000100000000)
  region size 1024K, 2 young (2048K), 2 survivors (2048K)
 Metaspace       used 47539K, committed 47936K, reserved 1114112K
  class space    used 6727K, committed 6912K, reserved 1048576K
}
Event: 3.635 GC heap before
{Heap before GC invocations=12 (full 0):
 garbage-first heap   total 86016K, used 66717K [0x0000000080000000, 0x0000000100000000)
  region size 1024K, 38 young (38912K), 2 survivors (2048K)
 Metaspace       used 52121K, committed 52544K, reserved 1114112K
  class space    used 7359K, committed 7552K, reserved 1048576K
}
Event: 3.638 GC heap after
{Heap after GC invocations=13 (full 0):
 garbage-first heap   total 86016K, used 30648K [0x0000000080000000, 0x0000000100000000)
  region size 1024K, 3 young (3072K), 3 survivors (3072K)
 Metaspace       used 52121K, committed 52544K, reserved 1114112K
  class space    used 7359K, committed 7552K, reserved 1048576K
}
Event: 3.944 GC heap before
{Heap before GC invocations=13 (full 0):
 garbage-first heap   total 86016K, used 67512K [0x0000000080000000, 0x0000000100000000)
  region size 1024K, 39 young (39936K), 3 survivors (3072K)
 Metaspace       used 57605K, committed 57984K, reserved 1114112K
  class space    used 8025K, committed 8192K, reserved 1048576K
}
Event: 3.947 GC heap after
{Heap after GC invocations=14 (full 0):
 garbage-first heap   total 86016K, used 31738K [0x0000000080000000, 0x0000000100000000)
  region size 1024K, 3 young (3072K), 3 survivors (3072K)
 Metaspace       used 57605K, committed 57984K, reserved 1114112K
  class space    used 8025K, committed 8192K, reserved 1048576K
}
Event: 4.061 GC heap before
{Heap before GC invocations=14 (full 0):
 garbage-first heap   total 86016K, used 46074K [0x0000000080000000, 0x0000000100000000)
  region size 1024K, 18 young (18432K), 3 survivors (3072K)
 Metaspace       used 59785K, committed 60160K, reserved 1114112K
  class space    used 8331K, committed 8512K, reserved 1048576K
}
Event: 4.064 GC heap after
{Heap after GC invocations=15 (full 0):
 garbage-first heap   total 86016K, used 31869K [0x0000000080000000, 0x0000000100000000)
  region size 1024K, 3 young (3072K), 3 survivors (3072K)
 Metaspace       used 59785K, committed 60160K, reserved 1114112K
  class space    used 8331K, committed 8512K, reserved 1048576K
}
Event: 4.297 GC heap before
{Heap before GC invocations=16 (full 0):
 garbage-first heap   total 86016K, used 76925K [0x0000000080000000, 0x0000000100000000)
  region size 1024K, 40 young (40960K), 3 survivors (3072K)
 Metaspace       used 61878K, committed 62464K, reserved 1114112K
  class space    used 8583K, committed 8832K, reserved 1048576K
}
Event: 4.309 GC heap after
{Heap after GC invocations=17 (full 0):
 garbage-first heap   total 90112K, used 48939K [0x0000000080000000, 0x0000000100000000)
  region size 1024K, 5 young (5120K), 5 survivors (5120K)
 Metaspace       used 61878K, committed 62464K, reserved 1114112K
  class space    used 8583K, committed 8832K, reserved 1048576K
}
Event: 4.323 GC heap before
{Heap before GC invocations=17 (full 0):
 garbage-first heap   total 90112K, used 49963K [0x0000000080000000, 0x0000000100000000)
  region size 1024K, 6 young (6144K), 5 survivors (5120K)
 Metaspace       used 61885K, committed 62464K, reserved 1114112K
  class space    used 8584K, committed 8832K, reserved 1048576K
}
Event: 4.331 GC heap after
{Heap after GC invocations=18 (full 0):
 garbage-first heap   total 90112K, used 49112K [0x0000000080000000, 0x0000000100000000)
  region size 1024K, 1 young (1024K), 1 survivors (1024K)
 Metaspace       used 61885K, committed 62464K, reserved 1114112K
  class space    used 8584K, committed 8832K, reserved 1048576K
}
Event: 4.456 GC heap before
{Heap before GC invocations=18 (full 0):
 garbage-first heap   total 90112K, used 68568K [0x0000000080000000, 0x0000000100000000)
  region size 1024K, 20 young (20480K), 1 survivors (1024K)
 Metaspace       used 63105K, committed 63552K, reserved 1114112K
  class space    used 8745K, committed 8960K, reserved 1048576K
}

Dll operation events (3 events):
Event: 0.005 Loaded shared library D:\Program Files\AndroidStudio\jbr\bin\java.dll
Event: 0.093 Loaded shared library D:\Program Files\AndroidStudio\jbr\bin\zip.dll
Event: 0.262 Loaded shared library D:\Program Files\AndroidStudio\jbr\bin\verify.dll

Deoptimization events (20 events):
Event: 4.336 Thread 0x000001ccd4902b20 DEOPT PACKING pc=0x000001ccbefdcb68 sp=0x00000049a0ff6320
Event: 4.336 Thread 0x000001ccd4902b20 DEOPT UNPACKING pc=0x000001ccbe7da1a3 sp=0x00000049a0ff62e0 mode 2
Event: 4.337 Thread 0x000001ccd4902b20 Uncommon trap: trap_request=0xffffff45 fr.pc=0x000001ccbefe7fc8 relative=0x0000000000002188
Event: 4.337 Thread 0x000001ccd4902b20 Uncommon trap: reason=unstable_if action=reinterpret pc=0x000001ccbefe7fc8 method=org.jetbrains.kotlin.com.intellij.openapi.vfs.impl.jar.CoreJarHandler.getOrCreateFile(Lorg/jetbrains/kotlin/com/intellij/openapi/vfs/impl/ArchiveHandler$EntryInfo;Ljava/util
Event: 4.337 Thread 0x000001ccd4902b20 DEOPT PACKING pc=0x000001ccbefe7fc8 sp=0x00000049a0ff6400
Event: 4.337 Thread 0x000001ccd4902b20 DEOPT UNPACKING pc=0x000001ccbe7da1a3 sp=0x00000049a0ff6410 mode 2
Event: 4.337 Thread 0x000001ccd4902b20 Uncommon trap: trap_request=0xffffff45 fr.pc=0x000001ccbefe39d8 relative=0x00000000000010d8
Event: 4.337 Thread 0x000001ccd4902b20 Uncommon trap: reason=unstable_if action=reinterpret pc=0x000001ccbefe39d8 method=org.jetbrains.kotlin.com.intellij.util.containers.FactoryMap.getMap()Ljava/util/Map; @ 6 c2
Event: 4.337 Thread 0x000001ccd4902b20 DEOPT PACKING pc=0x000001ccbefe39d8 sp=0x00000049a0ff6460
Event: 4.337 Thread 0x000001ccd4902b20 DEOPT UNPACKING pc=0x000001ccbe7da1a3 sp=0x00000049a0ff63e0 mode 2
Event: 4.339 Thread 0x000001ccd4902b20 Uncommon trap: trap_request=0xffffffcc fr.pc=0x000001ccbefe54d4 relative=0x0000000000000334
Event: 4.339 Thread 0x000001ccd4902b20 Uncommon trap: reason=intrinsic_or_type_checked_inlining action=make_not_entrant pc=0x000001ccbefe54d4 method=java.util.Arrays.copyOf([Ljava/lang/Object;ILjava/lang/Class;)[Ljava/lang/Object; @ 35 c2
Event: 4.339 Thread 0x000001ccd4902b20 DEOPT PACKING pc=0x000001ccbefe54d4 sp=0x00000049a0ff6430
Event: 4.339 Thread 0x000001ccd4902b20 DEOPT UNPACKING pc=0x000001ccbe7da1a3 sp=0x00000049a0ff63c0 mode 2
Event: 4.344 Thread 0x000001ccd4902b20 DEOPT PACKING pc=0x000001ccb7686654 sp=0x00000049a0ff5d10
Event: 4.344 Thread 0x000001ccd4902b20 DEOPT UNPACKING pc=0x000001ccbe7dace3 sp=0x00000049a0ff5268 mode 0
Event: 4.349 Thread 0x000001ccd4902b20 Uncommon trap: trap_request=0xffffff45 fr.pc=0x000001ccbefea1d8 relative=0x0000000000000478
Event: 4.349 Thread 0x000001ccd4902b20 Uncommon trap: reason=unstable_if action=reinterpret pc=0x000001ccbefea1d8 method=org.jetbrains.kotlin.com.intellij.openapi.vfs.impl.ZipEntryMap.isTheOne(Lorg/jetbrains/kotlin/com/intellij/openapi/vfs/impl/ArchiveHandler$EntryInfo;Ljava/lang/CharSequence;
Event: 4.349 Thread 0x000001ccd4902b20 DEOPT PACKING pc=0x000001ccbefea1d8 sp=0x00000049a0ff6130
Event: 4.349 Thread 0x000001ccd4902b20 DEOPT UNPACKING pc=0x000001ccbe7da1a3 sp=0x00000049a0ff60f0 mode 2

Classes unloaded (0 events):
No events

Classes redefined (0 events):
No events

Internal exceptions (20 events):
Event: 3.179 Thread 0x000001ccd4902b20 Exception <a 'java/lang/NoSuchMethodError'{0x0000000083fb9eb8}: 'java.lang.Object java.lang.invoke.DirectMethodHandle$Holder.invokeStaticInit(java.lang.Object, int)'> (0x0000000083fb9eb8) 
thrown [s\src\hotspot\share\interpreter\linkResolver.cpp, line 771]
Event: 3.473 Thread 0x000001ccd4902b20 Implicit null exception at 0x000001ccbed5ec55 to 0x000001ccbed5f258
Event: 3.540 Thread 0x000001ccd4902b20 Implicit null exception at 0x000001ccbed76152 to 0x000001ccbed7675c
Event: 3.688 Thread 0x000001ccd4902b20 Exception <a 'sun/nio/fs/WindowsException'{0x0000000084e304f8}> (0x0000000084e304f8) 
thrown [s\src\hotspot\share\prims\jni.cpp, line 517]
Event: 3.688 Thread 0x000001ccd4902b20 Exception <a 'sun/nio/fs/WindowsException'{0x0000000084e31fd8}> (0x0000000084e31fd8) 
thrown [s\src\hotspot\share\prims\jni.cpp, line 517]
Event: 3.729 Thread 0x000001ccd4902b20 Exception <a 'java/lang/NoSuchMethodError'{0x000000008472f270}: 'long java.lang.invoke.DirectMethodHandle$Holder.invokeStatic(java.lang.Object)'> (0x000000008472f270) 
thrown [s\src\hotspot\share\interpreter\linkResolver.cpp, line 771]
Event: 3.729 Thread 0x000001ccd4902b20 Exception <a 'java/lang/NoSuchMethodError'{0x0000000084733e58}: 'long java.lang.invoke.DirectMethodHandle$Holder.invokeStaticInit(java.lang.Object)'> (0x0000000084733e58) 
thrown [s\src\hotspot\share\interpreter\linkResolver.cpp, line 771]
Event: 3.763 Thread 0x000001ccd4902b20 Exception <a 'java/lang/NoSuchMethodError'{0x0000000084264400}: 'long java.lang.invoke.Invokers$Holder.invoke_MT(java.lang.Object, java.lang.Object, java.lang.Object, java.lang.Object)'> (0x0000000084264400) 
thrown [s\src\hotspot\share\interpreter\linkResolver.cpp, line 771]
Event: 3.764 Thread 0x000001ccd4902b20 Exception <a 'java/lang/NoSuchMethodError'{0x000000008426d7a8}: 'int java.lang.invoke.Invokers$Holder.invoke_MT(java.lang.Object, java.lang.Object, java.lang.Object, java.lang.Object)'> (0x000000008426d7a8) 
thrown [s\src\hotspot\share\interpreter\linkResolver.cpp, line 771]
Event: 3.765 Thread 0x000001ccd4902b20 Exception <a 'java/lang/NoSuchMethodError'{0x000000008427e060}: 'void java.lang.invoke.DelegatingMethodHandle$Holder.reinvoke_L(java.lang.Object, java.lang.Object, java.lang.Object, long, java.lang.Object)'> (0x000000008427e060) 
thrown [s\src\hotspot\share\interpreter\linkResolver.cpp, line 771]
Event: 3.765 Thread 0x000001ccd4902b20 Exception <a 'java/lang/NoSuchMethodError'{0x0000000084286bf8}: 'java.lang.Object java.lang.invoke.DirectMethodHandle$Holder.invokeSpecial(java.lang.Object, java.lang.Object, java.lang.Object, java.lang.Object, long)'> (0x0000000084286bf8) 
thrown [s\src\hotspot\share\interpreter\linkResolver.cpp, line 771]
Event: 3.765 Thread 0x000001ccd4902b20 Exception <a 'java/lang/NoSuchMethodError'{0x0000000084297420}: 'int java.lang.invoke.DelegatingMethodHandle$Holder.reinvoke_L(java.lang.Object, java.lang.Object, java.lang.Object, long, java.lang.Object, java.lang.Object)'> (0x0000000084297420) 
thrown [s\src\hotspot\share\interpreter\linkResolver.cpp, line 771]
Event: 3.766 Thread 0x000001ccd4902b20 Exception <a 'java/lang/NoSuchMethodError'{0x00000000842a74f0}: 'int java.lang.invoke.DelegatingMethodHandle$Holder.reinvoke_L(java.lang.Object, java.lang.Object, java.lang.Object, long, int, int)'> (0x00000000842a74f0) 
thrown [s\src\hotspot\share\interpreter\linkResolver.cpp, line 771]
Event: 3.766 Thread 0x000001ccd4902b20 Exception <a 'java/lang/NoSuchMethodError'{0x00000000842b7368}: 'int java.lang.invoke.DelegatingMethodHandle$Holder.reinvoke_L(java.lang.Object, java.lang.Object, java.lang.Object, long, long, long)'> (0x00000000842b7368) 
thrown [s\src\hotspot\share\interpreter\linkResolver.cpp, line 771]
Event: 3.767 Thread 0x000001ccd4902b20 Exception <a 'java/lang/NoSuchMethodError'{0x00000000842c6ec0}: 'int java.lang.invoke.DelegatingMethodHandle$Holder.reinvoke_L(java.lang.Object, java.lang.Object, java.lang.Object, long, int)'> (0x00000000842c6ec0) 
thrown [s\src\hotspot\share\interpreter\linkResolver.cpp, line 771]
Event: 4.007 Thread 0x000001ccd4902b20 Exception <a 'java/lang/NoSuchMethodError'{0x0000000084ce5318}: 'void java.lang.invoke.DirectMethodHandle$Holder.invokeVirtual(java.lang.Object, java.lang.Object)'> (0x0000000084ce5318) 
thrown [s\src\hotspot\share\interpreter\linkResolver.cpp, line 771]
Event: 4.119 Thread 0x000001ccd4902b20 Exception <a 'java/lang/NoSuchMethodError'{0x0000000084c35e50}: 'java.lang.Object java.lang.invoke.Invokers$Holder.invokeExact_MT(java.lang.Object, java.lang.Object, long, java.lang.Object)'> (0x0000000084c35e50) 
thrown [s\src\hotspot\share\interpreter\linkResolver.cpp, line 771]
Event: 4.142 Thread 0x000001ccd4902b20 Exception <a 'java/lang/NoSuchMethodError'{0x0000000084a9e1b8}: 'java.lang.Object java.lang.invoke.Invokers$Holder.invoke_MT(java.lang.Object, java.lang.Object, java.lang.Object)'> (0x0000000084a9e1b8) 
thrown [s\src\hotspot\share\interpreter\linkResolver.cpp, line 771]
Event: 4.337 Thread 0x000001ccd4902b20 Implicit null exception at 0x000001ccbefe66d0 to 0x000001ccbefe7f90
Event: 4.337 Thread 0x000001ccd4902b20 Implicit null exception at 0x000001ccbefe293b to 0x000001ccbefe39c4

VM Operations (20 events):
Event: 3.638 Executing VM operation: G1CollectForAllocation done
Event: 3.686 Executing VM operation: HandshakeAllThreads
Event: 3.687 Executing VM operation: HandshakeAllThreads done
Event: 3.944 Executing VM operation: G1CollectForAllocation
Event: 3.947 Executing VM operation: G1CollectForAllocation done
Event: 4.061 Executing VM operation: CollectForMetadataAllocation
Event: 4.064 Executing VM operation: CollectForMetadataAllocation done
Event: 4.070 Executing VM operation: HandshakeAllThreads
Event: 4.070 Executing VM operation: HandshakeAllThreads done
Event: 4.077 Executing VM operation: CollectForMetadataAllocation
Event: 4.078 Executing VM operation: CollectForMetadataAllocation done
Event: 4.078 Executing VM operation: G1PauseRemark
Event: 4.080 Executing VM operation: G1PauseRemark done
Event: 4.087 Executing VM operation: G1PauseCleanup
Event: 4.087 Executing VM operation: G1PauseCleanup done
Event: 4.297 Executing VM operation: G1CollectForAllocation
Event: 4.309 Executing VM operation: G1CollectForAllocation done
Event: 4.323 Executing VM operation: G1CollectForAllocation
Event: 4.331 Executing VM operation: G1CollectForAllocation done
Event: 4.456 Executing VM operation: G1CollectForAllocation

Events (20 events):
Event: 4.142 loading class jdk/internal/access/foreign/UnmapperProxy done
Event: 4.142 loading class sun/nio/ch/FileChannelImpl$Unmapper done
Event: 4.142 loading class sun/nio/ch/FileChannelImpl$DefaultUnmapper done
Event: 4.142 loading class sun/nio/ch/Util$4
Event: 4.142 loading class sun/nio/ch/Util$4 done
Event: 4.142 loading class jdk/internal/access/foreign/MemorySegmentProxy
Event: 4.142 loading class jdk/internal/access/foreign/MemorySegmentProxy done
Event: 4.143 loading class java/io/UTFDataFormatException
Event: 4.143 loading class java/io/UTFDataFormatException done
Event: 4.152 loading class java/util/DualPivotQuicksort
Event: 4.153 loading class java/util/DualPivotQuicksort done
Event: 4.187 Thread 0x000001ccd4599fb0 Thread added: 0x000001ccd4599fb0
Event: 4.364 loading class java/nio/channels/Channels
Event: 4.365 loading class java/nio/channels/Channels done
Event: 4.365 loading class java/nio/channels/Channels$ReadableByteChannelImpl
Event: 4.365 loading class java/nio/channels/Channels$ReadableByteChannelImpl done
Event: 4.365 loading class java/nio/channels/NonWritableChannelException
Event: 4.365 loading class java/nio/channels/NonWritableChannelException done
Event: 4.365 loading class sun/nio/ch/ChannelInputStream
Event: 4.365 loading class sun/nio/ch/ChannelInputStream done


Dynamic libraries:
0x00007ff66f0a0000 - 0x00007ff66f0aa000 	D:\Program Files\AndroidStudio\jbr\bin\java.exe
0x00007ff91e2f0000 - 0x00007ff91e506000 	C:\WINDOWS\SYSTEM32\ntdll.dll
0x00007ff91c120000 - 0x00007ff91c1e4000 	C:\WINDOWS\System32\KERNEL32.DLL
0x00007ff91b6a0000 - 0x00007ff91ba46000 	C:\WINDOWS\System32\KERNELBASE.dll
0x00007ff91bf20000 - 0x00007ff91c031000 	C:\WINDOWS\System32\ucrtbase.dll
0x00007ff9003e0000 - 0x00007ff9003f7000 	D:\Program Files\AndroidStudio\jbr\bin\jli.dll
0x00007ff900240000 - 0x00007ff90025b000 	D:\Program Files\AndroidStudio\jbr\bin\VCRUNTIME140.dll
0x00007ff91cbe0000 - 0x00007ff91cd8d000 	C:\WINDOWS\System32\USER32.dll
0x00007ff91bc60000 - 0x00007ff91bc86000 	C:\WINDOWS\System32\win32u.dll
0x00007ff9038a0000 - 0x00007ff903b33000 	C:\WINDOWS\WinSxS\amd64_microsoft.windows.common-controls_6595b64144ccf1df_6.0.22621.3235_none_270f74e173860f98\COMCTL32.dll
0x00007ff91ca20000 - 0x00007ff91ca49000 	C:\WINDOWS\System32\GDI32.dll
0x00007ff91d5b0000 - 0x00007ff91d657000 	C:\WINDOWS\System32\msvcrt.dll
0x00007ff91bb40000 - 0x00007ff91bc58000 	C:\WINDOWS\System32\gdi32full.dll
0x00007ff91be00000 - 0x00007ff91be9a000 	C:\WINDOWS\System32\msvcp_win.dll
0x00007ff91d4f0000 - 0x00007ff91d521000 	C:\WINDOWS\System32\IMM32.DLL
0x00007ff917fb0000 - 0x00007ff917fbc000 	D:\Program Files\AndroidStudio\jbr\bin\vcruntime140_1.dll
0x00007ff8cd570000 - 0x00007ff8cd5fd000 	D:\Program Files\AndroidStudio\jbr\bin\msvcp140.dll
0x00007ff89d5a0000 - 0x00007ff89e223000 	D:\Program Files\AndroidStudio\jbr\bin\server\jvm.dll
0x00007ff91c960000 - 0x00007ff91ca12000 	C:\WINDOWS\System32\ADVAPI32.dll
0x00007ff91d840000 - 0x00007ff91d8e8000 	C:\WINDOWS\System32\sechost.dll
0x00007ff91bb10000 - 0x00007ff91bb38000 	C:\WINDOWS\System32\bcrypt.dll
0x00007ff91c390000 - 0x00007ff91c4a5000 	C:\WINDOWS\System32\RPCRT4.dll
0x00007ff905950000 - 0x00007ff905959000 	C:\WINDOWS\SYSTEM32\WSOCK32.dll
0x00007ff91a4c0000 - 0x00007ff91a50d000 	C:\WINDOWS\SYSTEM32\POWRPROF.dll
0x00007ff91d530000 - 0x00007ff91d5a1000 	C:\WINDOWS\System32\WS2_32.dll
0x00007ff918280000 - 0x00007ff9182b4000 	C:\WINDOWS\SYSTEM32\WINMM.dll
0x00007ff915060000 - 0x00007ff91506a000 	C:\WINDOWS\SYSTEM32\VERSION.dll
0x00007ff91a4a0000 - 0x00007ff91a4b3000 	C:\WINDOWS\SYSTEM32\UMPDC.dll
0x00007ff91a760000 - 0x00007ff91a778000 	C:\WINDOWS\SYSTEM32\kernel.appcore.dll
0x00007ff901fb0000 - 0x00007ff901fba000 	D:\Program Files\AndroidStudio\jbr\bin\jimage.dll
0x00007ff918f10000 - 0x00007ff919143000 	C:\WINDOWS\SYSTEM32\DBGHELP.DLL
0x00007ff91d160000 - 0x00007ff91d4e8000 	C:\WINDOWS\System32\combase.dll
0x00007ff91d6c0000 - 0x00007ff91d797000 	C:\WINDOWS\System32\OLEAUT32.dll
0x00007ff918240000 - 0x00007ff918272000 	C:\WINDOWS\SYSTEM32\dbgcore.DLL
0x00007ff91bea0000 - 0x00007ff91bf1a000 	C:\WINDOWS\System32\bcryptPrimitives.dll
0x00007ff9007a0000 - 0x00007ff9007ae000 	D:\Program Files\AndroidStudio\jbr\bin\instrument.dll
0x00007ff900820000 - 0x00007ff900845000 	D:\Program Files\AndroidStudio\jbr\bin\java.dll
0x00007ff900800000 - 0x00007ff900818000 	D:\Program Files\AndroidStudio\jbr\bin\zip.dll
0x00007ff91da00000 - 0x00007ff91e25d000 	C:\WINDOWS\System32\SHELL32.dll
0x00007ff9195a0000 - 0x00007ff919e98000 	C:\WINDOWS\SYSTEM32\windows.storage.dll
0x00007ff919460000 - 0x00007ff91959e000 	C:\WINDOWS\SYSTEM32\wintypes.dll
0x00007ff91d060000 - 0x00007ff91d153000 	C:\WINDOWS\System32\SHCORE.dll
0x00007ff91d8f0000 - 0x00007ff91d94e000 	C:\WINDOWS\System32\shlwapi.dll
0x00007ff91b560000 - 0x00007ff91b586000 	C:\WINDOWS\SYSTEM32\profapi.dll
0x00007ff900440000 - 0x00007ff900459000 	D:\Program Files\AndroidStudio\jbr\bin\net.dll
0x00007ff915770000 - 0x00007ff9158a7000 	C:\WINDOWS\SYSTEM32\WINHTTP.dll
0x00007ff91abe0000 - 0x00007ff91ac49000 	C:\WINDOWS\system32\mswsock.dll
0x00007ff900400000 - 0x00007ff900416000 	D:\Program Files\AndroidStudio\jbr\bin\nio.dll
0x00007ff9008e0000 - 0x00007ff9008f0000 	D:\Program Files\AndroidStudio\jbr\bin\verify.dll
0x00007ff900770000 - 0x00007ff900797000 	C:\Users\user\.gradle\native\c067742578af261105cb4f569cf0c3c89f3d7b1fecec35dd04571415982c5e48\windows-amd64\native-platform.dll
0x00007ff8b5e20000 - 0x00007ff8b5f64000 	C:\Users\user\.gradle\native\38dada09dfb8b06ba9b0570ebf7e218e3eb74d4ef43ca46872605cf95ebc2f47\windows-amd64\native-platform-file-events.dll
0x00007ff901f70000 - 0x00007ff901f79000 	D:\Program Files\AndroidStudio\jbr\bin\management.dll
0x00007ff900940000 - 0x00007ff90094b000 	D:\Program Files\AndroidStudio\jbr\bin\management_ext.dll
0x00007ff91d7a0000 - 0x00007ff91d7a8000 	C:\WINDOWS\System32\PSAPI.DLL
0x00007ff91ae40000 - 0x00007ff91ae5b000 	C:\WINDOWS\SYSTEM32\CRYPTSP.dll
0x00007ff91a6c0000 - 0x00007ff91a6f5000 	C:\WINDOWS\system32\rsaenh.dll
0x00007ff91acd0000 - 0x00007ff91acfc000 	C:\WINDOWS\SYSTEM32\USERENV.dll
0x00007ff91ae30000 - 0x00007ff91ae3c000 	C:\WINDOWS\SYSTEM32\CRYPTBASE.dll
0x00007ff91a170000 - 0x00007ff91a19d000 	C:\WINDOWS\SYSTEM32\IPHLPAPI.DLL
0x00007ff91d050000 - 0x00007ff91d059000 	C:\WINDOWS\System32\NSI.dll
0x00007ff915590000 - 0x00007ff9155a9000 	C:\WINDOWS\SYSTEM32\dhcpcsvc6.DLL
0x00007ff9154d0000 - 0x00007ff9154ef000 	C:\WINDOWS\SYSTEM32\dhcpcsvc.DLL
0x00007ff91a1e0000 - 0x00007ff91a2d9000 	C:\WINDOWS\SYSTEM32\DNSAPI.dll
0x00007ff889cd0000 - 0x00007ff889cd8000 	C:\WINDOWS\system32\wshunix.dll

dbghelp: loaded successfully - version: 4.0.5 - missing functions: none
symbol engine: initialized successfully - sym options: 0x614 - pdb path: .;D:\Program Files\AndroidStudio\jbr\bin;C:\WINDOWS\SYSTEM32;C:\WINDOWS\WinSxS\amd64_microsoft.windows.common-controls_6595b64144ccf1df_6.0.22621.3235_none_270f74e173860f98;D:\Program Files\AndroidStudio\jbr\bin\server;C:\Users\user\.gradle\native\c067742578af261105cb4f569cf0c3c89f3d7b1fecec35dd04571415982c5e48\windows-amd64;C:\Users\user\.gradle\native\38dada09dfb8b06ba9b0570ebf7e218e3eb74d4ef43ca46872605cf95ebc2f47\windows-amd64

VM Arguments:
jvm_args: --add-opens=java.base/java.util=ALL-UNNAMED --add-opens=java.base/java.lang=ALL-UNNAMED --add-opens=java.base/java.lang.invoke=ALL-UNNAMED --add-opens=java.prefs/java.util.prefs=ALL-UNNAMED --add-opens=java.base/java.nio.charset=ALL-UNNAMED --add-opens=java.base/java.net=ALL-UNNAMED --add-opens=java.base/java.util.concurrent.atomic=ALL-UNNAMED -Xmx2048m -Dfile.encoding=UTF-8 -Duser.country=US -Duser.language=en -Duser.variant -javaagent:C:\Users\user\.gradle\wrapper\dists\gradle-8.4-bin\1w5dpkrfk8irigvoxmyhowfim\gradle-8.4\lib\agents\gradle-instrumentation-agent-8.4.jar 
java_command: org.gradle.launcher.daemon.bootstrap.GradleDaemon 8.4
java_class_path (initial): C:\Users\user\.gradle\wrapper\dists\gradle-8.4-bin\1w5dpkrfk8irigvoxmyhowfim\gradle-8.4\lib\gradle-launcher-8.4.jar
Launcher Type: SUN_STANDARD

[Global flags]
     intx CICompilerCount                          = 4                                         {product} {ergonomic}
     uint ConcGCThreads                            = 2                                         {product} {ergonomic}
     uint G1ConcRefinementThreads                  = 8                                         {product} {ergonomic}
   size_t G1HeapRegionSize                         = 1048576                                   {product} {ergonomic}
    uintx GCDrainStackTargetSize                   = 64                                        {product} {ergonomic}
   size_t InitialHeapSize                          = 197132288                                 {product} {ergonomic}
   size_t MarkStackSize                            = 4194304                                   {product} {ergonomic}
   size_t MaxHeapSize                              = 2147483648                                {product} {command line}
   size_t MaxNewSize                               = 1287651328                                {product} {ergonomic}
   size_t MinHeapDeltaBytes                        = 1048576                                   {product} {ergonomic}
   size_t MinHeapSize                              = 8388608                                   {product} {ergonomic}
    uintx NonNMethodCodeHeapSize                   = 5839372                                {pd product} {ergonomic}
    uintx NonProfiledCodeHeapSize                  = 122909434                              {pd product} {ergonomic}
    uintx ProfiledCodeHeapSize                     = 122909434                              {pd product} {ergonomic}
    uintx ReservedCodeCacheSize                    = 251658240                              {pd product} {ergonomic}
     bool SegmentedCodeCache                       = true                                      {product} {ergonomic}
   size_t SoftMaxHeapSize                          = 2147483648                             {manageable} {ergonomic}
     bool UseCompressedClassPointers               = true                           {product lp64_product} {ergonomic}
     bool UseCompressedOops                        = true                           {product lp64_product} {ergonomic}
     bool UseG1GC                                  = true                                      {product} {ergonomic}
     bool UseLargePagesIndividualAllocation        = false                                  {pd product} {ergonomic}

Logging:
Log output configuration:
 #0: stdout all=warning uptime,level,tags
 #1: stderr all=off uptime,level,tags

Environment Variables:
JAVA_HOME=D:\user\Downloads\java
PATH=D:\Users\VMWARE\bin\;C:\Python311\Scripts\;C:\Python311\;C:\Program Files\Common Files\Oracle\Java\javapath;C:\Program Files\Eclipse Adoptium\jdk-17.0.6.10-hotspot\bin;C:\Windows\system32;C:\Windows;C:\Windows\System32\Wbem;C:\Windows\System32\WindowsPowerShell\v1.0\;C:\Windows\System32\OpenSSH\;C:\Program Files\NVIDIA Corporation\NVIDIA NvDLISR;C:\Program Files\dotnet\;C:\Program Files (x86)\Kaspersky Lab\Endpoint Agent\;C:\WINDOWS\system32;C:\WINDOWS;C:\WINDOWS\System32\Wbem;C:\WINDOWS\System32\WindowsPowerShell\v1.0\;C:\WINDOWS\System32\OpenSSH\;C:\Program Files (x86)\dotnet\;C:\Program Files\Microsoft SQL Server\Client SDK\ODBC\170\Tools\Binn\;C:\Program Files (x86)\Microsoft SQL Server\160\Tools\Binn\;C:\Program Files\Microsoft SQL Server\160\Tools\Binn\;C:\Program Files\Microsoft SQL Server\160\DTS\Binn\;C:\Program Files\Azure Data Studio\bin;D:\Program Files\easyUML-main;C:\Program Files\Java\jdk-19;D:\Program Files\jdk11;D:\Program Files\jdk__11;D:\Program Files\jdk8_;D:\Program Files\Jdk8;C:\ProgramData\chocolatey\bin;D:\Program Files\Git\Git\cmd;C:\WINDOWS\system32;C:\WINDOWS;C:\WINDOWS\System32\Wbem;C:\WINDOWS\System32\WindowsPowerShell\v1.0\;C:\WINDOWS\System32\OpenSSH\;D:\user\Downloads\java\bin;C:\Users\user\AppData\Local\Microsoft\WindowsApps;C:\MinGW\bin;C:\Users\user\.dotnet\tools;C:\Users\user\AppData\Local\Programs\Microsoft VS Code\bin;C:\Program Files\Azure Data Studio\bin;D:\Program Files\IntelliJ IDEA Community Edition 2022.3.2\bin;D:\user\Downloads\apache-maven-3.9.6-bin;;D:\user\Downloads\apache-maven-3.9.6-bin;D:\Program Files\jdk__11;D:\Program Files\Jdk8;D:\user\Downloads\java\bin.;
USERNAME=user
OS=Windows_NT
PROCESSOR_IDENTIFIER=Intel64 Family 6 Model 140 Stepping 1, GenuineIntel
TMP=C:\Users\user\AppData\Local\Temp
TEMP=C:\Users\user\AppData\Local\Temp



Periodic native trim disabled

JNI global refs:
JNI global refs: 24, weak refs: 0

JNI global refs memory usage: 843, weak refs: 841

OOME stack traces (most recent first):
Classloader memory used:
Loader org.gradle.internal.classloader.VisitableURLClassLoader                         : 4947K
Loader bootstrap                                                                       : 2354K
Loader org.gradle.initialization.MixInLegacyTypesClassLoader                           : 452K
Loader jdk.internal.loader.ClassLoaders$PlatformClassLoader                            : 66450B
Loader jdk.internal.jrtfs.JrtFileSystemProvider$JrtFsLoader                            : 37615B
Loader jdk.internal.loader.ClassLoaders$AppClassLoader                                 : 28124B
Loader jdk.internal.reflect.DelegatingClassLoader                                      : 3966B

Classes loaded by more than one classloader:
Class org.gradle.internal.installation.GradleInstallation                             : loaded 2 times (x 73B)
Class org.gradle.internal.classpath.ClassPath                                         : loaded 2 times (x 68B)
Class org.gradle.api.internal.classpath.DefaultModuleRegistry                         : loaded 2 times (x 84B)
Class jdk.internal.jimage.BasicImageReader$1                                          : loaded 2 times (x 75B)
Class org.gradle.api.Action                                                           : loaded 2 times (x 68B)
Class jdk.internal.jimage.ImageBufferCache$1                                          : loaded 2 times (x 78B)
Class jdk.internal.jimage.ImageBufferCache$2                                          : loaded 2 times (x 89B)
Class org.gradle.api.internal.DefaultClassPathProvider                                : loaded 2 times (x 74B)
Class org.gradle.internal.installation.GradleInstallation$1                           : loaded 2 times (x 73B)
Class jdk.internal.jrtfs.SystemImage$1                                                : loaded 2 times (x 76B)
Class jdk.internal.jrtfs.SystemImage$2                                                : loaded 2 times (x 74B)
Class org.gradle.internal.classloader.FilteringClassLoader                            : loaded 2 times (x 103B)
Class jdk.internal.jimage.ImageReader$Resource                                        : loaded 2 times (x 82B)
Class jdk.internal.jrtfs.SystemImage                                                  : loaded 2 times (x 72B)
Class org.gradle.internal.classpath.DefaultClassPath$ImmutableUniqueList$Builder      : loaded 2 times (x 73B)
Class jdk.internal.jrtfs.JrtDirectoryStream$1                                         : loaded 2 times (x 81B)
Class org.gradle.internal.classloader.ClassLoaderVisitor                              : loaded 2 times (x 74B)
Class org.gradle.internal.service.DefaultServiceLocator                               : loaded 2 times (x 81B)
Class org.gradle.internal.service.UnknownServiceException                             : loaded 2 times (x 81B)
Class org.gradle.internal.classloader.DefaultClassLoaderFactory                       : loaded 2 times (x 80B)
Class jdk.internal.jimage.ImageReader$SharedImageReader                               : loaded 2 times (x 93B)
Class jdk.internal.jimage.decompressor.ZipDecompressorFactory                         : loaded 2 times (x 72B)
Class org.gradle.internal.classloader.VisitableURLClassLoader$Spec                    : loaded 2 times (x 72B)
Class org.gradle.api.GradleException                                                  : loaded 2 times (x 80B)
Class org.gradle.api.internal.classpath.ModuleRegistry                                : loaded 2 times (x 68B)
Class org.gradle.api.internal.ClassPathProvider                                       : loaded 2 times (x 68B)
Class org.gradle.internal.classloader.ClasspathUtil$1                                 : loaded 2 times (x 74B)
Class org.gradle.internal.classloader.ClassLoaderFactory                              : loaded 2 times (x 68B)
Class jdk.internal.jimage.ImageHeader                                                 : loaded 2 times (x 69B)
Class org.gradle.api.internal.classpath.ManifestUtil                                  : loaded 2 times (x 69B)
Class org.gradle.api.specs.Spec                                                       : loaded 2 times (x 68B)
Class org.gradle.internal.IoActions                                                   : loaded 2 times (x 69B)
Class jdk.internal.jimage.decompressor.StringSharingDecompressorFactory               : loaded 2 times (x 72B)
Class org.gradle.api.internal.classpath.EffectiveClassPath                            : loaded 2 times (x 88B)
Class org.gradle.internal.installation.CurrentGradleInstallation                      : loaded 2 times (x 71B)
Class org.gradle.internal.agents.InstrumentingClassLoader                             : loaded 2 times (x 68B)
Class org.gradle.internal.installation.CurrentGradleInstallationLocator               : loaded 2 times (x 69B)
Class org.gradle.api.internal.classpath.Module                                        : loaded 2 times (x 68B)
Class org.gradle.internal.service.CachingServiceLocator                               : loaded 2 times (x 80B)
Class org.gradle.internal.classpath.DefaultClassPath                                  : loaded 2 times (x 88B)
Class jdk.internal.jimage.BasicImageReader                                            : loaded 2 times (x 93B)
Class jdk.internal.jimage.ImageLocation                                               : loaded 2 times (x 88B)
Class jdk.internal.jimage.ImageReader$Node                                            : loaded 2 times (x 82B)
Class jdk.internal.jimage.decompressor.CompressedResourceHeader                       : loaded 2 times (x 69B)
Class jdk.internal.jrtfs.JrtPath                                                      : loaded 2 times (x 116B)
Class jdk.internal.jimage.ImageStrings                                                : loaded 2 times (x 68B)
Class jdk.internal.jrtfs.JrtFileAttributes                                            : loaded 2 times (x 81B)
Class org.gradle.internal.classloader.SystemClassLoaderSpec                           : loaded 2 times (x 69B)
Class jdk.internal.jimage.decompressor.ResourceDecompressorRepository                 : loaded 2 times (x 69B)
Class org.gradle.api.UncheckedIOException                                             : loaded 2 times (x 80B)
Class jdk.internal.jimage.decompressor.ResourceDecompressor$StringsProvider           : loaded 2 times (x 68B)
Class jdk.internal.jimage.decompressor.Decompressor                                   : loaded 2 times (x 70B)
Class jdk.internal.jrtfs.JrtFileSystem                                                : loaded 2 times (x 100B)
Class jdk.internal.jrtfs.JrtFileSystemProvider                                        : loaded 2 times (x 97B)
Class org.gradle.internal.classloader.ClasspathUtil                                   : loaded 2 times (x 69B)
Class jdk.internal.jrtfs.JrtDirectoryStream                                           : loaded 2 times (x 87B)
Class jdk.internal.jimage.decompressor.ResourceDecompressor                           : loaded 2 times (x 68B)
Class org.gradle.api.internal.DefaultClassPathRegistry                                : loaded 2 times (x 74B)
Class org.gradle.api.internal.classpath.DefaultModuleRegistry$DefaultModule           : loaded 2 times (x 84B)
Class org.gradle.api.internal.classpath.UnknownModuleException                        : loaded 2 times (x 80B)
Class org.gradle.internal.service.ServiceLookupException                              : loaded 2 times (x 80B)
Class jdk.internal.jimage.ImageStringsReader                                          : loaded 2 times (x 78B)
Class org.gradle.cache.GlobalCache                                                    : loaded 2 times (x 68B)
Class jdk.internal.jimage.decompressor.ResourceDecompressorFactory                    : loaded 2 times (x 72B)
Class [Lorg.gradle.api.internal.ClassPathProvider;                                    : loaded 2 times (x 67B)
Class jdk.internal.jimage.ImageReader$SharedImageReader$LocationVisitor               : loaded 2 times (x 68B)
Class org.gradle.util.internal.GUtil                                                  : loaded 2 times (x 69B)
Class jdk.internal.jimage.decompressor.ZipDecompressor                                : loaded 2 times (x 73B)
Class org.gradle.internal.classloader.ClassLoaderSpec                                 : loaded 2 times (x 69B)
Class org.gradle.internal.classloader.VisitableURLClassLoader                         : loaded 2 times (x 115B)
Class org.gradle.internal.Cast                                                        : loaded 2 times (x 69B)
Class org.gradle.api.internal.ClassPathRegistry                                       : loaded 2 times (x 68B)
Class org.gradle.internal.classloader.VisitableURLClassLoader$InstrumentingVisitableURLClassLoader: loaded 2 times (x 121B)
Class org.gradle.internal.classloader.ClassLoaderHierarchy                            : loaded 2 times (x 68B)
Class jdk.internal.jimage.ImageReader                                                 : loaded 2 times (x 73B)
Class org.gradle.internal.InternalTransformer                                         : loaded 2 times (x 68B)
Class org.gradle.internal.service.ServiceLocator                                      : loaded 2 times (x 68B)
Class org.gradle.internal.classpath.DefaultClassPath$ImmutableUniqueList              : loaded 2 times (x 159B)
Class jdk.internal.jimage.ImageBufferCache                                            : loaded 2 times (x 69B)
Class org.gradle.internal.classpath.TransformedClassPath                              : loaded 2 times (x 94B)
Class jdk.internal.jimage.ImageReader$Directory                                       : loaded 2 times (x 82B)


---------------  S Y S T E M  ---------------

OS:
 Windows 11 , 64 bit Build 22621 (10.0.22621.3235)
OS uptime: 6 days 2:47 hours

CPU: total 8 (initial active 8) (4 cores per cpu, 2 threads per core) family 6 model 140 stepping 1 microcode 0xb4, cx8, cmov, fxsr, ht, mmx, 3dnowpref, sse, sse2, sse3, ssse3, sse4.1, sse4.2, popcnt, lzcnt, tsc, tscinvbit, avx, avx2, aes, erms, clmul, bmi1, bmi2, adx, avx512f, avx512dq, avx512cd, avx512bw, avx512vl, sha, fma, vzeroupper, avx512_vpopcntdq, avx512_vpclmulqdq, avx512_vaes, avx512_vnni, clflush, clflushopt, clwb, avx512_vbmi2, avx512_vbmi
Processor Information for all 8 processors :
  Max Mhz: 1690, Current Mhz: 1690, Mhz Limit: 1690

Memory: 4k page, system-wide physical 12010M (811M free)
TotalPageFile size 21258M (AvailPageFile size 48M)
current process WorkingSet (physical memory assigned to process): 286M, peak: 289M
current process commit charge ("private bytes"): 318M, peak: 423M

vm_info: OpenJDK 64-Bit Server VM (17.0.9+0--11185874) for windows-amd64 JRE (17.0.9+0--11185874), built on Dec  6 2023 18:57:44 by "androidbuild" with MS VC++ 16.10 / 16.11 (VS2019)

END.
