#
# There is insufficient memory for the Java Runtime Environment to continue.
# Native memory allocation (mmap) failed to map 20971520 bytes for G1 virtual space
# Possible reasons:
#   The system is out of physical RAM or swap space
#   The process is running with CompressedOops enabled, and the Java Heap may be blocking the growth of the native heap
# Possible solutions:
#   Reduce memory load on the system
#   Increase physical memory or swap space
#   Check if swap backing store is full
#   Decrease Java heap size (-Xmx/-Xms)
#   Decrease number of Java threads
#   Decrease Java thread stack sizes (-Xss)
#   Set larger code cache with -XX:ReservedCodeCacheSize=
#   JVM is running with Unscaled Compressed Oops mode in which the Java heap is
#     placed in the first 4GB address space. The Java Heap base address is the
#     maximum limit for the native heap growth. Please use -XX:HeapBaseMinAddress
#     to set the Java Heap base and to place the Java Heap above 4GB virtual address.
# This output file may be truncated or incomplete.
#
#  Out of Memory Error (os_windows.cpp:3825), pid=5608, tid=11272
#
# JRE version: OpenJDK Runtime Environment (17.0.9) (build 17.0.9+0--11185874)
# Java VM: OpenJDK 64-Bit Server VM (17.0.9+0--11185874, mixed mode, tiered, compressed oops, compressed class ptrs, g1 gc, windows-amd64)
# No core dump will be written. Minidumps are not enabled by default on client versions of Windows
#

---------------  S U M M A R Y ------------

Command Line: --add-opens=java.base/java.util=ALL-UNNAMED --add-opens=java.base/java.lang=ALL-UNNAMED --add-opens=java.base/java.lang.invoke=ALL-UNNAMED --add-opens=java.prefs/java.util.prefs=ALL-UNNAMED --add-opens=java.base/java.nio.charset=ALL-UNNAMED --add-opens=java.base/java.net=ALL-UNNAMED --add-opens=java.base/java.util.concurrent.atomic=ALL-UNNAMED -Xmx2048m -Dfile.encoding=UTF-8 -Duser.country=US -Duser.language=en -Duser.variant -javaagent:C:\Users\user\.gradle\wrapper\dists\gradle-8.4-bin\1w5dpkrfk8irigvoxmyhowfim\gradle-8.4\lib\agents\gradle-instrumentation-agent-8.4.jar org.gradle.launcher.daemon.bootstrap.GradleDaemon 8.4

Host: 11th Gen Intel(R) Core(TM) i7-1165G7 @ 2.80GHz, 8 cores, 11G,  Windows 11 , 64 bit Build 22621 (10.0.22621.3235)
Time: Fri Mar 29 03:17:13 2024 Pakistan Standard Time elapsed time: 5.753319 seconds (0d 0h 0m 5s)

---------------  T H R E A D  ---------------

Current thread (0x000001d5531f1cc0):  VMThread "VM Thread" [stack: 0x0000007028200000,0x0000007028300000] [id=11272]

Stack: [0x0000007028200000,0x0000007028300000]
Native frames: (J=compiled Java code, j=interpreted, Vv=VM code, C=native code)
V  [jvm.dll+0x6886e9]
V  [jvm.dll+0x841e4a]
V  [jvm.dll+0x843a8e]
V  [jvm.dll+0x8440f3]
V  [jvm.dll+0x24c14f]
V  [jvm.dll+0x685499]
V  [jvm.dll+0x679c2a]
V  [jvm.dll+0x30cf9b]
V  [jvm.dll+0x314446]
V  [jvm.dll+0x36425e]
V  [jvm.dll+0x36448f]
V  [jvm.dll+0x2e2d68]
V  [jvm.dll+0x2e0f44]
V  [jvm.dll+0x2e054c]
V  [jvm.dll+0x3253fb]
V  [jvm.dll+0x8487eb]
V  [jvm.dll+0x849531]
V  [jvm.dll+0x849a4d]
V  [jvm.dll+0x849e24]
V  [jvm.dll+0x849ef0]
V  [jvm.dll+0x7f06aa]
V  [jvm.dll+0x687565]
C  [ucrtbase.dll+0x29363]
C  [KERNEL32.DLL+0x1257d]
C  [ntdll.dll+0x5aa58]

VM_Operation (0x0000007029af3fc0): G1CollectForAllocation, mode: safepoint, requested by thread 0x000001d559c561b0


---------------  P R O C E S S  ---------------

Threads class SMR info:
_java_thread_list=0x000001d559ca8fd0, length=42, elements={
0x000001d5393a2500, 0x000001d55322e3b0, 0x000001d5533a2420, 0x000001d55338ce40,
0x000001d55338d910, 0x000001d55338e4d0, 0x000001d5533cb020, 0x000001d5533cb9d0,
0x000001d5533cca90, 0x000001d5533cd490, 0x000001d5534ddad0, 0x000001d553613940,
0x000001d55993b870, 0x000001d5586da010, 0x000001d559c54d70, 0x000001d559c570e0,
0x000001d559c566c0, 0x000001d559c55ca0, 0x000001d559c561b0, 0x000001d559c56bd0,
0x000001d559c575f0, 0x000001d559c53e40, 0x000001d559c54860, 0x000001d559c55280,
0x000001d559c55790, 0x000001d55ba93260, 0x000001d55ba97940, 0x000001d55ba98360,
0x000001d55ba97e50, 0x000001d55ba93c80, 0x000001d55ba955d0, 0x000001d55ba95ae0,
0x000001d55ba95ff0, 0x000001d55ba96500, 0x000001d55ba96a10, 0x000001d55ba96f20,
0x000001d55ba94190, 0x000001d55ba97430, 0x000001d55ba92d50, 0x000001d55ba91e20,
0x000001d55ba93770, 0x000001d55ba98870
}

Java Threads: ( => current thread )
  0x000001d5393a2500 JavaThread "main" [_thread_blocked, id=17900, stack(0x0000007027c00000,0x0000007027d00000)]
  0x000001d55322e3b0 JavaThread "Reference Handler" daemon [_thread_blocked, id=19896, stack(0x0000007028300000,0x0000007028400000)]
  0x000001d5533a2420 JavaThread "Finalizer" daemon [_thread_blocked, id=3112, stack(0x0000007028400000,0x0000007028500000)]
  0x000001d55338ce40 JavaThread "Signal Dispatcher" daemon [_thread_blocked, id=24856, stack(0x0000007028500000,0x0000007028600000)]
  0x000001d55338d910 JavaThread "Attach Listener" daemon [_thread_blocked, id=10208, stack(0x0000007028600000,0x0000007028700000)]
  0x000001d55338e4d0 JavaThread "Service Thread" daemon [_thread_blocked, id=19308, stack(0x0000007028700000,0x0000007028800000)]
  0x000001d5533cb020 JavaThread "Monitor Deflation Thread" daemon [_thread_blocked, id=3820, stack(0x0000007028800000,0x0000007028900000)]
  0x000001d5533cb9d0 JavaThread "C2 CompilerThread0" daemon [_thread_blocked, id=27328, stack(0x0000007028900000,0x0000007028a00000)]
  0x000001d5533cca90 JavaThread "C1 CompilerThread0" daemon [_thread_blocked, id=11128, stack(0x0000007028a00000,0x0000007028b00000)]
  0x000001d5533cd490 JavaThread "Sweeper thread" daemon [_thread_blocked, id=26716, stack(0x0000007028b00000,0x0000007028c00000)]
  0x000001d5534ddad0 JavaThread "Common-Cleaner" daemon [_thread_blocked, id=25088, stack(0x0000007028c00000,0x0000007028d00000)]
  0x000001d553613940 JavaThread "Notification Thread" daemon [_thread_blocked, id=9836, stack(0x0000007028d00000,0x0000007028e00000)]
  0x000001d55993b870 JavaThread "Daemon health stats" [_thread_blocked, id=14496, stack(0x0000007029500000,0x0000007029600000)]
  0x000001d5586da010 JavaThread "Incoming local TCP Connector on port 49825" [_thread_in_native, id=12268, stack(0x0000007029000000,0x0000007029100000)]
  0x000001d559c54d70 JavaThread "Daemon periodic checks" [_thread_blocked, id=25836, stack(0x0000007029600000,0x0000007029700000)]
  0x000001d559c570e0 JavaThread "Daemon" [_thread_blocked, id=10884, stack(0x0000007029700000,0x0000007029800000)]
  0x000001d559c566c0 JavaThread "Handler for socket connection from /127.0.0.1:49825 to /127.0.0.1:49826" [_thread_in_native, id=9892, stack(0x0000007029800000,0x0000007029900000)]
  0x000001d559c55ca0 JavaThread "Cancel handler" [_thread_blocked, id=9704, stack(0x0000007029900000,0x0000007029a00000)]
  0x000001d559c561b0 JavaThread "Daemon worker" [_thread_blocked, id=10760, stack(0x0000007029a00000,0x0000007029b00000)]
  0x000001d559c56bd0 JavaThread "Asynchronous log dispatcher for DefaultDaemonConnection: socket connection from /127.0.0.1:49825 to /127.0.0.1:49826" [_thread_blocked, id=26412, stack(0x0000007029b00000,0x0000007029c00000)]
  0x000001d559c575f0 JavaThread "Stdin handler" [_thread_blocked, id=18188, stack(0x0000007029c00000,0x0000007029d00000)]
  0x000001d559c53e40 JavaThread "Daemon client event forwarder" [_thread_blocked, id=11832, stack(0x0000007029d00000,0x0000007029e00000)]
  0x000001d559c54860 JavaThread "Cache worker for journal cache (C:\Users\user\.gradle\caches\journal-1)" [_thread_blocked, id=23268, stack(0x000000702a200000,0x000000702a300000)]
  0x000001d559c55280 JavaThread "File lock request listener" [_thread_in_native, id=24532, stack(0x000000702a300000,0x000000702a400000)]
  0x000001d559c55790 JavaThread "Cache worker for file hash cache (C:\Users\user\.gradle\caches\8.4\fileHashes)" [_thread_blocked, id=2912, stack(0x000000702a400000,0x000000702a500000)]
  0x000001d55ba93260 JavaThread "File watcher server" daemon [_thread_in_native, id=26352, stack(0x000000702a600000,0x000000702a700000)]
  0x000001d55ba97940 JavaThread "File watcher consumer" daemon [_thread_blocked, id=14740, stack(0x000000702a700000,0x000000702a800000)]
  0x000001d55ba98360 JavaThread "jar transforms" [_thread_blocked, id=26860, stack(0x000000702a800000,0x000000702a900000)]
  0x000001d55ba97e50 JavaThread "jar transforms Thread 2" [_thread_blocked, id=20188, stack(0x000000702a900000,0x000000702aa00000)]
  0x000001d55ba93c80 JavaThread "jar transforms Thread 3" [_thread_blocked, id=17044, stack(0x000000702aa00000,0x000000702ab00000)]
  0x000001d55ba955d0 JavaThread "jar transforms Thread 4" [_thread_blocked, id=17276, stack(0x000000702ab00000,0x000000702ac00000)]
  0x000001d55ba95ae0 JavaThread "jar transforms Thread 5" [_thread_blocked, id=9280, stack(0x000000702ac00000,0x000000702ad00000)]
  0x000001d55ba95ff0 JavaThread "jar transforms Thread 6" [_thread_blocked, id=22080, stack(0x000000702ad00000,0x000000702ae00000)]
  0x000001d55ba96500 JavaThread "jar transforms Thread 7" [_thread_blocked, id=4224, stack(0x000000702ae00000,0x000000702af00000)]
  0x000001d55ba96a10 JavaThread "jar transforms Thread 8" [_thread_blocked, id=2612, stack(0x000000702af00000,0x000000702b000000)]
  0x000001d55ba96f20 JavaThread "Cache worker for checksums cache (D:\Users\user\AndroidStudioProjects\aasignment2\.gradle\8.4\checksums)" [_thread_blocked, id=17060, stack(0x000000702b000000,0x000000702b100000)]
  0x000001d55ba94190 JavaThread "Cache worker for file hash cache (D:\Users\user\AndroidStudioProjects\aasignment2\.gradle\8.4\fileHashes)" [_thread_blocked, id=24288, stack(0x000000702b100000,0x000000702b200000)]
  0x000001d55ba97430 JavaThread "Cache worker for cache directory md-supplier (C:\Users\user\.gradle\caches\8.4\md-supplier)" [_thread_blocked, id=24772, stack(0x000000702b300000,0x000000702b400000)]
  0x000001d55ba92d50 JavaThread "Cache worker for file content cache (C:\Users\user\.gradle\caches\8.4\fileContent)" [_thread_blocked, id=6932, stack(0x000000702b400000,0x000000702b500000)]
  0x000001d55ba91e20 JavaThread "Cache worker for cache directory md-rule (C:\Users\user\.gradle\caches\8.4\md-rule)" [_thread_blocked, id=16640, stack(0x000000702b500000,0x000000702b600000)]
  0x000001d55ba93770 JavaThread "Cache worker for execution history cache (C:\Users\user\.gradle\caches\8.4\executionHistory)" [_thread_blocked, id=3416, stack(0x000000702b600000,0x000000702b700000)]
  0x000001d55ba98870 JavaThread "Cache worker for kotlin-dsl (C:\Users\user\.gradle\caches\8.4\kotlin-dsl)" [_thread_blocked, id=13536, stack(0x000000702b700000,0x000000702b800000)]

Other Threads:
=>0x000001d5531f1cc0 VMThread "VM Thread" [stack: 0x0000007028200000,0x0000007028300000] [id=11272]
  0x000001d5393a3380 WatcherThread [stack: 0x0000007028e00000,0x0000007028f00000] [id=22760]
  0x000001d5372ae7f0 GCTaskThread "GC Thread#0" [stack: 0x0000007027d00000,0x0000007027e00000] [id=21240]
  0x000001d558cd6de0 GCTaskThread "GC Thread#1" [stack: 0x0000007029100000,0x0000007029200000] [id=25068]
  0x000001d558a66350 GCTaskThread "GC Thread#2" [stack: 0x0000007029200000,0x0000007029300000] [id=21472]
  0x000001d558c92ea0 GCTaskThread "GC Thread#3" [stack: 0x0000007029300000,0x0000007029400000] [id=17748]
  0x000001d558ebf860 GCTaskThread "GC Thread#4" [stack: 0x0000007029400000,0x0000007029500000] [id=11152]
  0x000001d559827db0 GCTaskThread "GC Thread#5" [stack: 0x0000007029e00000,0x0000007029f00000] [id=24876]
  0x000001d558e70550 GCTaskThread "GC Thread#6" [stack: 0x0000007029f00000,0x000000702a000000] [id=23604]
  0x000001d55a494860 GCTaskThread "GC Thread#7" [stack: 0x000000702a000000,0x000000702a100000] [id=4152]
  0x000001d5394097d0 ConcurrentGCThread "G1 Main Marker" [stack: 0x0000007027e00000,0x0000007027f00000] [id=22744]
  0x000001d53940a0f0 ConcurrentGCThread "G1 Conc#0" [stack: 0x0000007027f00000,0x0000007028000000] [id=19580]
  0x000001d558f52480 ConcurrentGCThread "G1 Conc#1" [stack: 0x000000702a100000,0x000000702a200000] [id=22548]
  0x000001d53944ebc0 ConcurrentGCThread "G1 Refine#0" [stack: 0x0000007028000000,0x0000007028100000] [id=18992]
  0x000001d55bc51c60 ConcurrentGCThread "G1 Refine#1" [stack: 0x000000702b200000,0x000000702b300000] [id=12436]
  0x000001d5530a27c0 ConcurrentGCThread "G1 Service" [stack: 0x0000007028100000,0x0000007028200000] [id=24836]

Threads with active compile tasks:

VM state: at safepoint (normal execution)

VM Mutex/Monitor currently owned by a thread:  ([mutex/lock_event])
[0x000001d53939ef20] Threads_lock - owner thread: 0x000001d5531f1cc0
[0x000001d53939f790] Heap_lock - owner thread: 0x000001d559c561b0

Heap address: 0x0000000080000000, size: 2048 MB, Compressed Oops mode: 32-bit

CDS archive(s) not mapped
Compressed class space mapped at: 0x0000000100000000-0x0000000140000000, reserved size: 1073741824
Narrow klass base: 0x0000000000000000, Narrow klass shift: 3, Narrow klass range: 0x140000000

GC Precious Log:
 CPUs: 8 total, 8 available
 Memory: 12010M
 Large Page Support: Disabled
 NUMA Support: Disabled
 Compressed Oops: Enabled (32-bit)
 Heap Region Size: 1M
 Heap Min Capacity: 8M
 Heap Initial Capacity: 188M
 Heap Max Capacity: 2G
 Pre-touch: Disabled
 Parallel Workers: 8
 Concurrent Workers: 2
 Concurrent Refinement Workers: 8
 Periodic GC: Disabled

Heap:
 garbage-first heap   total 101376K, used 57027K [0x0000000080000000, 0x0000000100000000)
  region size 1024K, 3 young (3072K), 3 survivors (3072K)
 Metaspace       used 66316K, committed 66944K, reserved 1114112K
  class space    used 9231K, committed 9472K, reserved 1048576K

Heap Regions: E=young(eden), S=young(survivor), O=old, HS=humongous(starts), HC=humongous(continues), CS=collection set, F=free, OA=open archive, CA=closed archive, TAMS=top-at-mark-start (previous, next)
|   0|0x0000000080000000, 0x0000000080100000, 0x0000000080100000|100%|HS|  |TAMS 0x0000000080100000, 0x0000000080100000| Complete 
|   1|0x0000000080100000, 0x0000000080200000, 0x0000000080200000|100%|HC|  |TAMS 0x0000000080200000, 0x0000000080200000| Complete 
|   2|0x0000000080200000, 0x0000000080300000, 0x0000000080300000|100%|HC|  |TAMS 0x0000000080300000, 0x0000000080300000| Complete 
|   3|0x0000000080300000, 0x0000000080400000, 0x0000000080400000|100%|HC|  |TAMS 0x0000000080400000, 0x0000000080400000| Complete 
|   4|0x0000000080400000, 0x0000000080500000, 0x0000000080500000|100%| O|  |TAMS 0x0000000080500000, 0x0000000080500000| Untracked 
|   5|0x0000000080500000, 0x0000000080600000, 0x0000000080600000|100%| O|  |TAMS 0x0000000080600000, 0x0000000080600000| Untracked 
|   6|0x0000000080600000, 0x0000000080700000, 0x0000000080700000|100%| O|  |TAMS 0x0000000080700000, 0x0000000080700000| Untracked 
|   7|0x0000000080700000, 0x0000000080800000, 0x0000000080800000|100%| O|  |TAMS 0x0000000080800000, 0x0000000080800000| Untracked 
|   8|0x0000000080800000, 0x0000000080900000, 0x0000000080900000|100%| O|  |TAMS 0x0000000080900000, 0x0000000080900000| Untracked 
|   9|0x0000000080900000, 0x0000000080a00000, 0x0000000080a00000|100%| O|  |TAMS 0x0000000080a00000, 0x0000000080a00000| Untracked 
|  10|0x0000000080a00000, 0x0000000080a98600, 0x0000000080b00000| 59%| O|  |TAMS 0x0000000080a98600, 0x0000000080a98600| Untracked 
|  11|0x0000000080b00000, 0x0000000080c00000, 0x0000000080c00000|100%| O|  |TAMS 0x0000000080c00000, 0x0000000080c00000| Untracked 
|  12|0x0000000080c00000, 0x0000000080d00000, 0x0000000080d00000|100%| O|  |TAMS 0x0000000080d00000, 0x0000000080d00000| Untracked 
|  13|0x0000000080d00000, 0x0000000080e00000, 0x0000000080e00000|100%| O|  |TAMS 0x0000000080e00000, 0x0000000080e00000| Untracked 
|  14|0x0000000080e00000, 0x0000000080f00000, 0x0000000080f00000|100%| O|  |TAMS 0x0000000080f00000, 0x0000000080f00000| Untracked 
|  15|0x0000000080f00000, 0x0000000081000000, 0x0000000081000000|100%| O|  |TAMS 0x0000000081000000, 0x0000000081000000| Untracked 
|  16|0x0000000081000000, 0x0000000081100000, 0x0000000081100000|100%| O|  |TAMS 0x0000000081100000, 0x0000000081100000| Untracked 
|  17|0x0000000081100000, 0x0000000081200000, 0x0000000081200000|100%| O|  |TAMS 0x0000000081200000, 0x0000000081200000| Untracked 
|  18|0x0000000081200000, 0x0000000081300000, 0x0000000081300000|100%| O|  |TAMS 0x0000000081300000, 0x0000000081300000| Untracked 
|  19|0x0000000081300000, 0x0000000081400000, 0x0000000081400000|100%|HS|  |TAMS 0x0000000081400000, 0x0000000081400000| Complete 
|  20|0x0000000081400000, 0x0000000081500000, 0x0000000081500000|100%|HC|  |TAMS 0x0000000081500000, 0x0000000081500000| Complete 
|  21|0x0000000081500000, 0x0000000081600000, 0x0000000081600000|100%|HS|  |TAMS 0x0000000081600000, 0x0000000081600000| Complete 
|  22|0x0000000081600000, 0x0000000081700000, 0x0000000081700000|100%|HC|  |TAMS 0x0000000081700000, 0x0000000081700000| Complete 
|  23|0x0000000081700000, 0x0000000081800000, 0x0000000081800000|100%|HC|  |TAMS 0x0000000081800000, 0x0000000081800000| Complete 
|  24|0x0000000081800000, 0x0000000081900000, 0x0000000081900000|100%|HS|  |TAMS 0x0000000081900000, 0x0000000081900000| Complete 
|  25|0x0000000081900000, 0x0000000081a00000, 0x0000000081a00000|100%|HC|  |TAMS 0x0000000081a00000, 0x0000000081a00000| Complete 
|  26|0x0000000081a00000, 0x0000000081b00000, 0x0000000081b00000|100%|HC|  |TAMS 0x0000000081b00000, 0x0000000081b00000| Complete 
|  27|0x0000000081b00000, 0x0000000081c00000, 0x0000000081c00000|100%|HS|  |TAMS 0x0000000081c00000, 0x0000000081c00000| Complete 
|  28|0x0000000081c00000, 0x0000000081d00000, 0x0000000081d00000|100%|HC|  |TAMS 0x0000000081d00000, 0x0000000081d00000| Complete 
|  29|0x0000000081d00000, 0x0000000081e00000, 0x0000000081e00000|100%|HC|  |TAMS 0x0000000081e00000, 0x0000000081e00000| Complete 
|  30|0x0000000081e00000, 0x0000000081f00000, 0x0000000081f00000|100%| O|  |TAMS 0x0000000081f00000, 0x0000000081f00000| Untracked 
|  31|0x0000000081f00000, 0x0000000082000000, 0x0000000082000000|100%| O|  |TAMS 0x0000000082000000, 0x0000000082000000| Untracked 
|  32|0x0000000082000000, 0x0000000082100000, 0x0000000082100000|100%| O|  |TAMS 0x0000000082100000, 0x0000000082100000| Untracked 
|  33|0x0000000082100000, 0x0000000082200000, 0x0000000082200000|100%| O|  |TAMS 0x0000000082200000, 0x0000000082200000| Untracked 
|  34|0x0000000082200000, 0x0000000082300000, 0x0000000082300000|100%| O|  |TAMS 0x0000000082300000, 0x0000000082300000| Untracked 
|  35|0x0000000082300000, 0x0000000082400000, 0x0000000082400000|100%| O|  |TAMS 0x0000000082400000, 0x0000000082400000| Untracked 
|  36|0x0000000082400000, 0x0000000082500000, 0x0000000082500000|100%| O|  |TAMS 0x0000000082500000, 0x0000000082500000| Untracked 
|  37|0x0000000082500000, 0x0000000082600000, 0x0000000082600000|100%| O|  |TAMS 0x0000000082600000, 0x0000000082600000| Untracked 
|  38|0x0000000082600000, 0x0000000082700000, 0x0000000082700000|100%| O|  |TAMS 0x0000000082700000, 0x0000000082700000| Untracked 
|  39|0x0000000082700000, 0x0000000082800000, 0x0000000082800000|100%| O|  |TAMS 0x0000000082800000, 0x0000000082800000| Untracked 
|  40|0x0000000082800000, 0x0000000082900000, 0x0000000082900000|100%| O|  |TAMS 0x0000000082900000, 0x0000000082900000| Untracked 
|  41|0x0000000082900000, 0x0000000082a00000, 0x0000000082a00000|100%| O|  |TAMS 0x0000000082a00000, 0x0000000082a00000| Untracked 
|  42|0x0000000082a00000, 0x0000000082b00000, 0x0000000082b00000|100%| O|  |TAMS 0x0000000082b00000, 0x0000000082b00000| Untracked 
|  43|0x0000000082b00000, 0x0000000082c00000, 0x0000000082c00000|100%| O|  |TAMS 0x0000000082c00000, 0x0000000082c00000| Untracked 
|  44|0x0000000082c00000, 0x0000000082d00000, 0x0000000082d00000|100%|HS|  |TAMS 0x0000000082d00000, 0x0000000082d00000| Complete 
|  45|0x0000000082d00000, 0x0000000082e00000, 0x0000000082e00000|100%|HC|  |TAMS 0x0000000082e00000, 0x0000000082e00000| Complete 
|  46|0x0000000082e00000, 0x0000000082f00000, 0x0000000082f00000|100%|HC|  |TAMS 0x0000000082f00000, 0x0000000082f00000| Complete 
|  47|0x0000000082f00000, 0x0000000083000000, 0x0000000083000000|100%| O|  |TAMS 0x0000000083000000, 0x0000000083000000| Untracked 
|  48|0x0000000083000000, 0x0000000083100000, 0x0000000083100000|100%| O|  |TAMS 0x0000000083100000, 0x0000000083100000| Untracked 
|  49|0x0000000083100000, 0x0000000083200000, 0x0000000083200000|100%| O|  |TAMS 0x0000000083200000, 0x0000000083200000| Untracked 
|  50|0x0000000083200000, 0x0000000083300000, 0x0000000083300000|100%| O|  |TAMS 0x0000000083300000, 0x0000000083300000| Untracked 
|  51|0x0000000083300000, 0x0000000083400000, 0x0000000083400000|100%| O|  |TAMS 0x00000000833c6200, 0x0000000083400000| Untracked 
|  52|0x0000000083400000, 0x0000000083500000, 0x0000000083500000|100%| O|  |TAMS 0x0000000083400000, 0x0000000083500000| Untracked 
|  53|0x0000000083500000, 0x00000000835b8a00, 0x0000000083600000| 72%| O|  |TAMS 0x0000000083500000, 0x0000000083511400| Untracked 
|  54|0x0000000083600000, 0x0000000083600000, 0x0000000083700000|  0%| F|  |TAMS 0x0000000083600000, 0x0000000083600000| Untracked 
|  55|0x0000000083700000, 0x0000000083700000, 0x0000000083800000|  0%| F|  |TAMS 0x0000000083700000, 0x0000000083700000| Untracked 
|  56|0x0000000083800000, 0x0000000083800000, 0x0000000083900000|  0%| F|  |TAMS 0x0000000083800000, 0x0000000083800000| Untracked 
|  57|0x0000000083900000, 0x0000000083900000, 0x0000000083a00000|  0%| F|  |TAMS 0x0000000083900000, 0x0000000083900000| Untracked 
|  58|0x0000000083a00000, 0x0000000083a00000, 0x0000000083b00000|  0%| F|  |TAMS 0x0000000083a00000, 0x0000000083a00000| Untracked 
|  59|0x0000000083b00000, 0x0000000083b00000, 0x0000000083c00000|  0%| F|  |TAMS 0x0000000083b00000, 0x0000000083b00000| Untracked 
|  60|0x0000000083c00000, 0x0000000083c00000, 0x0000000083d00000|  0%| F|  |TAMS 0x0000000083c00000, 0x0000000083c00000| Untracked 
|  61|0x0000000083d00000, 0x0000000083d00000, 0x0000000083e00000|  0%| F|  |TAMS 0x0000000083d00000, 0x0000000083d00000| Untracked 
|  62|0x0000000083e00000, 0x0000000083e00000, 0x0000000083f00000|  0%| F|  |TAMS 0x0000000083e00000, 0x0000000083e00000| Untracked 
|  63|0x0000000083f00000, 0x0000000083f00000, 0x0000000084000000|  0%| F|  |TAMS 0x0000000083f00000, 0x0000000083f00000| Untracked 
|  64|0x0000000084000000, 0x0000000084000000, 0x0000000084100000|  0%| F|  |TAMS 0x0000000084000000, 0x0000000084000000| Untracked 
|  65|0x0000000084100000, 0x0000000084100000, 0x0000000084200000|  0%| F|  |TAMS 0x0000000084100000, 0x0000000084100000| Untracked 
|  66|0x0000000084200000, 0x0000000084200000, 0x0000000084300000|  0%| F|  |TAMS 0x0000000084200000, 0x0000000084200000| Untracked 
|  67|0x0000000084300000, 0x000000008435ffd8, 0x0000000084400000| 37%| S|CS|TAMS 0x0000000084300000, 0x0000000084300000| Complete 
|  68|0x0000000084400000, 0x0000000084500000, 0x0000000084500000|100%| S|CS|TAMS 0x0000000084400000, 0x0000000084400000| Complete 
|  69|0x0000000084500000, 0x0000000084600000, 0x0000000084600000|100%| S|CS|TAMS 0x0000000084500000, 0x0000000084500000| Complete 
|  70|0x0000000084600000, 0x0000000084600000, 0x0000000084700000|  0%| F|  |TAMS 0x0000000084600000, 0x0000000084600000| Untracked 
|  71|0x0000000084700000, 0x0000000084700000, 0x0000000084800000|  0%| F|  |TAMS 0x0000000084700000, 0x0000000084700000| Untracked 
|  72|0x0000000084800000, 0x0000000084800000, 0x0000000084900000|  0%| F|  |TAMS 0x0000000084800000, 0x0000000084800000| Untracked 
|  73|0x0000000084900000, 0x0000000084900000, 0x0000000084a00000|  0%| F|  |TAMS 0x0000000084900000, 0x0000000084900000| Untracked 
|  74|0x0000000084a00000, 0x0000000084a00000, 0x0000000084b00000|  0%| F|  |TAMS 0x0000000084a00000, 0x0000000084a00000| Untracked 
|  75|0x0000000084b00000, 0x0000000084b00000, 0x0000000084c00000|  0%| F|  |TAMS 0x0000000084b00000, 0x0000000084b00000| Untracked 
|  76|0x0000000084c00000, 0x0000000084c00000, 0x0000000084d00000|  0%| F|  |TAMS 0x0000000084c00000, 0x0000000084c00000| Untracked 
|  77|0x0000000084d00000, 0x0000000084d00000, 0x0000000084e00000|  0%| F|  |TAMS 0x0000000084d00000, 0x0000000084d00000| Untracked 
|  78|0x0000000084e00000, 0x0000000084e00000, 0x0000000084f00000|  0%| F|  |TAMS 0x0000000084e00000, 0x0000000084e00000| Untracked 
|  79|0x0000000084f00000, 0x0000000084f00000, 0x0000000085000000|  0%| F|  |TAMS 0x0000000084f00000, 0x0000000084f00000| Untracked 
|  80|0x0000000085000000, 0x0000000085000000, 0x0000000085100000|  0%| F|  |TAMS 0x0000000085000000, 0x0000000085000000| Untracked 
|  81|0x0000000085100000, 0x0000000085100000, 0x0000000085200000|  0%| F|  |TAMS 0x0000000085100000, 0x0000000085100000| Untracked 
|  82|0x0000000085200000, 0x0000000085200000, 0x0000000085300000|  0%| F|  |TAMS 0x0000000085200000, 0x0000000085200000| Untracked 
|  83|0x0000000085300000, 0x0000000085300000, 0x0000000085400000|  0%| F|  |TAMS 0x0000000085300000, 0x0000000085300000| Untracked 
|  84|0x0000000085400000, 0x0000000085400000, 0x0000000085500000|  0%| F|  |TAMS 0x0000000085400000, 0x0000000085400000| Untracked 
|  85|0x0000000085500000, 0x0000000085500000, 0x0000000085600000|  0%| F|  |TAMS 0x0000000085500000, 0x0000000085500000| Untracked 
|  86|0x0000000085600000, 0x0000000085600000, 0x0000000085700000|  0%| F|  |TAMS 0x0000000085600000, 0x0000000085600000| Untracked 
|  87|0x0000000085700000, 0x0000000085700000, 0x0000000085800000|  0%| F|  |TAMS 0x0000000085700000, 0x0000000085700000| Untracked 
|  88|0x0000000085800000, 0x0000000085800000, 0x0000000085900000|  0%| F|  |TAMS 0x0000000085800000, 0x0000000085800000| Untracked 
| 133|0x0000000088500000, 0x0000000088500000, 0x0000000088600000|  0%| F|  |TAMS 0x0000000088500000, 0x0000000088500000| Untracked 
| 134|0x0000000088600000, 0x0000000088600000, 0x0000000088700000|  0%| F|  |TAMS 0x0000000088600000, 0x0000000088600000| Untracked 
| 135|0x0000000088700000, 0x0000000088700000, 0x0000000088800000|  0%| F|  |TAMS 0x0000000088700000, 0x0000000088700000| Untracked 
| 136|0x0000000088800000, 0x0000000088800000, 0x0000000088900000|  0%| F|  |TAMS 0x0000000088800000, 0x0000000088800000| Untracked 
| 137|0x0000000088900000, 0x0000000088900000, 0x0000000088a00000|  0%| F|  |TAMS 0x0000000088900000, 0x0000000088900000| Untracked 
| 138|0x0000000088a00000, 0x0000000088a00000, 0x0000000088b00000|  0%| F|  |TAMS 0x0000000088a00000, 0x0000000088a00000| Untracked 
| 139|0x0000000088b00000, 0x0000000088b00000, 0x0000000088c00000|  0%| F|  |TAMS 0x0000000088b00000, 0x0000000088b00000| Untracked 
| 140|0x0000000088c00000, 0x0000000088c00000, 0x0000000088d00000|  0%| F|  |TAMS 0x0000000088c00000, 0x0000000088c00000| Untracked 
| 141|0x0000000088d00000, 0x0000000088d00000, 0x0000000088e00000|  0%| F|  |TAMS 0x0000000088d00000, 0x0000000088d00000| Untracked 
| 187|0x000000008bb00000, 0x000000008bb00000, 0x000000008bc00000|  0%| F|  |TAMS 0x000000008bb00000, 0x000000008bb00000| Untracked 

Card table byte_map: [0x000001d54bfa0000,0x000001d54c3a0000] _byte_map_base: 0x000001d54bba0000

Marking Bits (Prev, Next): (CMBitMap*) 0x000001d5393f8ea0, (CMBitMap*) 0x000001d5393f8ee0
 Prev Bits: [0x000001d54c7a0000, 0x000001d54e7a0000)
 Next Bits: [0x000001d54e7a0000, 0x000001d5507a0000)

Polling page: 0x000001d537520000

Metaspace:

Usage:
  Non-class:     55.75 MB used.
      Class:      9.01 MB used.
       Both:     64.76 MB used.

Virtual space:
  Non-class space:       64.00 MB reserved,      56.12 MB ( 88%) committed,  1 nodes.
      Class space:        1.00 GB reserved,       9.25 MB ( <1%) committed,  1 nodes.
             Both:        1.06 GB reserved,      65.38 MB (  6%) committed. 

Chunk freelists:
   Non-Class:  7.80 MB
       Class:  6.70 MB
        Both:  14.50 MB

MaxMetaspaceSize: unlimited
CompressedClassSpaceSize: 1.00 GB
Initial GC threshold: 21.00 MB
Current GC threshold: 97.75 MB
CDS: off
MetaspaceReclaimPolicy: balanced
 - commit_granule_bytes: 65536.
 - commit_granule_words: 8192.
 - virtual_space_node_default_size: 8388608.
 - enlarge_chunks_in_place: 1.
 - new_chunks_are_fully_committed: 0.
 - uncommit_free_chunks: 1.
 - use_allocation_guard: 0.
 - handle_deallocations: 1.


Internal statistics:

num_allocs_failed_limit: 6.
num_arena_births: 670.
num_arena_deaths: 0.
num_vsnodes_births: 2.
num_vsnodes_deaths: 0.
num_space_committed: 1046.
num_space_uncommitted: 0.
num_chunks_returned_to_freelist: 6.
num_chunks_taken_from_freelist: 2828.
num_chunk_merges: 6.
num_chunk_splits: 1984.
num_chunks_enlarged: 1460.
num_inconsistent_stats: 0.

CodeHeap 'non-profiled nmethods': size=120000Kb used=2349Kb max_used=3109Kb free=117650Kb
 bounds [0x000001d544340000, 0x000001d544650000, 0x000001d54b870000]
CodeHeap 'profiled nmethods': size=120000Kb used=7858Kb max_used=9661Kb free=112141Kb
 bounds [0x000001d53c870000, 0x000001d53d1e0000, 0x000001d543da0000]
CodeHeap 'non-nmethods': size=5760Kb used=2352Kb max_used=2369Kb free=3407Kb
 bounds [0x000001d543da0000, 0x000001d544010000, 0x000001d544340000]
 total_blobs=4952 nmethods=4090 adapters=774
 compilation: enabled
              stopped_count=0, restarted_count=0
 full_count=0

Compilation events (20 events):
Event: 5.607 Thread 0x000001d553670e90 4847       4       jdk.internal.org.objectweb.asm.AnnotationWriter::putAnnotations (67 bytes)
Event: 5.610 Thread 0x000001d553670e90 nmethod 4847 0x000001d544426990 code [0x000001d544426b60, 0x000001d544426e10]
Event: 5.623 Thread 0x000001d553670e90 4848       4       jdk.internal.org.objectweb.asm.Label::resolve (219 bytes)
Event: 5.628 Thread 0x000001d553670e90 nmethod 4848 0x000001d544590890 code [0x000001d544590a20, 0x000001d544590e58]
Event: 5.638 Thread 0x000001d5533cca90 4849   !   3       java.util.concurrent.LinkedBlockingQueue::poll (128 bytes)
Event: 5.640 Thread 0x000001d5533cca90 nmethod 4849 0x000001d53c9b0f10 code [0x000001d53c9b1300, 0x000001d53c9b2fb8]
Event: 5.656 Thread 0x000001d5533cca90 4850       3       org.gradle.launcher.daemon.server.exec.DaemonConnectionBackedEventConsumer$ForwardEvents::moreMessagesToSend (35 bytes)
Event: 5.657 Thread 0x000001d5533cca90 nmethod 4850 0x000001d53ce97490 code [0x000001d53ce97640, 0x000001d53ce97908]
Event: 5.657 Thread 0x000001d5533cca90 4852   !   3       org.gradle.launcher.daemon.server.exec.DaemonConnectionBackedEventConsumer$ForwardEvents::getNextEvent (27 bytes)
Event: 5.657 Thread 0x000001d5533cca90 nmethod 4852 0x000001d53ca19610 code [0x000001d53ca197c0, 0x000001d53ca19a48]
Event: 5.686 Thread 0x000001d5533cca90 4853       3       java.lang.invoke.MethodHandles::constant (88 bytes)
Event: 5.686 Thread 0x000001d5533cca90 nmethod 4853 0x000001d53c983c10 code [0x000001d53c983f00, 0x000001d53c984e18]
Event: 5.700 Thread 0x000001d5533cca90 4854       3       java.util.jar.Manifest$FastInputStream::<init> (9 bytes)
Event: 5.700 Thread 0x000001d5533cca90 nmethod 4854 0x000001d53c9e4310 code [0x000001d53c9e44c0, 0x000001d53c9e48b8]
Event: 5.700 Thread 0x000001d5533cca90 4855       3       java.util.jar.Manifest$FastInputStream::<init> (23 bytes)
Event: 5.700 Thread 0x000001d5533cca90 nmethod 4855 0x000001d53ca2ab10 code [0x000001d53ca2acc0, 0x000001d53ca2b058]
Event: 5.736 Thread 0x000001d5533cca90 4856       3       kotlin.reflect.jvm.internal.ClassValueCache::get (71 bytes)
Event: 5.737 Thread 0x000001d5533cca90 nmethod 4856 0x000001d53cc2cd90 code [0x000001d53cc2d040, 0x000001d53cc2de28]
Event: 5.739 Thread 0x000001d5533cb9d0 4857       4       org.jetbrains.kotlin.it.unimi.dsi.fastutil.HashCommon::mix (12 bytes)
Event: 5.739 Thread 0x000001d5533cb9d0 nmethod 4857 0x000001d544590590 code [0x000001d544590700, 0x000001d544590778]

GC Heap History (20 events):
Event: 3.711 GC heap after
{Heap after GC invocations=11 (full 0):
 garbage-first heap   total 86016K, used 44976K [0x0000000080000000, 0x0000000100000000)
  region size 1024K, 3 young (3072K), 3 survivors (3072K)
 Metaspace       used 43419K, committed 43776K, reserved 1114112K
  class space    used 5826K, committed 6016K, reserved 1048576K
}
Event: 3.789 GC heap before
{Heap before GC invocations=12 (full 0):
 garbage-first heap   total 86016K, used 53168K [0x0000000080000000, 0x0000000100000000)
  region size 1024K, 13 young (13312K), 3 survivors (3072K)
 Metaspace       used 43866K, committed 44288K, reserved 1114112K
  class space    used 5873K, committed 6080K, reserved 1048576K
}
Event: 3.792 GC heap after
{Heap after GC invocations=13 (full 0):
 garbage-first heap   total 86016K, used 45450K [0x0000000080000000, 0x0000000100000000)
  region size 1024K, 2 young (2048K), 2 survivors (2048K)
 Metaspace       used 43866K, committed 44288K, reserved 1114112K
  class space    used 5873K, committed 6080K, reserved 1048576K
}
Event: 4.056 GC heap before
{Heap before GC invocations=14 (full 0):
 garbage-first heap   total 89088K, used 72074K [0x0000000080000000, 0x0000000100000000)
  region size 1024K, 23 young (23552K), 2 survivors (2048K)
 Metaspace       used 46934K, committed 47424K, reserved 1114112K
  class space    used 6233K, committed 6464K, reserved 1048576K
}
Event: 4.058 GC heap after
{Heap after GC invocations=15 (full 0):
 garbage-first heap   total 89088K, used 46624K [0x0000000080000000, 0x0000000100000000)
  region size 1024K, 2 young (2048K), 2 survivors (2048K)
 Metaspace       used 46934K, committed 47424K, reserved 1114112K
  class space    used 6233K, committed 6464K, reserved 1048576K
}
Event: 4.305 GC heap before
{Heap before GC invocations=15 (full 0):
 garbage-first heap   total 89088K, used 66080K [0x0000000080000000, 0x0000000100000000)
  region size 1024K, 22 young (22528K), 2 survivors (2048K)
 Metaspace       used 48474K, committed 48960K, reserved 1114112K
  class space    used 6472K, committed 6720K, reserved 1048576K
}
Event: 4.309 GC heap after
{Heap after GC invocations=16 (full 0):
 garbage-first heap   total 89088K, used 48921K [0x0000000080000000, 0x0000000100000000)
  region size 1024K, 4 young (4096K), 4 survivors (4096K)
 Metaspace       used 48474K, committed 48960K, reserved 1114112K
  class space    used 6472K, committed 6720K, reserved 1048576K
}
Event: 4.357 GC heap before
{Heap before GC invocations=17 (full 0):
 garbage-first heap   total 92160K, used 55065K [0x0000000080000000, 0x0000000100000000)
  region size 1024K, 9 young (9216K), 4 survivors (4096K)
 Metaspace       used 48780K, committed 49280K, reserved 1114112K
  class space    used 6497K, committed 6720K, reserved 1048576K
}
Event: 4.360 GC heap after
{Heap after GC invocations=18 (full 0):
 garbage-first heap   total 92160K, used 53592K [0x0000000080000000, 0x0000000100000000)
  region size 1024K, 2 young (2048K), 2 survivors (2048K)
 Metaspace       used 48780K, committed 49280K, reserved 1114112K
  class space    used 6497K, committed 6720K, reserved 1048576K
}
Event: 4.728 GC heap before
{Heap before GC invocations=19 (full 0):
 garbage-first heap   total 97280K, used 72024K [0x0000000080000000, 0x0000000100000000)
  region size 1024K, 19 young (19456K), 2 survivors (2048K)
 Metaspace       used 51039K, committed 51584K, reserved 1114112K
  class space    used 6725K, committed 6976K, reserved 1048576K
}
Event: 4.731 GC heap after
{Heap after GC invocations=20 (full 0):
 garbage-first heap   total 97280K, used 53909K [0x0000000080000000, 0x0000000100000000)
  region size 1024K, 2 young (2048K), 2 survivors (2048K)
 Metaspace       used 51039K, committed 51584K, reserved 1114112K
  class space    used 6725K, committed 6976K, reserved 1048576K
}
Event: 4.914 GC heap before
{Heap before GC invocations=20 (full 0):
 garbage-first heap   total 97280K, used 75413K [0x0000000080000000, 0x0000000100000000)
  region size 1024K, 23 young (23552K), 2 survivors (2048K)
 Metaspace       used 52458K, committed 52992K, reserved 1114112K
  class space    used 6947K, committed 7168K, reserved 1048576K
}
Event: 4.917 GC heap after
{Heap after GC invocations=21 (full 0):
 garbage-first heap   total 97280K, used 54679K [0x0000000080000000, 0x0000000100000000)
  region size 1024K, 3 young (3072K), 3 survivors (3072K)
 Metaspace       used 52458K, committed 52992K, reserved 1114112K
  class space    used 6947K, committed 7168K, reserved 1048576K
}
Event: 5.170 GC heap before
{Heap before GC invocations=22 (full 0):
 garbage-first heap   total 97280K, used 77207K [0x0000000080000000, 0x0000000100000000)
  region size 1024K, 25 young (25600K), 3 survivors (3072K)
 Metaspace       used 56497K, committed 57024K, reserved 1114112K
  class space    used 7942K, committed 8192K, reserved 1048576K
}
Event: 5.172 GC heap after
{Heap after GC invocations=23 (full 0):
 garbage-first heap   total 97280K, used 55288K [0x0000000080000000, 0x0000000100000000)
  region size 1024K, 3 young (3072K), 3 survivors (3072K)
 Metaspace       used 56497K, committed 57024K, reserved 1114112K
  class space    used 7942K, committed 8192K, reserved 1048576K
}
Event: 5.319 GC heap before
{Heap before GC invocations=23 (full 0):
 garbage-first heap   total 97280K, used 78840K [0x0000000080000000, 0x0000000100000000)
  region size 1024K, 26 young (26624K), 3 survivors (3072K)
 Metaspace       used 59287K, committed 59840K, reserved 1114112K
  class space    used 8324K, committed 8576K, reserved 1048576K
}
Event: 5.322 GC heap after
{Heap after GC invocations=24 (full 0):
 garbage-first heap   total 97280K, used 55904K [0x0000000080000000, 0x0000000100000000)
  region size 1024K, 2 young (2048K), 2 survivors (2048K)
 Metaspace       used 59287K, committed 59840K, reserved 1114112K
  class space    used 8324K, committed 8576K, reserved 1048576K
}
Event: 5.508 GC heap before
{Heap before GC invocations=25 (full 0):
 garbage-first heap   total 101376K, used 79456K [0x0000000080000000, 0x0000000100000000)
  region size 1024K, 25 young (25600K), 2 survivors (2048K)
 Metaspace       used 62367K, committed 62912K, reserved 1114112K
  class space    used 8732K, committed 8960K, reserved 1048576K
}
Event: 5.510 GC heap after
{Heap after GC invocations=26 (full 0):
 garbage-first heap   total 101376K, used 56436K [0x0000000080000000, 0x0000000100000000)
  region size 1024K, 3 young (3072K), 3 survivors (3072K)
 Metaspace       used 62367K, committed 62912K, reserved 1114112K
  class space    used 8732K, committed 8960K, reserved 1048576K
}
Event: 5.748 GC heap before
{Heap before GC invocations=26 (full 0):
 garbage-first heap   total 101376K, used 83060K [0x0000000080000000, 0x0000000100000000)
  region size 1024K, 29 young (29696K), 3 survivors (3072K)
 Metaspace       used 66316K, committed 66944K, reserved 1114112K
  class space    used 9231K, committed 9472K, reserved 1048576K
}

Dll operation events (3 events):
Event: 0.005 Loaded shared library D:\Program Files\AndroidStudio\jbr\bin\java.dll
Event: 0.100 Loaded shared library D:\Program Files\AndroidStudio\jbr\bin\zip.dll
Event: 0.320 Loaded shared library D:\Program Files\AndroidStudio\jbr\bin\verify.dll

Deoptimization events (20 events):
Event: 5.082 Thread 0x000001d559c561b0 Uncommon trap: trap_request=0xffffff45 fr.pc=0x000001d544407004 relative=0x0000000000000084
Event: 5.082 Thread 0x000001d559c561b0 Uncommon trap: reason=unstable_if action=reinterpret pc=0x000001d544407004 method=java.lang.CharacterDataLatin1.isWhitespace(I)Z @ 14 c2
Event: 5.082 Thread 0x000001d559c561b0 DEOPT PACKING pc=0x000001d544407004 sp=0x0000007029af77f0
Event: 5.082 Thread 0x000001d559c561b0 DEOPT UNPACKING pc=0x000001d543dfa1a3 sp=0x0000007029af7760 mode 2
Event: 5.137 Thread 0x000001d559c561b0 Uncommon trap: trap_request=0xffffff45 fr.pc=0x000001d544392918 relative=0x0000000000001578
Event: 5.137 Thread 0x000001d559c561b0 Uncommon trap: reason=unstable_if action=reinterpret pc=0x000001d544392918 method=java.util.jar.JarFile.getEntry(Ljava/lang/String;)Ljava/util/zip/ZipEntry; @ 15 c2
Event: 5.137 Thread 0x000001d559c561b0 DEOPT PACKING pc=0x000001d544392918 sp=0x0000007029af5c60
Event: 5.137 Thread 0x000001d559c561b0 DEOPT UNPACKING pc=0x000001d543dfa1a3 sp=0x0000007029af5c68 mode 2
Event: 5.224 Thread 0x000001d559c561b0 Uncommon trap: trap_request=0xffffff45 fr.pc=0x000001d54438004c relative=0x000000000000068c
Event: 5.224 Thread 0x000001d559c561b0 Uncommon trap: reason=unstable_if action=reinterpret pc=0x000001d54438004c method=java.lang.AbstractStringBuilder.append(Ljava/lang/String;)Ljava/lang/AbstractStringBuilder; @ 1 c2
Event: 5.224 Thread 0x000001d559c561b0 DEOPT PACKING pc=0x000001d54438004c sp=0x0000007029af6000
Event: 5.224 Thread 0x000001d559c561b0 DEOPT UNPACKING pc=0x000001d543dfa1a3 sp=0x0000007029af5f80 mode 2
Event: 5.277 Thread 0x000001d559c561b0 Uncommon trap: trap_request=0xffffff45 fr.pc=0x000001d54439d160 relative=0x00000000000006a0
Event: 5.277 Thread 0x000001d559c561b0 Uncommon trap: reason=unstable_if action=reinterpret pc=0x000001d54439d160 method=java.lang.AbstractStringBuilder.append(Ljava/lang/String;)Ljava/lang/AbstractStringBuilder; @ 1 c2
Event: 5.277 Thread 0x000001d559c561b0 DEOPT PACKING pc=0x000001d54439d160 sp=0x0000007029af65e0
Event: 5.278 Thread 0x000001d559c561b0 DEOPT UNPACKING pc=0x000001d543dfa1a3 sp=0x0000007029af65c8 mode 2
Event: 5.609 Thread 0x000001d559c561b0 Uncommon trap: trap_request=0xffffff45 fr.pc=0x000001d54448aa98 relative=0x00000000000001b8
Event: 5.609 Thread 0x000001d559c561b0 Uncommon trap: reason=unstable_if action=reinterpret pc=0x000001d54448aa98 method=sun.invoke.util.VerifyAccess.isTypeVisible(Ljava/lang/Class;Ljava/lang/Class;)Z @ 77 c2
Event: 5.609 Thread 0x000001d559c561b0 DEOPT PACKING pc=0x000001d54448aa98 sp=0x0000007029af4230
Event: 5.609 Thread 0x000001d559c561b0 DEOPT UNPACKING pc=0x000001d543dfa1a3 sp=0x0000007029af41c0 mode 2

Classes unloaded (0 events):
No events

Classes redefined (0 events):
No events

Internal exceptions (20 events):
Event: 4.725 Thread 0x000001d559c561b0 Exception <a 'java/lang/NoSuchMethodError'{0x0000000084ccc878}: 'java.lang.Object java.lang.invoke.DirectMethodHandle$Holder.invokeStatic(java.lang.Object, java.lang.Object, java.lang.Object, java.lang.Object, java.lang.Object, java.lang.Object, java.lang.Object, java.lang.Object, java.lang.Object, java.lang.Object, java.lang.Object, java.lang.Object, java.lang.Object, java.lang.Object, java.lang.Object, java.lang.Object, java.lang.Object, java.lang.Object, java.lang.Object, java.lang.Object, java.lang.Obj
Event: 4.789 Thread 0x000001d559c561b0 Exception <a 'java/lang/IncompatibleClassChangeError'{0x0000000085234020}: Found class java.lang.Object, but interface was expected> (0x0000000085234020) 
thrown [s\src\hotspot\share\interpreter\linkResolver.cpp, line 838]
Event: 4.819 Thread 0x000001d559c561b0 Exception <a 'java/lang/IncompatibleClassChangeError'{0x0000000085021ea0}: Found class java.lang.Object, but interface was expected> (0x0000000085021ea0) 
thrown [s\src\hotspot\share\interpreter\linkResolver.cpp, line 838]
Event: 4.824 Thread 0x000001d559c561b0 Exception <a 'java/lang/NoSuchMethodError'{0x000000008507b870}: 'void java.lang.invoke.DirectMethodHandle$Holder.invokeStatic(java.lang.Object, java.lang.Object, java.lang.Object, java.lang.Object, java.lang.Object, java.lang.Object)'> (0x000000008507b870) 
thrown [s\src\hotspot\share\interpreter\linkResolver.cpp, line 771]
Event: 4.866 Thread 0x000001d559c561b0 Exception <a 'java/lang/NoSuchMethodError'{0x0000000084d54570}: 'java.lang.Object java.lang.invoke.DirectMethodHandle$Holder.invokeStaticInit(java.lang.Object, int)'> (0x0000000084d54570) 
thrown [s\src\hotspot\share\interpreter\linkResolver.cpp, line 771]
Event: 4.980 Thread 0x000001d559c561b0 Implicit null exception at 0x000001d544638d13 to 0x000001d544638e68
Event: 5.224 Thread 0x000001d559c561b0 Implicit null exception at 0x000001d54437f9f2 to 0x000001d544380034
Event: 5.277 Thread 0x000001d559c561b0 Implicit null exception at 0x000001d54439caf2 to 0x000001d54439d148
Event: 5.399 Thread 0x000001d559c561b0 Exception <a 'sun/nio/fs/WindowsException'{0x0000000088579640}> (0x0000000088579640) 
thrown [s\src\hotspot\share\prims\jni.cpp, line 517]
Event: 5.399 Thread 0x000001d559c561b0 Exception <a 'sun/nio/fs/WindowsException'{0x000000008857b3c8}> (0x000000008857b3c8) 
thrown [s\src\hotspot\share\prims\jni.cpp, line 517]
Event: 5.454 Thread 0x000001d559c561b0 Exception <a 'java/lang/NoSuchMethodError'{0x000000008529e7c8}: 'long java.lang.invoke.DirectMethodHandle$Holder.invokeStatic(java.lang.Object)'> (0x000000008529e7c8) 
thrown [s\src\hotspot\share\interpreter\linkResolver.cpp, line 771]
Event: 5.454 Thread 0x000001d559c561b0 Exception <a 'java/lang/NoSuchMethodError'{0x00000000852a33b0}: 'long java.lang.invoke.DirectMethodHandle$Holder.invokeStaticInit(java.lang.Object)'> (0x00000000852a33b0) 
thrown [s\src\hotspot\share\interpreter\linkResolver.cpp, line 771]
Event: 5.494 Thread 0x000001d559c561b0 Exception <a 'java/lang/NoSuchMethodError'{0x0000000084de2ca0}: 'long java.lang.invoke.Invokers$Holder.invoke_MT(java.lang.Object, java.lang.Object, java.lang.Object, java.lang.Object)'> (0x0000000084de2ca0) 
thrown [s\src\hotspot\share\interpreter\linkResolver.cpp, line 771]
Event: 5.494 Thread 0x000001d559c561b0 Exception <a 'java/lang/NoSuchMethodError'{0x0000000084dec2a0}: 'int java.lang.invoke.Invokers$Holder.invoke_MT(java.lang.Object, java.lang.Object, java.lang.Object, java.lang.Object)'> (0x0000000084dec2a0) 
thrown [s\src\hotspot\share\interpreter\linkResolver.cpp, line 771]
Event: 5.496 Thread 0x000001d559c561b0 Exception <a 'java/lang/NoSuchMethodError'{0x0000000084dfcb58}: 'void java.lang.invoke.DelegatingMethodHandle$Holder.reinvoke_L(java.lang.Object, java.lang.Object, java.lang.Object, long, java.lang.Object)'> (0x0000000084dfcb58) 
thrown [s\src\hotspot\share\interpreter\linkResolver.cpp, line 771]
Event: 5.496 Thread 0x000001d559c561b0 Exception <a 'java/lang/NoSuchMethodError'{0x0000000084c05a68}: 'java.lang.Object java.lang.invoke.DirectMethodHandle$Holder.invokeSpecial(java.lang.Object, java.lang.Object, java.lang.Object, java.lang.Object, long)'> (0x0000000084c05a68) 
thrown [s\src\hotspot\share\interpreter\linkResolver.cpp, line 771]
Event: 5.496 Thread 0x000001d559c561b0 Exception <a 'java/lang/NoSuchMethodError'{0x0000000084c164e0}: 'int java.lang.invoke.DelegatingMethodHandle$Holder.reinvoke_L(java.lang.Object, java.lang.Object, java.lang.Object, long, java.lang.Object, java.lang.Object)'> (0x0000000084c164e0) 
thrown [s\src\hotspot\share\interpreter\linkResolver.cpp, line 771]
Event: 5.497 Thread 0x000001d559c561b0 Exception <a 'java/lang/NoSuchMethodError'{0x0000000084c265b0}: 'int java.lang.invoke.DelegatingMethodHandle$Holder.reinvoke_L(java.lang.Object, java.lang.Object, java.lang.Object, long, int, int)'> (0x0000000084c265b0) 
thrown [s\src\hotspot\share\interpreter\linkResolver.cpp, line 771]
Event: 5.498 Thread 0x000001d559c561b0 Exception <a 'java/lang/NoSuchMethodError'{0x0000000084c36428}: 'int java.lang.invoke.DelegatingMethodHandle$Holder.reinvoke_L(java.lang.Object, java.lang.Object, java.lang.Object, long, long, long)'> (0x0000000084c36428) 
thrown [s\src\hotspot\share\interpreter\linkResolver.cpp, line 771]
Event: 5.498 Thread 0x000001d559c561b0 Exception <a 'java/lang/NoSuchMethodError'{0x0000000084c45f80}: 'int java.lang.invoke.DelegatingMethodHandle$Holder.reinvoke_L(java.lang.Object, java.lang.Object, java.lang.Object, long, int)'> (0x0000000084c45f80) 
thrown [s\src\hotspot\share\interpreter\linkResolver.cpp, line 771]

VM Operations (20 events):
Event: 4.938 Executing VM operation: HandshakeAllThreads done
Event: 4.939 Executing VM operation: HandshakeAllThreads
Event: 4.939 Executing VM operation: HandshakeAllThreads done
Event: 4.945 Executing VM operation: G1PauseRemark
Event: 4.947 Executing VM operation: G1PauseRemark done
Event: 4.960 Executing VM operation: G1PauseCleanup
Event: 4.960 Executing VM operation: G1PauseCleanup done
Event: 5.170 Executing VM operation: G1CollectForAllocation
Event: 5.172 Executing VM operation: G1CollectForAllocation done
Event: 5.318 Executing VM operation: G1CollectForAllocation
Event: 5.322 Executing VM operation: G1CollectForAllocation done
Event: 5.340 Executing VM operation: G1PauseRemark
Event: 5.341 Executing VM operation: G1PauseRemark done
Event: 5.351 Executing VM operation: G1PauseCleanup
Event: 5.351 Executing VM operation: G1PauseCleanup done
Event: 5.397 Executing VM operation: HandshakeAllThreads
Event: 5.397 Executing VM operation: HandshakeAllThreads done
Event: 5.508 Executing VM operation: G1CollectForAllocation
Event: 5.510 Executing VM operation: G1CollectForAllocation done
Event: 5.748 Executing VM operation: G1CollectForAllocation

Events (20 events):
Event: 5.455 loading class java/util/concurrent/atomic/AtomicLongFieldUpdater$CASUpdater$1 done
Event: 5.556 loading class java/util/AbstractMap$1
Event: 5.556 loading class java/util/AbstractMap$1 done
Event: 5.575 loading class java/util/Collections$SynchronizedRandomAccessList
Event: 5.576 loading class java/util/Collections$SynchronizedList
Event: 5.576 loading class java/util/Collections$SynchronizedList done
Event: 5.576 loading class java/util/Collections$SynchronizedRandomAccessList done
Event: 5.579 loading class javax/xml/stream/XMLStreamException
Event: 5.580 loading class javax/xml/stream/XMLStreamException done
Event: 5.586 loading class javax/xml/stream/Location
Event: 5.586 loading class javax/xml/stream/Location done
Event: 5.588 loading class javax/xml/namespace/NamespaceContext
Event: 5.588 loading class javax/xml/namespace/NamespaceContext done
Event: 5.588 loading class javax/xml/stream/XMLStreamConstants
Event: 5.588 loading class javax/xml/stream/XMLStreamConstants done
Event: 5.591 loading class java/io/CharConversionException
Event: 5.592 loading class java/io/CharConversionException done
Event: 5.593 loading class javax/xml/stream/XMLStreamReader
Event: 5.593 loading class javax/xml/stream/XMLStreamReader done
Event: 5.736 Thread 0x000001d553670e90 Thread exited: 0x000001d553670e90


Dynamic libraries:
0x00007ff71db70000 - 0x00007ff71db7a000 	D:\Program Files\AndroidStudio\jbr\bin\java.exe
0x00007ff91e2f0000 - 0x00007ff91e506000 	C:\WINDOWS\SYSTEM32\ntdll.dll
0x00007ff91c120000 - 0x00007ff91c1e4000 	C:\WINDOWS\System32\KERNEL32.DLL
0x00007ff91b6a0000 - 0x00007ff91ba46000 	C:\WINDOWS\System32\KERNELBASE.dll
0x00007ff91bf20000 - 0x00007ff91c031000 	C:\WINDOWS\System32\ucrtbase.dll
0x00007ff9003e0000 - 0x00007ff9003f7000 	D:\Program Files\AndroidStudio\jbr\bin\jli.dll
0x00007ff9007d0000 - 0x00007ff9007eb000 	D:\Program Files\AndroidStudio\jbr\bin\VCRUNTIME140.dll
0x00007ff91cbe0000 - 0x00007ff91cd8d000 	C:\WINDOWS\System32\USER32.dll
0x00007ff91bc60000 - 0x00007ff91bc86000 	C:\WINDOWS\System32\win32u.dll
0x00007ff9038a0000 - 0x00007ff903b33000 	C:\WINDOWS\WinSxS\amd64_microsoft.windows.common-controls_6595b64144ccf1df_6.0.22621.3235_none_270f74e173860f98\COMCTL32.dll
0x00007ff91d5b0000 - 0x00007ff91d657000 	C:\WINDOWS\System32\msvcrt.dll
0x00007ff91ca20000 - 0x00007ff91ca49000 	C:\WINDOWS\System32\GDI32.dll
0x00007ff91bb40000 - 0x00007ff91bc58000 	C:\WINDOWS\System32\gdi32full.dll
0x00007ff91be00000 - 0x00007ff91be9a000 	C:\WINDOWS\System32\msvcp_win.dll
0x00007ff91d4f0000 - 0x00007ff91d521000 	C:\WINDOWS\System32\IMM32.DLL
0x00007ff9162a0000 - 0x00007ff9162ac000 	D:\Program Files\AndroidStudio\jbr\bin\vcruntime140_1.dll
0x00007ff8cd570000 - 0x00007ff8cd5fd000 	D:\Program Files\AndroidStudio\jbr\bin\msvcp140.dll
0x00007ff89d5a0000 - 0x00007ff89e223000 	D:\Program Files\AndroidStudio\jbr\bin\server\jvm.dll
0x00007ff91c960000 - 0x00007ff91ca12000 	C:\WINDOWS\System32\ADVAPI32.dll
0x00007ff91d840000 - 0x00007ff91d8e8000 	C:\WINDOWS\System32\sechost.dll
0x00007ff91bb10000 - 0x00007ff91bb38000 	C:\WINDOWS\System32\bcrypt.dll
0x00007ff91c390000 - 0x00007ff91c4a5000 	C:\WINDOWS\System32\RPCRT4.dll
0x00007ff905950000 - 0x00007ff905959000 	C:\WINDOWS\SYSTEM32\WSOCK32.dll
0x00007ff91d530000 - 0x00007ff91d5a1000 	C:\WINDOWS\System32\WS2_32.dll
0x00007ff915060000 - 0x00007ff91506a000 	C:\WINDOWS\SYSTEM32\VERSION.dll
0x00007ff91a4c0000 - 0x00007ff91a50d000 	C:\WINDOWS\SYSTEM32\POWRPROF.dll
0x00007ff918280000 - 0x00007ff9182b4000 	C:\WINDOWS\SYSTEM32\WINMM.dll
0x00007ff91a4a0000 - 0x00007ff91a4b3000 	C:\WINDOWS\SYSTEM32\UMPDC.dll
0x00007ff91a760000 - 0x00007ff91a778000 	C:\WINDOWS\SYSTEM32\kernel.appcore.dll
0x00007ff901fb0000 - 0x00007ff901fba000 	D:\Program Files\AndroidStudio\jbr\bin\jimage.dll
0x00007ff918f10000 - 0x00007ff919143000 	C:\WINDOWS\SYSTEM32\DBGHELP.DLL
0x00007ff91d160000 - 0x00007ff91d4e8000 	C:\WINDOWS\System32\combase.dll
0x00007ff91d6c0000 - 0x00007ff91d797000 	C:\WINDOWS\System32\OLEAUT32.dll
0x00007ff918240000 - 0x00007ff918272000 	C:\WINDOWS\SYSTEM32\dbgcore.DLL
0x00007ff91bea0000 - 0x00007ff91bf1a000 	C:\WINDOWS\System32\bcryptPrimitives.dll
0x00007ff9007a0000 - 0x00007ff9007ae000 	D:\Program Files\AndroidStudio\jbr\bin\instrument.dll
0x00007ff900820000 - 0x00007ff900845000 	D:\Program Files\AndroidStudio\jbr\bin\java.dll
0x00007ff900800000 - 0x00007ff900818000 	D:\Program Files\AndroidStudio\jbr\bin\zip.dll
0x00007ff91da00000 - 0x00007ff91e25d000 	C:\WINDOWS\System32\SHELL32.dll
0x00007ff9195a0000 - 0x00007ff919e98000 	C:\WINDOWS\SYSTEM32\windows.storage.dll
0x00007ff919460000 - 0x00007ff91959e000 	C:\WINDOWS\SYSTEM32\wintypes.dll
0x00007ff91d060000 - 0x00007ff91d153000 	C:\WINDOWS\System32\SHCORE.dll
0x00007ff91d8f0000 - 0x00007ff91d94e000 	C:\WINDOWS\System32\shlwapi.dll
0x00007ff91b560000 - 0x00007ff91b586000 	C:\WINDOWS\SYSTEM32\profapi.dll
0x00007ff900440000 - 0x00007ff900459000 	D:\Program Files\AndroidStudio\jbr\bin\net.dll
0x00007ff915770000 - 0x00007ff9158a7000 	C:\WINDOWS\SYSTEM32\WINHTTP.dll
0x00007ff91abe0000 - 0x00007ff91ac49000 	C:\WINDOWS\system32\mswsock.dll
0x00007ff900400000 - 0x00007ff900416000 	D:\Program Files\AndroidStudio\jbr\bin\nio.dll
0x00007ff9008e0000 - 0x00007ff9008f0000 	D:\Program Files\AndroidStudio\jbr\bin\verify.dll
0x00007ff900770000 - 0x00007ff900797000 	C:\Users\user\.gradle\native\c067742578af261105cb4f569cf0c3c89f3d7b1fecec35dd04571415982c5e48\windows-amd64\native-platform.dll
0x00007ff8cc260000 - 0x00007ff8cc3a4000 	C:\Users\user\.gradle\native\38dada09dfb8b06ba9b0570ebf7e218e3eb74d4ef43ca46872605cf95ebc2f47\windows-amd64\native-platform-file-events.dll
0x00007ff901f70000 - 0x00007ff901f79000 	D:\Program Files\AndroidStudio\jbr\bin\management.dll
0x00007ff900940000 - 0x00007ff90094b000 	D:\Program Files\AndroidStudio\jbr\bin\management_ext.dll
0x00007ff91d7a0000 - 0x00007ff91d7a8000 	C:\WINDOWS\System32\PSAPI.DLL
0x00007ff91ae40000 - 0x00007ff91ae5b000 	C:\WINDOWS\SYSTEM32\CRYPTSP.dll
0x00007ff91a6c0000 - 0x00007ff91a6f5000 	C:\WINDOWS\system32\rsaenh.dll
0x00007ff91acd0000 - 0x00007ff91acfc000 	C:\WINDOWS\SYSTEM32\USERENV.dll
0x00007ff91ae30000 - 0x00007ff91ae3c000 	C:\WINDOWS\SYSTEM32\CRYPTBASE.dll
0x00007ff91a170000 - 0x00007ff91a19d000 	C:\WINDOWS\SYSTEM32\IPHLPAPI.DLL
0x00007ff91d050000 - 0x00007ff91d059000 	C:\WINDOWS\System32\NSI.dll
0x00007ff915590000 - 0x00007ff9155a9000 	C:\WINDOWS\SYSTEM32\dhcpcsvc6.DLL
0x00007ff9154d0000 - 0x00007ff9154ef000 	C:\WINDOWS\SYSTEM32\dhcpcsvc.DLL
0x00007ff91a1e0000 - 0x00007ff91a2d9000 	C:\WINDOWS\SYSTEM32\DNSAPI.dll
0x00007ff889cd0000 - 0x00007ff889cd8000 	C:\WINDOWS\system32\wshunix.dll

dbghelp: loaded successfully - version: 4.0.5 - missing functions: none
symbol engine: initialized successfully - sym options: 0x614 - pdb path: .;D:\Program Files\AndroidStudio\jbr\bin;C:\WINDOWS\SYSTEM32;C:\WINDOWS\WinSxS\amd64_microsoft.windows.common-controls_6595b64144ccf1df_6.0.22621.3235_none_270f74e173860f98;D:\Program Files\AndroidStudio\jbr\bin\server;C:\Users\user\.gradle\native\c067742578af261105cb4f569cf0c3c89f3d7b1fecec35dd04571415982c5e48\windows-amd64;C:\Users\user\.gradle\native\38dada09dfb8b06ba9b0570ebf7e218e3eb74d4ef43ca46872605cf95ebc2f47\windows-amd64

VM Arguments:
jvm_args: --add-opens=java.base/java.util=ALL-UNNAMED --add-opens=java.base/java.lang=ALL-UNNAMED --add-opens=java.base/java.lang.invoke=ALL-UNNAMED --add-opens=java.prefs/java.util.prefs=ALL-UNNAMED --add-opens=java.base/java.nio.charset=ALL-UNNAMED --add-opens=java.base/java.net=ALL-UNNAMED --add-opens=java.base/java.util.concurrent.atomic=ALL-UNNAMED -Xmx2048m -Dfile.encoding=UTF-8 -Duser.country=US -Duser.language=en -Duser.variant -javaagent:C:\Users\user\.gradle\wrapper\dists\gradle-8.4-bin\1w5dpkrfk8irigvoxmyhowfim\gradle-8.4\lib\agents\gradle-instrumentation-agent-8.4.jar 
java_command: org.gradle.launcher.daemon.bootstrap.GradleDaemon 8.4
java_class_path (initial): C:\Users\user\.gradle\wrapper\dists\gradle-8.4-bin\1w5dpkrfk8irigvoxmyhowfim\gradle-8.4\lib\gradle-launcher-8.4.jar
Launcher Type: SUN_STANDARD

[Global flags]
     intx CICompilerCount                          = 4                                         {product} {ergonomic}
     uint ConcGCThreads                            = 2                                         {product} {ergonomic}
     uint G1ConcRefinementThreads                  = 8                                         {product} {ergonomic}
   size_t G1HeapRegionSize                         = 1048576                                   {product} {ergonomic}
    uintx GCDrainStackTargetSize                   = 64                                        {product} {ergonomic}
   size_t InitialHeapSize                          = 197132288                                 {product} {ergonomic}
   size_t MarkStackSize                            = 4194304                                   {product} {ergonomic}
   size_t MaxHeapSize                              = 2147483648                                {product} {command line}
   size_t MaxNewSize                               = 1287651328                                {product} {ergonomic}
   size_t MinHeapDeltaBytes                        = 1048576                                   {product} {ergonomic}
   size_t MinHeapSize                              = 8388608                                   {product} {ergonomic}
    uintx NonNMethodCodeHeapSize                   = 5839372                                {pd product} {ergonomic}
    uintx NonProfiledCodeHeapSize                  = 122909434                              {pd product} {ergonomic}
    uintx ProfiledCodeHeapSize                     = 122909434                              {pd product} {ergonomic}
    uintx ReservedCodeCacheSize                    = 251658240                              {pd product} {ergonomic}
     bool SegmentedCodeCache                       = true                                      {product} {ergonomic}
   size_t SoftMaxHeapSize                          = 2147483648                             {manageable} {ergonomic}
     bool UseCompressedClassPointers               = true                           {product lp64_product} {ergonomic}
     bool UseCompressedOops                        = true                           {product lp64_product} {ergonomic}
     bool UseG1GC                                  = true                                      {product} {ergonomic}
     bool UseLargePagesIndividualAllocation        = false                                  {pd product} {ergonomic}

Logging:
Log output configuration:
 #0: stdout all=warning uptime,level,tags
 #1: stderr all=off uptime,level,tags

Environment Variables:
JAVA_HOME=D:\user\Downloads\java
PATH=D:\Users\VMWARE\bin\;C:\Python311\Scripts\;C:\Python311\;C:\Program Files\Common Files\Oracle\Java\javapath;C:\Program Files\Eclipse Adoptium\jdk-17.0.6.10-hotspot\bin;C:\Windows\system32;C:\Windows;C:\Windows\System32\Wbem;C:\Windows\System32\WindowsPowerShell\v1.0\;C:\Windows\System32\OpenSSH\;C:\Program Files\NVIDIA Corporation\NVIDIA NvDLISR;C:\Program Files\dotnet\;C:\Program Files (x86)\Kaspersky Lab\Endpoint Agent\;C:\WINDOWS\system32;C:\WINDOWS;C:\WINDOWS\System32\Wbem;C:\WINDOWS\System32\WindowsPowerShell\v1.0\;C:\WINDOWS\System32\OpenSSH\;C:\Program Files (x86)\dotnet\;C:\Program Files\Microsoft SQL Server\Client SDK\ODBC\170\Tools\Binn\;C:\Program Files (x86)\Microsoft SQL Server\160\Tools\Binn\;C:\Program Files\Microsoft SQL Server\160\Tools\Binn\;C:\Program Files\Microsoft SQL Server\160\DTS\Binn\;C:\Program Files\Azure Data Studio\bin;D:\Program Files\easyUML-main;C:\Program Files\Java\jdk-19;D:\Program Files\jdk11;D:\Program Files\jdk__11;D:\Program Files\jdk8_;D:\Program Files\Jdk8;C:\ProgramData\chocolatey\bin;D:\Program Files\Git\Git\cmd;C:\WINDOWS\system32;C:\WINDOWS;C:\WINDOWS\System32\Wbem;C:\WINDOWS\System32\WindowsPowerShell\v1.0\;C:\WINDOWS\System32\OpenSSH\;D:\user\Downloads\java\bin;C:\Users\user\AppData\Local\Microsoft\WindowsApps;C:\MinGW\bin;C:\Users\user\.dotnet\tools;C:\Users\user\AppData\Local\Programs\Microsoft VS Code\bin;C:\Program Files\Azure Data Studio\bin;D:\Program Files\IntelliJ IDEA Community Edition 2022.3.2\bin;D:\user\Downloads\apache-maven-3.9.6-bin;;D:\user\Downloads\apache-maven-3.9.6-bin;D:\Program Files\jdk__11;D:\Program Files\Jdk8;D:\user\Downloads\java\bin.;
USERNAME=user
OS=Windows_NT
PROCESSOR_IDENTIFIER=Intel64 Family 6 Model 140 Stepping 1, GenuineIntel
TMP=C:\Users\user\AppData\Local\Temp
TEMP=C:\Users\user\AppData\Local\Temp



Periodic native trim disabled

JNI global refs:
JNI global refs: 25, weak refs: 0

JNI global refs memory usage: 843, weak refs: 841

OOME stack traces (most recent first):
Classloader memory used:
Loader org.gradle.internal.classloader.VisitableURLClassLoader                         : 4900K
Loader bootstrap                                                                       : 2419K
Loader org.gradle.initialization.MixInLegacyTypesClassLoader                           : 703K
Loader org.gradle.internal.classloader.VisitableURLClassLoader$InstrumentingVisitableURLClassLoader: 81406B
Loader jdk.internal.loader.ClassLoaders$PlatformClassLoader                            : 65550B
Loader org.gradle.internal.classloader.VisitableURLClassLoader                         : 54463B
Loader jdk.internal.loader.ClassLoaders$AppClassLoader                                 : 28460B
Loader jdk.internal.reflect.DelegatingClassLoader                                      : 25839B
Loader org.gradle.groovy.scripts.internal.DefaultScriptCompilationHandler$ScriptClassLoader: 10947B
Loader org.codehaus.groovy.runtime.callsite.CallSiteClassLoader                        : 5773B

Classes loaded by more than one classloader:
Class org.gradle.api.GradleException                                                  : loaded 3 times (x 80B)
Class org.gradle.util.GradleVersion                                                   : loaded 2 times (x 81B)
Class org.jetbrains.plugins.gradle.model.MavenRepositoryModel                         : loaded 2 times (x 68B)
Class org.gradle.internal.classpath.ClassPath                                         : loaded 2 times (x 68B)
Class org.gradle.api.internal.classpath.DefaultModuleRegistry                         : loaded 2 times (x 84B)
Class org.gradle.internal.exceptions.NonGradleCauseExceptionsHolder                   : loaded 2 times (x 68B)
Class com.intellij.openapi.externalSystem.model.ExternalSystemException               : loaded 2 times (x 84B)
Class org.gradle.api.Action                                                           : loaded 2 times (x 68B)
Class org.jetbrains.plugins.gradle.model.ExternalProject                              : loaded 2 times (x 68B)
Class org.gradle.api.internal.DefaultClassPathProvider                                : loaded 2 times (x 74B)
Class org.gradle.internal.installation.GradleInstallation$1                           : loaded 2 times (x 73B)
Class org.gradle.internal.exceptions.DefaultMultiCauseException                       : loaded 2 times (x 89B)
Class org.gradle.internal.time.MonotonicClock                                         : loaded 2 times (x 75B)
Class org.gradle.internal.classloader.FilteringClassLoader                            : loaded 2 times (x 103B)
Class org.gradle.tooling.model.Model                                                  : loaded 2 times (x 68B)
Class org.gradle.internal.classpath.DefaultClassPath$ImmutableUniqueList$Builder      : loaded 2 times (x 73B)
Class org.gradle.internal.classloader.ClassLoaderVisitor                              : loaded 2 times (x 74B)
Class org.gradle.internal.time.DefaultCountdownTimer                                  : loaded 2 times (x 86B)
Class org.gradle.internal.service.DefaultServiceLocator                               : loaded 2 times (x 81B)
Class org.gradle.internal.service.UnknownServiceException                             : loaded 2 times (x 81B)
Class org.gradle.internal.classloader.DefaultClassLoaderFactory                       : loaded 2 times (x 80B)
Class org.gradle.internal.classloader.VisitableURLClassLoader$Spec                    : loaded 2 times (x 72B)
Class org.gradle.tooling.model.ProjectModel                                           : loaded 2 times (x 68B)
Class org.gradle.internal.installation.GradleInstallation                             : loaded 2 times (x 73B)
Class org.gradle.api.internal.classpath.ModuleRegistry                                : loaded 2 times (x 68B)
Class org.jetbrains.plugins.gradle.model.RepositoriesModel                            : loaded 2 times (x 68B)
Class kotlin.jvm.internal.markers.KMappedMarker                                       : loaded 2 times (x 68B)
Class org.gradle.api.internal.ClassPathProvider                                       : loaded 2 times (x 68B)
Class org.gradle.internal.classloader.ClasspathUtil$1                                 : loaded 2 times (x 74B)
Class org.gradle.internal.classloader.ClassLoaderFactory                              : loaded 2 times (x 68B)
Class org.gradle.api.internal.classpath.ManifestUtil                                  : loaded 2 times (x 69B)
Class org.gradle.api.specs.Spec                                                       : loaded 2 times (x 68B)
Class org.gradle.internal.IoActions                                                   : loaded 2 times (x 69B)
Class org.gradle.api.internal.classpath.EffectiveClassPath                            : loaded 2 times (x 88B)
Class kotlin.jvm.internal.DefaultConstructorMarker                                    : loaded 2 times (x 69B)
Class org.gradle.internal.installation.CurrentGradleInstallation                      : loaded 2 times (x 71B)
Class org.gradle.internal.agents.InstrumentingClassLoader                             : loaded 2 times (x 68B)
Class org.gradle.internal.installation.CurrentGradleInstallationLocator               : loaded 2 times (x 69B)
Class org.gradle.api.internal.classpath.Module                                        : loaded 2 times (x 68B)
Class org.gradle.internal.service.CachingServiceLocator                               : loaded 2 times (x 80B)
Class org.gradle.internal.time.Timer                                                  : loaded 2 times (x 68B)
Class org.gradle.internal.classpath.DefaultClassPath                                  : loaded 2 times (x 88B)
Class sync_studio_tooling8_7aduc29mpzq3yadouubstdl9t                                  : loaded 2 times (x 177B)
Class kotlin.jvm.functions.Function1                                                  : loaded 2 times (x 68B)
Class org.gradle.internal.time.Time                                                   : loaded 2 times (x 69B)
Class org.gradle.internal.time.TimeSource$1                                           : loaded 2 times (x 75B)
Class org.gradle.internal.classloader.SystemClassLoaderSpec                           : loaded 2 times (x 69B)
Class kotlin.Function                                                                 : loaded 2 times (x 68B)
Class org.gradle.api.UncheckedIOException                                             : loaded 2 times (x 80B)
Class org.gradle.internal.time.CountdownTimer                                         : loaded 2 times (x 68B)
Class org.gradle.internal.time.Clock                                                  : loaded 2 times (x 68B)
Class org.gradle.internal.classloader.ClasspathUtil                                   : loaded 2 times (x 69B)
Class org.gradle.api.internal.DefaultClassPathRegistry                                : loaded 2 times (x 74B)
Class ijInit1_bf6mh7a1x9afcdw40dx5hzd0g                                               : loaded 2 times (x 177B)
Class org.gradle.api.internal.classpath.DefaultModuleRegistry$DefaultModule           : loaded 2 times (x 84B)
Class org.gradle.internal.time.TimeSource                                             : loaded 2 times (x 68B)
Class org.gradle.api.internal.classpath.UnknownModuleException                        : loaded 2 times (x 80B)
Class org.gradle.internal.service.ServiceLookupException                              : loaded 2 times (x 80B)
Class org.gradle.cache.GlobalCache                                                    : loaded 2 times (x 68B)
Class [Lorg.gradle.api.internal.ClassPathProvider;                                    : loaded 2 times (x 67B)
Class org.gradle.internal.operations.MultipleBuildOperationFailures                   : loaded 2 times (x 89B)
Class org.gradle.util.internal.GUtil                                                  : loaded 2 times (x 69B)
Class org.gradle.internal.classloader.ClassLoaderSpec                                 : loaded 2 times (x 69B)
Class org.gradle.internal.classloader.VisitableURLClassLoader                         : loaded 2 times (x 115B)
Class org.gradle.internal.Cast                                                        : loaded 2 times (x 69B)
Class org.gradle.api.internal.ClassPathRegistry                                       : loaded 2 times (x 68B)
Class org.gradle.internal.classloader.VisitableURLClassLoader$InstrumentingVisitableURLClassLoader: loaded 2 times (x 121B)
Class org.gradle.internal.classloader.ClassLoaderHierarchy                            : loaded 2 times (x 68B)
Class org.gradle.internal.exceptions.MultiCauseException                              : loaded 2 times (x 68B)
Class org.gradle.internal.InternalTransformer                                         : loaded 2 times (x 68B)
Class org.gradle.internal.service.ServiceLocator                                      : loaded 2 times (x 68B)
Class org.gradle.internal.classpath.DefaultClassPath$ImmutableUniqueList              : loaded 2 times (x 159B)
Class org.gradle.internal.time.DefaultTimer                                           : loaded 2 times (x 78B)
Class org.gradle.internal.classpath.TransformedClassPath                              : loaded 2 times (x 94B)
Class sync_studio_tooling8_7aduc29mpzq3yadouubstdl9t$_run_closure1                    : loaded 2 times (x 137B)


---------------  S Y S T E M  ---------------

OS:
 Windows 11 , 64 bit Build 22621 (10.0.22621.3235)
OS uptime: 6 days 2:59 hours

CPU: total 8 (initial active 8) (4 cores per cpu, 2 threads per core) family 6 model 140 stepping 1 microcode 0xb4, cx8, cmov, fxsr, ht, mmx, 3dnowpref, sse, sse2, sse3, ssse3, sse4.1, sse4.2, popcnt, lzcnt, tsc, tscinvbit, avx, avx2, aes, erms, clmul, bmi1, bmi2, adx, avx512f, avx512dq, avx512cd, avx512bw, avx512vl, sha, fma, vzeroupper, avx512_vpopcntdq, avx512_vpclmulqdq, avx512_vaes, avx512_vnni, clflush, clflushopt, clwb, avx512_vbmi2, avx512_vbmi
Processor Information for all 8 processors :
  Max Mhz: 1690, Current Mhz: 1690, Mhz Limit: 1690

Memory: 4k page, system-wide physical 12010M (705M free)
TotalPageFile size 21258M (AvailPageFile size 19M)
current process WorkingSet (physical memory assigned to process): 264M, peak: 282M
current process commit charge ("private bytes"): 306M, peak: 332M

vm_info: OpenJDK 64-Bit Server VM (17.0.9+0--11185874) for windows-amd64 JRE (17.0.9+0--11185874), built on Dec  6 2023 18:57:44 by "androidbuild" with MS VC++ 16.10 / 16.11 (VS2019)

END.
